#
# There is insufficient memory for the Java Runtime Environment to continue.
# Native memory allocation (mmap) failed to map 287834112 bytes for committing reserved memory.
# Possible reasons:
#   The system is out of physical RAM or swap space
#   In 32 bit mode, the process size limit was hit
# Possible solutions:
#   Reduce memory load on the system
#   Increase physical memory or swap space
#   Check if swap backing store is full
#   Use 64 bit Java on a 64 bit OS
#   Decrease Java heap size (-Xmx/-Xms)
#   Decrease number of Java threads
#   Decrease Java thread stack sizes (-Xss)
#   Set larger code cache with -XX:ReservedCodeCacheSize=
# This output file may be truncated or incomplete.
#
#  Out of Memory Error (os_linux.cpp:2627), pid=11048, tid=139633764591360
#
# JRE version: Java(TM) SE Runtime Environment (8.0_66-b17) (build 1.8.0_66-b17)
# Java VM: Java HotSpot(TM) 64-Bit Server VM (25.66-b17 mixed mode linux-amd64 compressed oops)
# Failed to write core dump. Core dumps have been disabled. To enable core dumping, try "ulimit -c unlimited" before starting Java again
#

---------------  T H R E A D  ---------------

Current thread (0x00007eff14078000):  VMThread [stack: 0x00007eff04dfe000,0x00007eff04eff000] [id=11058]

Stack: [0x00007eff04dfe000,0x00007eff04eff000],  sp=0x00007eff04efd160,  free space=1020k
Native frames: (J=compiled Java code, j=interpreted, Vv=VM code, C=native code)
V  [libjvm.so+0xab9a1a]  VMError::report_and_die()+0x2ba
V  [libjvm.so+0x4f9e0b]  report_vm_out_of_memory(char const*, int, unsigned long, VMErrorType, char const*)+0x8b
V  [libjvm.so+0x91a8a3]  os::Linux::commit_memory_impl(char*, unsigned long, bool)+0x103
V  [libjvm.so+0x91adf9]  os::pd_commit_memory(char*, unsigned long, unsigned long, bool)+0x29
V  [libjvm.so+0x91510a]  os::commit_memory(char*, unsigned long, unsigned long, bool)+0x2a
V  [libjvm.so+0x9887a3]  PSVirtualSpace::expand_by(unsigned long)+0x53
V  [libjvm.so+0x979090]  PSOldGen::expand(unsigned long)+0x170
V  [libjvm.so+0x97929b]  PSOldGen::resize(unsigned long)+0x1cb
V  [libjvm.so+0x980f71]  PSParallelCompact::invoke_no_policy(bool)+0x991
V  [libjvm.so+0x9868cd]  PSScavenge::invoke()+0x1ad
V  [libjvm.so+0x93e500]  ParallelScavengeHeap::failed_mem_allocate(unsigned long)+0x70
V  [libjvm.so+0xabb437]  VM_ParallelGCFailedAllocation::doit()+0x97
V  [libjvm.so+0xac2e65]  VM_Operation::evaluate()+0x55
V  [libjvm.so+0xac123a]  VMThread::evaluate_operation(VM_Operation*)+0xba
V  [libjvm.so+0xac15be]  VMThread::loop()+0x1ce
V  [libjvm.so+0xac1a30]  VMThread::run()+0x70
V  [libjvm.so+0x91cc68]  java_start(Thread*)+0x108

VM_Operation (0x00007efef77cf050): ParallelGCFailedAllocation, mode: safepoint, requested by thread 0x00007eff141c5800


---------------  P R O C E S S  ---------------

Java Threads: ( => current thread )
  0x00007eff141c5800 JavaThread "pool-2-thread-4" [_thread_blocked, id=11071, stack(0x00007efef76d0000,0x00007efef77d1000)]
  0x00007eff141c3800 JavaThread "pool-2-thread-3" [_thread_blocked, id=11070, stack(0x00007efef77d1000,0x00007efef78d2000)]
  0x00007eff141bf800 JavaThread "pool-2-thread-2" [_thread_blocked, id=11069, stack(0x00007efef78d2000,0x00007efef79d3000)]
  0x00007eff141b3800 JavaThread "pool-3-thread-1" [_thread_blocked, id=11068, stack(0x00007efef79d3000,0x00007efef7ad4000)]
  0x00007eff141b1000 JavaThread "pool-2-thread-1" [_thread_blocked, id=11067, stack(0x00007efef7ad4000,0x00007efef7bd5000)]
  0x00007eff140d2800 JavaThread "Service Thread" daemon [_thread_blocked, id=11065, stack(0x00007efef7dfe000,0x00007efef7eff000)]
  0x00007eff140bd000 JavaThread "C1 CompilerThread2" daemon [_thread_blocked, id=11064, stack(0x00007efef7eff000,0x00007efef8000000)]
  0x00007eff140bb800 JavaThread "C2 CompilerThread1" daemon [_thread_blocked, id=11063, stack(0x00007eff040e6000,0x00007eff041e7000)]
  0x00007eff140b8800 JavaThread "C2 CompilerThread0" daemon [_thread_in_native, id=11062, stack(0x00007eff041e7000,0x00007eff042e8000)]
  0x00007eff140b7000 JavaThread "Signal Dispatcher" daemon [_thread_blocked, id=11061, stack(0x00007eff042e8000,0x00007eff043e9000)]
  0x00007eff1407f000 JavaThread "Finalizer" daemon [_thread_blocked, id=11060, stack(0x00007eff04bfc000,0x00007eff04cfd000)]
  0x00007eff1407d000 JavaThread "Reference Handler" daemon [_thread_blocked, id=11059, stack(0x00007eff04cfd000,0x00007eff04dfe000)]
  0x00007eff1400a000 JavaThread "main" [_thread_blocked, id=11053, stack(0x00007eff1dafe000,0x00007eff1dbff000)]

Other Threads:
=>0x00007eff14078000 VMThread [stack: 0x00007eff04dfe000,0x00007eff04eff000] [id=11058]
  0x00007eff140d5000 WatcherThread [stack: 0x00007efef7cfd000,0x00007efef7dfe000] [id=11066]

VM state:at safepoint (normal execution)

VM Mutex/Monitor currently owned by a thread:  ([mutex/lock_event])
[0x00007eff14005ed0] ExpandHeap_lock - owner thread: 0x00007eff14078000
[0x00007eff14006550] Threads_lock - owner thread: 0x00007eff14078000
[0x00007eff14006a50] Heap_lock - owner thread: 0x00007eff141c5800

Heap:
 PSYoungGen      total 326656K, used 0K [0x00000000d5580000, 0x00000000ff900000, 0x0000000100000000)
  eden space 232960K, 0% used [0x00000000d5580000,0x00000000d5580000,0x00000000e3900000)
  from space 93696K, 0% used [0x00000000e3900000,0x00000000e3900000,0x00000000e9480000)
  to   space 229376K, 0% used [0x00000000f1900000,0x00000000f1900000,0x00000000ff900000)
 ParOldGen       total 795648K, used 748078K [0x0000000080000000, 0x00000000b0900000, 0x00000000d5580000)
  object space 795648K, 94% used [0x0000000080000000,0x00000000ada8bac0,0x00000000b0900000)
 Metaspace       used 6462K, capacity 7282K, committed 7552K, reserved 1056768K
  class space    used 608K, capacity 618K, committed 640K, reserved 1048576K

Card table byte_map: [0x00007eff1a4c8000,0x00007eff1a8c9000] byte_map_base: 0x00007eff1a0c8000

Marking Bits: (ParMarkBitMap*) 0x00007eff1cfd8020
 Begin Bits: [0x00007efefc000000, 0x00007efefe000000)
 End Bits:   [0x00007efefe000000, 0x00007eff00000000)

Polling page: 0x00007eff1dc1f000

CodeCache: size=245760Kb used=10733Kb max_used=11802Kb free=235026Kb
 bounds [0x00007eff05000000, 0x00007eff05bd0000, 0x00007eff14000000]
 total_blobs=2522 nmethods=2253 adapters=182
 compilation: enabled

Compilation events (10 events):
Event: 32,618 Thread 0x00007eff140bb800 nmethod 2778 0x00007eff05254050 code [0x00007eff05254460, 0x00007eff05256ce0]
Event: 32,618 Thread 0x00007eff140bb800 2779 %     4       com.android.dx.ssa.SsaConverter::placePhiFunctions @ 131 (394 bytes)
Event: 33,033 Thread 0x00007eff140bb800 nmethod 2779% 0x00007eff05b868d0 code [0x00007eff05b86da0, 0x00007eff05b8ad20]
Event: 33,033 Thread 0x00007eff140bb800 2780 %     4       com.android.dx.ssa.SCCP::run @ 53 (298 bytes)
Event: 33,089 Thread 0x00007eff140bb800 nmethod 2780% 0x00007eff051b0dd0 code [0x00007eff051b1060, 0x00007eff051b1ae0]
Event: 33,089 Thread 0x00007eff140bb800 1215 %     4       com.android.dx.ssa.SsaMethod::forEachBlockDepthFirst @ 129 (194 bytes)
Event: 33,209 Thread 0x00007eff140bb800 nmethod 1215% 0x00007eff05390e90 code [0x00007eff05391160, 0x00007eff053936c8]
Event: 33,209 Thread 0x00007eff140bb800 2783       4       com.android.dx.rop.code.RegisterSpec::<init> (8 bytes)
Event: 33,221 Thread 0x00007eff140bb800 nmethod 2783 0x00007eff05435ed0 code [0x00007eff05436020, 0x00007eff054360f8]
Event: 33,221 Thread 0x00007eff140bb800 2755       4       com.android.dx.ssa.SsaMethod::mapRegisters (87 bytes)

GC Heap History (10 events):
Event: 26,922 GC heap after
Heap after GC invocations=22 (full 5):
 PSYoungGen      total 536064K, used 95040K [0x00000000d5580000, 0x0000000100000000, 0x0000000100000000)
  eden space 373248K, 0% used [0x00000000d5580000,0x00000000d5580000,0x00000000ec200000)
  from space 162816K, 58% used [0x00000000ec200000,0x00000000f1ed03f0,0x00000000f6100000)
  to   space 162816K, 0% used [0x00000000f6100000,0x00000000f6100000,0x0000000100000000)
 ParOldGen       total 795648K, used 547795K [0x0000000080000000, 0x00000000b0900000, 0x00000000d5580000)
  object space 795648K, 68% used [0x0000000080000000,0x00000000a16f4e20,0x00000000b0900000)
 Metaspace       used 6456K, capacity 7282K, committed 7552K, reserved 1056768K
  class space    used 607K, capacity 618K, committed 640K, reserved 1048576K
}
Event: 29,790 GC heap before
{Heap before GC invocations=23 (full 5):
 PSYoungGen      total 536064K, used 468288K [0x00000000d5580000, 0x0000000100000000, 0x0000000100000000)
  eden space 373248K, 100% used [0x00000000d5580000,0x00000000ec200000,0x00000000ec200000)
  from space 162816K, 58% used [0x00000000ec200000,0x00000000f1ed03f0,0x00000000f6100000)
  to   space 162816K, 0% used [0x00000000f6100000,0x00000000f6100000,0x0000000100000000)
 ParOldGen       total 795648K, used 547795K [0x0000000080000000, 0x00000000b0900000, 0x00000000d5580000)
  object space 795648K, 68% used [0x0000000080000000,0x00000000a16f4e20,0x00000000b0900000)
 Metaspace       used 6461K, capacity 7282K, committed 7552K, reserved 1056768K
  class space    used 607K, capacity 618K, committed 640K, reserved 1048576K
Event: 30,182 GC heap after
Heap after GC invocations=23 (full 5):
 PSYoungGen      total 398848K, used 152231K [0x00000000d5580000, 0x0000000100000000, 0x0000000100000000)
  eden space 236032K, 0% used [0x00000000d5580000,0x00000000d5580000,0x00000000e3c00000)
  from space 162816K, 93% used [0x00000000f6100000,0x00000000ff5a9fe0,0x0000000100000000)
  to   space 231424K, 0% used [0x00000000e3c00000,0x00000000e3c00000,0x00000000f1e00000)
 ParOldGen       total 795648K, used 583461K [0x0000000080000000, 0x00000000b0900000, 0x00000000d5580000)
  object space 795648K, 73% used [0x0000000080000000,0x00000000a39c9750,0x00000000b0900000)
 Metaspace       used 6461K, capacity 7282K, committed 7552K, reserved 1056768K
  class space    used 607K, capacity 618K, committed 640K, reserved 1048576K
}
Event: 30,550 GC heap before
{Heap before GC invocations=24 (full 5):
 PSYoungGen      total 398848K, used 388263K [0x00000000d5580000, 0x0000000100000000, 0x0000000100000000)
  eden space 236032K, 100% used [0x00000000d5580000,0x00000000e3c00000,0x00000000e3c00000)
  from space 162816K, 93% used [0x00000000f6100000,0x00000000ff5a9fe0,0x0000000100000000)
  to   space 231424K, 0% used [0x00000000e3c00000,0x00000000e3c00000,0x00000000f1e00000)
 ParOldGen       total 795648K, used 583461K [0x0000000080000000, 0x00000000b0900000, 0x00000000d5580000)
  object space 795648K, 73% used [0x0000000080000000,0x00000000a39c9750,0x00000000b0900000)
 Metaspace       used 6461K, capacity 7282K, committed 7552K, reserved 1056768K
  class space    used 607K, capacity 618K, committed 640K, reserved 1048576K
Event: 30,697 GC heap after
Heap after GC invocations=24 (full 5):
 PSYoungGen      total 430592K, used 194153K [0x00000000d5580000, 0x0000000100000000, 0x0000000100000000)
  eden space 236032K, 0% used [0x00000000d5580000,0x00000000d5580000,0x00000000e3c00000)
  from space 194560K, 99% used [0x00000000e3c00000,0x00000000ef99a7c8,0x00000000efa00000)
  to   space 232960K, 0% used [0x00000000f1c80000,0x00000000f1c80000,0x0000000100000000)
 ParOldGen       total 795648K, used 583461K [0x0000000080000000, 0x00000000b0900000, 0x00000000d5580000)
  object space 795648K, 73% used [0x0000000080000000,0x00000000a39c9750,0x00000000b0900000)
 Metaspace       used 6461K, capacity 7282K, committed 7552K, reserved 1056768K
  class space    used 607K, capacity 618K, committed 640K, reserved 1048576K
}
Event: 32,748 GC heap before
{Heap before GC invocations=25 (full 5):
 PSYoungGen      total 430592K, used 430185K [0x00000000d5580000, 0x0000000100000000, 0x0000000100000000)
  eden space 236032K, 100% used [0x00000000d5580000,0x00000000e3c00000,0x00000000e3c00000)
  from space 194560K, 99% used [0x00000000e3c00000,0x00000000ef99a7c8,0x00000000efa00000)
  to   space 232960K, 0% used [0x00000000f1c80000,0x00000000f1c80000,0x0000000100000000)
 ParOldGen       total 795648K, used 583461K [0x0000000080000000, 0x00000000b0900000, 0x00000000d5580000)
  object space 795648K, 73% used [0x0000000080000000,0x00000000a39c9750,0x00000000b0900000)
 Metaspace       used 6461K, capacity 7282K, committed 7552K, reserved 1056768K
  class space    used 607K, capacity 618K, committed 640K, reserved 1048576K
Event: 33,021 GC heap after
Heap after GC invocations=25 (full 5):
 PSYoungGen      total 465920K, used 104928K [0x00000000d5580000, 0x0000000100000000, 0x0000000100000000)
  eden space 232960K, 0% used [0x00000000d5580000,0x00000000d5580000,0x00000000e3900000)
  from space 232960K, 45% used [0x00000000f1c80000,0x00000000f82f82b0,0x0000000100000000)
  to   space 232960K, 0% used [0x00000000e3900000,0x00000000e3900000,0x00000000f1c80000)
 ParOldGen       total 795648K, used 689782K [0x0000000080000000, 0x00000000b0900000, 0x00000000d5580000)
  object space 795648K, 86% used [0x0000000080000000,0x00000000aa19d918,0x00000000b0900000)
 Metaspace       used 6461K, capacity 7282K, committed 7552K, reserved 1056768K
  class space    used 607K, capacity 618K, committed 640K, reserved 1048576K
}
Event: 33,255 GC heap before
{Heap before GC invocations=26 (full 5):
 PSYoungGen      total 465920K, used 337888K [0x00000000d5580000, 0x0000000100000000, 0x0000000100000000)
  eden space 232960K, 100% used [0x00000000d5580000,0x00000000e3900000,0x00000000e3900000)
  from space 232960K, 45% used [0x00000000f1c80000,0x00000000f82f82b0,0x0000000100000000)
  to   space 232960K, 0% used [0x00000000e3900000,0x00000000e3900000,0x00000000f1c80000)
 ParOldGen       total 795648K, used 689782K [0x0000000080000000, 0x00000000b0900000, 0x00000000d5580000)
  object space 795648K, 86% used [0x0000000080000000,0x00000000aa19d918,0x00000000b0900000)
 Metaspace       used 6462K, capacity 7282K, committed 7552K, reserved 1056768K
  class space    used 608K, capacity 618K, committed 640K, reserved 1048576K
Event: 33,429 GC heap after
Heap after GC invocations=26 (full 5):
 PSYoungGen      total 326656K, used 93328K [0x00000000d5580000, 0x00000000ff900000, 0x0000000100000000)
  eden space 232960K, 0% used [0x00000000d5580000,0x00000000d5580000,0x00000000e3900000)
  from space 93696K, 99% used [0x00000000e3900000,0x00000000e94240a8,0x00000000e9480000)
  to   space 229376K, 0% used [0x00000000f1900000,0x00000000f1900000,0x00000000ff900000)
 ParOldGen       total 795648K, used 793089K [0x0000000080000000, 0x00000000b0900000, 0x00000000d5580000)
  object space 795648K, 99% used [0x0000000080000000,0x00000000b0680740,0x00000000b0900000)
 Metaspace       used 6462K, capacity 7282K, committed 7552K, reserved 1056768K
  class space    used 608K, capacity 618K, committed 640K, reserved 1048576K
}
Event: 33,429 GC heap before
{Heap before GC invocations=27 (full 6):
 PSYoungGen      total 326656K, used 93328K [0x00000000d5580000, 0x00000000ff900000, 0x0000000100000000)
  eden space 232960K, 0% used [0x00000000d5580000,0x00000000d5580000,0x00000000e3900000)
  from space 93696K, 99% used [0x00000000e3900000,0x00000000e94240a8,0x00000000e9480000)
  to   space 229376K, 0% used [0x00000000f1900000,0x00000000f1900000,0x00000000ff900000)
 ParOldGen       total 795648K, used 793089K [0x0000000080000000, 0x00000000b0900000, 0x00000000d5580000)
  object space 795648K, 99% used [0x0000000080000000,0x00000000b0680740,0x00000000b0900000)
 Metaspace       used 6462K, capacity 7282K, committed 7552K, reserved 1056768K
  class space    used 608K, capacity 618K, committed 640K, reserved 1048576K

Deoptimization events (10 events):
Event: 27,104 Thread 0x00007eff141b1000 Uncommon trap: reason=predicate action=maybe_recompile pc=0x00007eff05a9f130 method=com.android.dx.ssa.back.InterferenceGraph.<init>(I)V @ 23
Event: 27,106 Thread 0x00007eff141b1000 Uncommon trap: reason=unstable_if action=reinterpret pc=0x00007eff05312dcc method=com.android.dx.ssa.SetFactory.makeLivenessSet(I)Lcom/android/dx/util/IntSet; @ 4
Event: 27,106 Thread 0x00007eff141b1000 Uncommon trap: reason=unstable_if action=reinterpret pc=0x00007eff052d4b30 method=com.android.dx.ssa.SetFactory.makeLivenessSet(I)Lcom/android/dx/util/IntSet; @ 4
Event: 27,212 Thread 0x00007eff141b1000 Uncommon trap: reason=class_check action=maybe_recompile pc=0x00007eff059f6d54 method=com.android.dx.ssa.back.InterferenceGraph.mergeInterferenceSet(ILcom/android/dx/util/IntSet;)V @ 20
Event: 27,224 Thread 0x00007eff141b1000 Uncommon trap: reason=class_check action=maybe_recompile pc=0x00007eff059ee724 method=com.android.dx.ssa.back.InterferenceGraph.mergeInterferenceSet(ILcom/android/dx/util/IntSet;)V @ 20
Event: 27,224 Thread 0x00007eff141b1000 Uncommon trap: reason=class_check action=maybe_recompile pc=0x00007eff059ee724 method=com.android.dx.ssa.back.InterferenceGraph.mergeInterferenceSet(ILcom/android/dx/util/IntSet;)V @ 20
Event: 27,229 Thread 0x00007eff141b1000 Uncommon trap: reason=class_check action=maybe_recompile pc=0x00007eff059ee724 method=com.android.dx.ssa.back.InterferenceGraph.mergeInterferenceSet(ILcom/android/dx/util/IntSet;)V @ 20
Event: 27,295 Thread 0x00007eff141c5800 Uncommon trap: reason=class_check action=maybe_recompile pc=0x00007eff059f6d54 method=com.android.dx.ssa.back.InterferenceGraph.mergeInterferenceSet(ILcom/android/dx/util/IntSet;)V @ 20
Event: 27,459 Thread 0x00007eff141c5800 Uncommon trap: reason=unstable_if action=reinterpret pc=0x00007eff0511583c method=com.android.dx.ssa.LiteralOpUpgrader.isConstIntZeroOrKnownNull(Lcom/android/dx/rop/code/RegisterSpec;)Z @ 23
Event: 31,162 Thread 0x00007eff1400a000 Uncommon trap: reason=unstable_if action=reinterpret pc=0x00007eff052c7600 method=com.android.dx.dex.file.DexFile.internIfAppropriate(Lcom/android/dx/rop/cst/Constant;)V @ 48

Internal exceptions (8 events):
Event: 0,025 Thread 0x00007eff1400a000 Exception <a 'java/lang/NoSuchMethodError': Method sun.misc.Unsafe.defineClass(Ljava/lang/String;[BII)Ljava/lang/Class; name or signature does not match> (0x00000000d55929a0) thrown at [/HUDSON/workspace/8-2-build-linux-amd64/jdk8u66/4988/hotspot/src/shar
Event: 0,025 Thread 0x00007eff1400a000 Exception <a 'java/lang/NoSuchMethodError': Method sun.misc.Unsafe.prefetchRead(Ljava/lang/Object;J)V name or signature does not match> (0x00000000d5592c88) thrown at [/HUDSON/workspace/8-2-build-linux-amd64/jdk8u66/4988/hotspot/src/share/vm/prims/jni.cpp
Event: 0,761 Thread 0x00007eff141bf800 Implicit null exception at 0x00007eff052a9e6d to 0x00007eff052ac0fd
Event: 1,964 Thread 0x00007eff141c5800 Implicit null exception at 0x00007eff053d0872 to 0x00007eff053d09e9
Event: 2,121 Thread 0x00007eff141c5800 Exception <a 'java/lang/ArrayIndexOutOfBoundsException': 18> (0x00000000db0654f0) thrown at [/HUDSON/workspace/8-2-build-linux-amd64/jdk8u66/4988/hotspot/src/share/vm/interpreter/interpreterRuntime.cpp, line 366]
Event: 2,121 Thread 0x00007eff141c5800 Exception <a 'java/lang/ArrayIndexOutOfBoundsException': 145> (0x00000000db067070) thrown at [/HUDSON/workspace/8-2-build-linux-amd64/jdk8u66/4988/hotspot/src/share/vm/interpreter/interpreterRuntime.cpp, line 366]
Event: 2,122 Thread 0x00007eff141c5800 Exception <a 'java/lang/ArrayIndexOutOfBoundsException': 40> (0x00000000db068358) thrown at [/HUDSON/workspace/8-2-build-linux-amd64/jdk8u66/4988/hotspot/src/share/vm/interpreter/interpreterRuntime.cpp, line 366]
Event: 18,860 Thread 0x00007eff1400a000 Implicit null exception at 0x00007eff053234eb to 0x00007eff05323901

Events (10 events):
Event: 33,193 Thread 0x00007eff141bf800 DEOPT UNPACKING pc=0x00007eff05047633 sp=0x00007efef79d0a90 mode 0
Event: 33,213 Thread 0x00007eff141b1000 DEOPT PACKING pc=0x00007eff0531be77 sp=0x00007efef7bd2dc0
Event: 33,213 Thread 0x00007eff141b1000 DEOPT UNPACKING pc=0x00007eff05047633 sp=0x00007efef7bd2b50 mode 0
Event: 33,231 Thread 0x00007eff141bf800 DEOPT PACKING pc=0x00007eff053da514 sp=0x00007efef79d0cb0
Event: 33,231 Thread 0x00007eff141bf800 DEOPT UNPACKING pc=0x00007eff05047633 sp=0x00007efef79d0a50 mode 0
Event: 33,250 Thread 0x00007eff141bf800 DEOPT PACKING pc=0x00007eff053dd1d0 sp=0x00007efef79d0cb0
Event: 33,250 Thread 0x00007eff141bf800 DEOPT UNPACKING pc=0x00007eff05047633 sp=0x00007efef79d0ae0 mode 0
Event: 33,254 Thread 0x00007eff141b1000 DEOPT PACKING pc=0x00007eff0542f2ec sp=0x00007efef7bd2e50
Event: 33,254 Thread 0x00007eff141b1000 DEOPT UNPACKING pc=0x00007eff05047633 sp=0x00007efef7bd2c00 mode 0
Event: 33,255 Executing VM operation: ParallelGCFailedAllocation


Dynamic libraries:
00400000-00401000 r-xp 00000000 08:01 4591374                            /usr/lib/jvm/java-8-oracle/bin/java
00600000-00601000 rw-p 00000000 08:01 4591374                            /usr/lib/jvm/java-8-oracle/bin/java
024f9000-0251a000 rw-p 00000000 00:00 0                                  [heap]
80000000-b0900000 rw-p 00000000 00:00 0 
c1b80000-d5580000 ---p 00000000 00:00 0 
d5580000-ff900000 rw-p 00000000 00:00 0 
ff900000-100000000 ---p 00000000 00:00 0 
100000000-1000a0000 rw-p 00000000 00:00 0 
1000a0000-140000000 ---p 00000000 00:00 0 
7efeb0000000-7efeb007f000 rw-p 00000000 00:00 0 
7efeb007f000-7efeb4000000 ---p 00000000 00:00 0 
7efeb8000000-7efeb8043000 rw-p 00000000 00:00 0 
7efeb8043000-7efebc000000 ---p 00000000 00:00 0 
7efebc000000-7efebc052000 rw-p 00000000 00:00 0 
7efebc052000-7efec0000000 ---p 00000000 00:00 0 
7efec0000000-7efec0062000 rw-p 00000000 00:00 0 
7efec0062000-7efec4000000 ---p 00000000 00:00 0 
7efec4000000-7efec4021000 rw-p 00000000 00:00 0 
7efec4021000-7efec8000000 ---p 00000000 00:00 0 
7efec8000000-7efec8021000 rw-p 00000000 00:00 0 
7efec8021000-7efecc000000 ---p 00000000 00:00 0 
7efecc000000-7efecc021000 rw-p 00000000 00:00 0 
7efecc021000-7efed0000000 ---p 00000000 00:00 0 
7efed0000000-7efed1c3a000 rw-p 00000000 00:00 0 
7efed1c3a000-7efed4000000 ---p 00000000 00:00 0 
7efed4000000-7efed4b97000 rw-p 00000000 00:00 0 
7efed4b97000-7efed8000000 ---p 00000000 00:00 0 
7efed8000000-7efed8021000 rw-p 00000000 00:00 0 
7efed8021000-7efedc000000 ---p 00000000 00:00 0 
7efedc000000-7efede0ec000 rw-p 00000000 00:00 0 
7efede0ec000-7efee0000000 ---p 00000000 00:00 0 
7efee0000000-7efee0021000 rw-p 00000000 00:00 0 
7efee0021000-7efee4000000 ---p 00000000 00:00 0 
7efee4000000-7efee4021000 rw-p 00000000 00:00 0 
7efee4021000-7efee8000000 ---p 00000000 00:00 0 
7efee8000000-7efee8021000 rw-p 00000000 00:00 0 
7efee8021000-7efeec000000 ---p 00000000 00:00 0 
7efeec000000-7efeec290000 rw-p 00000000 00:00 0 
7efeec290000-7efef0000000 ---p 00000000 00:00 0 
7efef0000000-7efef0021000 rw-p 00000000 00:00 0 
7efef0021000-7efef4000000 ---p 00000000 00:00 0 
7efef76d0000-7efef76d3000 ---p 00000000 00:00 0 
7efef76d3000-7efef77d1000 rw-p 00000000 00:00 0                          [stack:11071]
7efef77d1000-7efef77d4000 ---p 00000000 00:00 0 
7efef77d4000-7efef78d2000 rw-p 00000000 00:00 0                          [stack:11070]
7efef78d2000-7efef78d5000 ---p 00000000 00:00 0 
7efef78d5000-7efef79d3000 rw-p 00000000 00:00 0                          [stack:11069]
7efef79d3000-7efef79d6000 ---p 00000000 00:00 0 
7efef79d6000-7efef7ad4000 rw-p 00000000 00:00 0                          [stack:11068]
7efef7ad4000-7efef7ad7000 ---p 00000000 00:00 0 
7efef7ad7000-7efef7bd5000 rw-p 00000000 00:00 0                          [stack:11067]
7efef7bd5000-7efef7cfd000 r--s 00ccb000 08:01 10092625                   /home/tomasz/AndroidStudioProjects/Droppr/app/build/intermediates/transforms/jarMerging/debug/jars/1/1f/combined.jar
7efef7cfd000-7efef7cfe000 ---p 00000000 00:00 0 
7efef7cfe000-7efef7dfe000 rw-p 00000000 00:00 0                          [stack:11066]
7efef7dfe000-7efef7e01000 ---p 00000000 00:00 0 
7efef7e01000-7efef7eff000 rw-p 00000000 00:00 0                          [stack:11065]
7efef7eff000-7efef7f02000 ---p 00000000 00:00 0 
7efef7f02000-7efef8000000 rw-p 00000000 00:00 0                          [stack:11064]
7efef8000000-7efef8021000 rw-p 00000000 00:00 0 
7efef8021000-7efefc000000 ---p 00000000 00:00 0 
7efefc000000-7eff00000000 rw-p 00000000 00:00 0 
7eff00000000-7eff00021000 rw-p 00000000 00:00 0 
7eff00021000-7eff04000000 ---p 00000000 00:00 0 
7eff040e6000-7eff040e9000 ---p 00000000 00:00 0 
7eff040e9000-7eff041e7000 rw-p 00000000 00:00 0                          [stack:11063]
7eff041e7000-7eff041ea000 ---p 00000000 00:00 0 
7eff041ea000-7eff042e8000 rw-p 00000000 00:00 0                          [stack:11062]
7eff042e8000-7eff042eb000 ---p 00000000 00:00 0 
7eff042eb000-7eff043e9000 rw-p 00000000 00:00 0                          [stack:11061]
7eff043e9000-7eff04bfc000 r--p 00000000 08:01 1579663                    /usr/lib/locale/locale-archive
7eff04bfc000-7eff04bff000 ---p 00000000 00:00 0 
7eff04bff000-7eff04cfd000 rw-p 00000000 00:00 0                          [stack:11060]
7eff04cfd000-7eff04d00000 ---p 00000000 00:00 0 
7eff04d00000-7eff04dfe000 rw-p 00000000 00:00 0                          [stack:11059]
7eff04dfe000-7eff04dff000 ---p 00000000 00:00 0 
7eff04dff000-7eff05000000 rw-p 00000000 00:00 0                          [stack:11058]
7eff05000000-7eff05bd0000 rwxp 00000000 00:00 0 
7eff05bd0000-7eff14000000 ---p 00000000 00:00 0 
7eff14000000-7eff143e4000 rw-p 00000000 00:00 0 
7eff143e4000-7eff18000000 ---p 00000000 00:00 0 
7eff180c4000-7eff180e9000 r--p 00000000 08:01 2361987                    /usr/share/locale-langpack/pl/LC_MESSAGES/libc.mo
7eff180e9000-7eff18fca000 rw-p 00000000 00:00 0 
7eff18fca000-7eff191a3000 r--s 03d20000 08:01 4069182                    /usr/lib/jvm/java-8-oracle/jre/lib/rt.jar
7eff191a3000-7eff198d9000 rw-p 00000000 00:00 0 
7eff198d9000-7eff19a19000 ---p 00000000 00:00 0 
7eff19a19000-7eff19e19000 rw-p 00000000 00:00 0 
7eff19e19000-7eff19e1a000 ---p 00000000 00:00 0 
7eff19e1a000-7eff19f1a000 rw-p 00000000 00:00 0                          [stack:11057]
7eff19f1a000-7eff19f1b000 ---p 00000000 00:00 0 
7eff19f1b000-7eff1a01b000 rw-p 00000000 00:00 0                          [stack:11056]
7eff1a01b000-7eff1a01c000 ---p 00000000 00:00 0 
7eff1a01c000-7eff1a11c000 rw-p 00000000 00:00 0                          [stack:11055]
7eff1a11c000-7eff1a11d000 ---p 00000000 00:00 0 
7eff1a11d000-7eff1a3a2000 rw-p 00000000 00:00 0                          [stack:11054]
7eff1a3a2000-7eff1a4c8000 ---p 00000000 00:00 0 
7eff1a4c8000-7eff1a64d000 rw-p 00000000 00:00 0 
7eff1a64d000-7eff1a772000 ---p 00000000 00:00 0 
7eff1a772000-7eff1a8c5000 rw-p 00000000 00:00 0 
7eff1a8c5000-7eff1a8c8000 ---p 00000000 00:00 0 
7eff1a8c8000-7eff1a8f9000 rw-p 00000000 00:00 0 
7eff1a8f9000-7eff1ac89000 ---p 00000000 00:00 0 
7eff1ac89000-7eff1aca3000 r-xp 00000000 08:01 4069168                    /usr/lib/jvm/java-8-oracle/jre/lib/amd64/libzip.so
7eff1aca3000-7eff1aea3000 ---p 0001a000 08:01 4069168                    /usr/lib/jvm/java-8-oracle/jre/lib/amd64/libzip.so
7eff1aea3000-7eff1aea4000 rw-p 0001a000 08:01 4069168                    /usr/lib/jvm/java-8-oracle/jre/lib/amd64/libzip.so
7eff1aea4000-7eff1aeaf000 r-xp 00000000 08:01 5771445                    /lib/x86_64-linux-gnu/libnss_files-2.19.so
7eff1aeaf000-7eff1b0ae000 ---p 0000b000 08:01 5771445                    /lib/x86_64-linux-gnu/libnss_files-2.19.so
7eff1b0ae000-7eff1b0af000 r--p 0000a000 08:01 5771445                    /lib/x86_64-linux-gnu/libnss_files-2.19.so
7eff1b0af000-7eff1b0b0000 rw-p 0000b000 08:01 5771445                    /lib/x86_64-linux-gnu/libnss_files-2.19.so
7eff1b0b0000-7eff1b0bb000 r-xp 00000000 08:01 5771455                    /lib/x86_64-linux-gnu/libnss_nis-2.19.so
7eff1b0bb000-7eff1b2ba000 ---p 0000b000 08:01 5771455                    /lib/x86_64-linux-gnu/libnss_nis-2.19.so
7eff1b2ba000-7eff1b2bb000 r--p 0000a000 08:01 5771455                    /lib/x86_64-linux-gnu/libnss_nis-2.19.so
7eff1b2bb000-7eff1b2bc000 rw-p 0000b000 08:01 5771455                    /lib/x86_64-linux-gnu/libnss_nis-2.19.so
7eff1b2bc000-7eff1b2d3000 r-xp 00000000 08:01 5771439                    /lib/x86_64-linux-gnu/libnsl-2.19.so
7eff1b2d3000-7eff1b4d2000 ---p 00017000 08:01 5771439                    /lib/x86_64-linux-gnu/libnsl-2.19.so
7eff1b4d2000-7eff1b4d3000 r--p 00016000 08:01 5771439                    /lib/x86_64-linux-gnu/libnsl-2.19.so
7eff1b4d3000-7eff1b4d4000 rw-p 00017000 08:01 5771439                    /lib/x86_64-linux-gnu/libnsl-2.19.so
7eff1b4d4000-7eff1b4d6000 rw-p 00000000 00:00 0 
7eff1b4d6000-7eff1b4df000 r-xp 00000000 08:01 5771441                    /lib/x86_64-linux-gnu/libnss_compat-2.19.so
7eff1b4df000-7eff1b6de000 ---p 00009000 08:01 5771441                    /lib/x86_64-linux-gnu/libnss_compat-2.19.so
7eff1b6de000-7eff1b6df000 r--p 00008000 08:01 5771441                    /lib/x86_64-linux-gnu/libnss_compat-2.19.so
7eff1b6df000-7eff1b6e0000 rw-p 00009000 08:01 5771441                    /lib/x86_64-linux-gnu/libnss_compat-2.19.so
7eff1b6e0000-7eff1b70a000 r-xp 00000000 08:01 4069157                    /usr/lib/jvm/java-8-oracle/jre/lib/amd64/libjava.so
7eff1b70a000-7eff1b90a000 ---p 0002a000 08:01 4069157                    /usr/lib/jvm/java-8-oracle/jre/lib/amd64/libjava.so
7eff1b90a000-7eff1b90c000 rw-p 0002a000 08:01 4069157                    /usr/lib/jvm/java-8-oracle/jre/lib/amd64/libjava.so
7eff1b90c000-7eff1b919000 r-xp 00000000 08:01 4069118                    /usr/lib/jvm/java-8-oracle/jre/lib/amd64/libverify.so
7eff1b919000-7eff1bb19000 ---p 0000d000 08:01 4069118                    /usr/lib/jvm/java-8-oracle/jre/lib/amd64/libverify.so
7eff1bb19000-7eff1bb1b000 rw-p 0000d000 08:01 4069118                    /usr/lib/jvm/java-8-oracle/jre/lib/amd64/libverify.so
7eff1bb1b000-7eff1bb22000 r-xp 00000000 08:01 5771498                    /lib/x86_64-linux-gnu/librt-2.19.so
7eff1bb22000-7eff1bd21000 ---p 00007000 08:01 5771498                    /lib/x86_64-linux-gnu/librt-2.19.so
7eff1bd21000-7eff1bd22000 r--p 00006000 08:01 5771498                    /lib/x86_64-linux-gnu/librt-2.19.so
7eff1bd22000-7eff1bd23000 rw-p 00007000 08:01 5771498                    /lib/x86_64-linux-gnu/librt-2.19.so
7eff1bd23000-7eff1be28000 r-xp 00000000 08:01 5771420                    /lib/x86_64-linux-gnu/libm-2.19.so
7eff1be28000-7eff1c027000 ---p 00105000 08:01 5771420                    /lib/x86_64-linux-gnu/libm-2.19.so
7eff1c027000-7eff1c028000 r--p 00104000 08:01 5771420                    /lib/x86_64-linux-gnu/libm-2.19.so
7eff1c028000-7eff1c029000 rw-p 00105000 08:01 5771420                    /lib/x86_64-linux-gnu/libm-2.19.so
7eff1c029000-7eff1cce7000 r-xp 00000000 08:01 4069167                    /usr/lib/jvm/java-8-oracle/jre/lib/amd64/server/libjvm.so
7eff1cce7000-7eff1cee6000 ---p 00cbe000 08:01 4069167                    /usr/lib/jvm/java-8-oracle/jre/lib/amd64/server/libjvm.so
7eff1cee6000-7eff1cfbf000 rw-p 00cbd000 08:01 4069167                    /usr/lib/jvm/java-8-oracle/jre/lib/amd64/server/libjvm.so
7eff1cfbf000-7eff1d003000 rw-p 00000000 00:00 0 
7eff1d003000-7eff1d1be000 r-xp 00000000 08:01 5771370                    /lib/x86_64-linux-gnu/libc-2.19.so
7eff1d1be000-7eff1d3bd000 ---p 001bb000 08:01 5771370                    /lib/x86_64-linux-gnu/libc-2.19.so
7eff1d3bd000-7eff1d3c1000 r--p 001ba000 08:01 5771370                    /lib/x86_64-linux-gnu/libc-2.19.so
7eff1d3c1000-7eff1d3c3000 rw-p 001be000 08:01 5771370                    /lib/x86_64-linux-gnu/libc-2.19.so
7eff1d3c3000-7eff1d3c8000 rw-p 00000000 00:00 0 
7eff1d3c8000-7eff1d3cb000 r-xp 00000000 08:01 5771387                    /lib/x86_64-linux-gnu/libdl-2.19.so
7eff1d3cb000-7eff1d5ca000 ---p 00003000 08:01 5771387                    /lib/x86_64-linux-gnu/libdl-2.19.so
7eff1d5ca000-7eff1d5cb000 r--p 00002000 08:01 5771387                    /lib/x86_64-linux-gnu/libdl-2.19.so
7eff1d5cb000-7eff1d5cc000 rw-p 00003000 08:01 5771387                    /lib/x86_64-linux-gnu/libdl-2.19.so
7eff1d5cc000-7eff1d5e1000 r-xp 00000000 08:01 4727160                    /usr/lib/jvm/java-8-oracle/lib/amd64/jli/libjli.so
7eff1d5e1000-7eff1d7e1000 ---p 00015000 08:01 4727160                    /usr/lib/jvm/java-8-oracle/lib/amd64/jli/libjli.so
7eff1d7e1000-7eff1d7e2000 rw-p 00015000 08:01 4727160                    /usr/lib/jvm/java-8-oracle/lib/amd64/jli/libjli.so
7eff1d7e2000-7eff1d7fb000 r-xp 00000000 08:01 5771490                    /lib/x86_64-linux-gnu/libpthread-2.19.so
7eff1d7fb000-7eff1d9fa000 ---p 00019000 08:01 5771490                    /lib/x86_64-linux-gnu/libpthread-2.19.so
7eff1d9fa000-7eff1d9fb000 r--p 00018000 08:01 5771490                    /lib/x86_64-linux-gnu/libpthread-2.19.so
7eff1d9fb000-7eff1d9fc000 rw-p 00019000 08:01 5771490                    /lib/x86_64-linux-gnu/libpthread-2.19.so
7eff1d9fc000-7eff1da00000 rw-p 00000000 00:00 0 
7eff1da00000-7eff1da23000 r-xp 00000000 08:01 5771346                    /lib/x86_64-linux-gnu/ld-2.19.so
7eff1da2b000-7eff1da32000 r--s 00000000 08:01 1967077                    /usr/lib/x86_64-linux-gnu/gconv/gconv-modules.cache
7eff1da32000-7eff1dafe000 rw-p 00000000 00:00 0 
7eff1dafe000-7eff1db01000 ---p 00000000 00:00 0 
7eff1db01000-7eff1dc03000 rw-p 00000000 00:00 0                          [stack:11053]
7eff1dc06000-7eff1dc07000 rw-p 00000000 00:00 0 
7eff1dc07000-7eff1dc16000 r--s 000df000 08:01 656243                     /home/tomasz/Android/Sdk/build-tools/23.0.1/lib/dx.jar
7eff1dc16000-7eff1dc1e000 rw-s 00000000 08:01 6033128                    /tmp/hsperfdata_tomasz/11048
7eff1dc1e000-7eff1dc1f000 rw-p 00000000 00:00 0 
7eff1dc1f000-7eff1dc20000 ---p 00000000 00:00 0 
7eff1dc20000-7eff1dc22000 rw-p 00000000 00:00 0 
7eff1dc22000-7eff1dc23000 r--p 00022000 08:01 5771346                    /lib/x86_64-linux-gnu/ld-2.19.so
7eff1dc23000-7eff1dc24000 rw-p 00023000 08:01 5771346                    /lib/x86_64-linux-gnu/ld-2.19.so
7eff1dc24000-7eff1dc25000 rw-p 00000000 00:00 0 
7ffc16008000-7ffc16029000 rw-p 00000000 00:00 0                          [stack]
7ffc1616a000-7ffc1616c000 r--p 00000000 00:00 0                          [vvar]
7ffc1616c000-7ffc1616e000 r-xp 00000000 00:00 0                          [vdso]
ffffffffff600000-ffffffffff601000 r-xp 00000000 00:00 0                  [vsyscall]

VM Arguments:
jvm_args: -Djava.awt.headless=true -Xmx2g -Dfile.encoding=UTF-8 -Duser.country=PL -Duser.language=pl -Duser.variant 
java_command: com.android.dx.command.Main --dex --num-threads=4 --multi-dex --main-dex-list /home/tomasz/AndroidStudioProjects/Droppr/app/build/intermediates/multi-dex/debug/maindexlist.txt --output /home/tomasz/AndroidStudioProjects/Droppr/app/build/intermediates/transforms/dex/debug/folders/1000/1f/main /home/tomasz/AndroidStudioProjects/Droppr/app/build/intermediates/transforms/jarMerging/debug/jars/1/1f/combined.jar
java_class_path (initial): /home/tomasz/Android/Sdk/build-tools/23.0.1/lib/dx.jar
Launcher Type: SUN_STANDARD

Environment Variables:
PATH=/usr/local/sbin:/usr/local/bin:/usr/sbin:/usr/bin:/sbin:/bin:/usr/games:/usr/local/games
LD_LIBRARY_PATH=/opt/android-studio/bin:
SHELL=/bin/bash
DISPLAY=:0

Signal Handlers:
SIGSEGV: [libjvm.so+0xaba2a0], sa_mask[0]=11111111011111111101111111111110, sa_flags=SA_RESTART|SA_SIGINFO
SIGBUS: [libjvm.so+0xaba2a0], sa_mask[0]=11111111011111111101111111111110, sa_flags=SA_RESTART|SA_SIGINFO
SIGFPE: [libjvm.so+0x917710], sa_mask[0]=11111111011111111101111111111110, sa_flags=SA_RESTART|SA_SIGINFO
SIGPIPE: [libjvm.so+0x917710], sa_mask[0]=11111111011111111101111111111110, sa_flags=SA_RESTART|SA_SIGINFO
SIGXFSZ: [libjvm.so+0x917710], sa_mask[0]=11111111011111111101111111111110, sa_flags=SA_RESTART|SA_SIGINFO
SIGILL: [libjvm.so+0x917710], sa_mask[0]=11111111011111111101111111111110, sa_flags=SA_RESTART|SA_SIGINFO
SIGUSR1: SIG_DFL, sa_mask[0]=00000000000000000000000000000000, sa_flags=none
SIGUSR2: [libjvm.so+0x918d40], sa_mask[0]=00100000000000000000000000000000, sa_flags=SA_RESTART|SA_SIGINFO
SIGHUP: [libjvm.so+0x91a140], sa_mask[0]=11111111011111111101111111111110, sa_flags=SA_RESTART|SA_SIGINFO
SIGINT: [libjvm.so+0x91a140], sa_mask[0]=11111111011111111101111111111110, sa_flags=SA_RESTART|SA_SIGINFO
SIGTERM: [libjvm.so+0x91a140], sa_mask[0]=11111111011111111101111111111110, sa_flags=SA_RESTART|SA_SIGINFO
SIGQUIT: [libjvm.so+0x91a140], sa_mask[0]=11111111011111111101111111111110, sa_flags=SA_RESTART|SA_SIGINFO


---------------  S Y S T E M  ---------------

OS:DISTRIB_ID=Ubuntu
DISTRIB_RELEASE=14.04
DISTRIB_CODENAME=trusty
DISTRIB_DESCRIPTION="Ubuntu 14.04.3 LTS"

uname:Linux 3.19.0-33-generic #38~14.04.1-Ubuntu SMP Fri Nov 6 18:17:28 UTC 2015 x86_64
libc:glibc 2.19 NPTL 2.19 
rlimit: STACK 8192k, CORE 0k, NPROC 23202, NOFILE 4096, AS infinity
load average:3,36 1,07 0,85

/proc/meminfo:
MemTotal:        5961336 kB
MemFree:          114636 kB
MemAvailable:      90048 kB
Buffers:            1568 kB
Cached:           403236 kB
SwapCached:            0 kB
Active:          5323728 kB
Inactive:         339604 kB
Active(anon):    5284844 kB
Inactive(anon):   301392 kB
Active(file):      38884 kB
Inactive(file):    38212 kB
Unevictable:         328 kB
Mlocked:             328 kB
SwapTotal:             0 kB
SwapFree:              0 kB
Dirty:               528 kB
Writeback:             0 kB
AnonPages:       5259112 kB
Mapped:           180648 kB
Shmem:            327384 kB
Slab:              78076 kB
SReclaimable:      42652 kB
SUnreclaim:        35424 kB
KernelStack:       10880 kB
PageTables:        48724 kB
NFS_Unstable:          0 kB
Bounce:                0 kB
WritebackTmp:          0 kB
CommitLimit:     2980668 kB
Committed_AS:    9708700 kB
VmallocTotal:   34359738367 kB
VmallocUsed:      551992 kB
VmallocChunk:   34359162332 kB
HardwareCorrupted:     0 kB
AnonHugePages:   3698688 kB
CmaTotal:              0 kB
CmaFree:               0 kB
HugePages_Total:       0
HugePages_Free:        0
HugePages_Rsvd:        0
HugePages_Surp:        0
Hugepagesize:       2048 kB
DirectMap4k:      143616 kB
DirectMap2M:     5996544 kB


CPU:total 4 (2 cores per cpu, 2 threads per core) family 6 model 42 stepping 7, cmov, cx8, fxsr, mmx, sse, sse2, sse3, ssse3, sse4.1, sse4.2, popcnt, avx, aes, clmul, ht, tsc, tscinvbit

/proc/cpuinfo:
processor	: 0
vendor_id	: GenuineIntel
cpu family	: 6
model		: 42
model name	: Intel(R) Core(TM) i5-2450M CPU @ 2.50GHz
stepping	: 7
microcode	: 0x25
cpu MHz		: 2899.902
cache size	: 3072 KB
physical id	: 0
siblings	: 4
core id		: 0
cpu cores	: 2
apicid		: 0
initial apicid	: 0
fpu		: yes
fpu_exception	: yes
cpuid level	: 13
wp		: yes
flags		: fpu vme de pse tsc msr pae mce cx8 apic sep mtrr pge mca cmov pat pse36 clflush dts acpi mmx fxsr sse sse2 ss ht tm pbe syscall nx rdtscp lm constant_tsc arch_perfmon pebs bts rep_good nopl xtopology nonstop_tsc aperfmperf eagerfpu pni pclmulqdq dtes64 monitor ds_cpl vmx est tm2 ssse3 cx16 xtpr pdcm pcid sse4_1 sse4_2 x2apic popcnt tsc_deadline_timer aes xsave avx lahf_lm ida arat epb pln pts dtherm tpr_shadow vnmi flexpriority ept vpid xsaveopt
bugs		:
bogomips	: 4988.68
clflush size	: 64
cache_alignment	: 64
address sizes	: 36 bits physical, 48 bits virtual
power management:

processor	: 1
vendor_id	: GenuineIntel
cpu family	: 6
model		: 42
model name	: Intel(R) Core(TM) i5-2450M CPU @ 2.50GHz
stepping	: 7
microcode	: 0x25
cpu MHz		: 2900.097
cache size	: 3072 KB
physical id	: 0
siblings	: 4
core id		: 0
cpu cores	: 2
apicid		: 1
initial apicid	: 1
fpu		: yes
fpu_exception	: yes
cpuid level	: 13
wp		: yes
flags		: fpu vme de pse tsc msr pae mce cx8 apic sep mtrr pge mca cmov pat pse36 clflush dts acpi mmx fxsr sse sse2 ss ht tm pbe syscall nx rdtscp lm constant_tsc arch_perfmon pebs bts rep_good nopl xtopology nonstop_tsc aperfmperf eagerfpu pni pclmulqdq dtes64 monitor ds_cpl vmx est tm2 ssse3 cx16 xtpr pdcm pcid sse4_1 sse4_2 x2apic popcnt tsc_deadline_timer aes xsave avx lahf_lm ida arat epb pln pts dtherm tpr_shadow vnmi flexpriority ept vpid xsaveopt
bugs		:
bogomips	: 4988.68
clflush size	: 64
cache_alignment	: 64
address sizes	: 36 bits physical, 48 bits virtual
power management:

processor	: 2
vendor_id	: GenuineIntel
cpu family	: 6
model		: 42
model name	: Intel(R) Core(TM) i5-2450M CPU @ 2.50GHz
stepping	: 7
microcode	: 0x25
cpu MHz		: 2900.000
cache size	: 3072 KB
physical id	: 0
siblings	: 4
core id		: 1
cpu cores	: 2
apicid		: 2
initial apicid	: 2
fpu		: yes
fpu_exception	: yes
cpuid level	: 13
wp		: yes
flags		: fpu vme de pse tsc msr pae mce cx8 apic sep mtrr pge mca cmov pat pse36 clflush dts acpi mmx fxsr sse sse2 ss ht tm pbe syscall nx rdtscp lm constant_tsc arch_perfmon pebs bts rep_good nopl xtopology nonstop_tsc aperfmperf eagerfpu pni pclmulqdq dtes64 monitor ds_cpl vmx est tm2 ssse3 cx16 xtpr pdcm pcid sse4_1 sse4_2 x2apic popcnt tsc_deadline_timer aes xsave avx lahf_lm ida arat epb pln pts dtherm tpr_shadow vnmi flexpriority ept vpid xsaveopt
bugs		:
bogomips	: 4988.68
clflush size	: 64
cache_alignment	: 64
address sizes	: 36 bits physical, 48 bits virtual
power management:

processor	: 3
vendor_id	: GenuineIntel
cpu family	: 6
model		: 42
model name	: Intel(R) Core(TM) i5-2450M CPU @ 2.50GHz
stepping	: 7
microcode	: 0x25
cpu MHz		: 2899.902
cache size	: 3072 KB
physical id	: 0
siblings	: 4
core id		: 1
cpu cores	: 2
apicid		: 3
initial apicid	: 3
fpu		: yes
fpu_exception	: yes
cpuid level	: 13
wp		: yes
flags		: fpu vme de pse tsc msr pae mce cx8 apic sep mtrr pge mca cmov pat pse36 clflush dts acpi mmx fxsr sse sse2 ss ht tm pbe syscall nx rdtscp lm constant_tsc arch_perfmon pebs bts rep_good nopl xtopology nonstop_tsc aperfmperf eagerfpu pni pclmulqdq dtes64 monitor ds_cpl vmx est tm2 ssse3 cx16 xtpr pdcm pcid sse4_1 sse4_2 x2apic popcnt tsc_deadline_timer aes xsave avx lahf_lm ida arat epb pln pts dtherm tpr_shadow vnmi flexpriority ept vpid xsaveopt
bugs		:
bogomips	: 4988.68
clflush size	: 64
cache_alignment	: 64
address sizes	: 36 bits physical, 48 bits virtual
power management:



Memory: 4k page, physical 5961336k(114636k free), swap 0k(0k free)

vm_info: Java HotSpot(TM) 64-Bit Server VM (25.66-b17) for linux-amd64 JRE (1.8.0_66-b17), built on Oct  6 2015 17:28:34 by "java_re" with gcc 4.3.0 20080428 (Red Hat 4.3.0-8)

time: Sat Nov 21 06:29:23 2015
elapsed time: 35 seconds (0d 0h 0m 35s)

