#
# There is insufficient memory for the Java Runtime Environment to continue.
# Native memory allocation (mmap) failed to map 130023424 bytes for committing reserved memory.
# Possible reasons:
#   The system is out of physical RAM or swap space
#   In 32 bit mode, the process size limit was hit
# Possible solutions:
#   Reduce memory load on the system
#   Increase physical memory or swap space
#   Check if swap backing store is full
#   Use 64 bit Java on a 64 bit OS
#   Decrease Java heap size (-Xmx/-Xms)
#   Decrease number of Java threads
#   Decrease Java thread stack sizes (-Xss)
#   Set larger code cache with -XX:ReservedCodeCacheSize=
# This output file may be truncated or incomplete.
#
#  Out of Memory Error (os_linux.cpp:2627), pid=11663, tid=140454333847296
#
# JRE version: Java(TM) SE Runtime Environment (8.0_66-b17) (build 1.8.0_66-b17)
# Java VM: Java HotSpot(TM) 64-Bit Server VM (25.66-b17 mixed mode linux-amd64 compressed oops)
# Failed to write core dump. Core dumps have been disabled. To enable core dumping, try "ulimit -c unlimited" before starting Java again
#

---------------  T H R E A D  ---------------

Current thread (0x00007fbe30078000):  VMThread [stack: 0x00007fbe129d1000,0x00007fbe12ad2000] [id=11673]

Stack: [0x00007fbe129d1000,0x00007fbe12ad2000],  sp=0x00007fbe12ad01e0,  free space=1020k
Native frames: (J=compiled Java code, j=interpreted, Vv=VM code, C=native code)
V  [libjvm.so+0xab9a1a]  VMError::report_and_die()+0x2ba
V  [libjvm.so+0x4f9e0b]  report_vm_out_of_memory(char const*, int, unsigned long, VMErrorType, char const*)+0x8b
V  [libjvm.so+0x91a8a3]  os::Linux::commit_memory_impl(char*, unsigned long, bool)+0x103
V  [libjvm.so+0x91adf9]  os::pd_commit_memory(char*, unsigned long, unsigned long, bool)+0x29
V  [libjvm.so+0x91510a]  os::commit_memory(char*, unsigned long, unsigned long, bool)+0x2a
V  [libjvm.so+0x9887a3]  PSVirtualSpace::expand_by(unsigned long)+0x53
V  [libjvm.so+0x979090]  PSOldGen::expand(unsigned long)+0x170
V  [libjvm.so+0x97929b]  PSOldGen::resize(unsigned long)+0x1cb
V  [libjvm.so+0x980f71]  PSParallelCompact::invoke_no_policy(bool)+0x991
V  [libjvm.so+0x9868cd]  PSScavenge::invoke()+0x1ad
V  [libjvm.so+0x93e500]  ParallelScavengeHeap::failed_mem_allocate(unsigned long)+0x70
V  [libjvm.so+0xabb437]  VM_ParallelGCFailedAllocation::doit()+0x97
V  [libjvm.so+0xac2e65]  VM_Operation::evaluate()+0x55
V  [libjvm.so+0xac123a]  VMThread::evaluate_operation(VM_Operation*)+0xba
V  [libjvm.so+0xac15be]  VMThread::loop()+0x1ce
V  [libjvm.so+0xac1a30]  VMThread::run()+0x70
V  [libjvm.so+0x91cc68]  java_start(Thread*)+0x108

VM_Operation (0x00007fbe1158ad30): ParallelGCFailedAllocation, mode: safepoint, requested by thread 0x00007fbe301c4000


---------------  P R O C E S S  ---------------

Java Threads: ( => current thread )
  0x00007fbe301c6000 JavaThread "pool-2-thread-4" [_thread_blocked, id=11686, stack(0x00007fbe1138b000,0x00007fbe1148c000)]
  0x00007fbe301c4000 JavaThread "pool-2-thread-3" [_thread_blocked, id=11685, stack(0x00007fbe1148c000,0x00007fbe1158d000)]
  0x00007fbe301c3000 JavaThread "pool-2-thread-2" [_thread_blocked, id=11684, stack(0x00007fbe1158d000,0x00007fbe1168e000)]
  0x00007fbe301b5800 JavaThread "pool-3-thread-1" [_thread_blocked, id=11683, stack(0x00007fbe1168e000,0x00007fbe1178f000)]
  0x00007fbe301b4000 JavaThread "pool-2-thread-1" [_thread_blocked, id=11682, stack(0x00007fbe1178f000,0x00007fbe11890000)]
  0x00007fbe300c8800 JavaThread "Service Thread" daemon [_thread_blocked, id=11680, stack(0x00007fbe11ab7000,0x00007fbe11bb8000)]
  0x00007fbe300bb000 JavaThread "C1 CompilerThread2" daemon [_thread_blocked, id=11679, stack(0x00007fbe11bb8000,0x00007fbe11cb9000)]
  0x00007fbe300b9800 JavaThread "C2 CompilerThread1" daemon [_thread_in_native, id=11678, stack(0x00007fbe11cb9000,0x00007fbe11dba000)]
  0x00007fbe300b6800 JavaThread "C2 CompilerThread0" daemon [_thread_blocked, id=11677, stack(0x00007fbe11dba000,0x00007fbe11ebb000)]
  0x00007fbe300b5000 JavaThread "Signal Dispatcher" daemon [_thread_blocked, id=11676, stack(0x00007fbe11ebb000,0x00007fbe11fbc000)]
  0x00007fbe3007f000 JavaThread "Finalizer" daemon [_thread_blocked, id=11675, stack(0x00007fbe127cf000,0x00007fbe128d0000)]
  0x00007fbe3007d000 JavaThread "Reference Handler" daemon [_thread_blocked, id=11674, stack(0x00007fbe128d0000,0x00007fbe129d1000)]
  0x00007fbe3000a000 JavaThread "main" [_thread_blocked, id=11666, stack(0x00007fbe37621000,0x00007fbe37722000)]

Other Threads:
=>0x00007fbe30078000 VMThread [stack: 0x00007fbe129d1000,0x00007fbe12ad2000] [id=11673]
  0x00007fbe300cb000 WatcherThread [stack: 0x00007fbe119b6000,0x00007fbe11ab7000] [id=11681]

VM state:at safepoint (normal execution)

VM Mutex/Monitor currently owned by a thread:  ([mutex/lock_event])
[0x00007fbe30005ed0] ExpandHeap_lock - owner thread: 0x00007fbe30078000
[0x00007fbe30006550] Threads_lock - owner thread: 0x00007fbe30078000
[0x00007fbe30006a50] Heap_lock - owner thread: 0x00007fbe301c4000

Heap:
 PSYoungGen      total 465920K, used 0K [0x00000000d5580000, 0x0000000100000000, 0x0000000100000000)
  eden space 232960K, 0% used [0x00000000d5580000,0x00000000d5580000,0x00000000e3900000)
  from space 232960K, 0% used [0x00000000e3900000,0x00000000e3900000,0x00000000f1c80000)
  to   space 228352K, 0% used [0x00000000f2100000,0x00000000f2100000,0x0000000100000000)
 ParOldGen       total 945152K, used 739848K [0x0000000080000000, 0x00000000b9b00000, 0x00000000d5580000)
  object space 945152K, 78% used [0x0000000080000000,0x00000000ad2823f0,0x00000000b9b00000)
 Metaspace       used 6483K, capacity 7282K, committed 7552K, reserved 1056768K
  class space    used 608K, capacity 618K, committed 640K, reserved 1048576K

Card table byte_map: [0x00007fbe20bff000,0x00007fbe21000000] byte_map_base: 0x00007fbe207ff000

Marking Bits: (ParMarkBitMap*) 0x00007fbe36afb020
 Begin Bits: [0x00007fbe18000000, 0x00007fbe1a000000)
 End Bits:   [0x00007fbe1a000000, 0x00007fbe1c000000)

Polling page: 0x00007fbe37742000

CodeCache: size=245760Kb used=14124Kb max_used=14192Kb free=231635Kb
 bounds [0x00007fbe21000000, 0x00007fbe21e10000, 0x00007fbe30000000]
 total_blobs=2919 nmethods=2650 adapters=182
 compilation: enabled

Compilation events (10 events):
Event: 30,543 Thread 0x00007fbe300bb000 2951 %     3       com.android.dx.dex.cf.AttributeTranslator::translateInnerClasses @ 46 (356 bytes)
Event: 30,548 Thread 0x00007fbe300bb000 nmethod 2951% 0x00007fbe21dd7790 code [0x00007fbe21dd7dc0, 0x00007fbe21ddc398]
Event: 30,549 Thread 0x00007fbe300bb000 2952       3       com.android.dx.dex.cf.AttributeTranslator::translateInnerClasses (356 bytes)
Event: 30,558 Thread 0x00007fbe300bb000 nmethod 2952 0x00007fbe21ddefd0 code [0x00007fbe21ddf600, 0x00007fbe21de3958]
Event: 30,901 Thread 0x00007fbe300b6800 nmethod 2914 0x00007fbe21df1750 code [0x00007fbe21df2220, 0x00007fbe21dfba60]
Event: 30,905 Thread 0x00007fbe300b6800 2916       4       com.android.dx.ssa.back.FirstFitLocalCombiningAllocator::handleLocalAssociatedOther (151 bytes)
Event: 31,011 Thread 0x00007fbe300b6800 nmethod 2916 0x00007fbe21de75d0 code [0x00007fbe21de7940, 0x00007fbe21deaca0]
Event: 31,012 Thread 0x00007fbe300b6800 2912       4       com.android.dx.ssa.SsaRenamer::<init> (100 bytes)
Event: 31,019 Thread 0x00007fbe300b6800 nmethod 2912 0x00007fbe212251d0 code [0x00007fbe21225360, 0x00007fbe212257a8]
Event: 31,020 Thread 0x00007fbe300b6800 2954 %     4       com.android.dx.ssa.back.RegisterAllocator::insertMoveBefore @ 198 (240 bytes)

GC Heap History (10 events):
Event: 27,830 GC heap after
Heap after GC invocations=24 (full 5):
 PSYoungGen      total 504832K, used 194031K [0x00000000d5580000, 0x0000000100000000, 0x0000000100000000)
  eden space 310784K, 0% used [0x00000000d5580000,0x00000000d5580000,0x00000000e8500000)
  from space 194048K, 99% used [0x00000000e8500000,0x00000000f427bca0,0x00000000f4280000)
  to   space 194048K, 0% used [0x00000000f4280000,0x00000000f4280000,0x0000000100000000)
 ParOldGen       total 945152K, used 671005K [0x0000000080000000, 0x00000000b9b00000, 0x00000000d5580000)
  object space 945152K, 70% used [0x0000000080000000,0x00000000a8f475b0,0x00000000b9b00000)
 Metaspace       used 6480K, capacity 7282K, committed 7552K, reserved 1056768K
  class space    used 608K, capacity 618K, committed 640K, reserved 1048576K
}
Event: 28,411 GC heap before
{Heap before GC invocations=25 (full 5):
 PSYoungGen      total 504832K, used 504815K [0x00000000d5580000, 0x0000000100000000, 0x0000000100000000)
  eden space 310784K, 100% used [0x00000000d5580000,0x00000000e8500000,0x00000000e8500000)
  from space 194048K, 99% used [0x00000000e8500000,0x00000000f427bca0,0x00000000f4280000)
  to   space 194048K, 0% used [0x00000000f4280000,0x00000000f4280000,0x0000000100000000)
 ParOldGen       total 945152K, used 671005K [0x0000000080000000, 0x00000000b9b00000, 0x00000000d5580000)
  object space 945152K, 70% used [0x0000000080000000,0x00000000a8f475b0,0x00000000b9b00000)
 Metaspace       used 6480K, capacity 7282K, committed 7552K, reserved 1056768K
  class space    used 608K, capacity 618K, committed 640K, reserved 1048576K
Event: 28,668 GC heap after
Heap after GC invocations=25 (full 5):
 PSYoungGen      total 460800K, used 87755K [0x00000000d5580000, 0x0000000100000000, 0x0000000100000000)
  eden space 266752K, 0% used [0x00000000d5580000,0x00000000d5580000,0x00000000e5a00000)
  from space 194048K, 45% used [0x00000000f4280000,0x00000000f9832cc0,0x0000000100000000)
  to   space 216064K, 0% used [0x00000000e5a00000,0x00000000e5a00000,0x00000000f2d00000)
 ParOldGen       total 945152K, used 738954K [0x0000000080000000, 0x00000000b9b00000, 0x00000000d5580000)
  object space 945152K, 78% used [0x0000000080000000,0x00000000ad1a29d8,0x00000000b9b00000)
 Metaspace       used 6480K, capacity 7282K, committed 7552K, reserved 1056768K
  class space    used 608K, capacity 618K, committed 640K, reserved 1048576K
}
Event: 29,301 GC heap before
{Heap before GC invocations=26 (full 5):
 PSYoungGen      total 460800K, used 354507K [0x00000000d5580000, 0x0000000100000000, 0x0000000100000000)
  eden space 266752K, 100% used [0x00000000d5580000,0x00000000e5a00000,0x00000000e5a00000)
  from space 194048K, 45% used [0x00000000f4280000,0x00000000f9832cc0,0x0000000100000000)
  to   space 216064K, 0% used [0x00000000e5a00000,0x00000000e5a00000,0x00000000f2d00000)
 ParOldGen       total 945152K, used 738954K [0x0000000080000000, 0x00000000b9b00000, 0x00000000d5580000)
  object space 945152K, 78% used [0x0000000080000000,0x00000000ad1a29d8,0x00000000b9b00000)
 Metaspace       used 6481K, capacity 7282K, committed 7552K, reserved 1056768K
  class space    used 608K, capacity 618K, committed 640K, reserved 1048576K
Event: 29,489 GC heap after
Heap after GC invocations=26 (full 5):
 PSYoungGen      total 395264K, used 128042K [0x00000000d5580000, 0x0000000100000000, 0x0000000100000000)
  eden space 266752K, 0% used [0x00000000d5580000,0x00000000d5580000,0x00000000e5a00000)
  from space 128512K, 99% used [0x00000000e5a00000,0x00000000ed70aa08,0x00000000ed780000)
  to   space 218112K, 0% used [0x00000000f2b00000,0x00000000f2b00000,0x0000000100000000)
 ParOldGen       total 945152K, used 738954K [0x0000000080000000, 0x00000000b9b00000, 0x00000000d5580000)
  object space 945152K, 78% used [0x0000000080000000,0x00000000ad1a29d8,0x00000000b9b00000)
 Metaspace       used 6481K, capacity 7282K, committed 7552K, reserved 1056768K
  class space    used 608K, capacity 618K, committed 640K, reserved 1048576K
}
Event: 30,227 GC heap before
{Heap before GC invocations=27 (full 5):
 PSYoungGen      total 395264K, used 394794K [0x00000000d5580000, 0x0000000100000000, 0x0000000100000000)
  eden space 266752K, 100% used [0x00000000d5580000,0x00000000e5a00000,0x00000000e5a00000)
  from space 128512K, 99% used [0x00000000e5a00000,0x00000000ed70aa08,0x00000000ed780000)
  to   space 218112K, 0% used [0x00000000f2b00000,0x00000000f2b00000,0x0000000100000000)
 ParOldGen       total 945152K, used 738954K [0x0000000080000000, 0x00000000b9b00000, 0x00000000d5580000)
  object space 945152K, 78% used [0x0000000080000000,0x00000000ad1a29d8,0x00000000b9b00000)
 Metaspace       used 6483K, capacity 7282K, committed 7552K, reserved 1056768K
  class space    used 608K, capacity 618K, committed 640K, reserved 1048576K
Event: 30,477 GC heap after
Heap after GC invocations=27 (full 5):
 PSYoungGen      total 451072K, used 172569K [0x00000000d5580000, 0x0000000100000000, 0x0000000100000000)
  eden space 232960K, 0% used [0x00000000d5580000,0x00000000d5580000,0x00000000e3900000)
  from space 218112K, 79% used [0x00000000f2b00000,0x00000000fd386668,0x0000000100000000)
  to   space 232960K, 0% used [0x00000000e3900000,0x00000000e3900000,0x00000000f1c80000)
 ParOldGen       total 945152K, used 738954K [0x0000000080000000, 0x00000000b9b00000, 0x00000000d5580000)
  object space 945152K, 78% used [0x0000000080000000,0x00000000ad1a29d8,0x00000000b9b00000)
 Metaspace       used 6483K, capacity 7282K, committed 7552K, reserved 1056768K
  class space    used 608K, capacity 618K, committed 640K, reserved 1048576K
}
Event: 31,035 GC heap before
{Heap before GC invocations=28 (full 5):
 PSYoungGen      total 451072K, used 405529K [0x00000000d5580000, 0x0000000100000000, 0x0000000100000000)
  eden space 232960K, 100% used [0x00000000d5580000,0x00000000e3900000,0x00000000e3900000)
  from space 218112K, 79% used [0x00000000f2b00000,0x00000000fd386668,0x0000000100000000)
  to   space 232960K, 0% used [0x00000000e3900000,0x00000000e3900000,0x00000000f1c80000)
 ParOldGen       total 945152K, used 738954K [0x0000000080000000, 0x00000000b9b00000, 0x00000000d5580000)
  object space 945152K, 78% used [0x0000000080000000,0x00000000ad1a29d8,0x00000000b9b00000)
 Metaspace       used 6483K, capacity 7282K, committed 7552K, reserved 1056768K
  class space    used 608K, capacity 618K, committed 640K, reserved 1048576K
Event: 31,316 GC heap after
Heap after GC invocations=28 (full 5):
 PSYoungGen      total 465920K, used 120305K [0x00000000d5580000, 0x0000000100000000, 0x0000000100000000)
  eden space 232960K, 0% used [0x00000000d5580000,0x00000000d5580000,0x00000000e3900000)
  from space 232960K, 51% used [0x00000000e3900000,0x00000000eae7c740,0x00000000f1c80000)
  to   space 228352K, 0% used [0x00000000f2100000,0x00000000f2100000,0x0000000100000000)
 ParOldGen       total 945152K, used 828644K [0x0000000080000000, 0x00000000b9b00000, 0x00000000d5580000)
  object space 945152K, 87% used [0x0000000080000000,0x00000000b2939230,0x00000000b9b00000)
 Metaspace       used 6483K, capacity 7282K, committed 7552K, reserved 1056768K
  class space    used 608K, capacity 618K, committed 640K, reserved 1048576K
}
Event: 31,319 GC heap before
{Heap before GC invocations=29 (full 6):
 PSYoungGen      total 465920K, used 120305K [0x00000000d5580000, 0x0000000100000000, 0x0000000100000000)
  eden space 232960K, 0% used [0x00000000d5580000,0x00000000d5580000,0x00000000e3900000)
  from space 232960K, 51% used [0x00000000e3900000,0x00000000eae7c740,0x00000000f1c80000)
  to   space 228352K, 0% used [0x00000000f2100000,0x00000000f2100000,0x0000000100000000)
 ParOldGen       total 945152K, used 828644K [0x0000000080000000, 0x00000000b9b00000, 0x00000000d5580000)
  object space 945152K, 87% used [0x0000000080000000,0x00000000b2939230,0x00000000b9b00000)
 Metaspace       used 6483K, capacity 7282K, committed 7552K, reserved 1056768K
  class space    used 608K, capacity 618K, committed 640K, reserved 1048576K

Deoptimization events (10 events):
Event: 21,872 Thread 0x00007fbe301c3000 Uncommon trap: reason=unstable_if action=reinterpret pc=0x00007fbe21cf8484 method=com.android.dx.util.BitIntSet.has(I)Z @ 8
Event: 24,557 Thread 0x00007fbe301c6000 Uncommon trap: reason=class_check action=maybe_recompile pc=0x00007fbe21b417f0 method=com.android.dx.ssa.back.InterferenceGraph.mergeInterferenceSet(ILcom/android/dx/util/IntSet;)V @ 20
Event: 24,658 Thread 0x00007fbe301b4000 Uncommon trap: reason=unstable_if action=reinterpret pc=0x00007fbe21d28d7c method=com.android.dx.cf.code.ExecutionStack.<init>(I)V @ 2
Event: 24,678 Thread 0x00007fbe3000a000 Uncommon trap: reason=class_check action=maybe_recompile pc=0x00007fbe21cd33d4 method=com.android.dx.rop.cst.CstLiteral32.equals(Ljava/lang/Object;)Z @ 20
Event: 24,678 Thread 0x00007fbe3000a000 Uncommon trap: reason=class_check action=maybe_recompile pc=0x00007fbe21cd33d4 method=com.android.dx.rop.cst.CstLiteral32.equals(Ljava/lang/Object;)Z @ 20
Event: 24,678 Thread 0x00007fbe3000a000 Uncommon trap: reason=class_check action=maybe_recompile pc=0x00007fbe21cd33d4 method=com.android.dx.rop.cst.CstLiteral32.equals(Ljava/lang/Object;)Z @ 20
Event: 24,678 Thread 0x00007fbe3000a000 Uncommon trap: reason=class_check action=maybe_recompile pc=0x00007fbe21cd33d4 method=com.android.dx.rop.cst.CstLiteral32.equals(Ljava/lang/Object;)Z @ 20
Event: 24,757 Thread 0x00007fbe301c6000 Uncommon trap: reason=unstable_if action=reinterpret pc=0x00007fbe21c6e8c8 method=com.android.dx.ssa.MoveParamCombiner$1.visitNonMoveInsn(Lcom/android/dx/ssa/NormalSsaInsn;)V @ 27
Event: 25,476 Thread 0x00007fbe301c3000 Uncommon trap: reason=class_check action=maybe_recompile pc=0x00007fbe21ba4790 method=com.android.dx.ssa.SsaConverter.placePhiFunctions(Lcom/android/dx/ssa/SsaMethod;Lcom/android/dx/ssa/LocalVariableInfo;I)V @ 257
Event: 29,835 Thread 0x00007fbe301c6000 Uncommon trap: reason=unstable_if action=reinterpret pc=0x00007fbe21dd18ec method=com.android.dx.ssa.back.FirstFitLocalCombiningAllocator.getAlignment(I)Lcom/android/dx/ssa/back/FirstFitLocalCombiningAllocator$Alignment; @ 16

Internal exceptions (10 events):
Event: 0,023 Thread 0x00007fbe3000a000 Exception <a 'java/lang/NoSuchMethodError': Method sun.misc.Unsafe.prefetchRead(Ljava/lang/Object;J)V name or signature does not match> (0x00000000d5592ce0) thrown at [/HUDSON/workspace/8-2-build-linux-amd64/jdk8u66/4988/hotspot/src/share/vm/prims/jni.cpp
Event: 0,966 Thread 0x00007fbe301c6000 Implicit null exception at 0x00007fbe213522a4 to 0x00007fbe21355aad
Event: 0,966 Thread 0x00007fbe301c6000 Implicit null exception at 0x00007fbe21306b8c to 0x00007fbe21309709
Event: 1,402 Thread 0x00007fbe3000a000 Exception <a 'java/lang/ArrayIndexOutOfBoundsException': 18> (0x00000000d65a3208) thrown at [/HUDSON/workspace/8-2-build-linux-amd64/jdk8u66/4988/hotspot/src/share/vm/interpreter/interpreterRuntime.cpp, line 366]
Event: 1,403 Thread 0x00007fbe3000a000 Exception <a 'java/lang/ArrayIndexOutOfBoundsException': 145> (0x00000000d65a4d88) thrown at [/HUDSON/workspace/8-2-build-linux-amd64/jdk8u66/4988/hotspot/src/share/vm/interpreter/interpreterRuntime.cpp, line 366]
Event: 1,404 Thread 0x00007fbe3000a000 Exception <a 'java/lang/ArrayIndexOutOfBoundsException': 40> (0x00000000d65a6070) thrown at [/HUDSON/workspace/8-2-build-linux-amd64/jdk8u66/4988/hotspot/src/share/vm/interpreter/interpreterRuntime.cpp, line 366]
Event: 2,261 Thread 0x00007fbe301c3000 Implicit null exception at 0x00007fbe21546a2f to 0x00007fbe21546ba9
Event: 15,150 Thread 0x00007fbe301c6000 Implicit null exception at 0x00007fbe21b7530c to 0x00007fbe21b76485
Event: 18,858 Thread 0x00007fbe301b4000 Implicit null exception at 0x00007fbe215431d5 to 0x00007fbe21543565
Event: 18,859 Thread 0x00007fbe301b4000 Implicit null exception at 0x00007fbe214ad265 to 0x00007fbe214ad5c1

Events (10 events):
Event: 31,011 Thread 0x00007fbe300b6800 flushing nmethod 0x00007fbe21244e90
Event: 31,011 Thread 0x00007fbe300b6800 flushing nmethod 0x00007fbe21245e90
Event: 31,011 Thread 0x00007fbe300b6800 flushing nmethod 0x00007fbe212461d0
Event: 31,011 Thread 0x00007fbe300b6800 flushing nmethod 0x00007fbe21247750
Event: 31,011 Thread 0x00007fbe300b6800 flushing nmethod 0x00007fbe2124c590
Event: 31,011 Thread 0x00007fbe300b6800 flushing nmethod 0x00007fbe2125f1d0
Event: 31,011 Thread 0x00007fbe300b6800 flushing nmethod 0x00007fbe21261490
Event: 31,018 Thread 0x00007fbe301c6000 DEOPT PACKING pc=0x00007fbe21390868 sp=0x00007fbe11489e10
Event: 31,018 Thread 0x00007fbe301c6000 DEOPT UNPACKING pc=0x00007fbe21047633 sp=0x00007fbe11489b78 mode 0
Event: 31,035 Executing VM operation: ParallelGCFailedAllocation


Dynamic libraries:
00400000-00401000 r-xp 00000000 08:01 4591374                            /usr/lib/jvm/java-8-oracle/bin/java
00600000-00601000 rw-p 00000000 08:01 4591374                            /usr/lib/jvm/java-8-oracle/bin/java
025ea000-0260b000 rw-p 00000000 00:00 0                                  [heap]
80000000-b9b00000 rw-p 00000000 00:00 0 
c1700000-d5580000 ---p 00000000 00:00 0 
d5580000-100000000 rw-p 00000000 00:00 0 
100000000-1000a0000 rw-p 00000000 00:00 0 
1000a0000-140000000 ---p 00000000 00:00 0 
7fbdcc000000-7fbdcc04e000 rw-p 00000000 00:00 0 
7fbdcc04e000-7fbdd0000000 ---p 00000000 00:00 0 
7fbdd4000000-7fbdd4046000 rw-p 00000000 00:00 0 
7fbdd4046000-7fbdd8000000 ---p 00000000 00:00 0 
7fbdd8000000-7fbdd804c000 rw-p 00000000 00:00 0 
7fbdd804c000-7fbddc000000 ---p 00000000 00:00 0 
7fbddc000000-7fbddc058000 rw-p 00000000 00:00 0 
7fbddc058000-7fbde0000000 ---p 00000000 00:00 0 
7fbde0000000-7fbde0021000 rw-p 00000000 00:00 0 
7fbde0021000-7fbde4000000 ---p 00000000 00:00 0 
7fbde4000000-7fbde4021000 rw-p 00000000 00:00 0 
7fbde4021000-7fbde8000000 ---p 00000000 00:00 0 
7fbde8000000-7fbde8021000 rw-p 00000000 00:00 0 
7fbde8021000-7fbdec000000 ---p 00000000 00:00 0 
7fbdec000000-7fbdee023000 rw-p 00000000 00:00 0 
7fbdee023000-7fbdf0000000 ---p 00000000 00:00 0 
7fbdf0000000-7fbdf0b3a000 rw-p 00000000 00:00 0 
7fbdf0b3a000-7fbdf4000000 ---p 00000000 00:00 0 
7fbdf4000000-7fbdf4021000 rw-p 00000000 00:00 0 
7fbdf4021000-7fbdf8000000 ---p 00000000 00:00 0 
7fbdf8000000-7fbdf999a000 rw-p 00000000 00:00 0 
7fbdf999a000-7fbdfc000000 ---p 00000000 00:00 0 
7fbdfc000000-7fbdfc021000 rw-p 00000000 00:00 0 
7fbdfc021000-7fbe00000000 ---p 00000000 00:00 0 
7fbe00000000-7fbe00021000 rw-p 00000000 00:00 0 
7fbe00021000-7fbe04000000 ---p 00000000 00:00 0 
7fbe04000000-7fbe04021000 rw-p 00000000 00:00 0 
7fbe04021000-7fbe08000000 ---p 00000000 00:00 0 
7fbe08000000-7fbe08290000 rw-p 00000000 00:00 0 
7fbe08290000-7fbe0c000000 ---p 00000000 00:00 0 
7fbe0c000000-7fbe0c021000 rw-p 00000000 00:00 0 
7fbe0c021000-7fbe10000000 ---p 00000000 00:00 0 
7fbe11366000-7fbe1138b000 r--p 00000000 08:01 2361987                    /usr/share/locale-langpack/pl/LC_MESSAGES/libc.mo
7fbe1138b000-7fbe1138e000 ---p 00000000 00:00 0 
7fbe1138e000-7fbe1148c000 rw-p 00000000 00:00 0                          [stack:11686]
7fbe1148c000-7fbe1148f000 ---p 00000000 00:00 0 
7fbe1148f000-7fbe1158d000 rw-p 00000000 00:00 0                          [stack:11685]
7fbe1158d000-7fbe11590000 ---p 00000000 00:00 0 
7fbe11590000-7fbe1168e000 rw-p 00000000 00:00 0                          [stack:11684]
7fbe1168e000-7fbe11691000 ---p 00000000 00:00 0 
7fbe11691000-7fbe1178f000 rw-p 00000000 00:00 0                          [stack:11683]
7fbe1178f000-7fbe11792000 ---p 00000000 00:00 0 
7fbe11792000-7fbe11890000 rw-p 00000000 00:00 0                          [stack:11682]
7fbe11890000-7fbe119b6000 r--s 00cb9000 08:01 10093249                   /home/tomasz/AndroidStudioProjects/Droppr/app/build/intermediates/transforms/jarMerging/debug/jars/1/1f/combined.jar
7fbe119b6000-7fbe119b7000 ---p 00000000 00:00 0 
7fbe119b7000-7fbe11ab7000 rw-p 00000000 00:00 0                          [stack:11681]
7fbe11ab7000-7fbe11aba000 ---p 00000000 00:00 0 
7fbe11aba000-7fbe11bb8000 rw-p 00000000 00:00 0                          [stack:11680]
7fbe11bb8000-7fbe11bbb000 ---p 00000000 00:00 0 
7fbe11bbb000-7fbe11cb9000 rw-p 00000000 00:00 0                          [stack:11679]
7fbe11cb9000-7fbe11cbc000 ---p 00000000 00:00 0 
7fbe11cbc000-7fbe11dba000 rw-p 00000000 00:00 0                          [stack:11678]
7fbe11dba000-7fbe11dbd000 ---p 00000000 00:00 0 
7fbe11dbd000-7fbe11ebb000 rw-p 00000000 00:00 0                          [stack:11677]
7fbe11ebb000-7fbe11ebe000 ---p 00000000 00:00 0 
7fbe11ebe000-7fbe11fbc000 rw-p 00000000 00:00 0                          [stack:11676]
7fbe11fbc000-7fbe127cf000 r--p 00000000 08:01 1579663                    /usr/lib/locale/locale-archive
7fbe127cf000-7fbe127d2000 ---p 00000000 00:00 0 
7fbe127d2000-7fbe128d0000 rw-p 00000000 00:00 0                          [stack:11675]
7fbe128d0000-7fbe128d3000 ---p 00000000 00:00 0 
7fbe128d3000-7fbe129d1000 rw-p 00000000 00:00 0                          [stack:11674]
7fbe129d1000-7fbe129d2000 ---p 00000000 00:00 0 
7fbe129d2000-7fbe13ec0000 rw-p 00000000 00:00 0                          [stack:11673]
7fbe13ec0000-7fbe14000000 ---p 00000000 00:00 0 
7fbe14000000-7fbe14021000 rw-p 00000000 00:00 0 
7fbe14021000-7fbe18000000 ---p 00000000 00:00 0 
7fbe18000000-7fbe1c000000 rw-p 00000000 00:00 0 
7fbe1c000000-7fbe1c021000 rw-p 00000000 00:00 0 
7fbe1c021000-7fbe20000000 ---p 00000000 00:00 0 
7fbe2001a000-7fbe202ad000 rw-p 00000000 00:00 0 
7fbe202ad000-7fbe20486000 r--s 03d20000 08:01 4069182                    /usr/lib/jvm/java-8-oracle/jre/lib/rt.jar
7fbe20486000-7fbe208fc000 rw-p 00000000 00:00 0 
7fbe208fc000-7fbe208fd000 ---p 00000000 00:00 0 
7fbe208fd000-7fbe209fd000 rw-p 00000000 00:00 0                          [stack:11672]
7fbe209fd000-7fbe209fe000 ---p 00000000 00:00 0 
7fbe209fe000-7fbe20afe000 rw-p 00000000 00:00 0                          [stack:11671]
7fbe20afe000-7fbe20aff000 ---p 00000000 00:00 0 
7fbe20aff000-7fbe20dcd000 rw-p 00000000 00:00 0                          [stack:11670]
7fbe20dcd000-7fbe20ea9000 ---p 00000000 00:00 0 
7fbe20ea9000-7fbe20fff000 rw-p 00000000 00:00 0 
7fbe20fff000-7fbe21000000 rw-p 00000000 00:00 0 
7fbe21000000-7fbe21e10000 rwxp 00000000 00:00 0 
7fbe21e10000-7fbe30000000 ---p 00000000 00:00 0 
7fbe30000000-7fbe303d9000 rw-p 00000000 00:00 0 
7fbe303d9000-7fbe34000000 ---p 00000000 00:00 0 
7fbe3401f000-7fbe34040000 rw-p 00000000 00:00 0 
7fbe34040000-7fbe34041000 ---p 00000000 00:00 0 
7fbe34041000-7fbe3430f000 rw-p 00000000 00:00 0                          [stack:11669]
7fbe3430f000-7fbe343ec000 ---p 00000000 00:00 0 
7fbe343ec000-7fbe34425000 rw-p 00000000 00:00 0 
7fbe34425000-7fbe347ac000 ---p 00000000 00:00 0 
7fbe347ac000-7fbe347c6000 r-xp 00000000 08:01 4069168                    /usr/lib/jvm/java-8-oracle/jre/lib/amd64/libzip.so
7fbe347c6000-7fbe349c6000 ---p 0001a000 08:01 4069168                    /usr/lib/jvm/java-8-oracle/jre/lib/amd64/libzip.so
7fbe349c6000-7fbe349c7000 rw-p 0001a000 08:01 4069168                    /usr/lib/jvm/java-8-oracle/jre/lib/amd64/libzip.so
7fbe349c7000-7fbe349d2000 r-xp 00000000 08:01 5771445                    /lib/x86_64-linux-gnu/libnss_files-2.19.so
7fbe349d2000-7fbe34bd1000 ---p 0000b000 08:01 5771445                    /lib/x86_64-linux-gnu/libnss_files-2.19.so
7fbe34bd1000-7fbe34bd2000 r--p 0000a000 08:01 5771445                    /lib/x86_64-linux-gnu/libnss_files-2.19.so
7fbe34bd2000-7fbe34bd3000 rw-p 0000b000 08:01 5771445                    /lib/x86_64-linux-gnu/libnss_files-2.19.so
7fbe34bd3000-7fbe34bde000 r-xp 00000000 08:01 5771455                    /lib/x86_64-linux-gnu/libnss_nis-2.19.so
7fbe34bde000-7fbe34ddd000 ---p 0000b000 08:01 5771455                    /lib/x86_64-linux-gnu/libnss_nis-2.19.so
7fbe34ddd000-7fbe34dde000 r--p 0000a000 08:01 5771455                    /lib/x86_64-linux-gnu/libnss_nis-2.19.so
7fbe34dde000-7fbe34ddf000 rw-p 0000b000 08:01 5771455                    /lib/x86_64-linux-gnu/libnss_nis-2.19.so
7fbe34ddf000-7fbe34df6000 r-xp 00000000 08:01 5771439                    /lib/x86_64-linux-gnu/libnsl-2.19.so
7fbe34df6000-7fbe34ff5000 ---p 00017000 08:01 5771439                    /lib/x86_64-linux-gnu/libnsl-2.19.so
7fbe34ff5000-7fbe34ff6000 r--p 00016000 08:01 5771439                    /lib/x86_64-linux-gnu/libnsl-2.19.so
7fbe34ff6000-7fbe34ff7000 rw-p 00017000 08:01 5771439                    /lib/x86_64-linux-gnu/libnsl-2.19.so
7fbe34ff7000-7fbe34ff9000 rw-p 00000000 00:00 0 
7fbe34ff9000-7fbe35002000 r-xp 00000000 08:01 5771441                    /lib/x86_64-linux-gnu/libnss_compat-2.19.so
7fbe35002000-7fbe35201000 ---p 00009000 08:01 5771441                    /lib/x86_64-linux-gnu/libnss_compat-2.19.so
7fbe35201000-7fbe35202000 r--p 00008000 08:01 5771441                    /lib/x86_64-linux-gnu/libnss_compat-2.19.so
7fbe35202000-7fbe35203000 rw-p 00009000 08:01 5771441                    /lib/x86_64-linux-gnu/libnss_compat-2.19.so
7fbe35203000-7fbe3522d000 r-xp 00000000 08:01 4069157                    /usr/lib/jvm/java-8-oracle/jre/lib/amd64/libjava.so
7fbe3522d000-7fbe3542d000 ---p 0002a000 08:01 4069157                    /usr/lib/jvm/java-8-oracle/jre/lib/amd64/libjava.so
7fbe3542d000-7fbe3542f000 rw-p 0002a000 08:01 4069157                    /usr/lib/jvm/java-8-oracle/jre/lib/amd64/libjava.so
7fbe3542f000-7fbe3543c000 r-xp 00000000 08:01 4069118                    /usr/lib/jvm/java-8-oracle/jre/lib/amd64/libverify.so
7fbe3543c000-7fbe3563c000 ---p 0000d000 08:01 4069118                    /usr/lib/jvm/java-8-oracle/jre/lib/amd64/libverify.so
7fbe3563c000-7fbe3563e000 rw-p 0000d000 08:01 4069118                    /usr/lib/jvm/java-8-oracle/jre/lib/amd64/libverify.so
7fbe3563e000-7fbe35645000 r-xp 00000000 08:01 5771498                    /lib/x86_64-linux-gnu/librt-2.19.so
7fbe35645000-7fbe35844000 ---p 00007000 08:01 5771498                    /lib/x86_64-linux-gnu/librt-2.19.so
7fbe35844000-7fbe35845000 r--p 00006000 08:01 5771498                    /lib/x86_64-linux-gnu/librt-2.19.so
7fbe35845000-7fbe35846000 rw-p 00007000 08:01 5771498                    /lib/x86_64-linux-gnu/librt-2.19.so
7fbe35846000-7fbe3594b000 r-xp 00000000 08:01 5771420                    /lib/x86_64-linux-gnu/libm-2.19.so
7fbe3594b000-7fbe35b4a000 ---p 00105000 08:01 5771420                    /lib/x86_64-linux-gnu/libm-2.19.so
7fbe35b4a000-7fbe35b4b000 r--p 00104000 08:01 5771420                    /lib/x86_64-linux-gnu/libm-2.19.so
7fbe35b4b000-7fbe35b4c000 rw-p 00105000 08:01 5771420                    /lib/x86_64-linux-gnu/libm-2.19.so
7fbe35b4c000-7fbe3680a000 r-xp 00000000 08:01 4069167                    /usr/lib/jvm/java-8-oracle/jre/lib/amd64/server/libjvm.so
7fbe3680a000-7fbe36a09000 ---p 00cbe000 08:01 4069167                    /usr/lib/jvm/java-8-oracle/jre/lib/amd64/server/libjvm.so
7fbe36a09000-7fbe36ae2000 rw-p 00cbd000 08:01 4069167                    /usr/lib/jvm/java-8-oracle/jre/lib/amd64/server/libjvm.so
7fbe36ae2000-7fbe36b26000 rw-p 00000000 00:00 0 
7fbe36b26000-7fbe36ce1000 r-xp 00000000 08:01 5771370                    /lib/x86_64-linux-gnu/libc-2.19.so
7fbe36ce1000-7fbe36ee0000 ---p 001bb000 08:01 5771370                    /lib/x86_64-linux-gnu/libc-2.19.so
7fbe36ee0000-7fbe36ee4000 r--p 001ba000 08:01 5771370                    /lib/x86_64-linux-gnu/libc-2.19.so
7fbe36ee4000-7fbe36ee6000 rw-p 001be000 08:01 5771370                    /lib/x86_64-linux-gnu/libc-2.19.so
7fbe36ee6000-7fbe36eeb000 rw-p 00000000 00:00 0 
7fbe36eeb000-7fbe36eee000 r-xp 00000000 08:01 5771387                    /lib/x86_64-linux-gnu/libdl-2.19.so
7fbe36eee000-7fbe370ed000 ---p 00003000 08:01 5771387                    /lib/x86_64-linux-gnu/libdl-2.19.so
7fbe370ed000-7fbe370ee000 r--p 00002000 08:01 5771387                    /lib/x86_64-linux-gnu/libdl-2.19.so
7fbe370ee000-7fbe370ef000 rw-p 00003000 08:01 5771387                    /lib/x86_64-linux-gnu/libdl-2.19.so
7fbe370ef000-7fbe37104000 r-xp 00000000 08:01 4727160                    /usr/lib/jvm/java-8-oracle/lib/amd64/jli/libjli.so
7fbe37104000-7fbe37304000 ---p 00015000 08:01 4727160                    /usr/lib/jvm/java-8-oracle/lib/amd64/jli/libjli.so
7fbe37304000-7fbe37305000 rw-p 00015000 08:01 4727160                    /usr/lib/jvm/java-8-oracle/lib/amd64/jli/libjli.so
7fbe37305000-7fbe3731e000 r-xp 00000000 08:01 5771490                    /lib/x86_64-linux-gnu/libpthread-2.19.so
7fbe3731e000-7fbe3751d000 ---p 00019000 08:01 5771490                    /lib/x86_64-linux-gnu/libpthread-2.19.so
7fbe3751d000-7fbe3751e000 r--p 00018000 08:01 5771490                    /lib/x86_64-linux-gnu/libpthread-2.19.so
7fbe3751e000-7fbe3751f000 rw-p 00019000 08:01 5771490                    /lib/x86_64-linux-gnu/libpthread-2.19.so
7fbe3751f000-7fbe37523000 rw-p 00000000 00:00 0 
7fbe37523000-7fbe37546000 r-xp 00000000 08:01 5771346                    /lib/x86_64-linux-gnu/ld-2.19.so
7fbe3754e000-7fbe37555000 r--s 00000000 08:01 1967077                    /usr/lib/x86_64-linux-gnu/gconv/gconv-modules.cache
7fbe37555000-7fbe37621000 rw-p 00000000 00:00 0 
7fbe37621000-7fbe37624000 ---p 00000000 00:00 0 
7fbe37624000-7fbe37726000 rw-p 00000000 00:00 0                          [stack:11666]
7fbe37729000-7fbe3772a000 rw-p 00000000 00:00 0 
7fbe3772a000-7fbe37739000 r--s 000df000 08:01 656243                     /home/tomasz/Android/Sdk/build-tools/23.0.1/lib/dx.jar
7fbe37739000-7fbe37741000 rw-s 00000000 08:01 6034019                    /tmp/hsperfdata_tomasz/11663
7fbe37741000-7fbe37742000 rw-p 00000000 00:00 0 
7fbe37742000-7fbe37743000 ---p 00000000 00:00 0 
7fbe37743000-7fbe37745000 rw-p 00000000 00:00 0 
7fbe37745000-7fbe37746000 r--p 00022000 08:01 5771346                    /lib/x86_64-linux-gnu/ld-2.19.so
7fbe37746000-7fbe37747000 rw-p 00023000 08:01 5771346                    /lib/x86_64-linux-gnu/ld-2.19.so
7fbe37747000-7fbe37748000 rw-p 00000000 00:00 0 
7ffe5ab2c000-7ffe5ab4d000 rw-p 00000000 00:00 0                          [stack]
7ffe5abf6000-7ffe5abf8000 r--p 00000000 00:00 0                          [vvar]
7ffe5abf8000-7ffe5abfa000 r-xp 00000000 00:00 0                          [vdso]
ffffffffff600000-ffffffffff601000 r-xp 00000000 00:00 0                  [vsyscall]

VM Arguments:
jvm_args: -Djava.awt.headless=true -Xmx2g -Dfile.encoding=UTF-8 -Duser.country=PL -Duser.language=pl -Duser.variant 
java_command: com.android.dx.command.Main --dex --num-threads=4 --multi-dex --main-dex-list /home/tomasz/AndroidStudioProjects/Droppr/app/build/intermediates/multi-dex/debug/maindexlist.txt --output /home/tomasz/AndroidStudioProjects/Droppr/app/build/intermediates/transforms/dex/debug/folders/1000/1f/main /home/tomasz/AndroidStudioProjects/Droppr/app/build/intermediates/transforms/jarMerging/debug/jars/1/1f/combined.jar
java_class_path (initial): /home/tomasz/Android/Sdk/build-tools/23.0.1/lib/dx.jar
Launcher Type: SUN_STANDARD

Environment Variables:
PATH=/usr/local/sbin:/usr/local/bin:/usr/sbin:/usr/bin:/sbin:/bin:/usr/games:/usr/local/games
LD_LIBRARY_PATH=/opt/android-studio/bin:
SHELL=/bin/bash
DISPLAY=:0

Signal Handlers:
SIGSEGV: [libjvm.so+0xaba2a0], sa_mask[0]=11111111011111111101111111111110, sa_flags=SA_RESTART|SA_SIGINFO
SIGBUS: [libjvm.so+0xaba2a0], sa_mask[0]=11111111011111111101111111111110, sa_flags=SA_RESTART|SA_SIGINFO
SIGFPE: [libjvm.so+0x917710], sa_mask[0]=11111111011111111101111111111110, sa_flags=SA_RESTART|SA_SIGINFO
SIGPIPE: [libjvm.so+0x917710], sa_mask[0]=11111111011111111101111111111110, sa_flags=SA_RESTART|SA_SIGINFO
SIGXFSZ: [libjvm.so+0x917710], sa_mask[0]=11111111011111111101111111111110, sa_flags=SA_RESTART|SA_SIGINFO
SIGILL: [libjvm.so+0x917710], sa_mask[0]=11111111011111111101111111111110, sa_flags=SA_RESTART|SA_SIGINFO
SIGUSR1: SIG_DFL, sa_mask[0]=00000000000000000000000000000000, sa_flags=none
SIGUSR2: [libjvm.so+0x918d40], sa_mask[0]=00100000000000000000000000000000, sa_flags=SA_RESTART|SA_SIGINFO
SIGHUP: [libjvm.so+0x91a140], sa_mask[0]=11111111011111111101111111111110, sa_flags=SA_RESTART|SA_SIGINFO
SIGINT: [libjvm.so+0x91a140], sa_mask[0]=11111111011111111101111111111110, sa_flags=SA_RESTART|SA_SIGINFO
SIGTERM: [libjvm.so+0x91a140], sa_mask[0]=11111111011111111101111111111110, sa_flags=SA_RESTART|SA_SIGINFO
SIGQUIT: [libjvm.so+0x91a140], sa_mask[0]=11111111011111111101111111111110, sa_flags=SA_RESTART|SA_SIGINFO


---------------  S Y S T E M  ---------------

OS:DISTRIB_ID=Ubuntu
DISTRIB_RELEASE=14.04
DISTRIB_CODENAME=trusty
DISTRIB_DESCRIPTION="Ubuntu 14.04.3 LTS"

uname:Linux 3.19.0-33-generic #38~14.04.1-Ubuntu SMP Fri Nov 6 18:17:28 UTC 2015 x86_64
libc:glibc 2.19 NPTL 2.19 
rlimit: STACK 8192k, CORE 0k, NPROC 23202, NOFILE 4096, AS infinity
load average:3,97 2,29 1,70

/proc/meminfo:
MemTotal:        5961336 kB
MemFree:          129312 kB
MemAvailable:     111456 kB
Buffers:            4500 kB
Cached:           421688 kB
SwapCached:            0 kB
Active:          5295124 kB
Inactive:         352152 kB
Active(anon):    5253728 kB
Inactive(anon):   300284 kB
Active(file):      41396 kB
Inactive(file):    51868 kB
Unevictable:         328 kB
Mlocked:             328 kB
SwapTotal:             0 kB
SwapFree:              0 kB
Dirty:               292 kB
Writeback:             0 kB
AnonPages:       5221324 kB
Mapped:           168856 kB
Shmem:            333016 kB
Slab:              76056 kB
SReclaimable:      39948 kB
SUnreclaim:        36108 kB
KernelStack:       11104 kB
PageTables:        50348 kB
NFS_Unstable:          0 kB
Bounce:                0 kB
WritebackTmp:          0 kB
CommitLimit:     2980668 kB
Committed_AS:   10172960 kB
VmallocTotal:   34359738367 kB
VmallocUsed:      551968 kB
VmallocChunk:   34359162332 kB
HardwareCorrupted:     0 kB
AnonHugePages:   3201024 kB
CmaTotal:              0 kB
CmaFree:               0 kB
HugePages_Total:       0
HugePages_Free:        0
HugePages_Rsvd:        0
HugePages_Surp:        0
Hugepagesize:       2048 kB
DirectMap4k:      151808 kB
DirectMap2M:     5988352 kB


CPU:total 4 (2 cores per cpu, 2 threads per core) family 6 model 42 stepping 7, cmov, cx8, fxsr, mmx, sse, sse2, sse3, ssse3, sse4.1, sse4.2, popcnt, avx, aes, clmul, ht, tsc, tscinvbit

/proc/cpuinfo:
processor	: 0
vendor_id	: GenuineIntel
cpu family	: 6
model		: 42
model name	: Intel(R) Core(TM) i5-2450M CPU @ 2.50GHz
stepping	: 7
microcode	: 0x25
cpu MHz		: 2900.000
cache size	: 3072 KB
physical id	: 0
siblings	: 4
core id		: 0
cpu cores	: 2
apicid		: 0
initial apicid	: 0
fpu		: yes
fpu_exception	: yes
cpuid level	: 13
wp		: yes
flags		: fpu vme de pse tsc msr pae mce cx8 apic sep mtrr pge mca cmov pat pse36 clflush dts acpi mmx fxsr sse sse2 ss ht tm pbe syscall nx rdtscp lm constant_tsc arch_perfmon pebs bts rep_good nopl xtopology nonstop_tsc aperfmperf eagerfpu pni pclmulqdq dtes64 monitor ds_cpl vmx est tm2 ssse3 cx16 xtpr pdcm pcid sse4_1 sse4_2 x2apic popcnt tsc_deadline_timer aes xsave avx lahf_lm ida arat epb pln pts dtherm tpr_shadow vnmi flexpriority ept vpid xsaveopt
bugs		:
bogomips	: 4988.59
clflush size	: 64
cache_alignment	: 64
address sizes	: 36 bits physical, 48 bits virtual
power management:

processor	: 1
vendor_id	: GenuineIntel
cpu family	: 6
model		: 42
model name	: Intel(R) Core(TM) i5-2450M CPU @ 2.50GHz
stepping	: 7
microcode	: 0x25
cpu MHz		: 2900.000
cache size	: 3072 KB
physical id	: 0
siblings	: 4
core id		: 0
cpu cores	: 2
apicid		: 1
initial apicid	: 1
fpu		: yes
fpu_exception	: yes
cpuid level	: 13
wp		: yes
flags		: fpu vme de pse tsc msr pae mce cx8 apic sep mtrr pge mca cmov pat pse36 clflush dts acpi mmx fxsr sse sse2 ss ht tm pbe syscall nx rdtscp lm constant_tsc arch_perfmon pebs bts rep_good nopl xtopology nonstop_tsc aperfmperf eagerfpu pni pclmulqdq dtes64 monitor ds_cpl vmx est tm2 ssse3 cx16 xtpr pdcm pcid sse4_1 sse4_2 x2apic popcnt tsc_deadline_timer aes xsave avx lahf_lm ida arat epb pln pts dtherm tpr_shadow vnmi flexpriority ept vpid xsaveopt
bugs		:
bogomips	: 4988.59
clflush size	: 64
cache_alignment	: 64
address sizes	: 36 bits physical, 48 bits virtual
power management:

processor	: 2
vendor_id	: GenuineIntel
cpu family	: 6
model		: 42
model name	: Intel(R) Core(TM) i5-2450M CPU @ 2.50GHz
stepping	: 7
microcode	: 0x25
cpu MHz		: 2899.609
cache size	: 3072 KB
physical id	: 0
siblings	: 4
core id		: 1
cpu cores	: 2
apicid		: 2
initial apicid	: 2
fpu		: yes
fpu_exception	: yes
cpuid level	: 13
wp		: yes
flags		: fpu vme de pse tsc msr pae mce cx8 apic sep mtrr pge mca cmov pat pse36 clflush dts acpi mmx fxsr sse sse2 ss ht tm pbe syscall nx rdtscp lm constant_tsc arch_perfmon pebs bts rep_good nopl xtopology nonstop_tsc aperfmperf eagerfpu pni pclmulqdq dtes64 monitor ds_cpl vmx est tm2 ssse3 cx16 xtpr pdcm pcid sse4_1 sse4_2 x2apic popcnt tsc_deadline_timer aes xsave avx lahf_lm ida arat epb pln pts dtherm tpr_shadow vnmi flexpriority ept vpid xsaveopt
bugs		:
bogomips	: 4988.59
clflush size	: 64
cache_alignment	: 64
address sizes	: 36 bits physical, 48 bits virtual
power management:

processor	: 3
vendor_id	: GenuineIntel
cpu family	: 6
model		: 42
model name	: Intel(R) Core(TM) i5-2450M CPU @ 2.50GHz
stepping	: 7
microcode	: 0x25
cpu MHz		: 2899.902
cache size	: 3072 KB
physical id	: 0
siblings	: 4
core id		: 1
cpu cores	: 2
apicid		: 3
initial apicid	: 3
fpu		: yes
fpu_exception	: yes
cpuid level	: 13
wp		: yes
flags		: fpu vme de pse tsc msr pae mce cx8 apic sep mtrr pge mca cmov pat pse36 clflush dts acpi mmx fxsr sse sse2 ss ht tm pbe syscall nx rdtscp lm constant_tsc arch_perfmon pebs bts rep_good nopl xtopology nonstop_tsc aperfmperf eagerfpu pni pclmulqdq dtes64 monitor ds_cpl vmx est tm2 ssse3 cx16 xtpr pdcm pcid sse4_1 sse4_2 x2apic popcnt tsc_deadline_timer aes xsave avx lahf_lm ida arat epb pln pts dtherm tpr_shadow vnmi flexpriority ept vpid xsaveopt
bugs		:
bogomips	: 4988.59
clflush size	: 64
cache_alignment	: 64
address sizes	: 36 bits physical, 48 bits virtual
power management:



Memory: 4k page, physical 5961336k(129312k free), swap 0k(0k free)

vm_info: Java HotSpot(TM) 64-Bit Server VM (25.66-b17) for linux-amd64 JRE (1.8.0_66-b17), built on Oct  6 2015 17:28:34 by "java_re" with gcc 4.3.0 20080428 (Red Hat 4.3.0-8)

time: Fri Nov 20 21:35:54 2015
elapsed time: 33 seconds (0d 0h 0m 33s)

