#
# There is insufficient memory for the Java Runtime Environment to continue.
# Native memory allocation (mmap) failed to map 250609664 bytes for committing reserved memory.
# Possible reasons:
#   The system is out of physical RAM or swap space
#   In 32 bit mode, the process size limit was hit
# Possible solutions:
#   Reduce memory load on the system
#   Increase physical memory or swap space
#   Check if swap backing store is full
#   Use 64 bit Java on a 64 bit OS
#   Decrease Java heap size (-Xmx/-Xms)
#   Decrease number of Java threads
#   Decrease Java thread stack sizes (-Xss)
#   Set larger code cache with -XX:ReservedCodeCacheSize=
# This output file may be truncated or incomplete.
#
#  Out of Memory Error (os_linux.cpp:2627), pid=19677, tid=140142913226496
#
# JRE version: Java(TM) SE Runtime Environment (8.0_66-b17) (build 1.8.0_66-b17)
# Java VM: Java HotSpot(TM) 64-Bit Server VM (25.66-b17 mixed mode linux-amd64 compressed oops)
# Failed to write core dump. Core dumps have been disabled. To enable core dumping, try "ulimit -c unlimited" before starting Java again
#

---------------  T H R E A D  ---------------

Current thread (0x00007f75a0078000):  VMThread [stack: 0x00007f75907f8000,0x00007f75908f9000] [id=19687]

Stack: [0x00007f75907f8000,0x00007f75908f9000],  sp=0x00007f75908f72e0,  free space=1020k
Native frames: (J=compiled Java code, j=interpreted, Vv=VM code, C=native code)
V  [libjvm.so+0xab9a1a]  VMError::report_and_die()+0x2ba
V  [libjvm.so+0x4f9e0b]  report_vm_out_of_memory(char const*, int, unsigned long, VMErrorType, char const*)+0x8b
V  [libjvm.so+0x91a8a3]  os::Linux::commit_memory_impl(char*, unsigned long, bool)+0x103
V  [libjvm.so+0x91adf9]  os::pd_commit_memory(char*, unsigned long, unsigned long, bool)+0x29
V  [libjvm.so+0x91510a]  os::commit_memory(char*, unsigned long, unsigned long, bool)+0x2a
V  [libjvm.so+0x9887a3]  PSVirtualSpace::expand_by(unsigned long)+0x53
V  [libjvm.so+0x979090]  PSOldGen::expand(unsigned long)+0x170
V  [libjvm.so+0x97929b]  PSOldGen::resize(unsigned long)+0x1cb
V  [libjvm.so+0x980f71]  PSParallelCompact::invoke_no_policy(bool)+0x991
V  [libjvm.so+0x9868cd]  PSScavenge::invoke()+0x1ad
V  [libjvm.so+0x93e500]  ParallelScavengeHeap::failed_mem_allocate(unsigned long)+0x70
V  [libjvm.so+0xabb437]  VM_ParallelGCFailedAllocation::doit()+0x97
V  [libjvm.so+0xac2e65]  VM_Operation::evaluate()+0x55
V  [libjvm.so+0xac123a]  VMThread::evaluate_operation(VM_Operation*)+0xba
V  [libjvm.so+0xac15be]  VMThread::loop()+0x1ce
V  [libjvm.so+0xac1a30]  VMThread::run()+0x70
V  [libjvm.so+0x91cc68]  java_start(Thread*)+0x108

VM_Operation (0x00007f75831bee20): ParallelGCFailedAllocation, mode: safepoint, requested by thread 0x00007f75a01cc000


---------------  P R O C E S S  ---------------

Java Threads: ( => current thread )
  0x00007f75a020b800 JavaThread "pool-1-thread-1" [_thread_blocked, id=19704, stack(0x00007f7582fbf000,0x00007f75830c0000)]
  0x00007f75a01cc000 JavaThread "pool-2-thread-4" [_thread_blocked, id=19700, stack(0x00007f75830c0000,0x00007f75831c1000)]
  0x00007f75a01c9800 JavaThread "pool-2-thread-3" [_thread_blocked, id=19699, stack(0x00007f75831c1000,0x00007f75832c2000)]
  0x00007f75a01c8000 JavaThread "pool-2-thread-2" [_thread_blocked, id=19698, stack(0x00007f75832c2000,0x00007f75833c3000)]
  0x00007f75a01c7000 JavaThread "pool-3-thread-1" [_thread_blocked, id=19697, stack(0x00007f75833c3000,0x00007f75834c4000)]
  0x00007f75a01c4800 JavaThread "pool-2-thread-1" [_thread_blocked, id=19696, stack(0x00007f75834c4000,0x00007f75835c5000)]
  0x00007f75a00c0800 JavaThread "Service Thread" daemon [_thread_blocked, id=19694, stack(0x00007f75900f1000,0x00007f75901f2000)]
  0x00007f75a00bb000 JavaThread "C1 CompilerThread2" daemon [_thread_blocked, id=19693, stack(0x00007f75901f2000,0x00007f75902f3000)]
  0x00007f75a00b9800 JavaThread "C2 CompilerThread1" daemon [_thread_blocked, id=19692, stack(0x00007f75902f3000,0x00007f75903f4000)]
  0x00007f75a00b6800 JavaThread "C2 CompilerThread0" daemon [_thread_blocked, id=19691, stack(0x00007f75903f4000,0x00007f75904f5000)]
  0x00007f75a00b5000 JavaThread "Signal Dispatcher" daemon [_thread_blocked, id=19690, stack(0x00007f75904f5000,0x00007f75905f6000)]
  0x00007f75a007f000 JavaThread "Finalizer" daemon [_thread_blocked, id=19689, stack(0x00007f75905f6000,0x00007f75906f7000)]
  0x00007f75a007d000 JavaThread "Reference Handler" daemon [_thread_blocked, id=19688, stack(0x00007f75906f7000,0x00007f75907f8000)]
  0x00007f75a000a000 JavaThread "main" [_thread_blocked, id=19682, stack(0x00007f75a94c3000,0x00007f75a95c4000)]

Other Threads:
=>0x00007f75a0078000 VMThread [stack: 0x00007f75907f8000,0x00007f75908f9000] [id=19687]
  0x00007f75a00c3000 WatcherThread [stack: 0x00007f75836ec000,0x00007f75837ed000] [id=19695]

VM state:at safepoint (normal execution)

VM Mutex/Monitor currently owned by a thread:  ([mutex/lock_event])
[0x00007f75a0005ed0] ExpandHeap_lock - owner thread: 0x00007f75a0078000
[0x00007f75a0006550] Threads_lock - owner thread: 0x00007f75a0078000
[0x00007f75a0006a50] Heap_lock - owner thread: 0x00007f75a01cc000

Heap:
 PSYoungGen      total 452608K, used 0K [0x00000000d5580000, 0x00000000ff300000, 0x0000000100000000)
  eden space 232960K, 0% used [0x00000000d5580000,0x00000000d5580000,0x00000000e3900000)
  from space 219648K, 0% used [0x00000000f1c80000,0x00000000f1c80000,0x00000000ff300000)
  to   space 226304K, 0% used [0x00000000e3900000,0x00000000e3900000,0x00000000f1600000)
 ParOldGen       total 952832K, used 860620K [0x0000000080000000, 0x00000000ba280000, 0x00000000d5580000)
  object space 952832K, 90% used [0x0000000080000000,0x00000000b4873010,0x00000000ba280000)
 Metaspace       used 6614K, capacity 7352K, committed 7552K, reserved 1056768K
  class space    used 617K, capacity 624K, committed 640K, reserved 1048576K

Card table byte_map: [0x00007f75a5e8d000,0x00007f75a628e000] byte_map_base: 0x00007f75a5a8d000

Marking Bits: (ParMarkBitMap*) 0x00007f75a899d020
 Begin Bits: [0x00007f7588000000, 0x00007f758a000000)
 End Bits:   [0x00007f758a000000, 0x00007f758c000000)

Polling page: 0x00007f75a95e4000

CodeCache: size=245760Kb used=13436Kb max_used=14415Kb free=232323Kb
 bounds [0x00007f7591000000, 0x00007f7591e40000, 0x00007f75a0000000]
 total_blobs=2991 nmethods=2722 adapters=182
 compilation: enabled

Compilation events (10 events):
Event: 33,554 Thread 0x00007f75a00b6800 nmethod 3471 0x00007f75918eac10 code [0x00007f75918eadc0, 0x00007f75918eb338]
Event: 33,554 Thread 0x00007f75a00b6800 3466       4       com.android.dx.ssa.back.RegisterAllocator::insertMoveBefore (240 bytes)
Event: 33,568 Thread 0x00007f75a00bb000 3475 %     3       com.android.dx.dex.file.TypeListItem::addContents @ 18 (47 bytes)
Event: 33,568 Thread 0x00007f75a00bb000 nmethod 3475% 0x00007f7591ca0190 code [0x00007f7591ca0340, 0x00007f7591ca08c8]
Event: 33,573 Thread 0x00007f75a00bb000 3476       1       com.android.dx.dex.file.IdItem::getDefiningClass (5 bytes)
Event: 33,573 Thread 0x00007f75a00bb000 nmethod 3476 0x00007f7591c92450 code [0x00007f7591c925a0, 0x00007f7591c926b0]
Event: 33,573 Thread 0x00007f75a00bb000 3477       3       com.android.dx.dex.file.TypeIdItem::addContents (16 bytes)
Event: 33,574 Thread 0x00007f75a00bb000 nmethod 3477 0x00007f7591c9aa90 code [0x00007f7591c9ac60, 0x00007f7591c9b608]
Event: 33,574 Thread 0x00007f75a00bb000 3478       3       com.android.dx.rop.cst.CstType::getDescriptor (30 bytes)
Event: 33,574 Thread 0x00007f75a00bb000 nmethod 3478 0x00007f7591ca1d10 code [0x00007f7591ca1e80, 0x00007f7591ca2168]

GC Heap History (10 events):
Event: 30,075 GC heap after
Heap after GC invocations=27 (full 5):
 PSYoungGen      total 470528K, used 132964K [0x00000000d5580000, 0x00000000ffd00000, 0x0000000100000000)
  eden space 260608K, 0% used [0x00000000d5580000,0x00000000d5580000,0x00000000e5400000)
  from space 209920K, 63% used [0x00000000f3000000,0x00000000fb1d90b0,0x00000000ffd00000)
  to   space 217600K, 0% used [0x00000000e5400000,0x00000000e5400000,0x00000000f2880000)
 ParOldGen       total 952832K, used 673501K [0x0000000080000000, 0x00000000ba280000, 0x00000000d5580000)
  object space 952832K, 70% used [0x0000000080000000,0x00000000a91b77c0,0x00000000ba280000)
 Metaspace       used 6471K, capacity 7282K, committed 7552K, reserved 1056768K
  class space    used 609K, capacity 618K, committed 640K, reserved 1048576K
}
Event: 30,645 GC heap before
{Heap before GC invocations=28 (full 5):
 PSYoungGen      total 470528K, used 393572K [0x00000000d5580000, 0x00000000ffd00000, 0x0000000100000000)
  eden space 260608K, 100% used [0x00000000d5580000,0x00000000e5400000,0x00000000e5400000)
  from space 209920K, 63% used [0x00000000f3000000,0x00000000fb1d90b0,0x00000000ffd00000)
  to   space 217600K, 0% used [0x00000000e5400000,0x00000000e5400000,0x00000000f2880000)
 ParOldGen       total 952832K, used 673501K [0x0000000080000000, 0x00000000ba280000, 0x00000000d5580000)
  object space 952832K, 70% used [0x0000000080000000,0x00000000a91b77c0,0x00000000ba280000)
 Metaspace       used 6524K, capacity 7286K, committed 7552K, reserved 1056768K
  class space    used 613K, capacity 622K, committed 640K, reserved 1048576K
Event: 30,846 GC heap after
Heap after GC invocations=28 (full 5):
 PSYoungGen      total 433664K, used 172836K [0x00000000d5580000, 0x0000000100000000, 0x0000000100000000)
  eden space 260608K, 0% used [0x00000000d5580000,0x00000000d5580000,0x00000000e5400000)
  from space 173056K, 99% used [0x00000000e5400000,0x00000000efcc93f8,0x00000000efd00000)
  to   space 232960K, 0% used [0x00000000f1c80000,0x00000000f1c80000,0x0000000100000000)
 ParOldGen       total 952832K, used 673501K [0x0000000080000000, 0x00000000ba280000, 0x00000000d5580000)
  object space 952832K, 70% used [0x0000000080000000,0x00000000a91b77c0,0x00000000ba280000)
 Metaspace       used 6524K, capacity 7286K, committed 7552K, reserved 1056768K
  class space    used 613K, capacity 622K, committed 640K, reserved 1048576K
}
Event: 31,744 GC heap before
{Heap before GC invocations=29 (full 5):
 PSYoungGen      total 433664K, used 433444K [0x00000000d5580000, 0x0000000100000000, 0x0000000100000000)
  eden space 260608K, 100% used [0x00000000d5580000,0x00000000e5400000,0x00000000e5400000)
  from space 173056K, 99% used [0x00000000e5400000,0x00000000efcc93f8,0x00000000efd00000)
  to   space 232960K, 0% used [0x00000000f1c80000,0x00000000f1c80000,0x0000000100000000)
 ParOldGen       total 952832K, used 673501K [0x0000000080000000, 0x00000000ba280000, 0x00000000d5580000)
  object space 952832K, 70% used [0x0000000080000000,0x00000000a91b77c0,0x00000000ba280000)
 Metaspace       used 6591K, capacity 7352K, committed 7552K, reserved 1056768K
  class space    used 616K, capacity 624K, committed 640K, reserved 1048576K
Event: 31,970 GC heap after
Heap after GC invocations=29 (full 5):
 PSYoungGen      total 465920K, used 159371K [0x00000000d5580000, 0x0000000100000000, 0x0000000100000000)
  eden space 232960K, 0% used [0x00000000d5580000,0x00000000d5580000,0x00000000e3900000)
  from space 232960K, 68% used [0x00000000f1c80000,0x00000000fb822d90,0x0000000100000000)
  to   space 232960K, 0% used [0x00000000e3900000,0x00000000e3900000,0x00000000f1c80000)
 ParOldGen       total 952832K, used 725115K [0x0000000080000000, 0x00000000ba280000, 0x00000000d5580000)
  object space 952832K, 76% used [0x0000000080000000,0x00000000ac41eeb8,0x00000000ba280000)
 Metaspace       used 6591K, capacity 7352K, committed 7552K, reserved 1056768K
  class space    used 616K, capacity 624K, committed 640K, reserved 1048576K
}
Event: 32,705 GC heap before
{Heap before GC invocations=30 (full 5):
 PSYoungGen      total 465920K, used 392331K [0x00000000d5580000, 0x0000000100000000, 0x0000000100000000)
  eden space 232960K, 100% used [0x00000000d5580000,0x00000000e3900000,0x00000000e3900000)
  from space 232960K, 68% used [0x00000000f1c80000,0x00000000fb822d90,0x0000000100000000)
  to   space 232960K, 0% used [0x00000000e3900000,0x00000000e3900000,0x00000000f1c80000)
 ParOldGen       total 952832K, used 725115K [0x0000000080000000, 0x00000000ba280000, 0x00000000d5580000)
  object space 952832K, 76% used [0x0000000080000000,0x00000000ac41eeb8,0x00000000ba280000)
 Metaspace       used 6591K, capacity 7352K, committed 7552K, reserved 1056768K
  class space    used 616K, capacity 624K, committed 640K, reserved 1048576K
Event: 32,959 GC heap after
Heap after GC invocations=30 (full 5):
 PSYoungGen      total 465920K, used 116717K [0x00000000d5580000, 0x0000000100000000, 0x0000000100000000)
  eden space 232960K, 0% used [0x00000000d5580000,0x00000000d5580000,0x00000000e3900000)
  from space 232960K, 50% used [0x00000000e3900000,0x00000000eaafb648,0x00000000f1c80000)
  to   space 232960K, 0% used [0x00000000f1c80000,0x00000000f1c80000,0x0000000100000000)
 ParOldGen       total 952832K, used 804458K [0x0000000080000000, 0x00000000ba280000, 0x00000000d5580000)
  object space 952832K, 84% used [0x0000000080000000,0x00000000b119a8d0,0x00000000ba280000)
 Metaspace       used 6591K, capacity 7352K, committed 7552K, reserved 1056768K
  class space    used 616K, capacity 624K, committed 640K, reserved 1048576K
}
Event: 33,602 GC heap before
{Heap before GC invocations=31 (full 5):
 PSYoungGen      total 465920K, used 349677K [0x00000000d5580000, 0x0000000100000000, 0x0000000100000000)
  eden space 232960K, 100% used [0x00000000d5580000,0x00000000e3900000,0x00000000e3900000)
  from space 232960K, 50% used [0x00000000e3900000,0x00000000eaafb648,0x00000000f1c80000)
  to   space 232960K, 0% used [0x00000000f1c80000,0x00000000f1c80000,0x0000000100000000)
 ParOldGen       total 952832K, used 804458K [0x0000000080000000, 0x00000000ba280000, 0x00000000d5580000)
  object space 952832K, 84% used [0x0000000080000000,0x00000000b119a8d0,0x00000000ba280000)
 Metaspace       used 6614K, capacity 7352K, committed 7552K, reserved 1056768K
  class space    used 617K, capacity 624K, committed 640K, reserved 1048576K
Event: 33,849 GC heap after
Heap after GC invocations=31 (full 5):
 PSYoungGen      total 452608K, used 77333K [0x00000000d5580000, 0x00000000ff300000, 0x0000000100000000)
  eden space 232960K, 0% used [0x00000000d5580000,0x00000000d5580000,0x00000000e3900000)
  from space 219648K, 35% used [0x00000000f1c80000,0x00000000f6805700,0x00000000ff300000)
  to   space 226304K, 0% used [0x00000000e3900000,0x00000000e3900000,0x00000000f1600000)
 ParOldGen       total 952832K, used 883600K [0x0000000080000000, 0x00000000ba280000, 0x00000000d5580000)
  object space 952832K, 92% used [0x0000000080000000,0x00000000b5ee4380,0x00000000ba280000)
 Metaspace       used 6614K, capacity 7352K, committed 7552K, reserved 1056768K
  class space    used 617K, capacity 624K, committed 640K, reserved 1048576K
}
Event: 33,849 GC heap before
{Heap before GC invocations=32 (full 6):
 PSYoungGen      total 452608K, used 77333K [0x00000000d5580000, 0x00000000ff300000, 0x0000000100000000)
  eden space 232960K, 0% used [0x00000000d5580000,0x00000000d5580000,0x00000000e3900000)
  from space 219648K, 35% used [0x00000000f1c80000,0x00000000f6805700,0x00000000ff300000)
  to   space 226304K, 0% used [0x00000000e3900000,0x00000000e3900000,0x00000000f1600000)
 ParOldGen       total 952832K, used 883600K [0x0000000080000000, 0x00000000ba280000, 0x00000000d5580000)
  object space 952832K, 92% used [0x0000000080000000,0x00000000b5ee4380,0x00000000ba280000)
 Metaspace       used 6614K, capacity 7352K, committed 7552K, reserved 1056768K
  class space    used 617K, capacity 624K, committed 640K, reserved 1048576K

Deoptimization events (10 events):
Event: 30,623 Thread 0x00007f75a020b800 Uncommon trap: reason=class_check action=maybe_recompile pc=0x00007f7591d58cbc method=java.util.Arrays.hashCode([Ljava/lang/Object;)I @ 43
Event: 30,624 Thread 0x00007f75a020b800 Uncommon trap: reason=class_check action=maybe_recompile pc=0x00007f7591d58cbc method=java.util.Arrays.hashCode([Ljava/lang/Object;)I @ 43
Event: 30,624 Thread 0x00007f75a020b800 Uncommon trap: reason=class_check action=maybe_recompile pc=0x00007f75914181b4 method=java.util.Arrays.hashCode([Ljava/lang/Object;)I @ 43
Event: 31,404 Thread 0x00007f75a01c4800 Uncommon trap: reason=class_check action=maybe_recompile pc=0x00007f7591143d74 method=com.android.dx.ssa.DomFront.calcDomFronts()V @ 101
Event: 31,415 Thread 0x00007f75a01c4800 Uncommon trap: reason=predicate action=maybe_recompile pc=0x00007f7591ddd678 method=com.android.dx.ssa.SsaConverter.placePhiFunctions(Lcom/android/dx/ssa/SsaMethod;Lcom/android/dx/ssa/LocalVariableInfo;I)V @ 274
Event: 32,153 Thread 0x00007f75a020b800 Uncommon trap: reason=unstable_if action=reinterpret pc=0x00007f7591453f08 method=com.android.dx.dex.code.OutputFinisher.addConstants(Ljava/util/HashSet;Lcom/android/dx/rop/code/RegisterSpec;)V @ 57
Event: 32,986 Thread 0x00007f75a01c4800 Uncommon trap: reason=class_check action=maybe_recompile pc=0x00007f7591946ce0 method=com.android.dx.ssa.SCCP.simulateBranch(Lcom/android/dx/ssa/SsaInsn;)V @ 339
Event: 32,988 Thread 0x00007f75a01c9800 Uncommon trap: reason=class_check action=maybe_recompile pc=0x00007f759159edac method=com.android.dx.ssa.LiteralOpUpgrader.isConstIntZeroOrKnownNull(Lcom/android/dx/rop/code/RegisterSpec;)Z @ 13
Event: 32,991 Thread 0x00007f75a020b800 Uncommon trap: reason=unstable_if action=reinterpret pc=0x00007f7591450c04 method=com.android.dx.dex.code.OutputFinisher.addConstants(Ljava/util/HashSet;Lcom/android/dx/rop/code/RegisterSpec;)V @ 32
Event: 33,051 Thread 0x00007f75a01c4800 Uncommon trap: reason=class_check action=maybe_recompile pc=0x00007f7591946ce0 method=com.android.dx.ssa.SCCP.simulateBranch(Lcom/android/dx/ssa/SsaInsn;)V @ 339

Internal exceptions (8 events):
Event: 0,037 Thread 0x00007f75a000a000 Exception <a 'java/lang/NoSuchMethodError': Method sun.misc.Unsafe.defineClass(Ljava/lang/String;[BII)Ljava/lang/Class; name or signature does not match> (0x00000000d5592868) thrown at [/HUDSON/workspace/8-2-build-linux-amd64/jdk8u66/4988/hotspot/src/shar
Event: 0,037 Thread 0x00007f75a000a000 Exception <a 'java/lang/NoSuchMethodError': Method sun.misc.Unsafe.prefetchRead(Ljava/lang/Object;J)V name or signature does not match> (0x00000000d5592b50) thrown at [/HUDSON/workspace/8-2-build-linux-amd64/jdk8u66/4988/hotspot/src/share/vm/prims/jni.cpp
Event: 1,506 Thread 0x00007f75a01c9800 Exception <a 'java/lang/ArrayIndexOutOfBoundsException': 18> (0x00000000d7db65a8) thrown at [/HUDSON/workspace/8-2-build-linux-amd64/jdk8u66/4988/hotspot/src/share/vm/interpreter/interpreterRuntime.cpp, line 366]
Event: 1,506 Thread 0x00007f75a01c9800 Exception <a 'java/lang/ArrayIndexOutOfBoundsException': 145> (0x00000000d7db8128) thrown at [/HUDSON/workspace/8-2-build-linux-amd64/jdk8u66/4988/hotspot/src/share/vm/interpreter/interpreterRuntime.cpp, line 366]
Event: 1,508 Thread 0x00007f75a01c9800 Exception <a 'java/lang/ArrayIndexOutOfBoundsException': 40> (0x00000000d7db9410) thrown at [/HUDSON/workspace/8-2-build-linux-amd64/jdk8u66/4988/hotspot/src/share/vm/interpreter/interpreterRuntime.cpp, line 366]
Event: 1,651 Thread 0x00007f75a01c4800 Implicit null exception at 0x00007f7591473c9e to 0x00007f759147791d
Event: 2,391 Thread 0x00007f75a01cc000 Implicit null exception at 0x00007f75913f1cb2 to 0x00007f75913f1e29
Event: 19,364 Thread 0x00007f75a01cc000 Implicit null exception at 0x00007f7591334263 to 0x00007f75913345c9

Events (10 events):
Event: 33,051 Thread 0x00007f75a01c4800 Uncommon trap: trap_request=0xffffffde fr.pc=0x00007f7591946ce0
Event: 33,051 Thread 0x00007f75a01c4800 DEOPT PACKING pc=0x00007f7591946ce0 sp=0x00007f75835c3070
Event: 33,051 Thread 0x00007f75a01c4800 DEOPT UNPACKING pc=0x00007f7591005229 sp=0x00007f75835c3038 mode 2
Event: 33,073 Thread 0x00007f75a01cc000 DEOPT PACKING pc=0x00007f75913e8037 sp=0x00007f75831bec30
Event: 33,073 Thread 0x00007f75a01cc000 DEOPT UNPACKING pc=0x00007f7591047633 sp=0x00007f75831bea30 mode 0
Event: 33,207 loading class com/android/dx/dex/file/ProtoIdItem
Event: 33,207 loading class com/android/dx/dex/file/ProtoIdItem done
Event: 33,321 Thread 0x00007f75a01c4800 DEOPT PACKING pc=0x00007f75913e8037 sp=0x00007f75835c2e30
Event: 33,321 Thread 0x00007f75a01c4800 DEOPT UNPACKING pc=0x00007f7591047633 sp=0x00007f75835c2c30 mode 0
Event: 33,599 Executing VM operation: ParallelGCFailedAllocation


Dynamic libraries:
00400000-00401000 r-xp 00000000 08:01 4591374                            /usr/lib/jvm/java-8-oracle/bin/java
00600000-00601000 rw-p 00000000 08:01 4591374                            /usr/lib/jvm/java-8-oracle/bin/java
019e1000-01a02000 rw-p 00000000 00:00 0                                  [heap]
80000000-ba280000 rw-p 00000000 00:00 0 
c9180000-d5580000 ---p 00000000 00:00 0 
d5580000-ff300000 rw-p 00000000 00:00 0 
ff300000-100000000 ---p 00000000 00:00 0 
100000000-1000a0000 rw-p 00000000 00:00 0 
1000a0000-140000000 ---p 00000000 00:00 0 
7f753c000000-7f753c027000 rw-p 00000000 00:00 0 
7f753c027000-7f7540000000 ---p 00000000 00:00 0 
7f7540000000-7f7540043000 rw-p 00000000 00:00 0 
7f7540043000-7f7544000000 ---p 00000000 00:00 0 
7f7544000000-7f754402c000 rw-p 00000000 00:00 0 
7f754402c000-7f7548000000 ---p 00000000 00:00 0 
7f7548000000-7f7548058000 rw-p 00000000 00:00 0 
7f7548058000-7f754c000000 ---p 00000000 00:00 0 
7f754c000000-7f754c02a000 rw-p 00000000 00:00 0 
7f754c02a000-7f7550000000 ---p 00000000 00:00 0 
7f7550000000-7f7550021000 rw-p 00000000 00:00 0 
7f7550021000-7f7554000000 ---p 00000000 00:00 0 
7f7554000000-7f7554021000 rw-p 00000000 00:00 0 
7f7554021000-7f7558000000 ---p 00000000 00:00 0 
7f7558000000-7f7558021000 rw-p 00000000 00:00 0 
7f7558021000-7f755c000000 ---p 00000000 00:00 0 
7f755c000000-7f755e27a000 rw-p 00000000 00:00 0 
7f755e27a000-7f7560000000 ---p 00000000 00:00 0 
7f7560000000-7f7560c9f000 rw-p 00000000 00:00 0 
7f7560c9f000-7f7564000000 ---p 00000000 00:00 0 
7f7564000000-7f7564021000 rw-p 00000000 00:00 0 
7f7564021000-7f7568000000 ---p 00000000 00:00 0 
7f7568000000-7f7569b1c000 rw-p 00000000 00:00 0 
7f7569b1c000-7f756c000000 ---p 00000000 00:00 0 
7f756c000000-7f756c021000 rw-p 00000000 00:00 0 
7f756c021000-7f7570000000 ---p 00000000 00:00 0 
7f7570000000-7f7570021000 rw-p 00000000 00:00 0 
7f7570021000-7f7574000000 ---p 00000000 00:00 0 
7f7574000000-7f7574021000 rw-p 00000000 00:00 0 
7f7574021000-7f7578000000 ---p 00000000 00:00 0 
7f7578000000-7f757828f000 rw-p 00000000 00:00 0 
7f757828f000-7f757c000000 ---p 00000000 00:00 0 
7f757c000000-7f757c021000 rw-p 00000000 00:00 0 
7f757c021000-7f7580000000 ---p 00000000 00:00 0 
7f7582fbf000-7f7582fc2000 ---p 00000000 00:00 0 
7f7582fc2000-7f75830c0000 rw-p 00000000 00:00 0                          [stack:19704]
7f75830c0000-7f75830c3000 ---p 00000000 00:00 0 
7f75830c3000-7f75831c1000 rw-p 00000000 00:00 0                          [stack:19700]
7f75831c1000-7f75831c4000 ---p 00000000 00:00 0 
7f75831c4000-7f75832c2000 rw-p 00000000 00:00 0                          [stack:19699]
7f75832c2000-7f75832c5000 ---p 00000000 00:00 0 
7f75832c5000-7f75833c3000 rw-p 00000000 00:00 0                          [stack:19698]
7f75833c3000-7f75833c6000 ---p 00000000 00:00 0 
7f75833c6000-7f75834c4000 rw-p 00000000 00:00 0                          [stack:19697]
7f75834c4000-7f75834c7000 ---p 00000000 00:00 0 
7f75834c7000-7f75835c5000 rw-p 00000000 00:00 0                          [stack:19696]
7f75835c5000-7f75836ec000 r--s 00ccd000 08:01 10092625                   /home/tomasz/AndroidStudioProjects/Droppr/app/build/intermediates/transforms/jarMerging/debug/jars/1/1f/combined.jar
7f75836ec000-7f75836ed000 ---p 00000000 00:00 0 
7f75836ed000-7f75837ed000 rw-p 00000000 00:00 0                          [stack:19695]
7f75837ed000-7f7584000000 r--p 00000000 08:01 1579663                    /usr/lib/locale/locale-archive
7f7584000000-7f7584021000 rw-p 00000000 00:00 0 
7f7584021000-7f7588000000 ---p 00000000 00:00 0 
7f7588000000-7f758c000000 rw-p 00000000 00:00 0 
7f758c000000-7f758c021000 rw-p 00000000 00:00 0 
7f758c021000-7f7590000000 ---p 00000000 00:00 0 
7f75900f1000-7f75900f4000 ---p 00000000 00:00 0 
7f75900f4000-7f75901f2000 rw-p 00000000 00:00 0                          [stack:19694]
7f75901f2000-7f75901f5000 ---p 00000000 00:00 0 
7f75901f5000-7f75902f3000 rw-p 00000000 00:00 0                          [stack:19693]
7f75902f3000-7f75902f6000 ---p 00000000 00:00 0 
7f75902f6000-7f75903f4000 rw-p 00000000 00:00 0                          [stack:19692]
7f75903f4000-7f75903f7000 ---p 00000000 00:00 0 
7f75903f7000-7f75904f5000 rw-p 00000000 00:00 0                          [stack:19691]
7f75904f5000-7f75904f8000 ---p 00000000 00:00 0 
7f75904f8000-7f75905f6000 rw-p 00000000 00:00 0                          [stack:19690]
7f75905f6000-7f75905f9000 ---p 00000000 00:00 0 
7f75905f9000-7f75906f7000 rw-p 00000000 00:00 0                          [stack:19689]
7f75906f7000-7f75906fa000 ---p 00000000 00:00 0 
7f75906fa000-7f75907f8000 rw-p 00000000 00:00 0                          [stack:19688]
7f75907f8000-7f75907f9000 ---p 00000000 00:00 0 
7f75907f9000-7f7591000000 rw-p 00000000 00:00 0                          [stack:19687]
7f7591000000-7f7591e40000 rwxp 00000000 00:00 0 
7f7591e40000-7f75a0000000 ---p 00000000 00:00 0 
7f75a0000000-7f75a03e9000 rw-p 00000000 00:00 0 
7f75a03e9000-7f75a4000000 ---p 00000000 00:00 0 
7f75a408f000-7f75a40b4000 r--p 00000000 08:01 2361987                    /usr/share/locale-langpack/pl/LC_MESSAGES/libc.mo
7f75a40b4000-7f75a498f000 rw-p 00000000 00:00 0 
7f75a498f000-7f75a4b68000 r--s 03d20000 08:01 4069182                    /usr/lib/jvm/java-8-oracle/jre/lib/rt.jar
7f75a4b68000-7f75a529e000 rw-p 00000000 00:00 0 
7f75a529e000-7f75a53de000 ---p 00000000 00:00 0 
7f75a53de000-7f75a57de000 rw-p 00000000 00:00 0 
7f75a57de000-7f75a57df000 ---p 00000000 00:00 0 
7f75a57df000-7f75a58df000 rw-p 00000000 00:00 0                          [stack:19686]
7f75a58df000-7f75a58e0000 ---p 00000000 00:00 0 
7f75a58e0000-7f75a59e0000 rw-p 00000000 00:00 0                          [stack:19685]
7f75a59e0000-7f75a59e1000 ---p 00000000 00:00 0 
7f75a59e1000-7f75a5ae1000 rw-p 00000000 00:00 0                          [stack:19684]
7f75a5ae1000-7f75a5ae2000 ---p 00000000 00:00 0 
7f75a5ae2000-7f75a5db4000 rw-p 00000000 00:00 0                          [stack:19683]
7f75a5db4000-7f75a5e8d000 ---p 00000000 00:00 0 
7f75a5e8d000-7f75a605f000 rw-p 00000000 00:00 0 
7f75a605f000-7f75a6137000 ---p 00000000 00:00 0 
7f75a6137000-7f75a6287000 rw-p 00000000 00:00 0 
7f75a6287000-7f75a628d000 ---p 00000000 00:00 0 
7f75a628d000-7f75a62c7000 rw-p 00000000 00:00 0 
7f75a62c7000-7f75a664e000 ---p 00000000 00:00 0 
7f75a664e000-7f75a6668000 r-xp 00000000 08:01 4069168                    /usr/lib/jvm/java-8-oracle/jre/lib/amd64/libzip.so
7f75a6668000-7f75a6868000 ---p 0001a000 08:01 4069168                    /usr/lib/jvm/java-8-oracle/jre/lib/amd64/libzip.so
7f75a6868000-7f75a6869000 rw-p 0001a000 08:01 4069168                    /usr/lib/jvm/java-8-oracle/jre/lib/amd64/libzip.so
7f75a6869000-7f75a6874000 r-xp 00000000 08:01 5771445                    /lib/x86_64-linux-gnu/libnss_files-2.19.so
7f75a6874000-7f75a6a73000 ---p 0000b000 08:01 5771445                    /lib/x86_64-linux-gnu/libnss_files-2.19.so
7f75a6a73000-7f75a6a74000 r--p 0000a000 08:01 5771445                    /lib/x86_64-linux-gnu/libnss_files-2.19.so
7f75a6a74000-7f75a6a75000 rw-p 0000b000 08:01 5771445                    /lib/x86_64-linux-gnu/libnss_files-2.19.so
7f75a6a75000-7f75a6a80000 r-xp 00000000 08:01 5771455                    /lib/x86_64-linux-gnu/libnss_nis-2.19.so
7f75a6a80000-7f75a6c7f000 ---p 0000b000 08:01 5771455                    /lib/x86_64-linux-gnu/libnss_nis-2.19.so
7f75a6c7f000-7f75a6c80000 r--p 0000a000 08:01 5771455                    /lib/x86_64-linux-gnu/libnss_nis-2.19.so
7f75a6c80000-7f75a6c81000 rw-p 0000b000 08:01 5771455                    /lib/x86_64-linux-gnu/libnss_nis-2.19.so
7f75a6c81000-7f75a6c98000 r-xp 00000000 08:01 5771439                    /lib/x86_64-linux-gnu/libnsl-2.19.so
7f75a6c98000-7f75a6e97000 ---p 00017000 08:01 5771439                    /lib/x86_64-linux-gnu/libnsl-2.19.so
7f75a6e97000-7f75a6e98000 r--p 00016000 08:01 5771439                    /lib/x86_64-linux-gnu/libnsl-2.19.so
7f75a6e98000-7f75a6e99000 rw-p 00017000 08:01 5771439                    /lib/x86_64-linux-gnu/libnsl-2.19.so
7f75a6e99000-7f75a6e9b000 rw-p 00000000 00:00 0 
7f75a6e9b000-7f75a6ea4000 r-xp 00000000 08:01 5771441                    /lib/x86_64-linux-gnu/libnss_compat-2.19.so
7f75a6ea4000-7f75a70a3000 ---p 00009000 08:01 5771441                    /lib/x86_64-linux-gnu/libnss_compat-2.19.so
7f75a70a3000-7f75a70a4000 r--p 00008000 08:01 5771441                    /lib/x86_64-linux-gnu/libnss_compat-2.19.so
7f75a70a4000-7f75a70a5000 rw-p 00009000 08:01 5771441                    /lib/x86_64-linux-gnu/libnss_compat-2.19.so
7f75a70a5000-7f75a70cf000 r-xp 00000000 08:01 4069157                    /usr/lib/jvm/java-8-oracle/jre/lib/amd64/libjava.so
7f75a70cf000-7f75a72cf000 ---p 0002a000 08:01 4069157                    /usr/lib/jvm/java-8-oracle/jre/lib/amd64/libjava.so
7f75a72cf000-7f75a72d1000 rw-p 0002a000 08:01 4069157                    /usr/lib/jvm/java-8-oracle/jre/lib/amd64/libjava.so
7f75a72d1000-7f75a72de000 r-xp 00000000 08:01 4069118                    /usr/lib/jvm/java-8-oracle/jre/lib/amd64/libverify.so
7f75a72de000-7f75a74de000 ---p 0000d000 08:01 4069118                    /usr/lib/jvm/java-8-oracle/jre/lib/amd64/libverify.so
7f75a74de000-7f75a74e0000 rw-p 0000d000 08:01 4069118                    /usr/lib/jvm/java-8-oracle/jre/lib/amd64/libverify.so
7f75a74e0000-7f75a74e7000 r-xp 00000000 08:01 5771498                    /lib/x86_64-linux-gnu/librt-2.19.so
7f75a74e7000-7f75a76e6000 ---p 00007000 08:01 5771498                    /lib/x86_64-linux-gnu/librt-2.19.so
7f75a76e6000-7f75a76e7000 r--p 00006000 08:01 5771498                    /lib/x86_64-linux-gnu/librt-2.19.so
7f75a76e7000-7f75a76e8000 rw-p 00007000 08:01 5771498                    /lib/x86_64-linux-gnu/librt-2.19.so
7f75a76e8000-7f75a77ed000 r-xp 00000000 08:01 5771420                    /lib/x86_64-linux-gnu/libm-2.19.so
7f75a77ed000-7f75a79ec000 ---p 00105000 08:01 5771420                    /lib/x86_64-linux-gnu/libm-2.19.so
7f75a79ec000-7f75a79ed000 r--p 00104000 08:01 5771420                    /lib/x86_64-linux-gnu/libm-2.19.so
7f75a79ed000-7f75a79ee000 rw-p 00105000 08:01 5771420                    /lib/x86_64-linux-gnu/libm-2.19.so
7f75a79ee000-7f75a86ac000 r-xp 00000000 08:01 4069167                    /usr/lib/jvm/java-8-oracle/jre/lib/amd64/server/libjvm.so
7f75a86ac000-7f75a88ab000 ---p 00cbe000 08:01 4069167                    /usr/lib/jvm/java-8-oracle/jre/lib/amd64/server/libjvm.so
7f75a88ab000-7f75a8984000 rw-p 00cbd000 08:01 4069167                    /usr/lib/jvm/java-8-oracle/jre/lib/amd64/server/libjvm.so
7f75a8984000-7f75a89c8000 rw-p 00000000 00:00 0 
7f75a89c8000-7f75a8b83000 r-xp 00000000 08:01 5771370                    /lib/x86_64-linux-gnu/libc-2.19.so
7f75a8b83000-7f75a8d82000 ---p 001bb000 08:01 5771370                    /lib/x86_64-linux-gnu/libc-2.19.so
7f75a8d82000-7f75a8d86000 r--p 001ba000 08:01 5771370                    /lib/x86_64-linux-gnu/libc-2.19.so
7f75a8d86000-7f75a8d88000 rw-p 001be000 08:01 5771370                    /lib/x86_64-linux-gnu/libc-2.19.so
7f75a8d88000-7f75a8d8d000 rw-p 00000000 00:00 0 
7f75a8d8d000-7f75a8d90000 r-xp 00000000 08:01 5771387                    /lib/x86_64-linux-gnu/libdl-2.19.so
7f75a8d90000-7f75a8f8f000 ---p 00003000 08:01 5771387                    /lib/x86_64-linux-gnu/libdl-2.19.so
7f75a8f8f000-7f75a8f90000 r--p 00002000 08:01 5771387                    /lib/x86_64-linux-gnu/libdl-2.19.so
7f75a8f90000-7f75a8f91000 rw-p 00003000 08:01 5771387                    /lib/x86_64-linux-gnu/libdl-2.19.so
7f75a8f91000-7f75a8fa6000 r-xp 00000000 08:01 4727160                    /usr/lib/jvm/java-8-oracle/lib/amd64/jli/libjli.so
7f75a8fa6000-7f75a91a6000 ---p 00015000 08:01 4727160                    /usr/lib/jvm/java-8-oracle/lib/amd64/jli/libjli.so
7f75a91a6000-7f75a91a7000 rw-p 00015000 08:01 4727160                    /usr/lib/jvm/java-8-oracle/lib/amd64/jli/libjli.so
7f75a91a7000-7f75a91c0000 r-xp 00000000 08:01 5771490                    /lib/x86_64-linux-gnu/libpthread-2.19.so
7f75a91c0000-7f75a93bf000 ---p 00019000 08:01 5771490                    /lib/x86_64-linux-gnu/libpthread-2.19.so
7f75a93bf000-7f75a93c0000 r--p 00018000 08:01 5771490                    /lib/x86_64-linux-gnu/libpthread-2.19.so
7f75a93c0000-7f75a93c1000 rw-p 00019000 08:01 5771490                    /lib/x86_64-linux-gnu/libpthread-2.19.so
7f75a93c1000-7f75a93c5000 rw-p 00000000 00:00 0 
7f75a93c5000-7f75a93e8000 r-xp 00000000 08:01 5771346                    /lib/x86_64-linux-gnu/ld-2.19.so
7f75a93f0000-7f75a93f7000 r--s 00000000 08:01 1967077                    /usr/lib/x86_64-linux-gnu/gconv/gconv-modules.cache
7f75a93f7000-7f75a94c3000 rw-p 00000000 00:00 0 
7f75a94c3000-7f75a94c6000 ---p 00000000 00:00 0 
7f75a94c6000-7f75a95c8000 rw-p 00000000 00:00 0                          [stack:19682]
7f75a95cb000-7f75a95cc000 rw-p 00000000 00:00 0 
7f75a95cc000-7f75a95db000 r--s 000df000 08:01 656243                     /home/tomasz/Android/Sdk/build-tools/23.0.1/lib/dx.jar
7f75a95db000-7f75a95e3000 rw-s 00000000 08:01 6034046                    /tmp/hsperfdata_tomasz/19677
7f75a95e3000-7f75a95e4000 rw-p 00000000 00:00 0 
7f75a95e4000-7f75a95e5000 ---p 00000000 00:00 0 
7f75a95e5000-7f75a95e7000 rw-p 00000000 00:00 0 
7f75a95e7000-7f75a95e8000 r--p 00022000 08:01 5771346                    /lib/x86_64-linux-gnu/ld-2.19.so
7f75a95e8000-7f75a95e9000 rw-p 00023000 08:01 5771346                    /lib/x86_64-linux-gnu/ld-2.19.so
7f75a95e9000-7f75a95ea000 rw-p 00000000 00:00 0 
7fff8a085000-7fff8a0a6000 rw-p 00000000 00:00 0                          [stack]
7fff8a12f000-7fff8a131000 r--p 00000000 00:00 0                          [vvar]
7fff8a131000-7fff8a133000 r-xp 00000000 00:00 0                          [vdso]
ffffffffff600000-ffffffffff601000 r-xp 00000000 00:00 0                  [vsyscall]

VM Arguments:
jvm_args: -Djava.awt.headless=true -Xmx2g -Dfile.encoding=UTF-8 -Duser.country=PL -Duser.language=pl -Duser.variant 
java_command: com.android.dx.command.Main --dex --num-threads=4 --multi-dex --main-dex-list /home/tomasz/AndroidStudioProjects/Droppr/app/build/intermediates/multi-dex/debug/maindexlist.txt --output /home/tomasz/AndroidStudioProjects/Droppr/app/build/intermediates/transforms/dex/debug/folders/1000/1f/main /home/tomasz/AndroidStudioProjects/Droppr/app/build/intermediates/transforms/jarMerging/debug/jars/1/1f/combined.jar
java_class_path (initial): /home/tomasz/Android/Sdk/build-tools/23.0.1/lib/dx.jar
Launcher Type: SUN_STANDARD

Environment Variables:
PATH=/usr/local/sbin:/usr/local/bin:/usr/sbin:/usr/bin:/sbin:/bin:/usr/games:/usr/local/games
LD_LIBRARY_PATH=/opt/android-studio/bin:
SHELL=/bin/bash
DISPLAY=:0

Signal Handlers:
SIGSEGV: [libjvm.so+0xaba2a0], sa_mask[0]=11111111011111111101111111111110, sa_flags=SA_RESTART|SA_SIGINFO
SIGBUS: [libjvm.so+0xaba2a0], sa_mask[0]=11111111011111111101111111111110, sa_flags=SA_RESTART|SA_SIGINFO
SIGFPE: [libjvm.so+0x917710], sa_mask[0]=11111111011111111101111111111110, sa_flags=SA_RESTART|SA_SIGINFO
SIGPIPE: [libjvm.so+0x917710], sa_mask[0]=11111111011111111101111111111110, sa_flags=SA_RESTART|SA_SIGINFO
SIGXFSZ: [libjvm.so+0x917710], sa_mask[0]=11111111011111111101111111111110, sa_flags=SA_RESTART|SA_SIGINFO
SIGILL: [libjvm.so+0x917710], sa_mask[0]=11111111011111111101111111111110, sa_flags=SA_RESTART|SA_SIGINFO
SIGUSR1: SIG_DFL, sa_mask[0]=00000000000000000000000000000000, sa_flags=none
SIGUSR2: [libjvm.so+0x918d40], sa_mask[0]=00100000000000000000000000000000, sa_flags=SA_RESTART|SA_SIGINFO
SIGHUP: [libjvm.so+0x91a140], sa_mask[0]=11111111011111111101111111111110, sa_flags=SA_RESTART|SA_SIGINFO
SIGINT: [libjvm.so+0x91a140], sa_mask[0]=11111111011111111101111111111110, sa_flags=SA_RESTART|SA_SIGINFO
SIGTERM: [libjvm.so+0x91a140], sa_mask[0]=11111111011111111101111111111110, sa_flags=SA_RESTART|SA_SIGINFO
SIGQUIT: [libjvm.so+0x91a140], sa_mask[0]=11111111011111111101111111111110, sa_flags=SA_RESTART|SA_SIGINFO


---------------  S Y S T E M  ---------------

OS:DISTRIB_ID=Ubuntu
DISTRIB_RELEASE=14.04
DISTRIB_CODENAME=trusty
DISTRIB_DESCRIPTION="Ubuntu 14.04.3 LTS"

uname:Linux 3.19.0-33-generic #38~14.04.1-Ubuntu SMP Fri Nov 6 18:17:28 UTC 2015 x86_64
libc:glibc 2.19 NPTL 2.19 
rlimit: STACK 8192k, CORE 0k, NPROC 23202, NOFILE 4096, AS infinity
load average:3,42 2,83 2,08

/proc/meminfo:
MemTotal:        5961336 kB
MemFree:          138060 kB
MemAvailable:     120576 kB
Buffers:           17104 kB
Cached:           430740 kB
SwapCached:            0 kB
Active:          5279928 kB
Inactive:         375452 kB
Active(anon):    5229892 kB
Inactive(anon):   332120 kB
Active(file):      50036 kB
Inactive(file):    43332 kB
Unevictable:         560 kB
Mlocked:             560 kB
SwapTotal:             0 kB
SwapFree:              0 kB
Dirty:                64 kB
Writeback:             0 kB
AnonPages:       5208800 kB
Mapped:           123748 kB
Shmem:            353728 kB
Slab:              75824 kB
SReclaimable:      40592 kB
SUnreclaim:        35232 kB
KernelStack:        8848 kB
PageTables:        38600 kB
NFS_Unstable:          0 kB
Bounce:                0 kB
WritebackTmp:          0 kB
CommitLimit:     2980668 kB
Committed_AS:    8343360 kB
VmallocTotal:   34359738367 kB
VmallocUsed:      551828 kB
VmallocChunk:   34359162332 kB
HardwareCorrupted:     0 kB
AnonHugePages:   4026368 kB
CmaTotal:              0 kB
CmaFree:               0 kB
HugePages_Total:       0
HugePages_Free:        0
HugePages_Rsvd:        0
HugePages_Surp:        0
Hugepagesize:       2048 kB
DirectMap4k:      151808 kB
DirectMap2M:     5988352 kB


CPU:total 4 (2 cores per cpu, 2 threads per core) family 6 model 42 stepping 7, cmov, cx8, fxsr, mmx, sse, sse2, sse3, ssse3, sse4.1, sse4.2, popcnt, avx, aes, clmul, ht, tsc, tscinvbit

/proc/cpuinfo:
processor	: 0
vendor_id	: GenuineIntel
cpu family	: 6
model		: 42
model name	: Intel(R) Core(TM) i5-2450M CPU @ 2.50GHz
stepping	: 7
microcode	: 0x25
cpu MHz		: 2900.000
cache size	: 3072 KB
physical id	: 0
siblings	: 4
core id		: 0
cpu cores	: 2
apicid		: 0
initial apicid	: 0
fpu		: yes
fpu_exception	: yes
cpuid level	: 13
wp		: yes
flags		: fpu vme de pse tsc msr pae mce cx8 apic sep mtrr pge mca cmov pat pse36 clflush dts acpi mmx fxsr sse sse2 ss ht tm pbe syscall nx rdtscp lm constant_tsc arch_perfmon pebs bts rep_good nopl xtopology nonstop_tsc aperfmperf eagerfpu pni pclmulqdq dtes64 monitor ds_cpl vmx est tm2 ssse3 cx16 xtpr pdcm pcid sse4_1 sse4_2 x2apic popcnt tsc_deadline_timer aes xsave avx lahf_lm ida arat epb pln pts dtherm tpr_shadow vnmi flexpriority ept vpid xsaveopt
bugs		:
bogomips	: 4988.68
clflush size	: 64
cache_alignment	: 64
address sizes	: 36 bits physical, 48 bits virtual
power management:

processor	: 1
vendor_id	: GenuineIntel
cpu family	: 6
model		: 42
model name	: Intel(R) Core(TM) i5-2450M CPU @ 2.50GHz
stepping	: 7
microcode	: 0x25
cpu MHz		: 2900.000
cache size	: 3072 KB
physical id	: 0
siblings	: 4
core id		: 0
cpu cores	: 2
apicid		: 1
initial apicid	: 1
fpu		: yes
fpu_exception	: yes
cpuid level	: 13
wp		: yes
flags		: fpu vme de pse tsc msr pae mce cx8 apic sep mtrr pge mca cmov pat pse36 clflush dts acpi mmx fxsr sse sse2 ss ht tm pbe syscall nx rdtscp lm constant_tsc arch_perfmon pebs bts rep_good nopl xtopology nonstop_tsc aperfmperf eagerfpu pni pclmulqdq dtes64 monitor ds_cpl vmx est tm2 ssse3 cx16 xtpr pdcm pcid sse4_1 sse4_2 x2apic popcnt tsc_deadline_timer aes xsave avx lahf_lm ida arat epb pln pts dtherm tpr_shadow vnmi flexpriority ept vpid xsaveopt
bugs		:
bogomips	: 4988.68
clflush size	: 64
cache_alignment	: 64
address sizes	: 36 bits physical, 48 bits virtual
power management:

processor	: 2
vendor_id	: GenuineIntel
cpu family	: 6
model		: 42
model name	: Intel(R) Core(TM) i5-2450M CPU @ 2.50GHz
stepping	: 7
microcode	: 0x25
cpu MHz		: 2900.000
cache size	: 3072 KB
physical id	: 0
siblings	: 4
core id		: 1
cpu cores	: 2
apicid		: 2
initial apicid	: 2
fpu		: yes
fpu_exception	: yes
cpuid level	: 13
wp		: yes
flags		: fpu vme de pse tsc msr pae mce cx8 apic sep mtrr pge mca cmov pat pse36 clflush dts acpi mmx fxsr sse sse2 ss ht tm pbe syscall nx rdtscp lm constant_tsc arch_perfmon pebs bts rep_good nopl xtopology nonstop_tsc aperfmperf eagerfpu pni pclmulqdq dtes64 monitor ds_cpl vmx est tm2 ssse3 cx16 xtpr pdcm pcid sse4_1 sse4_2 x2apic popcnt tsc_deadline_timer aes xsave avx lahf_lm ida arat epb pln pts dtherm tpr_shadow vnmi flexpriority ept vpid xsaveopt
bugs		:
bogomips	: 4988.68
clflush size	: 64
cache_alignment	: 64
address sizes	: 36 bits physical, 48 bits virtual
power management:

processor	: 3
vendor_id	: GenuineIntel
cpu family	: 6
model		: 42
model name	: Intel(R) Core(TM) i5-2450M CPU @ 2.50GHz
stepping	: 7
microcode	: 0x25
cpu MHz		: 2900.000
cache size	: 3072 KB
physical id	: 0
siblings	: 4
core id		: 1
cpu cores	: 2
apicid		: 3
initial apicid	: 3
fpu		: yes
fpu_exception	: yes
cpuid level	: 13
wp		: yes
flags		: fpu vme de pse tsc msr pae mce cx8 apic sep mtrr pge mca cmov pat pse36 clflush dts acpi mmx fxsr sse sse2 ss ht tm pbe syscall nx rdtscp lm constant_tsc arch_perfmon pebs bts rep_good nopl xtopology nonstop_tsc aperfmperf eagerfpu pni pclmulqdq dtes64 monitor ds_cpl vmx est tm2 ssse3 cx16 xtpr pdcm pcid sse4_1 sse4_2 x2apic popcnt tsc_deadline_timer aes xsave avx lahf_lm ida arat epb pln pts dtherm tpr_shadow vnmi flexpriority ept vpid xsaveopt
bugs		:
bogomips	: 4988.68
clflush size	: 64
cache_alignment	: 64
address sizes	: 36 bits physical, 48 bits virtual
power management:



Memory: 4k page, physical 5961336k(138060k free), swap 0k(0k free)

vm_info: Java HotSpot(TM) 64-Bit Server VM (25.66-b17) for linux-amd64 JRE (1.8.0_66-b17), built on Oct  6 2015 17:28:34 by "java_re" with gcc 4.3.0 20080428 (Red Hat 4.3.0-8)

time: Sat Nov 21 09:04:25 2015
elapsed time: 37 seconds (0d 0h 0m 37s)

