#
# There is insufficient memory for the Java Runtime Environment to continue.
# Native memory allocation (mmap) failed to map 189792256 bytes for committing reserved memory.
# Possible reasons:
#   The system is out of physical RAM or swap space
#   In 32 bit mode, the process size limit was hit
# Possible solutions:
#   Reduce memory load on the system
#   Increase physical memory or swap space
#   Check if swap backing store is full
#   Use 64 bit Java on a 64 bit OS
#   Decrease Java heap size (-Xmx/-Xms)
#   Decrease number of Java threads
#   Decrease Java thread stack sizes (-Xss)
#   Set larger code cache with -XX:ReservedCodeCacheSize=
# This output file may be truncated or incomplete.
#
#  Out of Memory Error (os_linux.cpp:2627), pid=18175, tid=140458553603840
#
# JRE version: Java(TM) SE Runtime Environment (8.0_66-b17) (build 1.8.0_66-b17)
# Java VM: Java HotSpot(TM) 64-Bit Server VM (25.66-b17 mixed mode linux-amd64 compressed oops)
# Failed to write core dump. Core dumps have been disabled. To enable core dumping, try "ulimit -c unlimited" before starting Java again
#

---------------  T H R E A D  ---------------

Current thread (0x00007fbf2c078000):  VMThread [stack: 0x00007fbf0e217000,0x00007fbf0e318000] [id=18185]

Stack: [0x00007fbf0e217000,0x00007fbf0e318000],  sp=0x00007fbf0e3161e0,  free space=1020k
Native frames: (J=compiled Java code, j=interpreted, Vv=VM code, C=native code)
V  [libjvm.so+0xab9a1a]  VMError::report_and_die()+0x2ba
V  [libjvm.so+0x4f9e0b]  report_vm_out_of_memory(char const*, int, unsigned long, VMErrorType, char const*)+0x8b
V  [libjvm.so+0x91a8a3]  os::Linux::commit_memory_impl(char*, unsigned long, bool)+0x103
V  [libjvm.so+0x91adf9]  os::pd_commit_memory(char*, unsigned long, unsigned long, bool)+0x29
V  [libjvm.so+0x91510a]  os::commit_memory(char*, unsigned long, unsigned long, bool)+0x2a
V  [libjvm.so+0x9887a3]  PSVirtualSpace::expand_by(unsigned long)+0x53
V  [libjvm.so+0x979090]  PSOldGen::expand(unsigned long)+0x170
V  [libjvm.so+0x97929b]  PSOldGen::resize(unsigned long)+0x1cb
V  [libjvm.so+0x980f71]  PSParallelCompact::invoke_no_policy(bool)+0x991
V  [libjvm.so+0x9868cd]  PSScavenge::invoke()+0x1ad
V  [libjvm.so+0x93e500]  ParallelScavengeHeap::failed_mem_allocate(unsigned long)+0x70
V  [libjvm.so+0xabb437]  VM_ParallelGCFailedAllocation::doit()+0x97
V  [libjvm.so+0xac2e65]  VM_Operation::evaluate()+0x55
V  [libjvm.so+0xac123a]  VMThread::evaluate_operation(VM_Operation*)+0xba
V  [libjvm.so+0xac15be]  VMThread::loop()+0x1ce
V  [libjvm.so+0xac1a30]  VMThread::run()+0x70
V  [libjvm.so+0x91cc68]  java_start(Thread*)+0x108

VM_Operation (0x00007fbf0cbcdf30): ParallelGCFailedAllocation, mode: safepoint, requested by thread 0x00007fbf2c15f800


---------------  P R O C E S S  ---------------

Java Threads: ( => current thread )
  0x00007fbf2c15f800 JavaThread "pool-1-thread-1" [_thread_blocked, id=18205, stack(0x00007fbf0cacf000,0x00007fbf0cbd0000)]
  0x00007fbf2c17f000 JavaThread "pool-2-thread-4" [_thread_blocked, id=18198, stack(0x00007fbf0cbd0000,0x00007fbf0ccd1000)]
  0x00007fbf2c17d000 JavaThread "pool-2-thread-3" [_thread_blocked, id=18197, stack(0x00007fbf0ccd1000,0x00007fbf0cdd2000)]
  0x00007fbf2c17b000 JavaThread "pool-2-thread-2" [_thread_blocked, id=18196, stack(0x00007fbf0cdd2000,0x00007fbf0ced3000)]
  0x00007fbf2c17a000 JavaThread "pool-3-thread-1" [_thread_blocked, id=18195, stack(0x00007fbf0ced3000,0x00007fbf0cfd4000)]
  0x00007fbf2c177800 JavaThread "pool-2-thread-1" [_thread_blocked, id=18194, stack(0x00007fbf0cfd4000,0x00007fbf0d0d5000)]
  0x00007fbf2c0c0800 JavaThread "Service Thread" daemon [_thread_blocked, id=18192, stack(0x00007fbf0d2fd000,0x00007fbf0d3fe000)]
  0x00007fbf2c0bb800 JavaThread "C1 CompilerThread2" daemon [_thread_blocked, id=18191, stack(0x00007fbf0d3fe000,0x00007fbf0d4ff000)]
  0x00007fbf2c0b9800 JavaThread "C2 CompilerThread1" daemon [_thread_blocked, id=18190, stack(0x00007fbf0d4ff000,0x00007fbf0d600000)]
  0x00007fbf2c0b6800 JavaThread "C2 CompilerThread0" daemon [_thread_blocked, id=18189, stack(0x00007fbf0d600000,0x00007fbf0d701000)]
  0x00007fbf2c0b5000 JavaThread "Signal Dispatcher" daemon [_thread_blocked, id=18188, stack(0x00007fbf0d701000,0x00007fbf0d802000)]
  0x00007fbf2c07f000 JavaThread "Finalizer" daemon [_thread_blocked, id=18187, stack(0x00007fbf0e015000,0x00007fbf0e116000)]
  0x00007fbf2c07d000 JavaThread "Reference Handler" daemon [_thread_blocked, id=18186, stack(0x00007fbf0e116000,0x00007fbf0e217000)]
  0x00007fbf2c00a000 JavaThread "main" [_thread_blocked, id=18180, stack(0x00007fbf32e4d000,0x00007fbf32f4e000)]

Other Threads:
=>0x00007fbf2c078000 VMThread [stack: 0x00007fbf0e217000,0x00007fbf0e318000] [id=18185]
  0x00007fbf2c0c3000 WatcherThread [stack: 0x00007fbf0d1fc000,0x00007fbf0d2fd000] [id=18193]

VM state:at safepoint (normal execution)

VM Mutex/Monitor currently owned by a thread:  ([mutex/lock_event])
[0x00007fbf2c005ed0] ExpandHeap_lock - owner thread: 0x00007fbf2c078000
[0x00007fbf2c006550] Threads_lock - owner thread: 0x00007fbf2c078000
[0x00007fbf2c006a50] Heap_lock - owner thread: 0x00007fbf2c15f800

Heap:
 PSYoungGen      total 465920K, used 0K [0x00000000d5580000, 0x0000000100000000, 0x0000000100000000)
  eden space 232960K, 0% used [0x00000000d5580000,0x00000000d5580000,0x00000000e3900000)
  from space 232960K, 0% used [0x00000000e3900000,0x00000000e3900000,0x00000000f1c80000)
  to   space 232960K, 0% used [0x00000000f1c80000,0x00000000f1c80000,0x0000000100000000)
 ParOldGen       total 964096K, used 816321K [0x0000000080000000, 0x00000000bad80000, 0x00000000d5580000)
  object space 964096K, 84% used [0x0000000080000000,0x00000000b1d30550,0x00000000bad80000)
 Metaspace       used 6837K, capacity 7608K, committed 7936K, reserved 1056768K
  class space    used 629K, capacity 688K, committed 768K, reserved 1048576K

Card table byte_map: [0x00007fbf1c624000,0x00007fbf1ca25000] byte_map_base: 0x00007fbf1c224000

Marking Bits: (ParMarkBitMap*) 0x00007fbf32327020
 Begin Bits: [0x00007fbf14000000, 0x00007fbf16000000)
 End Bits:   [0x00007fbf16000000, 0x00007fbf18000000)

Polling page: 0x00007fbf32f6e000

CodeCache: size=245760Kb used=15410Kb max_used=15857Kb free=230349Kb
 bounds [0x00007fbf1cde5000, 0x00007fbf1dd75000, 0x00007fbf2bde5000]
 total_blobs=3423 nmethods=3154 adapters=182
 compilation: enabled

Compilation events (10 events):
Event: 36,852 Thread 0x00007fbf2c0bb800 3833 %     3       java.util.Arrays::equals @ 30 (78 bytes)
Event: 36,852 Thread 0x00007fbf2c0bb800 nmethod 3833% 0x00007fbf1d0b6810 code [0x00007fbf1d0b69c0, 0x00007fbf1d0b6f28]
Event: 36,860 Thread 0x00007fbf2c0bb800 3835 %     3       com.android.dx.dex.code.OutputFinisher::assignAddressesAndFixBranches @ 0 (15 bytes)
Event: 36,860 Thread 0x00007fbf2c0bb800 nmethod 3835% 0x00007fbf1d13f6d0 code [0x00007fbf1d13f860, 0x00007fbf1d13fb18]
Event: 36,862 Thread 0x00007fbf2c0bb800 3836 %     3       com.android.dx.dex.code.OutputFinisher::performExpansion @ 31 (273 bytes)
Event: 36,867 Thread 0x00007fbf2c0bb800 nmethod 3836% 0x00007fbf1d7e5210 code [0x00007fbf1d7e56c0, 0x00007fbf1d7e8ab8]
Event: 36,882 Thread 0x00007fbf2c0bb800 3838       3       java.util.Arrays::equals (78 bytes)
Event: 36,883 Thread 0x00007fbf2c0bb800 nmethod 3838 0x00007fbf1d108b90 code [0x00007fbf1d108d20, 0x00007fbf1d109208]
Event: 36,906 Thread 0x00007fbf2c0b9800 nmethod 3757 0x00007fbf1d268590 code [0x00007fbf1d2689e0, 0x00007fbf1d26bad8]
Event: 36,906 Thread 0x00007fbf2c0b9800 3826 %     4       com.android.dx.dex.code.StdCatchBuilder::build @ 33 (262 bytes)

GC Heap History (10 events):
Event: 34,106 GC heap after
Heap after GC invocations=35 (full 6):
 PSYoungGen      total 269824K, used 36607K [0x00000000d5580000, 0x00000000ffe00000, 0x0000000100000000)
  eden space 232960K, 0% used [0x00000000d5580000,0x00000000d5580000,0x00000000e3900000)
  from space 36864K, 99% used [0x00000000e3900000,0x00000000e5cbfe38,0x00000000e5d00000)
  to   space 231936K, 0% used [0x00000000f1b80000,0x00000000f1b80000,0x00000000ffe00000)
 ParOldGen       total 964096K, used 832055K [0x0000000080000000, 0x00000000bad80000, 0x00000000d5580000)
  object space 964096K, 86% used [0x0000000080000000,0x00000000b2c8dd38,0x00000000bad80000)
 Metaspace       used 6588K, capacity 7352K, committed 7552K, reserved 1056768K
  class space    used 616K, capacity 624K, committed 640K, reserved 1048576K
}
Event: 34,652 GC heap before
{Heap before GC invocations=36 (full 6):
 PSYoungGen      total 269824K, used 269567K [0x00000000d5580000, 0x00000000ffe00000, 0x0000000100000000)
  eden space 232960K, 100% used [0x00000000d5580000,0x00000000e3900000,0x00000000e3900000)
  from space 36864K, 99% used [0x00000000e3900000,0x00000000e5cbfe38,0x00000000e5d00000)
  to   space 231936K, 0% used [0x00000000f1b80000,0x00000000f1b80000,0x00000000ffe00000)
 ParOldGen       total 964096K, used 832055K [0x0000000080000000, 0x00000000bad80000, 0x00000000d5580000)
  object space 964096K, 86% used [0x0000000080000000,0x00000000b2c8dd38,0x00000000bad80000)
 Metaspace       used 6608K, capacity 7352K, committed 7552K, reserved 1056768K
  class space    used 616K, capacity 624K, committed 640K, reserved 1048576K
Event: 34,758 GC heap after
Heap after GC invocations=36 (full 6):
 PSYoungGen      total 473088K, used 74912K [0x00000000d5580000, 0x00000000ff700000, 0x0000000100000000)
  eden space 248320K, 0% used [0x00000000d5580000,0x00000000d5580000,0x00000000e4800000)
  from space 224768K, 33% used [0x00000000f1b80000,0x00000000f64a8080,0x00000000ff700000)
  to   space 216576K, 0% used [0x00000000e4800000,0x00000000e4800000,0x00000000f1b80000)
 ParOldGen       total 964096K, used 832055K [0x0000000080000000, 0x00000000bad80000, 0x00000000d5580000)
  object space 964096K, 86% used [0x0000000080000000,0x00000000b2c8dd38,0x00000000bad80000)
 Metaspace       used 6608K, capacity 7352K, committed 7552K, reserved 1056768K
  class space    used 616K, capacity 624K, committed 640K, reserved 1048576K
}
Event: 35,437 GC heap before
{Heap before GC invocations=37 (full 6):
 PSYoungGen      total 473088K, used 323232K [0x00000000d5580000, 0x00000000ff700000, 0x0000000100000000)
  eden space 248320K, 100% used [0x00000000d5580000,0x00000000e4800000,0x00000000e4800000)
  from space 224768K, 33% used [0x00000000f1b80000,0x00000000f64a8080,0x00000000ff700000)
  to   space 216576K, 0% used [0x00000000e4800000,0x00000000e4800000,0x00000000f1b80000)
 ParOldGen       total 964096K, used 832055K [0x0000000080000000, 0x00000000bad80000, 0x00000000d5580000)
  object space 964096K, 86% used [0x0000000080000000,0x00000000b2c8dd38,0x00000000bad80000)
 Metaspace       used 6825K, capacity 7608K, committed 7936K, reserved 1056768K
  class space    used 629K, capacity 688K, committed 768K, reserved 1048576K
Event: 35,598 GC heap after
Heap after GC invocations=37 (full 6):
 PSYoungGen      total 464896K, used 118233K [0x00000000d5580000, 0x00000000ffb00000, 0x0000000100000000)
  eden space 248320K, 0% used [0x00000000d5580000,0x00000000d5580000,0x00000000e4800000)
  from space 216576K, 54% used [0x00000000e4800000,0x00000000ebb765d8,0x00000000f1b80000)
  to   space 218112K, 0% used [0x00000000f2600000,0x00000000f2600000,0x00000000ffb00000)
 ParOldGen       total 964096K, used 832055K [0x0000000080000000, 0x00000000bad80000, 0x00000000d5580000)
  object space 964096K, 86% used [0x0000000080000000,0x00000000b2c8dd38,0x00000000bad80000)
 Metaspace       used 6825K, capacity 7608K, committed 7936K, reserved 1056768K
  class space    used 629K, capacity 688K, committed 768K, reserved 1048576K
}
Event: 36,283 GC heap before
{Heap before GC invocations=38 (full 6):
 PSYoungGen      total 464896K, used 366553K [0x00000000d5580000, 0x00000000ffb00000, 0x0000000100000000)
  eden space 248320K, 100% used [0x00000000d5580000,0x00000000e4800000,0x00000000e4800000)
  from space 216576K, 54% used [0x00000000e4800000,0x00000000ebb765d8,0x00000000f1b80000)
  to   space 218112K, 0% used [0x00000000f2600000,0x00000000f2600000,0x00000000ffb00000)
 ParOldGen       total 964096K, used 832055K [0x0000000080000000, 0x00000000bad80000, 0x00000000d5580000)
  object space 964096K, 86% used [0x0000000080000000,0x00000000b2c8dd38,0x00000000bad80000)
 Metaspace       used 6835K, capacity 7608K, committed 7936K, reserved 1056768K
  class space    used 629K, capacity 688K, committed 768K, reserved 1048576K
Event: 36,507 GC heap after
Heap after GC invocations=38 (full 6):
 PSYoungGen      total 451072K, used 162150K [0x00000000d5580000, 0x0000000100000000, 0x0000000100000000)
  eden space 232960K, 0% used [0x00000000d5580000,0x00000000d5580000,0x00000000e3900000)
  from space 218112K, 74% used [0x00000000f2600000,0x00000000fc459a70,0x00000000ffb00000)
  to   space 232960K, 0% used [0x00000000e3900000,0x00000000e3900000,0x00000000f1c80000)
 ParOldGen       total 964096K, used 832055K [0x0000000080000000, 0x00000000bad80000, 0x00000000d5580000)
  object space 964096K, 86% used [0x0000000080000000,0x00000000b2c8dd38,0x00000000bad80000)
 Metaspace       used 6835K, capacity 7608K, committed 7936K, reserved 1056768K
  class space    used 629K, capacity 688K, committed 768K, reserved 1048576K
}
Event: 37,052 GC heap before
{Heap before GC invocations=39 (full 6):
 PSYoungGen      total 451072K, used 395110K [0x00000000d5580000, 0x0000000100000000, 0x0000000100000000)
  eden space 232960K, 100% used [0x00000000d5580000,0x00000000e3900000,0x00000000e3900000)
  from space 218112K, 74% used [0x00000000f2600000,0x00000000fc459a70,0x00000000ffb00000)
  to   space 232960K, 0% used [0x00000000e3900000,0x00000000e3900000,0x00000000f1c80000)
 ParOldGen       total 964096K, used 832055K [0x0000000080000000, 0x00000000bad80000, 0x00000000d5580000)
  object space 964096K, 86% used [0x0000000080000000,0x00000000b2c8dd38,0x00000000bad80000)
 Metaspace       used 6837K, capacity 7608K, committed 7936K, reserved 1056768K
  class space    used 629K, capacity 688K, committed 768K, reserved 1048576K
Event: 37,303 GC heap after
Heap after GC invocations=39 (full 6):
 PSYoungGen      total 465920K, used 126211K [0x00000000d5580000, 0x0000000100000000, 0x0000000100000000)
  eden space 232960K, 0% used [0x00000000d5580000,0x00000000d5580000,0x00000000e3900000)
  from space 232960K, 54% used [0x00000000e3900000,0x00000000eb440e88,0x00000000f1c80000)
  to   space 232960K, 0% used [0x00000000f1c80000,0x00000000f1c80000,0x0000000100000000)
 ParOldGen       total 964096K, used 905722K [0x0000000080000000, 0x00000000bad80000, 0x00000000d5580000)
  object space 964096K, 93% used [0x0000000080000000,0x00000000b747ea88,0x00000000bad80000)
 Metaspace       used 6837K, capacity 7608K, committed 7936K, reserved 1056768K
  class space    used 629K, capacity 688K, committed 768K, reserved 1048576K
}
Event: 37,303 GC heap before
{Heap before GC invocations=40 (full 7):
 PSYoungGen      total 465920K, used 126211K [0x00000000d5580000, 0x0000000100000000, 0x0000000100000000)
  eden space 232960K, 0% used [0x00000000d5580000,0x00000000d5580000,0x00000000e3900000)
  from space 232960K, 54% used [0x00000000e3900000,0x00000000eb440e88,0x00000000f1c80000)
  to   space 232960K, 0% used [0x00000000f1c80000,0x00000000f1c80000,0x0000000100000000)
 ParOldGen       total 964096K, used 905722K [0x0000000080000000, 0x00000000bad80000, 0x00000000d5580000)
  object space 964096K, 93% used [0x0000000080000000,0x00000000b747ea88,0x00000000bad80000)
 Metaspace       used 6837K, capacity 7608K, committed 7936K, reserved 1056768K
  class space    used 629K, capacity 688K, committed 768K, reserved 1048576K

Deoptimization events (10 events):
Event: 35,183 Thread 0x00007fbf2c15f800 Uncommon trap: reason=unstable_if action=reinterpret pc=0x00007fbf1dccb9c4 method=com.android.dx.dex.code.LocalList$MakeState.snapshot(ILcom/android/dx/rop/code/RegisterSpecSet;)V @ 86
Event: 35,183 Thread 0x00007fbf2c15f800 Uncommon trap: reason=array_check action=maybe_recompile pc=0x00007fbf1dcc09a0 method=java.util.ComparableTimSort.binarySort([Ljava/lang/Object;III)V @ 215
Event: 35,906 Thread 0x00007fbf2c17f000 Uncommon trap: reason=unstable_if action=reinterpret pc=0x00007fbf1dc216ac method=com.android.dx.cf.code.Simulator$SimVisitor.visitNoArgs(IIILcom/android/dx/rop/type/Type;)V @ 1277
Event: 36,196 Thread 0x00007fbf2c15f800 Uncommon trap: reason=class_check action=maybe_recompile pc=0x00007fbf1dd2e57c method=java.util.Arrays.equals([Ljava/lang/Object;[Ljava/lang/Object;)Z @ 62
Event: 36,197 Thread 0x00007fbf2c15f800 Uncommon trap: reason=class_check action=maybe_recompile pc=0x00007fbf1dd2e57c method=java.util.Arrays.equals([Ljava/lang/Object;[Ljava/lang/Object;)Z @ 62
Event: 36,198 Thread 0x00007fbf2c15f800 Uncommon trap: reason=class_check action=maybe_recompile pc=0x00007fbf1dd2e57c method=java.util.Arrays.equals([Ljava/lang/Object;[Ljava/lang/Object;)Z @ 62
Event: 36,198 Thread 0x00007fbf2c15f800 Uncommon trap: reason=class_check action=maybe_recompile pc=0x00007fbf1dd2e57c method=java.util.Arrays.equals([Ljava/lang/Object;[Ljava/lang/Object;)Z @ 62
Event: 36,516 Thread 0x00007fbf2c15f800 Uncommon trap: reason=unstable_if action=reinterpret pc=0x00007fbf1dd3b95c method=java.util.Arrays.equals([Ljava/lang/Object;[Ljava/lang/Object;)Z @ 23
Event: 36,827 Thread 0x00007fbf2c177800 Uncommon trap: reason=bimorphic action=maybe_recompile pc=0x00007fbf1da48fcc method=com.android.dx.cf.code.BytecodeArray.parseInstruction(ILcom/android/dx/cf/code/BytecodeArray$Visitor;)I @ 1035
Event: 36,827 Thread 0x00007fbf2c177800 Uncommon trap: reason=bimorphic action=maybe_recompile pc=0x00007fbf1da48fcc method=com.android.dx.cf.code.BytecodeArray.parseInstruction(ILcom/android/dx/cf/code/BytecodeArray$Visitor;)I @ 1035

Internal exceptions (8 events):
Event: 0,045 Thread 0x00007fbf2c00a000 Exception <a 'java/lang/NoSuchMethodError': Method sun.misc.Unsafe.defineClass(Ljava/lang/String;[BII)Ljava/lang/Class; name or signature does not match> (0x00000000d5592ae8) thrown at [/HUDSON/workspace/8-2-build-linux-amd64/jdk8u66/4988/hotspot/src/shar
Event: 0,045 Thread 0x00007fbf2c00a000 Exception <a 'java/lang/NoSuchMethodError': Method sun.misc.Unsafe.prefetchRead(Ljava/lang/Object;J)V name or signature does not match> (0x00000000d5592dd0) thrown at [/HUDSON/workspace/8-2-build-linux-amd64/jdk8u66/4988/hotspot/src/share/vm/prims/jni.cpp
Event: 1,384 Thread 0x00007fbf2c17b000 Implicit null exception at 0x00007fbf1d107ce2 to 0x00007fbf1d107dd3
Event: 2,227 Thread 0x00007fbf2c17f000 Exception <a 'java/lang/ArrayIndexOutOfBoundsException': 18> (0x00000000d5c9a678) thrown at [/HUDSON/workspace/8-2-build-linux-amd64/jdk8u66/4988/hotspot/src/share/vm/interpreter/interpreterRuntime.cpp, line 366]
Event: 2,228 Thread 0x00007fbf2c17f000 Exception <a 'java/lang/ArrayIndexOutOfBoundsException': 145> (0x00000000d5c9c1f8) thrown at [/HUDSON/workspace/8-2-build-linux-amd64/jdk8u66/4988/hotspot/src/share/vm/interpreter/interpreterRuntime.cpp, line 366]
Event: 2,229 Thread 0x00007fbf2c17f000 Exception <a 'java/lang/ArrayIndexOutOfBoundsException': 40> (0x00000000d5c9d4e0) thrown at [/HUDSON/workspace/8-2-build-linux-amd64/jdk8u66/4988/hotspot/src/share/vm/interpreter/interpreterRuntime.cpp, line 366]
Event: 18,497 Thread 0x00007fbf2c17d000 Implicit null exception at 0x00007fbf1d117a34 to 0x00007fbf1d117fcd
Event: 18,497 Thread 0x00007fbf2c17d000 Implicit null exception at 0x00007fbf1d1115df to 0x00007fbf1d111ad5

Events (10 events):
Event: 36,863 Thread 0x00007fbf2c15f800 DEOPT UNPACKING pc=0x00007fbf1ce2c633 sp=0x00007fbf0cbcdc18 mode 0
Event: 36,866 Thread 0x00007fbf2c15f800 DEOPT PACKING pc=0x00007fbf1dc88373 sp=0x00007fbf0cbcdfd0
Event: 36,866 Thread 0x00007fbf2c15f800 DEOPT UNPACKING pc=0x00007fbf1ce2c633 sp=0x00007fbf0cbcdd68 mode 0
Event: 36,881 Thread 0x00007fbf2c15f800 DEOPT PACKING pc=0x00007fbf1dc88373 sp=0x00007fbf0cbcde80
Event: 36,881 Thread 0x00007fbf2c15f800 DEOPT UNPACKING pc=0x00007fbf1ce2c633 sp=0x00007fbf0cbcdc18 mode 0
Event: 36,886 Thread 0x00007fbf2c15f800 DEOPT PACKING pc=0x00007fbf1dc88373 sp=0x00007fbf0cbcde80
Event: 36,886 Thread 0x00007fbf2c15f800 DEOPT UNPACKING pc=0x00007fbf1ce2c633 sp=0x00007fbf0cbcdc18 mode 0
Event: 36,902 Thread 0x00007fbf2c15f800 DEOPT PACKING pc=0x00007fbf1dc88373 sp=0x00007fbf0cbcde80
Event: 36,902 Thread 0x00007fbf2c15f800 DEOPT UNPACKING pc=0x00007fbf1ce2c633 sp=0x00007fbf0cbcdc18 mode 0
Event: 37,051 Executing VM operation: ParallelGCFailedAllocation


Dynamic libraries:
00400000-00401000 r-xp 00000000 08:01 4591374                            /usr/lib/jvm/java-8-oracle/bin/java
00600000-00601000 rw-p 00000000 08:01 4591374                            /usr/lib/jvm/java-8-oracle/bin/java
00680000-006a1000 rw-p 00000000 00:00 0                                  [heap]
80000000-bad80000 rw-p 00000000 00:00 0 
c6280000-d5580000 ---p 00000000 00:00 0 
d5580000-100000000 rw-p 00000000 00:00 0 
100000000-1000c0000 rw-p 00000000 00:00 0 
1000c0000-140000000 ---p 00000000 00:00 0 
7fbec8000000-7fbec8032000 rw-p 00000000 00:00 0 
7fbec8032000-7fbecc000000 ---p 00000000 00:00 0 
7fbecc000000-7fbecc1d0000 rw-p 00000000 00:00 0 
7fbecc1d0000-7fbed0000000 ---p 00000000 00:00 0 
7fbed0000000-7fbed0026000 rw-p 00000000 00:00 0 
7fbed0026000-7fbed4000000 ---p 00000000 00:00 0 
7fbed4000000-7fbed4044000 rw-p 00000000 00:00 0 
7fbed4044000-7fbed8000000 ---p 00000000 00:00 0 
7fbed8000000-7fbed8040000 rw-p 00000000 00:00 0 
7fbed8040000-7fbedc000000 ---p 00000000 00:00 0 
7fbedc000000-7fbedc021000 rw-p 00000000 00:00 0 
7fbedc021000-7fbee0000000 ---p 00000000 00:00 0 
7fbee0000000-7fbee0021000 rw-p 00000000 00:00 0 
7fbee0021000-7fbee4000000 ---p 00000000 00:00 0 
7fbee4000000-7fbee4021000 rw-p 00000000 00:00 0 
7fbee4021000-7fbee8000000 ---p 00000000 00:00 0 
7fbee8000000-7fbeea1b9000 rw-p 00000000 00:00 0 
7fbeea1b9000-7fbeec000000 ---p 00000000 00:00 0 
7fbeec000000-7fbeecd02000 rw-p 00000000 00:00 0 
7fbeecd02000-7fbef0000000 ---p 00000000 00:00 0 
7fbef0000000-7fbef0021000 rw-p 00000000 00:00 0 
7fbef0021000-7fbef4000000 ---p 00000000 00:00 0 
7fbef4000000-7fbef5e7b000 rw-p 00000000 00:00 0 
7fbef5e7b000-7fbef8000000 ---p 00000000 00:00 0 
7fbef8000000-7fbef8021000 rw-p 00000000 00:00 0 
7fbef8021000-7fbefc000000 ---p 00000000 00:00 0 
7fbefc000000-7fbefc021000 rw-p 00000000 00:00 0 
7fbefc021000-7fbf00000000 ---p 00000000 00:00 0 
7fbf00000000-7fbf00021000 rw-p 00000000 00:00 0 
7fbf00021000-7fbf04000000 ---p 00000000 00:00 0 
7fbf04000000-7fbf04298000 rw-p 00000000 00:00 0 
7fbf04298000-7fbf08000000 ---p 00000000 00:00 0 
7fbf08000000-7fbf08021000 rw-p 00000000 00:00 0 
7fbf08021000-7fbf0c000000 ---p 00000000 00:00 0 
7fbf0caaa000-7fbf0cacf000 r--p 00000000 08:01 2361987                    /usr/share/locale-langpack/pl/LC_MESSAGES/libc.mo
7fbf0cacf000-7fbf0cad2000 ---p 00000000 00:00 0 
7fbf0cad2000-7fbf0cbd0000 rw-p 00000000 00:00 0                          [stack:18205]
7fbf0cbd0000-7fbf0cbd3000 ---p 00000000 00:00 0 
7fbf0cbd3000-7fbf0ccd1000 rw-p 00000000 00:00 0                          [stack:18198]
7fbf0ccd1000-7fbf0ccd4000 ---p 00000000 00:00 0 
7fbf0ccd4000-7fbf0cdd2000 rw-p 00000000 00:00 0                          [stack:18197]
7fbf0cdd2000-7fbf0cdd5000 ---p 00000000 00:00 0 
7fbf0cdd5000-7fbf0ced3000 rw-p 00000000 00:00 0                          [stack:18196]
7fbf0ced3000-7fbf0ced6000 ---p 00000000 00:00 0 
7fbf0ced6000-7fbf0cfd4000 rw-p 00000000 00:00 0                          [stack:18195]
7fbf0cfd4000-7fbf0cfd7000 ---p 00000000 00:00 0 
7fbf0cfd7000-7fbf0d0d5000 rw-p 00000000 00:00 0                          [stack:18194]
7fbf0d0d5000-7fbf0d1fc000 r--s 00ccc000 08:01 10092625                   /home/tomasz/AndroidStudioProjects/Droppr/app/build/intermediates/transforms/jarMerging/debug/jars/1/1f/combined.jar
7fbf0d1fc000-7fbf0d1fd000 ---p 00000000 00:00 0 
7fbf0d1fd000-7fbf0d2fd000 rw-p 00000000 00:00 0                          [stack:18193]
7fbf0d2fd000-7fbf0d300000 ---p 00000000 00:00 0 
7fbf0d300000-7fbf0d3fe000 rw-p 00000000 00:00 0                          [stack:18192]
7fbf0d3fe000-7fbf0d401000 ---p 00000000 00:00 0 
7fbf0d401000-7fbf0d4ff000 rw-p 00000000 00:00 0                          [stack:18191]
7fbf0d4ff000-7fbf0d502000 ---p 00000000 00:00 0 
7fbf0d502000-7fbf0d600000 rw-p 00000000 00:00 0                          [stack:18190]
7fbf0d600000-7fbf0d603000 ---p 00000000 00:00 0 
7fbf0d603000-7fbf0d701000 rw-p 00000000 00:00 0                          [stack:18189]
7fbf0d701000-7fbf0d704000 ---p 00000000 00:00 0 
7fbf0d704000-7fbf0d802000 rw-p 00000000 00:00 0                          [stack:18188]
7fbf0d802000-7fbf0e015000 r--p 00000000 08:01 1579663                    /usr/lib/locale/locale-archive
7fbf0e015000-7fbf0e018000 ---p 00000000 00:00 0 
7fbf0e018000-7fbf0e116000 rw-p 00000000 00:00 0                          [stack:18187]
7fbf0e116000-7fbf0e119000 ---p 00000000 00:00 0 
7fbf0e119000-7fbf0e217000 rw-p 00000000 00:00 0                          [stack:18186]
7fbf0e217000-7fbf0e218000 ---p 00000000 00:00 0 
7fbf0e218000-7fbf0f227000 rw-p 00000000 00:00 0                          [stack:18185]
7fbf0f227000-7fbf0f400000 r--s 03d20000 08:01 4069182                    /usr/lib/jvm/java-8-oracle/jre/lib/rt.jar
7fbf0f400000-7fbf0fb00000 rw-p 00000000 00:00 0 
7fbf0fb00000-7fbf0fc00000 ---p 00000000 00:00 0 
7fbf0fc00000-7fbf10000000 rw-p 00000000 00:00 0 
7fbf10000000-7fbf10021000 rw-p 00000000 00:00 0 
7fbf10021000-7fbf14000000 ---p 00000000 00:00 0 
7fbf14000000-7fbf18000000 rw-p 00000000 00:00 0 
7fbf18000000-7fbf18021000 rw-p 00000000 00:00 0 
7fbf18021000-7fbf1c000000 ---p 00000000 00:00 0 
7fbf1c013000-7fbf1c076000 rw-p 00000000 00:00 0 
7fbf1c076000-7fbf1c077000 ---p 00000000 00:00 0 
7fbf1c077000-7fbf1c177000 rw-p 00000000 00:00 0                          [stack:18184]
7fbf1c177000-7fbf1c178000 ---p 00000000 00:00 0 
7fbf1c178000-7fbf1c278000 rw-p 00000000 00:00 0                          [stack:18183]
7fbf1c278000-7fbf1c279000 ---p 00000000 00:00 0 
7fbf1c279000-7fbf1c550000 rw-p 00000000 00:00 0                          [stack:18182]
7fbf1c550000-7fbf1c624000 ---p 00000000 00:00 0 
7fbf1c624000-7fbf1c7fb000 rw-p 00000000 00:00 0 
7fbf1c7fb000-7fbf1c8ce000 ---p 00000000 00:00 0 
7fbf1c8ce000-7fbf1ca24000 rw-p 00000000 00:00 0 
7fbf1ca24000-7fbf1ca64000 rw-p 00000000 00:00 0 
7fbf1ca64000-7fbf1cde5000 ---p 00000000 00:00 0 
7fbf1cde5000-7fbf1dd75000 rwxp 00000000 00:00 0 
7fbf1dd75000-7fbf2bde5000 ---p 00000000 00:00 0 
7fbf2bde5000-7fbf2bdff000 r-xp 00000000 08:01 4069168                    /usr/lib/jvm/java-8-oracle/jre/lib/amd64/libzip.so
7fbf2bdff000-7fbf2bfff000 ---p 0001a000 08:01 4069168                    /usr/lib/jvm/java-8-oracle/jre/lib/amd64/libzip.so
7fbf2bfff000-7fbf2c000000 rw-p 0001a000 08:01 4069168                    /usr/lib/jvm/java-8-oracle/jre/lib/amd64/libzip.so
7fbf2c000000-7fbf2c452000 rw-p 00000000 00:00 0 
7fbf2c452000-7fbf30000000 ---p 00000000 00:00 0 
7fbf3000c000-7fbf300f2000 rw-p 00000000 00:00 0 
7fbf300f2000-7fbf300f3000 ---p 00000000 00:00 0 
7fbf300f3000-7fbf301f3000 rw-p 00000000 00:00 0                          [stack:18181]
7fbf301f3000-7fbf301fe000 r-xp 00000000 08:01 5771445                    /lib/x86_64-linux-gnu/libnss_files-2.19.so
7fbf301fe000-7fbf303fd000 ---p 0000b000 08:01 5771445                    /lib/x86_64-linux-gnu/libnss_files-2.19.so
7fbf303fd000-7fbf303fe000 r--p 0000a000 08:01 5771445                    /lib/x86_64-linux-gnu/libnss_files-2.19.so
7fbf303fe000-7fbf303ff000 rw-p 0000b000 08:01 5771445                    /lib/x86_64-linux-gnu/libnss_files-2.19.so
7fbf303ff000-7fbf3040a000 r-xp 00000000 08:01 5771455                    /lib/x86_64-linux-gnu/libnss_nis-2.19.so
7fbf3040a000-7fbf30609000 ---p 0000b000 08:01 5771455                    /lib/x86_64-linux-gnu/libnss_nis-2.19.so
7fbf30609000-7fbf3060a000 r--p 0000a000 08:01 5771455                    /lib/x86_64-linux-gnu/libnss_nis-2.19.so
7fbf3060a000-7fbf3060b000 rw-p 0000b000 08:01 5771455                    /lib/x86_64-linux-gnu/libnss_nis-2.19.so
7fbf3060b000-7fbf30622000 r-xp 00000000 08:01 5771439                    /lib/x86_64-linux-gnu/libnsl-2.19.so
7fbf30622000-7fbf30821000 ---p 00017000 08:01 5771439                    /lib/x86_64-linux-gnu/libnsl-2.19.so
7fbf30821000-7fbf30822000 r--p 00016000 08:01 5771439                    /lib/x86_64-linux-gnu/libnsl-2.19.so
7fbf30822000-7fbf30823000 rw-p 00017000 08:01 5771439                    /lib/x86_64-linux-gnu/libnsl-2.19.so
7fbf30823000-7fbf30825000 rw-p 00000000 00:00 0 
7fbf30825000-7fbf3082e000 r-xp 00000000 08:01 5771441                    /lib/x86_64-linux-gnu/libnss_compat-2.19.so
7fbf3082e000-7fbf30a2d000 ---p 00009000 08:01 5771441                    /lib/x86_64-linux-gnu/libnss_compat-2.19.so
7fbf30a2d000-7fbf30a2e000 r--p 00008000 08:01 5771441                    /lib/x86_64-linux-gnu/libnss_compat-2.19.so
7fbf30a2e000-7fbf30a2f000 rw-p 00009000 08:01 5771441                    /lib/x86_64-linux-gnu/libnss_compat-2.19.so
7fbf30a2f000-7fbf30a59000 r-xp 00000000 08:01 4069157                    /usr/lib/jvm/java-8-oracle/jre/lib/amd64/libjava.so
7fbf30a59000-7fbf30c59000 ---p 0002a000 08:01 4069157                    /usr/lib/jvm/java-8-oracle/jre/lib/amd64/libjava.so
7fbf30c59000-7fbf30c5b000 rw-p 0002a000 08:01 4069157                    /usr/lib/jvm/java-8-oracle/jre/lib/amd64/libjava.so
7fbf30c5b000-7fbf30c68000 r-xp 00000000 08:01 4069118                    /usr/lib/jvm/java-8-oracle/jre/lib/amd64/libverify.so
7fbf30c68000-7fbf30e68000 ---p 0000d000 08:01 4069118                    /usr/lib/jvm/java-8-oracle/jre/lib/amd64/libverify.so
7fbf30e68000-7fbf30e6a000 rw-p 0000d000 08:01 4069118                    /usr/lib/jvm/java-8-oracle/jre/lib/amd64/libverify.so
7fbf30e6a000-7fbf30e71000 r-xp 00000000 08:01 5771498                    /lib/x86_64-linux-gnu/librt-2.19.so
7fbf30e71000-7fbf31070000 ---p 00007000 08:01 5771498                    /lib/x86_64-linux-gnu/librt-2.19.so
7fbf31070000-7fbf31071000 r--p 00006000 08:01 5771498                    /lib/x86_64-linux-gnu/librt-2.19.so
7fbf31071000-7fbf31072000 rw-p 00007000 08:01 5771498                    /lib/x86_64-linux-gnu/librt-2.19.so
7fbf31072000-7fbf31177000 r-xp 00000000 08:01 5771420                    /lib/x86_64-linux-gnu/libm-2.19.so
7fbf31177000-7fbf31376000 ---p 00105000 08:01 5771420                    /lib/x86_64-linux-gnu/libm-2.19.so
7fbf31376000-7fbf31377000 r--p 00104000 08:01 5771420                    /lib/x86_64-linux-gnu/libm-2.19.so
7fbf31377000-7fbf31378000 rw-p 00105000 08:01 5771420                    /lib/x86_64-linux-gnu/libm-2.19.so
7fbf31378000-7fbf32036000 r-xp 00000000 08:01 4069167                    /usr/lib/jvm/java-8-oracle/jre/lib/amd64/server/libjvm.so
7fbf32036000-7fbf32235000 ---p 00cbe000 08:01 4069167                    /usr/lib/jvm/java-8-oracle/jre/lib/amd64/server/libjvm.so
7fbf32235000-7fbf3230e000 rw-p 00cbd000 08:01 4069167                    /usr/lib/jvm/java-8-oracle/jre/lib/amd64/server/libjvm.so
7fbf3230e000-7fbf32352000 rw-p 00000000 00:00 0 
7fbf32352000-7fbf3250d000 r-xp 00000000 08:01 5771370                    /lib/x86_64-linux-gnu/libc-2.19.so
7fbf3250d000-7fbf3270c000 ---p 001bb000 08:01 5771370                    /lib/x86_64-linux-gnu/libc-2.19.so
7fbf3270c000-7fbf32710000 r--p 001ba000 08:01 5771370                    /lib/x86_64-linux-gnu/libc-2.19.so
7fbf32710000-7fbf32712000 rw-p 001be000 08:01 5771370                    /lib/x86_64-linux-gnu/libc-2.19.so
7fbf32712000-7fbf32717000 rw-p 00000000 00:00 0 
7fbf32717000-7fbf3271a000 r-xp 00000000 08:01 5771387                    /lib/x86_64-linux-gnu/libdl-2.19.so
7fbf3271a000-7fbf32919000 ---p 00003000 08:01 5771387                    /lib/x86_64-linux-gnu/libdl-2.19.so
7fbf32919000-7fbf3291a000 r--p 00002000 08:01 5771387                    /lib/x86_64-linux-gnu/libdl-2.19.so
7fbf3291a000-7fbf3291b000 rw-p 00003000 08:01 5771387                    /lib/x86_64-linux-gnu/libdl-2.19.so
7fbf3291b000-7fbf32930000 r-xp 00000000 08:01 4727160                    /usr/lib/jvm/java-8-oracle/lib/amd64/jli/libjli.so
7fbf32930000-7fbf32b30000 ---p 00015000 08:01 4727160                    /usr/lib/jvm/java-8-oracle/lib/amd64/jli/libjli.so
7fbf32b30000-7fbf32b31000 rw-p 00015000 08:01 4727160                    /usr/lib/jvm/java-8-oracle/lib/amd64/jli/libjli.so
7fbf32b31000-7fbf32b4a000 r-xp 00000000 08:01 5771490                    /lib/x86_64-linux-gnu/libpthread-2.19.so
7fbf32b4a000-7fbf32d49000 ---p 00019000 08:01 5771490                    /lib/x86_64-linux-gnu/libpthread-2.19.so
7fbf32d49000-7fbf32d4a000 r--p 00018000 08:01 5771490                    /lib/x86_64-linux-gnu/libpthread-2.19.so
7fbf32d4a000-7fbf32d4b000 rw-p 00019000 08:01 5771490                    /lib/x86_64-linux-gnu/libpthread-2.19.so
7fbf32d4b000-7fbf32d4f000 rw-p 00000000 00:00 0 
7fbf32d4f000-7fbf32d72000 r-xp 00000000 08:01 5771346                    /lib/x86_64-linux-gnu/ld-2.19.so
7fbf32d7a000-7fbf32d81000 r--s 00000000 08:01 1967077                    /usr/lib/x86_64-linux-gnu/gconv/gconv-modules.cache
7fbf32d81000-7fbf32e4d000 rw-p 00000000 00:00 0 
7fbf32e4d000-7fbf32e50000 ---p 00000000 00:00 0 
7fbf32e50000-7fbf32f52000 rw-p 00000000 00:00 0                          [stack:18180]
7fbf32f55000-7fbf32f56000 rw-p 00000000 00:00 0 
7fbf32f56000-7fbf32f65000 r--s 000df000 08:01 656243                     /home/tomasz/Android/Sdk/build-tools/23.0.1/lib/dx.jar
7fbf32f65000-7fbf32f6d000 rw-s 00000000 08:01 6034028                    /tmp/hsperfdata_tomasz/18175
7fbf32f6d000-7fbf32f6e000 rw-p 00000000 00:00 0 
7fbf32f6e000-7fbf32f6f000 ---p 00000000 00:00 0 
7fbf32f6f000-7fbf32f71000 rw-p 00000000 00:00 0 
7fbf32f71000-7fbf32f72000 r--p 00022000 08:01 5771346                    /lib/x86_64-linux-gnu/ld-2.19.so
7fbf32f72000-7fbf32f73000 rw-p 00023000 08:01 5771346                    /lib/x86_64-linux-gnu/ld-2.19.so
7fbf32f73000-7fbf32f74000 rw-p 00000000 00:00 0 
7fffd0f5a000-7fffd0f7b000 rw-p 00000000 00:00 0                          [stack]
7fffd0fbc000-7fffd0fbe000 r--p 00000000 00:00 0                          [vvar]
7fffd0fbe000-7fffd0fc0000 r-xp 00000000 00:00 0                          [vdso]
ffffffffff600000-ffffffffff601000 r-xp 00000000 00:00 0                  [vsyscall]

VM Arguments:
jvm_args: -Djava.awt.headless=true -Xmx2g -Dfile.encoding=UTF-8 -Duser.country=PL -Duser.language=pl -Duser.variant 
java_command: com.android.dx.command.Main --dex --num-threads=4 --multi-dex --main-dex-list /home/tomasz/AndroidStudioProjects/Droppr/app/build/intermediates/multi-dex/debug/maindexlist.txt --output /home/tomasz/AndroidStudioProjects/Droppr/app/build/intermediates/transforms/dex/debug/folders/1000/1f/main /home/tomasz/AndroidStudioProjects/Droppr/app/build/intermediates/transforms/jarMerging/debug/jars/1/1f/combined.jar
java_class_path (initial): /home/tomasz/Android/Sdk/build-tools/23.0.1/lib/dx.jar
Launcher Type: SUN_STANDARD

Environment Variables:
PATH=/usr/local/sbin:/usr/local/bin:/usr/sbin:/usr/bin:/sbin:/bin:/usr/games:/usr/local/games
LD_LIBRARY_PATH=/opt/android-studio/bin:
SHELL=/bin/bash
DISPLAY=:0

Signal Handlers:
SIGSEGV: [libjvm.so+0xaba2a0], sa_mask[0]=11111111011111111101111111111110, sa_flags=SA_RESTART|SA_SIGINFO
SIGBUS: [libjvm.so+0xaba2a0], sa_mask[0]=11111111011111111101111111111110, sa_flags=SA_RESTART|SA_SIGINFO
SIGFPE: [libjvm.so+0x917710], sa_mask[0]=11111111011111111101111111111110, sa_flags=SA_RESTART|SA_SIGINFO
SIGPIPE: [libjvm.so+0x917710], sa_mask[0]=11111111011111111101111111111110, sa_flags=SA_RESTART|SA_SIGINFO
SIGXFSZ: [libjvm.so+0x917710], sa_mask[0]=11111111011111111101111111111110, sa_flags=SA_RESTART|SA_SIGINFO
SIGILL: [libjvm.so+0x917710], sa_mask[0]=11111111011111111101111111111110, sa_flags=SA_RESTART|SA_SIGINFO
SIGUSR1: SIG_DFL, sa_mask[0]=00000000000000000000000000000000, sa_flags=none
SIGUSR2: [libjvm.so+0x918d40], sa_mask[0]=00100000000000000000000000000000, sa_flags=SA_RESTART|SA_SIGINFO
SIGHUP: [libjvm.so+0x91a140], sa_mask[0]=11111111011111111101111111111110, sa_flags=SA_RESTART|SA_SIGINFO
SIGINT: [libjvm.so+0x91a140], sa_mask[0]=11111111011111111101111111111110, sa_flags=SA_RESTART|SA_SIGINFO
SIGTERM: [libjvm.so+0x91a140], sa_mask[0]=11111111011111111101111111111110, sa_flags=SA_RESTART|SA_SIGINFO
SIGQUIT: [libjvm.so+0x91a140], sa_mask[0]=11111111011111111101111111111110, sa_flags=SA_RESTART|SA_SIGINFO


---------------  S Y S T E M  ---------------

OS:DISTRIB_ID=Ubuntu
DISTRIB_RELEASE=14.04
DISTRIB_CODENAME=trusty
DISTRIB_DESCRIPTION="Ubuntu 14.04.3 LTS"

uname:Linux 3.19.0-33-generic #38~14.04.1-Ubuntu SMP Fri Nov 6 18:17:28 UTC 2015 x86_64
libc:glibc 2.19 NPTL 2.19 
rlimit: STACK 8192k, CORE 0k, NPROC 23202, NOFILE 4096, AS infinity
load average:3,93 1,79 1,28

/proc/meminfo:
MemTotal:        5961336 kB
MemFree:          129376 kB
MemAvailable:      70268 kB
Buffers:             440 kB
Cached:           353240 kB
SwapCached:            0 kB
Active:          5333056 kB
Inactive:         333812 kB
Active(anon):    5332408 kB
Inactive(anon):   323248 kB
Active(file):        648 kB
Inactive(file):    10564 kB
Unevictable:         560 kB
Mlocked:             560 kB
SwapTotal:             0 kB
SwapFree:              0 kB
Dirty:                24 kB
Writeback:             0 kB
AnonPages:       5314232 kB
Mapped:            73228 kB
Shmem:            341836 kB
Slab:              74884 kB
SReclaimable:      39496 kB
SUnreclaim:        35388 kB
KernelStack:        8928 kB
PageTables:        38716 kB
NFS_Unstable:          0 kB
Bounce:                0 kB
WritebackTmp:          0 kB
CommitLimit:     2980668 kB
Committed_AS:    8367028 kB
VmallocTotal:   34359738367 kB
VmallocUsed:      551828 kB
VmallocChunk:   34359162332 kB
HardwareCorrupted:     0 kB
AnonHugePages:   3901440 kB
CmaTotal:              0 kB
CmaFree:               0 kB
HugePages_Total:       0
HugePages_Free:        0
HugePages_Rsvd:        0
HugePages_Surp:        0
Hugepagesize:       2048 kB
DirectMap4k:      151808 kB
DirectMap2M:     5988352 kB


CPU:total 4 (2 cores per cpu, 2 threads per core) family 6 model 42 stepping 7, cmov, cx8, fxsr, mmx, sse, sse2, sse3, ssse3, sse4.1, sse4.2, popcnt, avx, aes, clmul, ht, tsc, tscinvbit

/proc/cpuinfo:
processor	: 0
vendor_id	: GenuineIntel
cpu family	: 6
model		: 42
model name	: Intel(R) Core(TM) i5-2450M CPU @ 2.50GHz
stepping	: 7
microcode	: 0x25
cpu MHz		: 2355.273
cache size	: 3072 KB
physical id	: 0
siblings	: 4
core id		: 0
cpu cores	: 2
apicid		: 0
initial apicid	: 0
fpu		: yes
fpu_exception	: yes
cpuid level	: 13
wp		: yes
flags		: fpu vme de pse tsc msr pae mce cx8 apic sep mtrr pge mca cmov pat pse36 clflush dts acpi mmx fxsr sse sse2 ss ht tm pbe syscall nx rdtscp lm constant_tsc arch_perfmon pebs bts rep_good nopl xtopology nonstop_tsc aperfmperf eagerfpu pni pclmulqdq dtes64 monitor ds_cpl vmx est tm2 ssse3 cx16 xtpr pdcm pcid sse4_1 sse4_2 x2apic popcnt tsc_deadline_timer aes xsave avx lahf_lm ida arat epb pln pts dtherm tpr_shadow vnmi flexpriority ept vpid xsaveopt
bugs		:
bogomips	: 4988.68
clflush size	: 64
cache_alignment	: 64
address sizes	: 36 bits physical, 48 bits virtual
power management:

processor	: 1
vendor_id	: GenuineIntel
cpu family	: 6
model		: 42
model name	: Intel(R) Core(TM) i5-2450M CPU @ 2.50GHz
stepping	: 7
microcode	: 0x25
cpu MHz		: 2574.121
cache size	: 3072 KB
physical id	: 0
siblings	: 4
core id		: 0
cpu cores	: 2
apicid		: 1
initial apicid	: 1
fpu		: yes
fpu_exception	: yes
cpuid level	: 13
wp		: yes
flags		: fpu vme de pse tsc msr pae mce cx8 apic sep mtrr pge mca cmov pat pse36 clflush dts acpi mmx fxsr sse sse2 ss ht tm pbe syscall nx rdtscp lm constant_tsc arch_perfmon pebs bts rep_good nopl xtopology nonstop_tsc aperfmperf eagerfpu pni pclmulqdq dtes64 monitor ds_cpl vmx est tm2 ssse3 cx16 xtpr pdcm pcid sse4_1 sse4_2 x2apic popcnt tsc_deadline_timer aes xsave avx lahf_lm ida arat epb pln pts dtherm tpr_shadow vnmi flexpriority ept vpid xsaveopt
bugs		:
bogomips	: 4988.68
clflush size	: 64
cache_alignment	: 64
address sizes	: 36 bits physical, 48 bits virtual
power management:

processor	: 2
vendor_id	: GenuineIntel
cpu family	: 6
model		: 42
model name	: Intel(R) Core(TM) i5-2450M CPU @ 2.50GHz
stepping	: 7
microcode	: 0x25
cpu MHz		: 2674.707
cache size	: 3072 KB
physical id	: 0
siblings	: 4
core id		: 1
cpu cores	: 2
apicid		: 2
initial apicid	: 2
fpu		: yes
fpu_exception	: yes
cpuid level	: 13
wp		: yes
flags		: fpu vme de pse tsc msr pae mce cx8 apic sep mtrr pge mca cmov pat pse36 clflush dts acpi mmx fxsr sse sse2 ss ht tm pbe syscall nx rdtscp lm constant_tsc arch_perfmon pebs bts rep_good nopl xtopology nonstop_tsc aperfmperf eagerfpu pni pclmulqdq dtes64 monitor ds_cpl vmx est tm2 ssse3 cx16 xtpr pdcm pcid sse4_1 sse4_2 x2apic popcnt tsc_deadline_timer aes xsave avx lahf_lm ida arat epb pln pts dtherm tpr_shadow vnmi flexpriority ept vpid xsaveopt
bugs		:
bogomips	: 4988.68
clflush size	: 64
cache_alignment	: 64
address sizes	: 36 bits physical, 48 bits virtual
power management:

processor	: 3
vendor_id	: GenuineIntel
cpu family	: 6
model		: 42
model name	: Intel(R) Core(TM) i5-2450M CPU @ 2.50GHz
stepping	: 7
microcode	: 0x25
cpu MHz		: 2899.902
cache size	: 3072 KB
physical id	: 0
siblings	: 4
core id		: 1
cpu cores	: 2
apicid		: 3
initial apicid	: 3
fpu		: yes
fpu_exception	: yes
cpuid level	: 13
wp		: yes
flags		: fpu vme de pse tsc msr pae mce cx8 apic sep mtrr pge mca cmov pat pse36 clflush dts acpi mmx fxsr sse sse2 ss ht tm pbe syscall nx rdtscp lm constant_tsc arch_perfmon pebs bts rep_good nopl xtopology nonstop_tsc aperfmperf eagerfpu pni pclmulqdq dtes64 monitor ds_cpl vmx est tm2 ssse3 cx16 xtpr pdcm pcid sse4_1 sse4_2 x2apic popcnt tsc_deadline_timer aes xsave avx lahf_lm ida arat epb pln pts dtherm tpr_shadow vnmi flexpriority ept vpid xsaveopt
bugs		:
bogomips	: 4988.68
clflush size	: 64
cache_alignment	: 64
address sizes	: 36 bits physical, 48 bits virtual
power management:



Memory: 4k page, physical 5961336k(129376k free), swap 0k(0k free)

vm_info: Java HotSpot(TM) 64-Bit Server VM (25.66-b17) for linux-amd64 JRE (1.8.0_66-b17), built on Oct  6 2015 17:28:34 by "java_re" with gcc 4.3.0 20080428 (Red Hat 4.3.0-8)

time: Sat Nov 21 08:41:10 2015
elapsed time: 41 seconds (0d 0h 0m 41s)

