#
# There is insufficient memory for the Java Runtime Environment to continue.
# Native memory allocation (mmap) failed to map 292028416 bytes for committing reserved memory.
# Possible reasons:
#   The system is out of physical RAM or swap space
#   In 32 bit mode, the process size limit was hit
# Possible solutions:
#   Reduce memory load on the system
#   Increase physical memory or swap space
#   Check if swap backing store is full
#   Use 64 bit Java on a 64 bit OS
#   Decrease Java heap size (-Xmx/-Xms)
#   Decrease number of Java threads
#   Decrease Java thread stack sizes (-Xss)
#   Set larger code cache with -XX:ReservedCodeCacheSize=
# This output file may be truncated or incomplete.
#
#  Out of Memory Error (os_linux.cpp:2627), pid=19050, tid=140320368310016
#
# JRE version: Java(TM) SE Runtime Environment (8.0_66-b17) (build 1.8.0_66-b17)
# Java VM: Java HotSpot(TM) 64-Bit Server VM (25.66-b17 mixed mode linux-amd64 compressed oops)
# Failed to write core dump. Core dumps have been disabled. To enable core dumping, try "ulimit -c unlimited" before starting Java again
#

---------------  T H R E A D  ---------------

Current thread (0x00007f9ef4078000):  VMThread [stack: 0x00007f9ee1a53000,0x00007f9ee1b54000] [id=19060]

Stack: [0x00007f9ee1a53000,0x00007f9ee1b54000],  sp=0x00007f9ee1b52060,  free space=1020k
Native frames: (J=compiled Java code, j=interpreted, Vv=VM code, C=native code)
V  [libjvm.so+0xab9a1a]  VMError::report_and_die()+0x2ba
V  [libjvm.so+0x4f9e0b]  report_vm_out_of_memory(char const*, int, unsigned long, VMErrorType, char const*)+0x8b
V  [libjvm.so+0x91a8a3]  os::Linux::commit_memory_impl(char*, unsigned long, bool)+0x103
V  [libjvm.so+0x91adf9]  os::pd_commit_memory(char*, unsigned long, unsigned long, bool)+0x29
V  [libjvm.so+0x91510a]  os::commit_memory(char*, unsigned long, unsigned long, bool)+0x2a
V  [libjvm.so+0x9887a3]  PSVirtualSpace::expand_by(unsigned long)+0x53
V  [libjvm.so+0x979090]  PSOldGen::expand(unsigned long)+0x170
V  [libjvm.so+0x97929b]  PSOldGen::resize(unsigned long)+0x1cb
V  [libjvm.so+0x980f71]  PSParallelCompact::invoke_no_policy(bool)+0x991
V  [libjvm.so+0x9868cd]  PSScavenge::invoke()+0x1ad
V  [libjvm.so+0x93e500]  ParallelScavengeHeap::failed_mem_allocate(unsigned long)+0x70
V  [libjvm.so+0xabb437]  VM_ParallelGCFailedAllocation::doit()+0x97
V  [libjvm.so+0xac2e65]  VM_Operation::evaluate()+0x55
V  [libjvm.so+0xac123a]  VMThread::evaluate_operation(VM_Operation*)+0xba
V  [libjvm.so+0xac15be]  VMThread::loop()+0x1ce
V  [libjvm.so+0xac1a30]  VMThread::run()+0x70
V  [libjvm.so+0x91cc68]  java_start(Thread*)+0x108

VM_Operation (0x00007f9ee090dc70): ParallelGCFailedAllocation, mode: safepoint, requested by thread 0x00007f9ef4202000


---------------  P R O C E S S  ---------------

Java Threads: ( => current thread )
  0x00007f9ef4216800 JavaThread "pool-2-thread-4" [_thread_blocked, id=19073, stack(0x00007f9ee040b000,0x00007f9ee050c000)]
  0x00007f9ef4215000 JavaThread "pool-2-thread-3" [_thread_blocked, id=19072, stack(0x00007f9ee050c000,0x00007f9ee060d000)]
  0x00007f9ef4213800 JavaThread "pool-2-thread-2" [_thread_blocked, id=19071, stack(0x00007f9ee060d000,0x00007f9ee070e000)]
  0x00007f9ef4204800 JavaThread "pool-3-thread-1" [_thread_blocked, id=19070, stack(0x00007f9ee070e000,0x00007f9ee080f000)]
  0x00007f9ef4202000 JavaThread "pool-2-thread-1" [_thread_blocked, id=19069, stack(0x00007f9ee080f000,0x00007f9ee0910000)]
  0x00007f9ef40c2800 JavaThread "Service Thread" daemon [_thread_blocked, id=19067, stack(0x00007f9ee0b39000,0x00007f9ee0c3a000)]
  0x00007f9ef40bd800 JavaThread "C1 CompilerThread2" daemon [_thread_blocked, id=19066, stack(0x00007f9ee0c3a000,0x00007f9ee0d3b000)]
  0x00007f9ef40bb800 JavaThread "C2 CompilerThread1" daemon [_thread_in_native, id=19065, stack(0x00007f9ee0d3b000,0x00007f9ee0e3c000)]
  0x00007f9ef40b8800 JavaThread "C2 CompilerThread0" daemon [_thread_blocked, id=19064, stack(0x00007f9ee0e3c000,0x00007f9ee0f3d000)]
  0x00007f9ef40b7800 JavaThread "Signal Dispatcher" daemon [_thread_blocked, id=19063, stack(0x00007f9ee0f3d000,0x00007f9ee103e000)]
  0x00007f9ef407f000 JavaThread "Finalizer" daemon [_thread_blocked, id=19062, stack(0x00007f9ee1851000,0x00007f9ee1952000)]
  0x00007f9ef407d000 JavaThread "Reference Handler" daemon [_thread_blocked, id=19061, stack(0x00007f9ee1952000,0x00007f9ee1a53000)]
  0x00007f9ef400a000 JavaThread "main" [_thread_blocked, id=19051, stack(0x00007f9efa671000,0x00007f9efa772000)]

Other Threads:
=>0x00007f9ef4078000 VMThread [stack: 0x00007f9ee1a53000,0x00007f9ee1b54000] [id=19060]
  0x00007f9ef40c6000 WatcherThread [stack: 0x00007f9ee0a38000,0x00007f9ee0b39000] [id=19068]

VM state:at safepoint (normal execution)

VM Mutex/Monitor currently owned by a thread:  ([mutex/lock_event])
[0x00007f9ef4005ed0] ExpandHeap_lock - owner thread: 0x00007f9ef4078000
[0x00007f9ef4006550] Threads_lock - owner thread: 0x00007f9ef4078000
[0x00007f9ef4006a50] Heap_lock - owner thread: 0x00007f9ef4202000

Heap:
 PSYoungGen      total 560128K, used 75327K [0x00000000d5580000, 0x0000000100000000, 0x0000000100000000)
  eden space 421376K, 0% used [0x00000000d5580000,0x00000000d5580000,0x00000000ef100000)
  from space 138752K, 54% used [0x00000000ef100000,0x00000000f3a8fcd8,0x00000000f7880000)
  to   space 138752K, 0% used [0x00000000f7880000,0x00000000f7880000,0x0000000100000000)
 ParOldGen       total 602112K, used 601713K [0x0000000080000000, 0x00000000a4c00000, 0x00000000d5580000)
  object space 602112K, 99% used [0x0000000080000000,0x00000000a4b9c730,0x00000000a4c00000)
 Metaspace       used 6481K, capacity 7282K, committed 7552K, reserved 1056768K
  class space    used 608K, capacity 618K, committed 640K, reserved 1048576K

Card table byte_map: [0x00007f9ee3ff2000,0x00007f9ee43f3000] byte_map_base: 0x00007f9ee3bf2000

Marking Bits: (ParMarkBitMap*) 0x00007f9ef9b4b020
 Begin Bits: [0x00007f9ed8000000, 0x00007f9eda000000)
 End Bits:   [0x00007f9eda000000, 0x00007f9edc000000)

Polling page: 0x00007f9efa792000

CodeCache: size=245760Kb used=10682Kb max_used=11816Kb free=235077Kb
 bounds [0x00007f9ee47b3000, 0x00007f9ee5373000, 0x00007f9ef37b3000]
 total_blobs=2504 nmethods=2235 adapters=182
 compilation: enabled

Compilation events (10 events):
Event: 24,429 Thread 0x00007f9ef40bd800 2871       2       com.android.dx.util.ListIntSet::<init> (23 bytes)
Event: 24,430 Thread 0x00007f9ef40bd800 nmethod 2871 0x00007f9ee4c567d0 code [0x00007f9ee4c56980, 0x00007f9ee4c56cf8]
Event: 24,430 Thread 0x00007f9ef40bd800 2873 %     2       com.android.dx.ssa.DomFront::run @ 170 (264 bytes)
Event: 24,433 Thread 0x00007f9ef40bd800 nmethod 2873% 0x00007f9ee4a6a050 code [0x00007f9ee4a6a400, 0x00007f9ee4a6bb58]
Event: 24,457 Thread 0x00007f9ef40bd800 2875       2       com.android.dx.util.ListIntSet::iterator (9 bytes)
Event: 24,458 Thread 0x00007f9ef40bd800 nmethod 2875 0x00007f9ee4b1f450 code [0x00007f9ee4b1f5c0, 0x00007f9ee4b1f770]
Event: 24,458 Thread 0x00007f9ef40bd800 2877       2       com.android.dx.util.ListIntSet$1::hasNext (23 bytes)
Event: 24,458 Thread 0x00007f9ef40bd800 nmethod 2877 0x00007f9ee4c0f210 code [0x00007f9ee4c0f380, 0x00007f9ee4c0f4f0]
Event: 24,458 Thread 0x00007f9ef40bd800 2876       2       com.android.dx.util.ListIntSet$1::<init> (15 bytes)
Event: 24,459 Thread 0x00007f9ef40bd800 nmethod 2876 0x00007f9ee4a4e750 code [0x00007f9ee4a4e8a0, 0x00007f9ee4a4ea10]

GC Heap History (10 events):
Event: 15,142 GC heap after
Heap after GC invocations=17 (full 3):
 PSYoungGen      total 517632K, used 106993K [0x00000000d5580000, 0x00000000ff680000, 0x0000000100000000)
  eden space 410624K, 0% used [0x00000000d5580000,0x00000000d5580000,0x00000000ee680000)
  from space 107008K, 99% used [0x00000000f6200000,0x00000000fca7c4c0,0x00000000fca80000)
  to   space 126464K, 0% used [0x00000000ee680000,0x00000000ee680000,0x00000000f6200000)
 ParOldGen       total 376320K, used 285400K [0x0000000080000000, 0x0000000096f80000, 0x00000000d5580000)
  object space 376320K, 75% used [0x0000000080000000,0x00000000916b61e0,0x0000000096f80000)
 Metaspace       used 6468K, capacity 7282K, committed 7552K, reserved 1056768K
  class space    used 607K, capacity 618K, committed 640K, reserved 1048576K
}
Event: 16,989 GC heap before
{Heap before GC invocations=18 (full 3):
 PSYoungGen      total 517632K, used 517617K [0x00000000d5580000, 0x00000000ff680000, 0x0000000100000000)
  eden space 410624K, 100% used [0x00000000d5580000,0x00000000ee680000,0x00000000ee680000)
  from space 107008K, 99% used [0x00000000f6200000,0x00000000fca7c4c0,0x00000000fca80000)
  to   space 126464K, 0% used [0x00000000ee680000,0x00000000ee680000,0x00000000f6200000)
 ParOldGen       total 376320K, used 285400K [0x0000000080000000, 0x0000000096f80000, 0x00000000d5580000)
  object space 376320K, 75% used [0x0000000080000000,0x00000000916b61e0,0x0000000096f80000)
 Metaspace       used 6471K, capacity 7282K, committed 7552K, reserved 1056768K
  class space    used 607K, capacity 618K, committed 640K, reserved 1048576K
Event: 17,362 GC heap after
Heap after GC invocations=18 (full 3):
 PSYoungGen      total 537088K, used 62455K [0x00000000d5580000, 0x0000000100000000, 0x0000000100000000)
  eden space 410624K, 0% used [0x00000000d5580000,0x00000000d5580000,0x00000000ee680000)
  from space 126464K, 49% used [0x00000000ee680000,0x00000000f237de68,0x00000000f6200000)
  to   space 123392K, 0% used [0x00000000f8780000,0x00000000f8780000,0x0000000100000000)
 ParOldGen       total 393216K, used 392635K [0x0000000080000000, 0x0000000098000000, 0x00000000d5580000)
  object space 393216K, 99% used [0x0000000080000000,0x0000000097f6ef78,0x0000000098000000)
 Metaspace       used 6471K, capacity 7282K, committed 7552K, reserved 1056768K
  class space    used 607K, capacity 618K, committed 640K, reserved 1048576K
}
Event: 17,362 GC heap before
{Heap before GC invocations=19 (full 4):
 PSYoungGen      total 537088K, used 62455K [0x00000000d5580000, 0x0000000100000000, 0x0000000100000000)
  eden space 410624K, 0% used [0x00000000d5580000,0x00000000d5580000,0x00000000ee680000)
  from space 126464K, 49% used [0x00000000ee680000,0x00000000f237de68,0x00000000f6200000)
  to   space 123392K, 0% used [0x00000000f8780000,0x00000000f8780000,0x0000000100000000)
 ParOldGen       total 393216K, used 392635K [0x0000000080000000, 0x0000000098000000, 0x00000000d5580000)
  object space 393216K, 99% used [0x0000000080000000,0x0000000097f6ef78,0x0000000098000000)
 Metaspace       used 6471K, capacity 7282K, committed 7552K, reserved 1056768K
  class space    used 607K, capacity 618K, committed 640K, reserved 1048576K
Event: 20,918 GC heap after
Heap after GC invocations=19 (full 4):
 PSYoungGen      total 537088K, used 54401K [0x00000000d5580000, 0x0000000100000000, 0x0000000100000000)
  eden space 410624K, 0% used [0x00000000d5580000,0x00000000d5580000,0x00000000ee680000)
  from space 126464K, 43% used [0x00000000ee680000,0x00000000f1ba05b0,0x00000000f6200000)
  to   space 123392K, 0% used [0x00000000f8780000,0x00000000f8780000,0x0000000100000000)
 ParOldGen       total 602112K, used 393098K [0x0000000080000000, 0x00000000a4c00000, 0x00000000d5580000)
  object space 602112K, 65% used [0x0000000080000000,0x0000000097fe2840,0x00000000a4c00000)
 Metaspace       used 6471K, capacity 7282K, committed 7552K, reserved 1056768K
  class space    used 607K, capacity 618K, committed 640K, reserved 1048576K
}
Event: 22,303 GC heap before
{Heap before GC invocations=20 (full 4):
 PSYoungGen      total 537088K, used 465025K [0x00000000d5580000, 0x0000000100000000, 0x0000000100000000)
  eden space 410624K, 100% used [0x00000000d5580000,0x00000000ee680000,0x00000000ee680000)
  from space 126464K, 43% used [0x00000000ee680000,0x00000000f1ba05b0,0x00000000f6200000)
  to   space 123392K, 0% used [0x00000000f8780000,0x00000000f8780000,0x0000000100000000)
 ParOldGen       total 602112K, used 393098K [0x0000000080000000, 0x00000000a4c00000, 0x00000000d5580000)
  object space 602112K, 65% used [0x0000000080000000,0x0000000097fe2840,0x00000000a4c00000)
 Metaspace       used 6473K, capacity 7282K, committed 7552K, reserved 1056768K
  class space    used 607K, capacity 618K, committed 640K, reserved 1048576K
Event: 22,562 GC heap after
Heap after GC invocations=20 (full 4):
 PSYoungGen      total 544768K, used 112007K [0x00000000d5580000, 0x0000000100000000, 0x0000000100000000)
  eden space 421376K, 0% used [0x00000000d5580000,0x00000000d5580000,0x00000000ef100000)
  from space 123392K, 90% used [0x00000000f8780000,0x00000000ff4e1ff8,0x0000000100000000)
  to   space 138752K, 0% used [0x00000000ef100000,0x00000000ef100000,0x00000000f7880000)
 ParOldGen       total 602112K, used 393098K [0x0000000080000000, 0x00000000a4c00000, 0x00000000d5580000)
  object space 602112K, 65% used [0x0000000080000000,0x0000000097fe2840,0x00000000a4c00000)
 Metaspace       used 6473K, capacity 7282K, committed 7552K, reserved 1056768K
  class space    used 607K, capacity 618K, committed 640K, reserved 1048576K
}
Event: 24,552 GC heap before
{Heap before GC invocations=21 (full 4):
 PSYoungGen      total 544768K, used 533383K [0x00000000d5580000, 0x0000000100000000, 0x0000000100000000)
  eden space 421376K, 100% used [0x00000000d5580000,0x00000000ef100000,0x00000000ef100000)
  from space 123392K, 90% used [0x00000000f8780000,0x00000000ff4e1ff8,0x0000000100000000)
  to   space 138752K, 0% used [0x00000000ef100000,0x00000000ef100000,0x00000000f7880000)
 ParOldGen       total 602112K, used 393098K [0x0000000080000000, 0x00000000a4c00000, 0x00000000d5580000)
  object space 602112K, 65% used [0x0000000080000000,0x0000000097fe2840,0x00000000a4c00000)
 Metaspace       used 6481K, capacity 7282K, committed 7552K, reserved 1056768K
  class space    used 608K, capacity 618K, committed 640K, reserved 1048576K
Event: 25,058 GC heap after
Heap after GC invocations=21 (full 4):
 PSYoungGen      total 560128K, used 138723K [0x00000000d5580000, 0x0000000100000000, 0x0000000100000000)
  eden space 421376K, 0% used [0x00000000d5580000,0x00000000d5580000,0x00000000ef100000)
  from space 138752K, 99% used [0x00000000ef100000,0x00000000f7878e90,0x00000000f7880000)
  to   space 138752K, 0% used [0x00000000f7880000,0x00000000f7880000,0x0000000100000000)
 ParOldGen       total 602112K, used 543767K [0x0000000080000000, 0x00000000a4c00000, 0x00000000d5580000)
  object space 602112K, 90% used [0x0000000080000000,0x00000000a1305f48,0x00000000a4c00000)
 Metaspace       used 6481K, capacity 7282K, committed 7552K, reserved 1056768K
  class space    used 608K, capacity 618K, committed 640K, reserved 1048576K
}
Event: 25,058 GC heap before
{Heap before GC invocations=22 (full 5):
 PSYoungGen      total 560128K, used 138723K [0x00000000d5580000, 0x0000000100000000, 0x0000000100000000)
  eden space 421376K, 0% used [0x00000000d5580000,0x00000000d5580000,0x00000000ef100000)
  from space 138752K, 99% used [0x00000000ef100000,0x00000000f7878e90,0x00000000f7880000)
  to   space 138752K, 0% used [0x00000000f7880000,0x00000000f7880000,0x0000000100000000)
 ParOldGen       total 602112K, used 543767K [0x0000000080000000, 0x00000000a4c00000, 0x00000000d5580000)
  object space 602112K, 90% used [0x0000000080000000,0x00000000a1305f48,0x00000000a4c00000)
 Metaspace       used 6481K, capacity 7282K, committed 7552K, reserved 1056768K
  class space    used 608K, capacity 618K, committed 640K, reserved 1048576K

Deoptimization events (10 events):
Event: 21,734 Thread 0x00007f9ef400a000 Uncommon trap: reason=unstable_if action=reinterpret pc=0x00007f9ee4e3c95c method=com.android.dx.cf.code.Ropper.processBlock(Lcom/android/dx/cf/code/ByteBlock;Lcom/android/dx/cf/code/Frame;[I)V @ 429
Event: 22,097 Thread 0x00007f9ef400a000 Uncommon trap: reason=unstable_if action=reinterpret pc=0x00007f9ee4d32d04 method=com.android.dx.rop.code.RegisterSpec.equals(ILcom/android/dx/rop/type/TypeBearer;Lcom/android/dx/rop/code/LocalItem;)Z @ 31
Event: 22,097 Thread 0x00007f9ef400a000 Uncommon trap: reason=unstable_if action=reinterpret pc=0x00007f9ee4ace970 method=com.android.dx.rop.code.RegisterSpec.equals(ILcom/android/dx/rop/type/TypeBearer;Lcom/android/dx/rop/code/LocalItem;)Z @ 31
Event: 22,116 Thread 0x00007f9ef4213800 Uncommon trap: reason=null_check action=make_not_entrant pc=0x00007f9ee4c166c4 method=com.android.dx.dex.file.StringIdsSection.intern(Lcom/android/dx/dex/file/StringIdItem;)Lcom/android/dx/dex/file/StringIdItem; @ 31
Event: 24,407 Thread 0x00007f9ef4215000 Uncommon trap: reason=predicate action=maybe_recompile pc=0x00007f9ee5304420 method=com.android.dx.ssa.DomFront.run()[Lcom/android/dx/ssa/DomFront$DomInfo; @ 175
Event: 24,455 Thread 0x00007f9ef4215000 Uncommon trap: reason=class_check action=maybe_recompile pc=0x00007f9ee510ece8 method=com.android.dx.ssa.SsaConverter.placePhiFunctions(Lcom/android/dx/ssa/SsaMethod;Lcom/android/dx/ssa/LocalVariableInfo;I)V @ 257
Event: 24,458 Thread 0x00007f9ef4215000 Uncommon trap: reason=class_check action=maybe_recompile pc=0x00007f9ee5257980 method=com.android.dx.ssa.SsaConverter.placePhiFunctions(Lcom/android/dx/ssa/SsaMethod;Lcom/android/dx/ssa/LocalVariableInfo;I)V @ 257
Event: 24,459 Thread 0x00007f9ef4215000 Uncommon trap: reason=class_check action=maybe_recompile pc=0x00007f9ee5257980 method=com.android.dx.ssa.SsaConverter.placePhiFunctions(Lcom/android/dx/ssa/SsaMethod;Lcom/android/dx/ssa/LocalVariableInfo;I)V @ 257
Event: 24,459 Thread 0x00007f9ef4215000 Uncommon trap: reason=class_check action=maybe_recompile pc=0x00007f9ee5257980 method=com.android.dx.ssa.SsaConverter.placePhiFunctions(Lcom/android/dx/ssa/SsaMethod;Lcom/android/dx/ssa/LocalVariableInfo;I)V @ 257
Event: 24,475 Thread 0x00007f9ef4213800 Uncommon trap: reason=class_check action=maybe_recompile pc=0x00007f9ee51bd0a8 method=com.android.dx.ssa.SsaConverter.placePhiFunctions(Lcom/android/dx/ssa/SsaMethod;Lcom/android/dx/ssa/LocalVariableInfo;I)V @ 257

Internal exceptions (7 events):
Event: 0,042 Thread 0x00007f9ef400a000 Exception <a 'java/lang/NoSuchMethodError': Method sun.misc.Unsafe.defineClass(Ljava/lang/String;[BII)Ljava/lang/Class; name or signature does not match> (0x00000000d5592b98) thrown at [/HUDSON/workspace/8-2-build-linux-amd64/jdk8u66/4988/hotspot/src/shar
Event: 0,042 Thread 0x00007f9ef400a000 Exception <a 'java/lang/NoSuchMethodError': Method sun.misc.Unsafe.prefetchRead(Ljava/lang/Object;J)V name or signature does not match> (0x00000000d5592e80) thrown at [/HUDSON/workspace/8-2-build-linux-amd64/jdk8u66/4988/hotspot/src/share/vm/prims/jni.cpp
Event: 1,971 Thread 0x00007f9ef4202000 Exception <a 'java/lang/ArrayIndexOutOfBoundsException': 18> (0x00000000daf4f4b0) thrown at [/HUDSON/workspace/8-2-build-linux-amd64/jdk8u66/4988/hotspot/src/share/vm/interpreter/interpreterRuntime.cpp, line 366]
Event: 1,972 Thread 0x00007f9ef4202000 Exception <a 'java/lang/ArrayIndexOutOfBoundsException': 145> (0x00000000daf51030) thrown at [/HUDSON/workspace/8-2-build-linux-amd64/jdk8u66/4988/hotspot/src/share/vm/interpreter/interpreterRuntime.cpp, line 366]
Event: 1,973 Thread 0x00007f9ef4202000 Exception <a 'java/lang/ArrayIndexOutOfBoundsException': 40> (0x00000000daf52318) thrown at [/HUDSON/workspace/8-2-build-linux-amd64/jdk8u66/4988/hotspot/src/share/vm/interpreter/interpreterRuntime.cpp, line 366]
Event: 22,097 Thread 0x00007f9ef400a000 Implicit null exception at 0x00007f9ee4d32770 to 0x00007f9ee4d32cd5
Event: 22,097 Thread 0x00007f9ef400a000 Implicit null exception at 0x00007f9ee4ace52b to 0x00007f9ee4ace941

Events (10 events):
Event: 24,459 Thread 0x00007f9ef4215000 Uncommon trap: trap_request=0xffffffde fr.pc=0x00007f9ee5257980
Event: 24,459 Thread 0x00007f9ef4215000 DEOPT PACKING pc=0x00007f9ee5257980 sp=0x00007f9ee060afe0
Event: 24,459 Thread 0x00007f9ef4215000 DEOPT UNPACKING pc=0x00007f9ee47b8229 sp=0x00007f9ee060afe8 mode 2
Event: 24,459 Thread 0x00007f9ef4215000 Uncommon trap: trap_request=0xffffffde fr.pc=0x00007f9ee5257980
Event: 24,459 Thread 0x00007f9ef4215000 DEOPT PACKING pc=0x00007f9ee5257980 sp=0x00007f9ee060afe0
Event: 24,459 Thread 0x00007f9ef4215000 DEOPT UNPACKING pc=0x00007f9ee47b8229 sp=0x00007f9ee060afe8 mode 2
Event: 24,475 Thread 0x00007f9ef4213800 Uncommon trap: trap_request=0xffffffde fr.pc=0x00007f9ee51bd0a8
Event: 24,475 Thread 0x00007f9ef4213800 DEOPT PACKING pc=0x00007f9ee51bd0a8 sp=0x00007f9ee070be60
Event: 24,475 Thread 0x00007f9ef4213800 DEOPT UNPACKING pc=0x00007f9ee47b8229 sp=0x00007f9ee070be68 mode 2
Event: 24,539 Executing VM operation: ParallelGCFailedAllocation


Dynamic libraries:
00400000-00401000 r-xp 00000000 08:01 4591374                            /usr/lib/jvm/java-8-oracle/bin/java
00600000-00601000 rw-p 00000000 08:01 4591374                            /usr/lib/jvm/java-8-oracle/bin/java
022f8000-02319000 rw-p 00000000 00:00 0                                  [heap]
80000000-a4c00000 rw-p 00000000 00:00 0 
b6280000-d5580000 ---p 00000000 00:00 0 
d5580000-100000000 rw-p 00000000 00:00 0 
100000000-1000a0000 rw-p 00000000 00:00 0 
1000a0000-140000000 ---p 00000000 00:00 0 
7f9e8c000000-7f9e8c034000 rw-p 00000000 00:00 0 
7f9e8c034000-7f9e90000000 ---p 00000000 00:00 0 
7f9e94000000-7f9e94032000 rw-p 00000000 00:00 0 
7f9e94032000-7f9e98000000 ---p 00000000 00:00 0 
7f9e98000000-7f9e9804b000 rw-p 00000000 00:00 0 
7f9e9804b000-7f9e9c000000 ---p 00000000 00:00 0 
7f9e9c000000-7f9e9c050000 rw-p 00000000 00:00 0 
7f9e9c050000-7f9ea0000000 ---p 00000000 00:00 0 
7f9ea0000000-7f9ea0021000 rw-p 00000000 00:00 0 
7f9ea0021000-7f9ea4000000 ---p 00000000 00:00 0 
7f9ea4000000-7f9ea4021000 rw-p 00000000 00:00 0 
7f9ea4021000-7f9ea8000000 ---p 00000000 00:00 0 
7f9ea8000000-7f9ea8021000 rw-p 00000000 00:00 0 
7f9ea8021000-7f9eac000000 ---p 00000000 00:00 0 
7f9eac000000-7f9ead6be000 rw-p 00000000 00:00 0 
7f9ead6be000-7f9eb0000000 ---p 00000000 00:00 0 
7f9eb0000000-7f9eb0dd9000 rw-p 00000000 00:00 0 
7f9eb0dd9000-7f9eb4000000 ---p 00000000 00:00 0 
7f9eb4000000-7f9eb4021000 rw-p 00000000 00:00 0 
7f9eb4021000-7f9eb8000000 ---p 00000000 00:00 0 
7f9eb8000000-7f9eb9225000 rw-p 00000000 00:00 0 
7f9eb9225000-7f9ebc000000 ---p 00000000 00:00 0 
7f9ebc000000-7f9ebc021000 rw-p 00000000 00:00 0 
7f9ebc021000-7f9ec0000000 ---p 00000000 00:00 0 
7f9ec0000000-7f9ec0021000 rw-p 00000000 00:00 0 
7f9ec0021000-7f9ec4000000 ---p 00000000 00:00 0 
7f9ec4000000-7f9ec4021000 rw-p 00000000 00:00 0 
7f9ec4021000-7f9ec8000000 ---p 00000000 00:00 0 
7f9ec8000000-7f9ec82a8000 rw-p 00000000 00:00 0 
7f9ec82a8000-7f9ecc000000 ---p 00000000 00:00 0 
7f9ecc000000-7f9ecc021000 rw-p 00000000 00:00 0 
7f9ecc021000-7f9ed0000000 ---p 00000000 00:00 0 
7f9ed4000000-7f9ed4021000 rw-p 00000000 00:00 0 
7f9ed4021000-7f9ed8000000 ---p 00000000 00:00 0 
7f9ed8000000-7f9edc000000 rw-p 00000000 00:00 0 
7f9edc000000-7f9edc021000 rw-p 00000000 00:00 0 
7f9edc021000-7f9ee0000000 ---p 00000000 00:00 0 
7f9ee03e6000-7f9ee040b000 r--p 00000000 08:01 2361987                    /usr/share/locale-langpack/pl/LC_MESSAGES/libc.mo
7f9ee040b000-7f9ee040e000 ---p 00000000 00:00 0 
7f9ee040e000-7f9ee050c000 rw-p 00000000 00:00 0                          [stack:19073]
7f9ee050c000-7f9ee050f000 ---p 00000000 00:00 0 
7f9ee050f000-7f9ee060d000 rw-p 00000000 00:00 0                          [stack:19072]
7f9ee060d000-7f9ee0610000 ---p 00000000 00:00 0 
7f9ee0610000-7f9ee070e000 rw-p 00000000 00:00 0                          [stack:19071]
7f9ee070e000-7f9ee0711000 ---p 00000000 00:00 0 
7f9ee0711000-7f9ee080f000 rw-p 00000000 00:00 0                          [stack:19070]
7f9ee080f000-7f9ee0812000 ---p 00000000 00:00 0 
7f9ee0812000-7f9ee0910000 rw-p 00000000 00:00 0                          [stack:19069]
7f9ee0910000-7f9ee0a38000 r--s 00ccc000 08:01 10092625                   /home/tomasz/AndroidStudioProjects/Droppr/app/build/intermediates/transforms/jarMerging/debug/jars/1/1f/combined.jar
7f9ee0a38000-7f9ee0a39000 ---p 00000000 00:00 0 
7f9ee0a39000-7f9ee0b39000 rw-p 00000000 00:00 0                          [stack:19068]
7f9ee0b39000-7f9ee0b3c000 ---p 00000000 00:00 0 
7f9ee0b3c000-7f9ee0c3a000 rw-p 00000000 00:00 0                          [stack:19067]
7f9ee0c3a000-7f9ee0c3d000 ---p 00000000 00:00 0 
7f9ee0c3d000-7f9ee0d3b000 rw-p 00000000 00:00 0                          [stack:19066]
7f9ee0d3b000-7f9ee0d3e000 ---p 00000000 00:00 0 
7f9ee0d3e000-7f9ee0e3c000 rw-p 00000000 00:00 0                          [stack:19065]
7f9ee0e3c000-7f9ee0e3f000 ---p 00000000 00:00 0 
7f9ee0e3f000-7f9ee0f3d000 rw-p 00000000 00:00 0                          [stack:19064]
7f9ee0f3d000-7f9ee0f40000 ---p 00000000 00:00 0 
7f9ee0f40000-7f9ee103e000 rw-p 00000000 00:00 0                          [stack:19063]
7f9ee103e000-7f9ee1851000 r--p 00000000 08:01 1579663                    /usr/lib/locale/locale-archive
7f9ee1851000-7f9ee1854000 ---p 00000000 00:00 0 
7f9ee1854000-7f9ee1952000 rw-p 00000000 00:00 0                          [stack:19062]
7f9ee1952000-7f9ee1955000 ---p 00000000 00:00 0 
7f9ee1955000-7f9ee1a53000 rw-p 00000000 00:00 0                          [stack:19061]
7f9ee1a53000-7f9ee1a54000 ---p 00000000 00:00 0 
7f9ee1a54000-7f9ee2af4000 rw-p 00000000 00:00 0                          [stack:19060]
7f9ee2af4000-7f9ee2ccd000 r--s 03d20000 08:01 4069182                    /usr/lib/jvm/java-8-oracle/jre/lib/rt.jar
7f9ee2ccd000-7f9ee3403000 rw-p 00000000 00:00 0 
7f9ee3403000-7f9ee3543000 ---p 00000000 00:00 0 
7f9ee3543000-7f9ee3943000 rw-p 00000000 00:00 0 
7f9ee3943000-7f9ee3944000 ---p 00000000 00:00 0 
7f9ee3944000-7f9ee3a44000 rw-p 00000000 00:00 0                          [stack:19059]
7f9ee3a44000-7f9ee3a45000 ---p 00000000 00:00 0 
7f9ee3a45000-7f9ee3b45000 rw-p 00000000 00:00 0                          [stack:19058]
7f9ee3b45000-7f9ee3b46000 ---p 00000000 00:00 0 
7f9ee3b46000-7f9ee3c46000 rw-p 00000000 00:00 0                          [stack:19057]
7f9ee3c46000-7f9ee3c47000 ---p 00000000 00:00 0 
7f9ee3c47000-7f9ee3e6d000 rw-p 00000000 00:00 0                          [stack:19056]
7f9ee3e6d000-7f9ee3ff2000 ---p 00000000 00:00 0 
7f9ee3ff2000-7f9ee4118000 rw-p 00000000 00:00 0 
7f9ee4118000-7f9ee429c000 ---p 00000000 00:00 0 
7f9ee429c000-7f9ee43f2000 rw-p 00000000 00:00 0 
7f9ee43f2000-7f9ee4422000 rw-p 00000000 00:00 0 
7f9ee4422000-7f9ee47b3000 ---p 00000000 00:00 0 
7f9ee47b3000-7f9ee5373000 rwxp 00000000 00:00 0 
7f9ee5373000-7f9ef37b3000 ---p 00000000 00:00 0 
7f9ef37b3000-7f9ef37cd000 r-xp 00000000 08:01 4069168                    /usr/lib/jvm/java-8-oracle/jre/lib/amd64/libzip.so
7f9ef37cd000-7f9ef39cd000 ---p 0001a000 08:01 4069168                    /usr/lib/jvm/java-8-oracle/jre/lib/amd64/libzip.so
7f9ef39cd000-7f9ef39ce000 rw-p 0001a000 08:01 4069168                    /usr/lib/jvm/java-8-oracle/jre/lib/amd64/libzip.so
7f9ef39ce000-7f9ef39d9000 r-xp 00000000 08:01 5771445                    /lib/x86_64-linux-gnu/libnss_files-2.19.so
7f9ef39d9000-7f9ef3bd8000 ---p 0000b000 08:01 5771445                    /lib/x86_64-linux-gnu/libnss_files-2.19.so
7f9ef3bd8000-7f9ef3bd9000 r--p 0000a000 08:01 5771445                    /lib/x86_64-linux-gnu/libnss_files-2.19.so
7f9ef3bd9000-7f9ef3bda000 rw-p 0000b000 08:01 5771445                    /lib/x86_64-linux-gnu/libnss_files-2.19.so
7f9ef3bda000-7f9ef3be5000 r-xp 00000000 08:01 5771455                    /lib/x86_64-linux-gnu/libnss_nis-2.19.so
7f9ef3be5000-7f9ef3de4000 ---p 0000b000 08:01 5771455                    /lib/x86_64-linux-gnu/libnss_nis-2.19.so
7f9ef3de4000-7f9ef3de5000 r--p 0000a000 08:01 5771455                    /lib/x86_64-linux-gnu/libnss_nis-2.19.so
7f9ef3de5000-7f9ef3de6000 rw-p 0000b000 08:01 5771455                    /lib/x86_64-linux-gnu/libnss_nis-2.19.so
7f9ef3de6000-7f9ef3dfd000 r-xp 00000000 08:01 5771439                    /lib/x86_64-linux-gnu/libnsl-2.19.so
7f9ef3dfd000-7f9ef3ffc000 ---p 00017000 08:01 5771439                    /lib/x86_64-linux-gnu/libnsl-2.19.so
7f9ef3ffc000-7f9ef3ffd000 r--p 00016000 08:01 5771439                    /lib/x86_64-linux-gnu/libnsl-2.19.so
7f9ef3ffd000-7f9ef3ffe000 rw-p 00017000 08:01 5771439                    /lib/x86_64-linux-gnu/libnsl-2.19.so
7f9ef3ffe000-7f9ef4000000 rw-p 00000000 00:00 0 
7f9ef4000000-7f9ef442f000 rw-p 00000000 00:00 0 
7f9ef442f000-7f9ef8000000 ---p 00000000 00:00 0 
7f9ef8007000-7f9ef8049000 rw-p 00000000 00:00 0 
7f9ef8049000-7f9ef8052000 r-xp 00000000 08:01 5771441                    /lib/x86_64-linux-gnu/libnss_compat-2.19.so
7f9ef8052000-7f9ef8251000 ---p 00009000 08:01 5771441                    /lib/x86_64-linux-gnu/libnss_compat-2.19.so
7f9ef8251000-7f9ef8252000 r--p 00008000 08:01 5771441                    /lib/x86_64-linux-gnu/libnss_compat-2.19.so
7f9ef8252000-7f9ef8253000 rw-p 00009000 08:01 5771441                    /lib/x86_64-linux-gnu/libnss_compat-2.19.so
7f9ef8253000-7f9ef827d000 r-xp 00000000 08:01 4069157                    /usr/lib/jvm/java-8-oracle/jre/lib/amd64/libjava.so
7f9ef827d000-7f9ef847d000 ---p 0002a000 08:01 4069157                    /usr/lib/jvm/java-8-oracle/jre/lib/amd64/libjava.so
7f9ef847d000-7f9ef847f000 rw-p 0002a000 08:01 4069157                    /usr/lib/jvm/java-8-oracle/jre/lib/amd64/libjava.so
7f9ef847f000-7f9ef848c000 r-xp 00000000 08:01 4069118                    /usr/lib/jvm/java-8-oracle/jre/lib/amd64/libverify.so
7f9ef848c000-7f9ef868c000 ---p 0000d000 08:01 4069118                    /usr/lib/jvm/java-8-oracle/jre/lib/amd64/libverify.so
7f9ef868c000-7f9ef868e000 rw-p 0000d000 08:01 4069118                    /usr/lib/jvm/java-8-oracle/jre/lib/amd64/libverify.so
7f9ef868e000-7f9ef8695000 r-xp 00000000 08:01 5771498                    /lib/x86_64-linux-gnu/librt-2.19.so
7f9ef8695000-7f9ef8894000 ---p 00007000 08:01 5771498                    /lib/x86_64-linux-gnu/librt-2.19.so
7f9ef8894000-7f9ef8895000 r--p 00006000 08:01 5771498                    /lib/x86_64-linux-gnu/librt-2.19.so
7f9ef8895000-7f9ef8896000 rw-p 00007000 08:01 5771498                    /lib/x86_64-linux-gnu/librt-2.19.so
7f9ef8896000-7f9ef899b000 r-xp 00000000 08:01 5771420                    /lib/x86_64-linux-gnu/libm-2.19.so
7f9ef899b000-7f9ef8b9a000 ---p 00105000 08:01 5771420                    /lib/x86_64-linux-gnu/libm-2.19.so
7f9ef8b9a000-7f9ef8b9b000 r--p 00104000 08:01 5771420                    /lib/x86_64-linux-gnu/libm-2.19.so
7f9ef8b9b000-7f9ef8b9c000 rw-p 00105000 08:01 5771420                    /lib/x86_64-linux-gnu/libm-2.19.so
7f9ef8b9c000-7f9ef985a000 r-xp 00000000 08:01 4069167                    /usr/lib/jvm/java-8-oracle/jre/lib/amd64/server/libjvm.so
7f9ef985a000-7f9ef9a59000 ---p 00cbe000 08:01 4069167                    /usr/lib/jvm/java-8-oracle/jre/lib/amd64/server/libjvm.so
7f9ef9a59000-7f9ef9b32000 rw-p 00cbd000 08:01 4069167                    /usr/lib/jvm/java-8-oracle/jre/lib/amd64/server/libjvm.so
7f9ef9b32000-7f9ef9b76000 rw-p 00000000 00:00 0 
7f9ef9b76000-7f9ef9d31000 r-xp 00000000 08:01 5771370                    /lib/x86_64-linux-gnu/libc-2.19.so
7f9ef9d31000-7f9ef9f30000 ---p 001bb000 08:01 5771370                    /lib/x86_64-linux-gnu/libc-2.19.so
7f9ef9f30000-7f9ef9f34000 r--p 001ba000 08:01 5771370                    /lib/x86_64-linux-gnu/libc-2.19.so
7f9ef9f34000-7f9ef9f36000 rw-p 001be000 08:01 5771370                    /lib/x86_64-linux-gnu/libc-2.19.so
7f9ef9f36000-7f9ef9f3b000 rw-p 00000000 00:00 0 
7f9ef9f3b000-7f9ef9f3e000 r-xp 00000000 08:01 5771387                    /lib/x86_64-linux-gnu/libdl-2.19.so
7f9ef9f3e000-7f9efa13d000 ---p 00003000 08:01 5771387                    /lib/x86_64-linux-gnu/libdl-2.19.so
7f9efa13d000-7f9efa13e000 r--p 00002000 08:01 5771387                    /lib/x86_64-linux-gnu/libdl-2.19.so
7f9efa13e000-7f9efa13f000 rw-p 00003000 08:01 5771387                    /lib/x86_64-linux-gnu/libdl-2.19.so
7f9efa13f000-7f9efa154000 r-xp 00000000 08:01 4727160                    /usr/lib/jvm/java-8-oracle/lib/amd64/jli/libjli.so
7f9efa154000-7f9efa354000 ---p 00015000 08:01 4727160                    /usr/lib/jvm/java-8-oracle/lib/amd64/jli/libjli.so
7f9efa354000-7f9efa355000 rw-p 00015000 08:01 4727160                    /usr/lib/jvm/java-8-oracle/lib/amd64/jli/libjli.so
7f9efa355000-7f9efa36e000 r-xp 00000000 08:01 5771490                    /lib/x86_64-linux-gnu/libpthread-2.19.so
7f9efa36e000-7f9efa56d000 ---p 00019000 08:01 5771490                    /lib/x86_64-linux-gnu/libpthread-2.19.so
7f9efa56d000-7f9efa56e000 r--p 00018000 08:01 5771490                    /lib/x86_64-linux-gnu/libpthread-2.19.so
7f9efa56e000-7f9efa56f000 rw-p 00019000 08:01 5771490                    /lib/x86_64-linux-gnu/libpthread-2.19.so
7f9efa56f000-7f9efa573000 rw-p 00000000 00:00 0 
7f9efa573000-7f9efa596000 r-xp 00000000 08:01 5771346                    /lib/x86_64-linux-gnu/ld-2.19.so
7f9efa59e000-7f9efa5a5000 r--s 00000000 08:01 1967077                    /usr/lib/x86_64-linux-gnu/gconv/gconv-modules.cache
7f9efa5a5000-7f9efa671000 rw-p 00000000 00:00 0 
7f9efa671000-7f9efa674000 ---p 00000000 00:00 0 
7f9efa674000-7f9efa776000 rw-p 00000000 00:00 0                          [stack:19051]
7f9efa779000-7f9efa77a000 rw-p 00000000 00:00 0 
7f9efa77a000-7f9efa789000 r--s 000df000 08:01 656243                     /home/tomasz/Android/Sdk/build-tools/23.0.1/lib/dx.jar
7f9efa789000-7f9efa791000 rw-s 00000000 08:01 6034041                    /tmp/hsperfdata_tomasz/19050
7f9efa791000-7f9efa792000 rw-p 00000000 00:00 0 
7f9efa792000-7f9efa793000 ---p 00000000 00:00 0 
7f9efa793000-7f9efa795000 rw-p 00000000 00:00 0 
7f9efa795000-7f9efa796000 r--p 00022000 08:01 5771346                    /lib/x86_64-linux-gnu/ld-2.19.so
7f9efa796000-7f9efa797000 rw-p 00023000 08:01 5771346                    /lib/x86_64-linux-gnu/ld-2.19.so
7f9efa797000-7f9efa798000 rw-p 00000000 00:00 0 
7ffc28131000-7ffc28152000 rw-p 00000000 00:00 0                          [stack]
7ffc2816d000-7ffc2816f000 r--p 00000000 00:00 0                          [vvar]
7ffc2816f000-7ffc28171000 r-xp 00000000 00:00 0                          [vdso]
ffffffffff600000-ffffffffff601000 r-xp 00000000 00:00 0                  [vsyscall]

VM Arguments:
jvm_args: -Djava.awt.headless=true -Xmx2g -Dfile.encoding=UTF-8 -Duser.country=PL -Duser.language=pl -Duser.variant 
java_command: com.android.dx.command.Main --dex --num-threads=4 --multi-dex --main-dex-list /home/tomasz/AndroidStudioProjects/Droppr/app/build/intermediates/multi-dex/debug/maindexlist.txt --output /home/tomasz/AndroidStudioProjects/Droppr/app/build/intermediates/transforms/dex/debug/folders/1000/1f/main /home/tomasz/AndroidStudioProjects/Droppr/app/build/intermediates/transforms/jarMerging/debug/jars/1/1f/combined.jar
java_class_path (initial): /home/tomasz/Android/Sdk/build-tools/23.0.1/lib/dx.jar
Launcher Type: SUN_STANDARD

Environment Variables:
PATH=/usr/local/sbin:/usr/local/bin:/usr/sbin:/usr/bin:/sbin:/bin:/usr/games:/usr/local/games
LD_LIBRARY_PATH=/opt/android-studio/bin:
SHELL=/bin/bash
DISPLAY=:0

Signal Handlers:
SIGSEGV: [libjvm.so+0xaba2a0], sa_mask[0]=11111111011111111101111111111110, sa_flags=SA_RESTART|SA_SIGINFO
SIGBUS: [libjvm.so+0xaba2a0], sa_mask[0]=11111111011111111101111111111110, sa_flags=SA_RESTART|SA_SIGINFO
SIGFPE: [libjvm.so+0x917710], sa_mask[0]=11111111011111111101111111111110, sa_flags=SA_RESTART|SA_SIGINFO
SIGPIPE: [libjvm.so+0x917710], sa_mask[0]=11111111011111111101111111111110, sa_flags=SA_RESTART|SA_SIGINFO
SIGXFSZ: [libjvm.so+0x917710], sa_mask[0]=11111111011111111101111111111110, sa_flags=SA_RESTART|SA_SIGINFO
SIGILL: [libjvm.so+0x917710], sa_mask[0]=11111111011111111101111111111110, sa_flags=SA_RESTART|SA_SIGINFO
SIGUSR1: SIG_DFL, sa_mask[0]=00000000000000000000000000000000, sa_flags=none
SIGUSR2: [libjvm.so+0x918d40], sa_mask[0]=00100000000000000000000000000000, sa_flags=SA_RESTART|SA_SIGINFO
SIGHUP: [libjvm.so+0x91a140], sa_mask[0]=11111111011111111101111111111110, sa_flags=SA_RESTART|SA_SIGINFO
SIGINT: [libjvm.so+0x91a140], sa_mask[0]=11111111011111111101111111111110, sa_flags=SA_RESTART|SA_SIGINFO
SIGTERM: [libjvm.so+0x91a140], sa_mask[0]=11111111011111111101111111111110, sa_flags=SA_RESTART|SA_SIGINFO
SIGQUIT: [libjvm.so+0x91a140], sa_mask[0]=11111111011111111101111111111110, sa_flags=SA_RESTART|SA_SIGINFO


---------------  S Y S T E M  ---------------

OS:DISTRIB_ID=Ubuntu
DISTRIB_RELEASE=14.04
DISTRIB_CODENAME=trusty
DISTRIB_DESCRIPTION="Ubuntu 14.04.3 LTS"

uname:Linux 3.19.0-33-generic #38~14.04.1-Ubuntu SMP Fri Nov 6 18:17:28 UTC 2015 x86_64
libc:glibc 2.19 NPTL 2.19 
rlimit: STACK 8192k, CORE 0k, NPROC 23202, NOFILE 4096, AS infinity
load average:5,86 2,72 1,76

/proc/meminfo:
MemTotal:        5961336 kB
MemFree:          119736 kB
MemAvailable:      92128 kB
Buffers:            3084 kB
Cached:           482688 kB
SwapCached:            0 kB
Active:          5248760 kB
Inactive:         407032 kB
Active(anon):    5207232 kB
Inactive(anon):   375172 kB
Active(file):      41528 kB
Inactive(file):    31860 kB
Unevictable:         592 kB
Mlocked:             592 kB
SwapTotal:             0 kB
SwapFree:              0 kB
Dirty:               420 kB
Writeback:             0 kB
AnonPages:       5171052 kB
Mapped:           163476 kB
Shmem:            412000 kB
Slab:              76760 kB
SReclaimable:      40316 kB
SUnreclaim:        36444 kB
KernelStack:       11440 kB
PageTables:        50180 kB
NFS_Unstable:          0 kB
Bounce:                0 kB
WritebackTmp:          0 kB
CommitLimit:     2980668 kB
Committed_AS:   10122512 kB
VmallocTotal:   34359738367 kB
VmallocUsed:      551992 kB
VmallocChunk:   34359162332 kB
HardwareCorrupted:     0 kB
AnonHugePages:   3649536 kB
CmaTotal:              0 kB
CmaFree:               0 kB
HugePages_Total:       0
HugePages_Free:        0
HugePages_Rsvd:        0
HugePages_Surp:        0
Hugepagesize:       2048 kB
DirectMap4k:      151808 kB
DirectMap2M:     5988352 kB


CPU:total 4 (2 cores per cpu, 2 threads per core) family 6 model 42 stepping 7, cmov, cx8, fxsr, mmx, sse, sse2, sse3, ssse3, sse4.1, sse4.2, popcnt, avx, aes, clmul, ht, tsc, tscinvbit

/proc/cpuinfo:
processor	: 0
vendor_id	: GenuineIntel
cpu family	: 6
model		: 42
model name	: Intel(R) Core(TM) i5-2450M CPU @ 2.50GHz
stepping	: 7
microcode	: 0x25
cpu MHz		: 2900.000
cache size	: 3072 KB
physical id	: 0
siblings	: 4
core id		: 0
cpu cores	: 2
apicid		: 0
initial apicid	: 0
fpu		: yes
fpu_exception	: yes
cpuid level	: 13
wp		: yes
flags		: fpu vme de pse tsc msr pae mce cx8 apic sep mtrr pge mca cmov pat pse36 clflush dts acpi mmx fxsr sse sse2 ss ht tm pbe syscall nx rdtscp lm constant_tsc arch_perfmon pebs bts rep_good nopl xtopology nonstop_tsc aperfmperf eagerfpu pni pclmulqdq dtes64 monitor ds_cpl vmx est tm2 ssse3 cx16 xtpr pdcm pcid sse4_1 sse4_2 x2apic popcnt tsc_deadline_timer aes xsave avx lahf_lm ida arat epb pln pts dtherm tpr_shadow vnmi flexpriority ept vpid xsaveopt
bugs		:
bogomips	: 4988.68
clflush size	: 64
cache_alignment	: 64
address sizes	: 36 bits physical, 48 bits virtual
power management:

processor	: 1
vendor_id	: GenuineIntel
cpu family	: 6
model		: 42
model name	: Intel(R) Core(TM) i5-2450M CPU @ 2.50GHz
stepping	: 7
microcode	: 0x25
cpu MHz		: 3085.253
cache size	: 3072 KB
physical id	: 0
siblings	: 4
core id		: 0
cpu cores	: 2
apicid		: 1
initial apicid	: 1
fpu		: yes
fpu_exception	: yes
cpuid level	: 13
wp		: yes
flags		: fpu vme de pse tsc msr pae mce cx8 apic sep mtrr pge mca cmov pat pse36 clflush dts acpi mmx fxsr sse sse2 ss ht tm pbe syscall nx rdtscp lm constant_tsc arch_perfmon pebs bts rep_good nopl xtopology nonstop_tsc aperfmperf eagerfpu pni pclmulqdq dtes64 monitor ds_cpl vmx est tm2 ssse3 cx16 xtpr pdcm pcid sse4_1 sse4_2 x2apic popcnt tsc_deadline_timer aes xsave avx lahf_lm ida arat epb pln pts dtherm tpr_shadow vnmi flexpriority ept vpid xsaveopt
bugs		:
bogomips	: 4988.68
clflush size	: 64
cache_alignment	: 64
address sizes	: 36 bits physical, 48 bits virtual
power management:

processor	: 2
vendor_id	: GenuineIntel
cpu family	: 6
model		: 42
model name	: Intel(R) Core(TM) i5-2450M CPU @ 2.50GHz
stepping	: 7
microcode	: 0x25
cpu MHz		: 2900.000
cache size	: 3072 KB
physical id	: 0
siblings	: 4
core id		: 1
cpu cores	: 2
apicid		: 2
initial apicid	: 2
fpu		: yes
fpu_exception	: yes
cpuid level	: 13
wp		: yes
flags		: fpu vme de pse tsc msr pae mce cx8 apic sep mtrr pge mca cmov pat pse36 clflush dts acpi mmx fxsr sse sse2 ss ht tm pbe syscall nx rdtscp lm constant_tsc arch_perfmon pebs bts rep_good nopl xtopology nonstop_tsc aperfmperf eagerfpu pni pclmulqdq dtes64 monitor ds_cpl vmx est tm2 ssse3 cx16 xtpr pdcm pcid sse4_1 sse4_2 x2apic popcnt tsc_deadline_timer aes xsave avx lahf_lm ida arat epb pln pts dtherm tpr_shadow vnmi flexpriority ept vpid xsaveopt
bugs		:
bogomips	: 4988.68
clflush size	: 64
cache_alignment	: 64
address sizes	: 36 bits physical, 48 bits virtual
power management:

processor	: 3
vendor_id	: GenuineIntel
cpu family	: 6
model		: 42
model name	: Intel(R) Core(TM) i5-2450M CPU @ 2.50GHz
stepping	: 7
microcode	: 0x25
cpu MHz		: 2900.000
cache size	: 3072 KB
physical id	: 0
siblings	: 4
core id		: 1
cpu cores	: 2
apicid		: 3
initial apicid	: 3
fpu		: yes
fpu_exception	: yes
cpuid level	: 13
wp		: yes
flags		: fpu vme de pse tsc msr pae mce cx8 apic sep mtrr pge mca cmov pat pse36 clflush dts acpi mmx fxsr sse sse2 ss ht tm pbe syscall nx rdtscp lm constant_tsc arch_perfmon pebs bts rep_good nopl xtopology nonstop_tsc aperfmperf eagerfpu pni pclmulqdq dtes64 monitor ds_cpl vmx est tm2 ssse3 cx16 xtpr pdcm pcid sse4_1 sse4_2 x2apic popcnt tsc_deadline_timer aes xsave avx lahf_lm ida arat epb pln pts dtherm tpr_shadow vnmi flexpriority ept vpid xsaveopt
bugs		:
bogomips	: 4988.68
clflush size	: 64
cache_alignment	: 64
address sizes	: 36 bits physical, 48 bits virtual
power management:



Memory: 4k page, physical 5961336k(119736k free), swap 0k(0k free)

vm_info: Java HotSpot(TM) 64-Bit Server VM (25.66-b17) for linux-amd64 JRE (1.8.0_66-b17), built on Oct  6 2015 17:28:34 by "java_re" with gcc 4.3.0 20080428 (Red Hat 4.3.0-8)

time: Sat Nov 21 08:58:35 2015
elapsed time: 28 seconds (0d 0h 0m 28s)

