#
# There is insufficient memory for the Java Runtime Environment to continue.
# Native memory allocation (mmap) failed to map 159907840 bytes for committing reserved memory.
# Possible reasons:
#   The system is out of physical RAM or swap space
#   In 32 bit mode, the process size limit was hit
# Possible solutions:
#   Reduce memory load on the system
#   Increase physical memory or swap space
#   Check if swap backing store is full
#   Use 64 bit Java on a 64 bit OS
#   Decrease Java heap size (-Xmx/-Xms)
#   Decrease number of Java threads
#   Decrease Java thread stack sizes (-Xss)
#   Set larger code cache with -XX:ReservedCodeCacheSize=
# This output file may be truncated or incomplete.
#
#  Out of Memory Error (os_linux.cpp:2627), pid=7067, tid=139977831737088
#
# JRE version: Java(TM) SE Runtime Environment (8.0_66-b17) (build 1.8.0_66-b17)
# Java VM: Java HotSpot(TM) 64-Bit Server VM (25.66-b17 mixed mode linux-amd64 compressed oops)
# Failed to write core dump. Core dumps have been disabled. To enable core dumping, try "ulimit -c unlimited" before starting Java again
#

---------------  T H R E A D  ---------------

Current thread (0x00007f4f30078000):  VMThread [stack: 0x00007f4f20dfe000,0x00007f4f20eff000] [id=7077]

Stack: [0x00007f4f20dfe000,0x00007f4f20eff000],  sp=0x00007f4f20efcfe0,  free space=1019k
Native frames: (J=compiled Java code, j=interpreted, Vv=VM code, C=native code)
V  [libjvm.so+0xab9a1a]  VMError::report_and_die()+0x2ba
V  [libjvm.so+0x4f9e0b]  report_vm_out_of_memory(char const*, int, unsigned long, VMErrorType, char const*)+0x8b
V  [libjvm.so+0x91a8a3]  os::Linux::commit_memory_impl(char*, unsigned long, bool)+0x103
V  [libjvm.so+0x91adf9]  os::pd_commit_memory(char*, unsigned long, unsigned long, bool)+0x29
V  [libjvm.so+0x91510a]  os::commit_memory(char*, unsigned long, unsigned long, bool)+0x2a
V  [libjvm.so+0x9887a3]  PSVirtualSpace::expand_by(unsigned long)+0x53
V  [libjvm.so+0x979090]  PSOldGen::expand(unsigned long)+0x170
V  [libjvm.so+0x97929b]  PSOldGen::resize(unsigned long)+0x1cb
V  [libjvm.so+0x980f71]  PSParallelCompact::invoke_no_policy(bool)+0x991
V  [libjvm.so+0x9868cd]  PSScavenge::invoke()+0x1ad
V  [libjvm.so+0x93e500]  ParallelScavengeHeap::failed_mem_allocate(unsigned long)+0x70
V  [libjvm.so+0xabb437]  VM_ParallelGCFailedAllocation::doit()+0x97
V  [libjvm.so+0xac2e65]  VM_Operation::evaluate()+0x55
V  [libjvm.so+0xac123a]  VMThread::evaluate_operation(VM_Operation*)+0xba
V  [libjvm.so+0xac15be]  VMThread::loop()+0x1ce
V  [libjvm.so+0xac1a30]  VMThread::run()+0x70
V  [libjvm.so+0x91cc68]  java_start(Thread*)+0x108

VM_Operation (0x00007f4f1b8d1fa0): ParallelGCFailedAllocation, mode: safepoint, requested by thread 0x00007f4f3019c800


---------------  P R O C E S S  ---------------

Java Threads: ( => current thread )
  0x00007f4f3019e000 JavaThread "pool-2-thread-4" [_thread_blocked, id=7093, stack(0x00007f4f1b6d2000,0x00007f4f1b7d3000)]
  0x00007f4f3019c800 JavaThread "pool-2-thread-3" [_thread_blocked, id=7092, stack(0x00007f4f1b7d3000,0x00007f4f1b8d4000)]
  0x00007f4f3019a800 JavaThread "pool-2-thread-2" [_thread_blocked, id=7091, stack(0x00007f4f1b8d4000,0x00007f4f1b9d5000)]
  0x00007f4f30199000 JavaThread "pool-3-thread-1" [_thread_blocked, id=7090, stack(0x00007f4f1b9d5000,0x00007f4f1bad6000)]
  0x00007f4f30197000 JavaThread "pool-2-thread-1" [_thread_blocked, id=7089, stack(0x00007f4f1bad6000,0x00007f4f1bbd7000)]
  0x00007f4f300ca800 JavaThread "Service Thread" daemon [_thread_blocked, id=7087, stack(0x00007f4f1bdfe000,0x00007f4f1beff000)]
  0x00007f4f300bd800 JavaThread "C1 CompilerThread2" daemon [_thread_blocked, id=7086, stack(0x00007f4f1beff000,0x00007f4f1c000000)]
  0x00007f4f300bb800 JavaThread "C2 CompilerThread1" daemon [_thread_blocked, id=7085, stack(0x00007f4f200e6000,0x00007f4f201e7000)]
  0x00007f4f300b8800 JavaThread "C2 CompilerThread0" daemon [_thread_in_native, id=7084, stack(0x00007f4f201e7000,0x00007f4f202e8000)]
  0x00007f4f300b7800 JavaThread "Signal Dispatcher" daemon [_thread_blocked, id=7083, stack(0x00007f4f202e8000,0x00007f4f203e9000)]
  0x00007f4f3007f000 JavaThread "Finalizer" daemon [_thread_blocked, id=7079, stack(0x00007f4f20bfc000,0x00007f4f20cfd000)]
  0x00007f4f3007d000 JavaThread "Reference Handler" daemon [_thread_blocked, id=7078, stack(0x00007f4f20cfd000,0x00007f4f20dfe000)]
  0x00007f4f3000a000 JavaThread "main" [_thread_blocked, id=7072, stack(0x00007f4f39a5d000,0x00007f4f39b5e000)]

Other Threads:
=>0x00007f4f30078000 VMThread [stack: 0x00007f4f20dfe000,0x00007f4f20eff000] [id=7077]
  0x00007f4f300cd800 WatcherThread [stack: 0x00007f4f1bcfd000,0x00007f4f1bdfe000] [id=7088]

VM state:at safepoint (normal execution)

VM Mutex/Monitor currently owned by a thread:  ([mutex/lock_event])
[0x00007f4f30005ed0] ExpandHeap_lock - owner thread: 0x00007f4f30078000
[0x00007f4f30006550] Threads_lock - owner thread: 0x00007f4f30078000
[0x00007f4f30006a50] Heap_lock - owner thread: 0x00007f4f3019c800

Heap:
 PSYoungGen      total 465920K, used 0K [0x00000000d5580000, 0x0000000100000000, 0x0000000100000000)
  eden space 232960K, 0% used [0x00000000d5580000,0x00000000d5580000,0x00000000e3900000)
  from space 232960K, 0% used [0x00000000e3900000,0x00000000e3900000,0x00000000f1c80000)
  to   space 232960K, 0% used [0x00000000f1c80000,0x00000000f1c80000,0x0000000100000000)
 ParOldGen       total 839168K, used 643580K [0x0000000080000000, 0x00000000b3380000, 0x00000000d5580000)
  object space 839168K, 76% used [0x0000000080000000,0x00000000a747f0c0,0x00000000b3380000)
 Metaspace       used 6451K, capacity 7282K, committed 7552K, reserved 1056768K
  class space    used 607K, capacity 618K, committed 640K, reserved 1048576K

Card table byte_map: [0x00007f4f36427000,0x00007f4f36828000] byte_map_base: 0x00007f4f36027000

Marking Bits: (ParMarkBitMap*) 0x00007f4f38f37020
 Begin Bits: [0x00007f4f10000000, 0x00007f4f12000000)
 End Bits:   [0x00007f4f12000000, 0x00007f4f14000000)

Polling page: 0x00007f4f39b7e000

CodeCache: size=245760Kb used=9656Kb max_used=10861Kb free=236103Kb
 bounds [0x00007f4f21000000, 0x00007f4f21ae0000, 0x00007f4f30000000]
 total_blobs=2426 nmethods=2157 adapters=182
 compilation: enabled

Compilation events (10 events):
Event: 36,485 Thread 0x00007f4f300bb800 nmethod 1659% 0x00007f4f212dcb10 code [0x00007f4f212dcc80, 0x00007f4f212dcf18]
Event: 36,485 Thread 0x00007f4f300bb800 1660 %     4       com.android.dx.ssa.PhiTypeResolver::run @ 10 (179 bytes)
Event: 38,097 Thread 0x00007f4f300bb800 nmethod 1660% 0x00007f4f218d5310 code [0x00007f4f218d5980, 0x00007f4f218da360]
Event: 38,097 Thread 0x00007f4f300bb800 1633 %     4       com.android.dx.cf.code.BytecodeArray::processWorkSet @ 14 (50 bytes)
Event: 38,105 Thread 0x00007f4f300bb800 nmethod 1633% 0x00007f4f2121afd0 code [0x00007f4f2121b140, 0x00007f4f2121b408]
Event: 38,105 Thread 0x00007f4f300bb800 1673 %     4       com.android.dx.ssa.SsaConverter::edgeSplitMoveExceptionsAndResults @ 12 (157 bytes)
Event: 38,321 Thread 0x00007f4f300bb800 nmethod 1673% 0x00007f4f21627290 code [0x00007f4f216276c0, 0x00007f4f2162ac48]
Event: 38,321 Thread 0x00007f4f300bb800 1703 %     4       com.android.dx.cf.code.Ropper::getRopMethod @ 19 (64 bytes)
Event: 38,359 Thread 0x00007f4f300bb800 nmethod 1703% 0x00007f4f2121ff10 code [0x00007f4f21220120, 0x00007f4f21220cd8]
Event: 38,360 Thread 0x00007f4f300bb800 2802       4       com.android.dx.ssa.SsaConverter::placePhiFunctions (394 bytes)

GC Heap History (10 events):
Event: 26,981 GC heap after
Heap after GC invocations=20 (full 4):
 PSYoungGen      total 523264K, used 105533K [0x00000000d5580000, 0x0000000100000000, 0x0000000100000000)
  eden space 361984K, 0% used [0x00000000d5580000,0x00000000d5580000,0x00000000eb700000)
  from space 161280K, 65% used [0x00000000f6280000,0x00000000fc98f770,0x0000000100000000)
  to   space 168448K, 0% used [0x00000000eb700000,0x00000000eb700000,0x00000000f5b80000)
 ParOldGen       total 572928K, used 408668K [0x0000000080000000, 0x00000000a2f80000, 0x00000000d5580000)
  object space 572928K, 71% used [0x0000000080000000,0x0000000098f171f0,0x00000000a2f80000)
 Metaspace       used 6442K, capacity 7282K, committed 7552K, reserved 1056768K
  class space    used 606K, capacity 618K, committed 640K, reserved 1048576K
}
Event: 29,919 GC heap before
{Heap before GC invocations=21 (full 4):
 PSYoungGen      total 523264K, used 467517K [0x00000000d5580000, 0x0000000100000000, 0x0000000100000000)
  eden space 361984K, 100% used [0x00000000d5580000,0x00000000eb700000,0x00000000eb700000)
  from space 161280K, 65% used [0x00000000f6280000,0x00000000fc98f770,0x0000000100000000)
  to   space 168448K, 0% used [0x00000000eb700000,0x00000000eb700000,0x00000000f5b80000)
 ParOldGen       total 572928K, used 408668K [0x0000000080000000, 0x00000000a2f80000, 0x00000000d5580000)
  object space 572928K, 71% used [0x0000000080000000,0x0000000098f171f0,0x00000000a2f80000)
 Metaspace       used 6450K, capacity 7282K, committed 7552K, reserved 1056768K
  class space    used 607K, capacity 618K, committed 640K, reserved 1048576K
Event: 30,295 GC heap after
Heap after GC invocations=21 (full 4):
 PSYoungGen      total 530432K, used 168433K [0x00000000d5580000, 0x0000000100000000, 0x0000000100000000)
  eden space 361984K, 0% used [0x00000000d5580000,0x00000000d5580000,0x00000000eb700000)
  from space 168448K, 99% used [0x00000000eb700000,0x00000000f5b7c778,0x00000000f5b80000)
  to   space 168448K, 0% used [0x00000000f5b80000,0x00000000f5b80000,0x0000000100000000)
 ParOldGen       total 572928K, used 513670K [0x0000000080000000, 0x00000000a2f80000, 0x00000000d5580000)
  object space 572928K, 89% used [0x0000000080000000,0x000000009f5a1aa8,0x00000000a2f80000)
 Metaspace       used 6450K, capacity 7282K, committed 7552K, reserved 1056768K
  class space    used 607K, capacity 618K, committed 640K, reserved 1048576K
}
Event: 30,295 GC heap before
{Heap before GC invocations=22 (full 5):
 PSYoungGen      total 530432K, used 168433K [0x00000000d5580000, 0x0000000100000000, 0x0000000100000000)
  eden space 361984K, 0% used [0x00000000d5580000,0x00000000d5580000,0x00000000eb700000)
  from space 168448K, 99% used [0x00000000eb700000,0x00000000f5b7c778,0x00000000f5b80000)
  to   space 168448K, 0% used [0x00000000f5b80000,0x00000000f5b80000,0x0000000100000000)
 ParOldGen       total 572928K, used 513670K [0x0000000080000000, 0x00000000a2f80000, 0x00000000d5580000)
  object space 572928K, 89% used [0x0000000080000000,0x000000009f5a1aa8,0x00000000a2f80000)
 Metaspace       used 6450K, capacity 7282K, committed 7552K, reserved 1056768K
  class space    used 607K, capacity 618K, committed 640K, reserved 1048576K
Event: 35,671 GC heap after
Heap after GC invocations=22 (full 5):
 PSYoungGen      total 530432K, used 100938K [0x00000000d5580000, 0x0000000100000000, 0x0000000100000000)
  eden space 361984K, 0% used [0x00000000d5580000,0x00000000d5580000,0x00000000eb700000)
  from space 168448K, 59% used [0x00000000eb700000,0x00000000f1992888,0x00000000f5b80000)
  to   space 168448K, 0% used [0x00000000f5b80000,0x00000000f5b80000,0x0000000100000000)
 ParOldGen       total 839168K, used 572802K [0x0000000080000000, 0x00000000b3380000, 0x00000000d5580000)
  object space 839168K, 68% used [0x0000000080000000,0x00000000a2f60818,0x00000000b3380000)
 Metaspace       used 6450K, capacity 7282K, committed 7552K, reserved 1056768K
  class space    used 607K, capacity 618K, committed 640K, reserved 1048576K
}
Event: 37,609 GC heap before
{Heap before GC invocations=23 (full 5):
 PSYoungGen      total 530432K, used 462922K [0x00000000d5580000, 0x0000000100000000, 0x0000000100000000)
  eden space 361984K, 100% used [0x00000000d5580000,0x00000000eb700000,0x00000000eb700000)
  from space 168448K, 59% used [0x00000000eb700000,0x00000000f1992888,0x00000000f5b80000)
  to   space 168448K, 0% used [0x00000000f5b80000,0x00000000f5b80000,0x0000000100000000)
 ParOldGen       total 839168K, used 572802K [0x0000000080000000, 0x00000000b3380000, 0x00000000d5580000)
  object space 839168K, 68% used [0x0000000080000000,0x00000000a2f60818,0x00000000b3380000)
 Metaspace       used 6451K, capacity 7282K, committed 7552K, reserved 1056768K
  class space    used 607K, capacity 618K, committed 640K, reserved 1048576K
Event: 38,083 GC heap after
Heap after GC invocations=23 (full 5):
 PSYoungGen      total 401408K, used 168421K [0x00000000d5580000, 0x0000000100000000, 0x0000000100000000)
  eden space 232960K, 0% used [0x00000000d5580000,0x00000000d5580000,0x00000000e3900000)
  from space 168448K, 99% used [0x00000000f5b80000,0x00000000ffff95d8,0x0000000100000000)
  to   space 232960K, 0% used [0x00000000e3900000,0x00000000e3900000,0x00000000f1c80000)
 ParOldGen       total 839168K, used 633920K [0x0000000080000000, 0x00000000b3380000, 0x00000000d5580000)
  object space 839168K, 75% used [0x0000000080000000,0x00000000a6b10318,0x00000000b3380000)
 Metaspace       used 6451K, capacity 7282K, committed 7552K, reserved 1056768K
  class space    used 607K, capacity 618K, committed 640K, reserved 1048576K
}
Event: 38,490 GC heap before
{Heap before GC invocations=24 (full 5):
 PSYoungGen      total 401408K, used 401381K [0x00000000d5580000, 0x0000000100000000, 0x0000000100000000)
  eden space 232960K, 100% used [0x00000000d5580000,0x00000000e3900000,0x00000000e3900000)
  from space 168448K, 99% used [0x00000000f5b80000,0x00000000ffff95d8,0x0000000100000000)
  to   space 232960K, 0% used [0x00000000e3900000,0x00000000e3900000,0x00000000f1c80000)
 ParOldGen       total 839168K, used 633920K [0x0000000080000000, 0x00000000b3380000, 0x00000000d5580000)
  object space 839168K, 75% used [0x0000000080000000,0x00000000a6b10318,0x00000000b3380000)
 Metaspace       used 6451K, capacity 7282K, committed 7552K, reserved 1056768K
  class space    used 607K, capacity 618K, committed 640K, reserved 1048576K
Event: 38,759 GC heap after
Heap after GC invocations=24 (full 5):
 PSYoungGen      total 465920K, used 75767K [0x00000000d5580000, 0x0000000100000000, 0x0000000100000000)
  eden space 232960K, 0% used [0x00000000d5580000,0x00000000d5580000,0x00000000e3900000)
  from space 232960K, 32% used [0x00000000e3900000,0x00000000e82fdd30,0x00000000f1c80000)
  to   space 232960K, 0% used [0x00000000f1c80000,0x00000000f1c80000,0x0000000100000000)
 ParOldGen       total 839168K, used 767679K [0x0000000080000000, 0x00000000b3380000, 0x00000000d5580000)
  object space 839168K, 91% used [0x0000000080000000,0x00000000aedaffa8,0x00000000b3380000)
 Metaspace       used 6451K, capacity 7282K, committed 7552K, reserved 1056768K
  class space    used 607K, capacity 618K, committed 640K, reserved 1048576K
}
Event: 38,759 GC heap before
{Heap before GC invocations=25 (full 6):
 PSYoungGen      total 465920K, used 75767K [0x00000000d5580000, 0x0000000100000000, 0x0000000100000000)
  eden space 232960K, 0% used [0x00000000d5580000,0x00000000d5580000,0x00000000e3900000)
  from space 232960K, 32% used [0x00000000e3900000,0x00000000e82fdd30,0x00000000f1c80000)
  to   space 232960K, 0% used [0x00000000f1c80000,0x00000000f1c80000,0x0000000100000000)
 ParOldGen       total 839168K, used 767679K [0x0000000080000000, 0x00000000b3380000, 0x00000000d5580000)
  object space 839168K, 91% used [0x0000000080000000,0x00000000aedaffa8,0x00000000b3380000)
 Metaspace       used 6451K, capacity 7282K, committed 7552K, reserved 1056768K
  class space    used 607K, capacity 618K, committed 640K, reserved 1048576K

Deoptimization events (10 events):
Event: 35,745 Thread 0x00007f4f3019e000 Uncommon trap: reason=class_check action=maybe_recompile pc=0x00007f4f21324a9c method=com.android.dx.ssa.back.InterferenceGraph.add(II)V @ 19
Event: 35,745 Thread 0x00007f4f3019e000 Uncommon trap: reason=class_check action=maybe_recompile pc=0x00007f4f21324a9c method=com.android.dx.ssa.back.InterferenceGraph.add(II)V @ 19
Event: 35,806 Thread 0x00007f4f3019e000 Uncommon trap: reason=class_check action=maybe_recompile pc=0x00007f4f21a19d8c method=com.android.dx.ssa.back.InterferenceGraph.mergeInterferenceSet(ILcom/android/dx/util/IntSet;)V @ 20
Event: 35,806 Thread 0x00007f4f3019e000 Uncommon trap: reason=class_check action=maybe_recompile pc=0x00007f4f212225b8 method=com.android.dx.util.BitIntSet.merge(Lcom/android/dx/util/IntSet;)V @ 1
Event: 35,818 Thread 0x00007f4f3019e000 Uncommon trap: reason=class_check action=maybe_recompile pc=0x00007f4f21a19d8c method=com.android.dx.ssa.back.InterferenceGraph.mergeInterferenceSet(ILcom/android/dx/util/IntSet;)V @ 20
Event: 35,818 Thread 0x00007f4f3019e000 Uncommon trap: reason=class_check action=maybe_recompile pc=0x00007f4f212225b8 method=com.android.dx.util.BitIntSet.merge(Lcom/android/dx/util/IntSet;)V @ 1
Event: 35,818 Thread 0x00007f4f3019e000 Uncommon trap: reason=class_check action=maybe_recompile pc=0x00007f4f21a19d8c method=com.android.dx.ssa.back.InterferenceGraph.mergeInterferenceSet(ILcom/android/dx/util/IntSet;)V @ 20
Event: 35,818 Thread 0x00007f4f3019e000 Uncommon trap: reason=class_check action=maybe_recompile pc=0x00007f4f212225b8 method=com.android.dx.util.BitIntSet.merge(Lcom/android/dx/util/IntSet;)V @ 1
Event: 35,823 Thread 0x00007f4f3019e000 Uncommon trap: reason=class_check action=maybe_recompile pc=0x00007f4f21a19d8c method=com.android.dx.ssa.back.InterferenceGraph.mergeInterferenceSet(ILcom/android/dx/util/IntSet;)V @ 20
Event: 35,823 Thread 0x00007f4f3019e000 Uncommon trap: reason=class_check action=maybe_recompile pc=0x00007f4f212225b8 method=com.android.dx.util.BitIntSet.merge(Lcom/android/dx/util/IntSet;)V @ 1

Internal exceptions (7 events):
Event: 0,030 Thread 0x00007f4f3000a000 Exception <a 'java/lang/NoSuchMethodError': Method sun.misc.Unsafe.defineClass(Ljava/lang/String;[BII)Ljava/lang/Class; name or signature does not match> (0x00000000d5592b98) thrown at [/HUDSON/workspace/8-2-build-linux-amd64/jdk8u66/4988/hotspot/src/shar
Event: 0,030 Thread 0x00007f4f3000a000 Exception <a 'java/lang/NoSuchMethodError': Method sun.misc.Unsafe.prefetchRead(Ljava/lang/Object;J)V name or signature does not match> (0x00000000d5592e80) thrown at [/HUDSON/workspace/8-2-build-linux-amd64/jdk8u66/4988/hotspot/src/share/vm/prims/jni.cpp
Event: 1,402 Thread 0x00007f4f3019a800 Implicit null exception at 0x00007f4f21267f62 to 0x00007f4f21268053
Event: 2,340 Thread 0x00007f4f3019c800 Exception <a 'java/lang/ArrayIndexOutOfBoundsException': 18> (0x00000000d58b7470) thrown at [/HUDSON/workspace/8-2-build-linux-amd64/jdk8u66/4988/hotspot/src/share/vm/interpreter/interpreterRuntime.cpp, line 366]
Event: 2,340 Thread 0x00007f4f3019c800 Exception <a 'java/lang/ArrayIndexOutOfBoundsException': 145> (0x00000000d58b8ff0) thrown at [/HUDSON/workspace/8-2-build-linux-amd64/jdk8u66/4988/hotspot/src/share/vm/interpreter/interpreterRuntime.cpp, line 366]
Event: 2,341 Thread 0x00007f4f3019c800 Exception <a 'java/lang/ArrayIndexOutOfBoundsException': 40> (0x00000000d58ba2d8) thrown at [/HUDSON/workspace/8-2-build-linux-amd64/jdk8u66/4988/hotspot/src/share/vm/interpreter/interpreterRuntime.cpp, line 366]
Event: 3,754 Thread 0x00007f4f30197000 Implicit null exception at 0x00007f4f21627426 to 0x00007f4f21628f75

Events (10 events):
Event: 38,449 Thread 0x00007f4f3000a000 DEOPT UNPACKING pc=0x00007f4f21047633 sp=0x00007f4f39b5b590 mode 0
Event: 38,455 Thread 0x00007f4f3019c800 DEOPT PACKING pc=0x00007f4f213db2c3 sp=0x00007f4f1b8d1f30
Event: 38,455 Thread 0x00007f4f3019c800 DEOPT UNPACKING pc=0x00007f4f21047633 sp=0x00007f4f1b8d1d10 mode 0
Event: 38,466 Thread 0x00007f4f3019c800 DEOPT PACKING pc=0x00007f4f2138abd0 sp=0x00007f4f1b8d1eb0
Event: 38,466 Thread 0x00007f4f3019c800 DEOPT UNPACKING pc=0x00007f4f21047633 sp=0x00007f4f1b8d1ce0 mode 0
Event: 38,475 Thread 0x00007f4f3019c800 DEOPT PACKING pc=0x00007f4f21401b6f sp=0x00007f4f1b8d1e80
Event: 38,475 Thread 0x00007f4f3019c800 DEOPT UNPACKING pc=0x00007f4f21047633 sp=0x00007f4f1b8d1c10 mode 0
Event: 38,476 Thread 0x00007f4f3019c800 DEOPT PACKING pc=0x00007f4f213fc70b sp=0x00007f4f1b8d1f20
Event: 38,476 Thread 0x00007f4f3019c800 DEOPT UNPACKING pc=0x00007f4f21047633 sp=0x00007f4f1b8d1cf0 mode 0
Event: 38,489 Executing VM operation: ParallelGCFailedAllocation


Dynamic libraries:
00400000-00401000 r-xp 00000000 08:01 4591374                            /usr/lib/jvm/java-8-oracle/bin/java
00600000-00601000 rw-p 00000000 08:01 4591374                            /usr/lib/jvm/java-8-oracle/bin/java
00ccb000-00cec000 rw-p 00000000 00:00 0                                  [heap]
80000000-b3380000 rw-p 00000000 00:00 0 
bcc00000-d5580000 ---p 00000000 00:00 0 
d5580000-100000000 rw-p 00000000 00:00 0 
100000000-1000a0000 rw-p 00000000 00:00 0 
1000a0000-140000000 ---p 00000000 00:00 0 
7f4ecc000000-7f4ecc03b000 rw-p 00000000 00:00 0 
7f4ecc03b000-7f4ed0000000 ---p 00000000 00:00 0 
7f4ed0000000-7f4ed0071000 rw-p 00000000 00:00 0 
7f4ed0071000-7f4ed4000000 ---p 00000000 00:00 0 
7f4ed4000000-7f4ed4034000 rw-p 00000000 00:00 0 
7f4ed4034000-7f4ed8000000 ---p 00000000 00:00 0 
7f4ed8000000-7f4ed80b8000 rw-p 00000000 00:00 0 
7f4ed80b8000-7f4edc000000 ---p 00000000 00:00 0 
7f4edc000000-7f4edc021000 rw-p 00000000 00:00 0 
7f4edc021000-7f4ee0000000 ---p 00000000 00:00 0 
7f4ee0000000-7f4ee0096000 rw-p 00000000 00:00 0 
7f4ee0096000-7f4ee4000000 ---p 00000000 00:00 0 
7f4ee4000000-7f4ee4f0a000 rw-p 00000000 00:00 0 
7f4ee4f0a000-7f4ee8000000 ---p 00000000 00:00 0 
7f4ee8000000-7f4ee8021000 rw-p 00000000 00:00 0 
7f4ee8021000-7f4eec000000 ---p 00000000 00:00 0 
7f4eec000000-7f4eedb3e000 rw-p 00000000 00:00 0 
7f4eedb3e000-7f4ef0000000 ---p 00000000 00:00 0 
7f4ef0000000-7f4ef14c6000 rw-p 00000000 00:00 0 
7f4ef14c6000-7f4ef4000000 ---p 00000000 00:00 0 
7f4ef4000000-7f4ef4021000 rw-p 00000000 00:00 0 
7f4ef4021000-7f4ef8000000 ---p 00000000 00:00 0 
7f4ef8000000-7f4ef8021000 rw-p 00000000 00:00 0 
7f4ef8021000-7f4efc000000 ---p 00000000 00:00 0 
7f4efc000000-7f4efc2b0000 rw-p 00000000 00:00 0 
7f4efc2b0000-7f4f00000000 ---p 00000000 00:00 0 
7f4f00000000-7f4f00021000 rw-p 00000000 00:00 0 
7f4f00021000-7f4f04000000 ---p 00000000 00:00 0 
7f4f04000000-7f4f04021000 rw-p 00000000 00:00 0 
7f4f04021000-7f4f08000000 ---p 00000000 00:00 0 
7f4f0c000000-7f4f0c021000 rw-p 00000000 00:00 0 
7f4f0c021000-7f4f10000000 ---p 00000000 00:00 0 
7f4f10000000-7f4f14000000 rw-p 00000000 00:00 0 
7f4f14000000-7f4f14021000 rw-p 00000000 00:00 0 
7f4f14021000-7f4f18000000 ---p 00000000 00:00 0 
7f4f1b6d2000-7f4f1b6d5000 ---p 00000000 00:00 0 
7f4f1b6d5000-7f4f1b7d3000 rw-p 00000000 00:00 0                          [stack:7093]
7f4f1b7d3000-7f4f1b7d6000 ---p 00000000 00:00 0 
7f4f1b7d6000-7f4f1b8d4000 rw-p 00000000 00:00 0                          [stack:7092]
7f4f1b8d4000-7f4f1b8d7000 ---p 00000000 00:00 0 
7f4f1b8d7000-7f4f1b9d5000 rw-p 00000000 00:00 0                          [stack:7091]
7f4f1b9d5000-7f4f1b9d8000 ---p 00000000 00:00 0 
7f4f1b9d8000-7f4f1bad6000 rw-p 00000000 00:00 0                          [stack:7090]
7f4f1bad6000-7f4f1bad9000 ---p 00000000 00:00 0 
7f4f1bad9000-7f4f1bbd7000 rw-p 00000000 00:00 0                          [stack:7089]
7f4f1bbd7000-7f4f1bcfd000 r--s 00cb4000 08:01 10093249                   /home/tomasz/AndroidStudioProjects/Droppr/app/build/intermediates/transforms/jarMerging/debug/jars/1/1f/combined.jar
7f4f1bcfd000-7f4f1bcfe000 ---p 00000000 00:00 0 
7f4f1bcfe000-7f4f1bdfe000 rw-p 00000000 00:00 0                          [stack:7088]
7f4f1bdfe000-7f4f1be01000 ---p 00000000 00:00 0 
7f4f1be01000-7f4f1beff000 rw-p 00000000 00:00 0                          [stack:7087]
7f4f1beff000-7f4f1bf02000 ---p 00000000 00:00 0 
7f4f1bf02000-7f4f1c000000 rw-p 00000000 00:00 0                          [stack:7086]
7f4f1c000000-7f4f1c021000 rw-p 00000000 00:00 0 
7f4f1c021000-7f4f20000000 ---p 00000000 00:00 0 
7f4f200e6000-7f4f200e9000 ---p 00000000 00:00 0 
7f4f200e9000-7f4f201e7000 rw-p 00000000 00:00 0                          [stack:7085]
7f4f201e7000-7f4f201ea000 ---p 00000000 00:00 0 
7f4f201ea000-7f4f202e8000 rw-p 00000000 00:00 0                          [stack:7084]
7f4f202e8000-7f4f202eb000 ---p 00000000 00:00 0 
7f4f202eb000-7f4f203e9000 rw-p 00000000 00:00 0                          [stack:7083]
7f4f203e9000-7f4f20bfc000 r--p 00000000 08:01 1579663                    /usr/lib/locale/locale-archive
7f4f20bfc000-7f4f20bff000 ---p 00000000 00:00 0 
7f4f20bff000-7f4f20cfd000 rw-p 00000000 00:00 0                          [stack:7079]
7f4f20cfd000-7f4f20d00000 ---p 00000000 00:00 0 
7f4f20d00000-7f4f20dfe000 rw-p 00000000 00:00 0                          [stack:7078]
7f4f20dfe000-7f4f20dff000 ---p 00000000 00:00 0 
7f4f20dff000-7f4f21000000 rw-p 00000000 00:00 0                          [stack:7077]
7f4f21000000-7f4f21ae0000 rwxp 00000000 00:00 0 
7f4f21ae0000-7f4f30000000 ---p 00000000 00:00 0 
7f4f30000000-7f4f303c4000 rw-p 00000000 00:00 0 
7f4f303c4000-7f4f34000000 ---p 00000000 00:00 0 
7f4f34023000-7f4f34048000 r--p 00000000 08:01 2361987                    /usr/share/locale-langpack/pl/LC_MESSAGES/libc.mo
7f4f34048000-7f4f34f29000 rw-p 00000000 00:00 0 
7f4f34f29000-7f4f35102000 r--s 03d20000 08:01 4069182                    /usr/lib/jvm/java-8-oracle/jre/lib/rt.jar
7f4f35102000-7f4f35838000 rw-p 00000000 00:00 0 
7f4f35838000-7f4f35978000 ---p 00000000 00:00 0 
7f4f35978000-7f4f35d78000 rw-p 00000000 00:00 0 
7f4f35d78000-7f4f35d79000 ---p 00000000 00:00 0 
7f4f35d79000-7f4f35e79000 rw-p 00000000 00:00 0                          [stack:7076]
7f4f35e79000-7f4f35e7a000 ---p 00000000 00:00 0 
7f4f35e7a000-7f4f35f7a000 rw-p 00000000 00:00 0                          [stack:7075]
7f4f35f7a000-7f4f35f7b000 ---p 00000000 00:00 0 
7f4f35f7b000-7f4f3607b000 rw-p 00000000 00:00 0                          [stack:7074]
7f4f3607b000-7f4f3607c000 ---p 00000000 00:00 0 
7f4f3607c000-7f4f36316000 rw-p 00000000 00:00 0                          [stack:7073]
7f4f36316000-7f4f36427000 ---p 00000000 00:00 0 
7f4f36427000-7f4f365c1000 rw-p 00000000 00:00 0 
7f4f365c1000-7f4f366d1000 ---p 00000000 00:00 0 
7f4f366d1000-7f4f36827000 rw-p 00000000 00:00 0 
7f4f36827000-7f4f36854000 rw-p 00000000 00:00 0 
7f4f36854000-7f4f36be8000 ---p 00000000 00:00 0 
7f4f36be8000-7f4f36c02000 r-xp 00000000 08:01 4069168                    /usr/lib/jvm/java-8-oracle/jre/lib/amd64/libzip.so
7f4f36c02000-7f4f36e02000 ---p 0001a000 08:01 4069168                    /usr/lib/jvm/java-8-oracle/jre/lib/amd64/libzip.so
7f4f36e02000-7f4f36e03000 rw-p 0001a000 08:01 4069168                    /usr/lib/jvm/java-8-oracle/jre/lib/amd64/libzip.so
7f4f36e03000-7f4f36e0e000 r-xp 00000000 08:01 5771445                    /lib/x86_64-linux-gnu/libnss_files-2.19.so
7f4f36e0e000-7f4f3700d000 ---p 0000b000 08:01 5771445                    /lib/x86_64-linux-gnu/libnss_files-2.19.so
7f4f3700d000-7f4f3700e000 r--p 0000a000 08:01 5771445                    /lib/x86_64-linux-gnu/libnss_files-2.19.so
7f4f3700e000-7f4f3700f000 rw-p 0000b000 08:01 5771445                    /lib/x86_64-linux-gnu/libnss_files-2.19.so
7f4f3700f000-7f4f3701a000 r-xp 00000000 08:01 5771455                    /lib/x86_64-linux-gnu/libnss_nis-2.19.so
7f4f3701a000-7f4f37219000 ---p 0000b000 08:01 5771455                    /lib/x86_64-linux-gnu/libnss_nis-2.19.so
7f4f37219000-7f4f3721a000 r--p 0000a000 08:01 5771455                    /lib/x86_64-linux-gnu/libnss_nis-2.19.so
7f4f3721a000-7f4f3721b000 rw-p 0000b000 08:01 5771455                    /lib/x86_64-linux-gnu/libnss_nis-2.19.so
7f4f3721b000-7f4f37232000 r-xp 00000000 08:01 5771439                    /lib/x86_64-linux-gnu/libnsl-2.19.so
7f4f37232000-7f4f37431000 ---p 00017000 08:01 5771439                    /lib/x86_64-linux-gnu/libnsl-2.19.so
7f4f37431000-7f4f37432000 r--p 00016000 08:01 5771439                    /lib/x86_64-linux-gnu/libnsl-2.19.so
7f4f37432000-7f4f37433000 rw-p 00017000 08:01 5771439                    /lib/x86_64-linux-gnu/libnsl-2.19.so
7f4f37433000-7f4f37435000 rw-p 00000000 00:00 0 
7f4f37435000-7f4f3743e000 r-xp 00000000 08:01 5771441                    /lib/x86_64-linux-gnu/libnss_compat-2.19.so
7f4f3743e000-7f4f3763d000 ---p 00009000 08:01 5771441                    /lib/x86_64-linux-gnu/libnss_compat-2.19.so
7f4f3763d000-7f4f3763e000 r--p 00008000 08:01 5771441                    /lib/x86_64-linux-gnu/libnss_compat-2.19.so
7f4f3763e000-7f4f3763f000 rw-p 00009000 08:01 5771441                    /lib/x86_64-linux-gnu/libnss_compat-2.19.so
7f4f3763f000-7f4f37669000 r-xp 00000000 08:01 4069157                    /usr/lib/jvm/java-8-oracle/jre/lib/amd64/libjava.so
7f4f37669000-7f4f37869000 ---p 0002a000 08:01 4069157                    /usr/lib/jvm/java-8-oracle/jre/lib/amd64/libjava.so
7f4f37869000-7f4f3786b000 rw-p 0002a000 08:01 4069157                    /usr/lib/jvm/java-8-oracle/jre/lib/amd64/libjava.so
7f4f3786b000-7f4f37878000 r-xp 00000000 08:01 4069118                    /usr/lib/jvm/java-8-oracle/jre/lib/amd64/libverify.so
7f4f37878000-7f4f37a78000 ---p 0000d000 08:01 4069118                    /usr/lib/jvm/java-8-oracle/jre/lib/amd64/libverify.so
7f4f37a78000-7f4f37a7a000 rw-p 0000d000 08:01 4069118                    /usr/lib/jvm/java-8-oracle/jre/lib/amd64/libverify.so
7f4f37a7a000-7f4f37a81000 r-xp 00000000 08:01 5771498                    /lib/x86_64-linux-gnu/librt-2.19.so
7f4f37a81000-7f4f37c80000 ---p 00007000 08:01 5771498                    /lib/x86_64-linux-gnu/librt-2.19.so
7f4f37c80000-7f4f37c81000 r--p 00006000 08:01 5771498                    /lib/x86_64-linux-gnu/librt-2.19.so
7f4f37c81000-7f4f37c82000 rw-p 00007000 08:01 5771498                    /lib/x86_64-linux-gnu/librt-2.19.so
7f4f37c82000-7f4f37d87000 r-xp 00000000 08:01 5771420                    /lib/x86_64-linux-gnu/libm-2.19.so
7f4f37d87000-7f4f37f86000 ---p 00105000 08:01 5771420                    /lib/x86_64-linux-gnu/libm-2.19.so
7f4f37f86000-7f4f37f87000 r--p 00104000 08:01 5771420                    /lib/x86_64-linux-gnu/libm-2.19.so
7f4f37f87000-7f4f37f88000 rw-p 00105000 08:01 5771420                    /lib/x86_64-linux-gnu/libm-2.19.so
7f4f37f88000-7f4f38c46000 r-xp 00000000 08:01 4069167                    /usr/lib/jvm/java-8-oracle/jre/lib/amd64/server/libjvm.so
7f4f38c46000-7f4f38e45000 ---p 00cbe000 08:01 4069167                    /usr/lib/jvm/java-8-oracle/jre/lib/amd64/server/libjvm.so
7f4f38e45000-7f4f38f1e000 rw-p 00cbd000 08:01 4069167                    /usr/lib/jvm/java-8-oracle/jre/lib/amd64/server/libjvm.so
7f4f38f1e000-7f4f38f62000 rw-p 00000000 00:00 0 
7f4f38f62000-7f4f3911d000 r-xp 00000000 08:01 5771370                    /lib/x86_64-linux-gnu/libc-2.19.so
7f4f3911d000-7f4f3931c000 ---p 001bb000 08:01 5771370                    /lib/x86_64-linux-gnu/libc-2.19.so
7f4f3931c000-7f4f39320000 r--p 001ba000 08:01 5771370                    /lib/x86_64-linux-gnu/libc-2.19.so
7f4f39320000-7f4f39322000 rw-p 001be000 08:01 5771370                    /lib/x86_64-linux-gnu/libc-2.19.so
7f4f39322000-7f4f39327000 rw-p 00000000 00:00 0 
7f4f39327000-7f4f3932a000 r-xp 00000000 08:01 5771387                    /lib/x86_64-linux-gnu/libdl-2.19.so
7f4f3932a000-7f4f39529000 ---p 00003000 08:01 5771387                    /lib/x86_64-linux-gnu/libdl-2.19.so
7f4f39529000-7f4f3952a000 r--p 00002000 08:01 5771387                    /lib/x86_64-linux-gnu/libdl-2.19.so
7f4f3952a000-7f4f3952b000 rw-p 00003000 08:01 5771387                    /lib/x86_64-linux-gnu/libdl-2.19.so
7f4f3952b000-7f4f39540000 r-xp 00000000 08:01 4727160                    /usr/lib/jvm/java-8-oracle/lib/amd64/jli/libjli.so
7f4f39540000-7f4f39740000 ---p 00015000 08:01 4727160                    /usr/lib/jvm/java-8-oracle/lib/amd64/jli/libjli.so
7f4f39740000-7f4f39741000 rw-p 00015000 08:01 4727160                    /usr/lib/jvm/java-8-oracle/lib/amd64/jli/libjli.so
7f4f39741000-7f4f3975a000 r-xp 00000000 08:01 5771490                    /lib/x86_64-linux-gnu/libpthread-2.19.so
7f4f3975a000-7f4f39959000 ---p 00019000 08:01 5771490                    /lib/x86_64-linux-gnu/libpthread-2.19.so
7f4f39959000-7f4f3995a000 r--p 00018000 08:01 5771490                    /lib/x86_64-linux-gnu/libpthread-2.19.so
7f4f3995a000-7f4f3995b000 rw-p 00019000 08:01 5771490                    /lib/x86_64-linux-gnu/libpthread-2.19.so
7f4f3995b000-7f4f3995f000 rw-p 00000000 00:00 0 
7f4f3995f000-7f4f39982000 r-xp 00000000 08:01 5771346                    /lib/x86_64-linux-gnu/ld-2.19.so
7f4f3998a000-7f4f39991000 r--s 00000000 08:01 1967077                    /usr/lib/x86_64-linux-gnu/gconv/gconv-modules.cache
7f4f39991000-7f4f39a5d000 rw-p 00000000 00:00 0 
7f4f39a5d000-7f4f39a60000 ---p 00000000 00:00 0 
7f4f39a60000-7f4f39b62000 rw-p 00000000 00:00 0                          [stack:7072]
7f4f39b65000-7f4f39b66000 rw-p 00000000 00:00 0 
7f4f39b66000-7f4f39b75000 r--s 000df000 08:01 656243                     /home/tomasz/Android/Sdk/build-tools/23.0.1/lib/dx.jar
7f4f39b75000-7f4f39b7d000 rw-s 00000000 08:01 6033914                    /tmp/hsperfdata_tomasz/7067
7f4f39b7d000-7f4f39b7e000 rw-p 00000000 00:00 0 
7f4f39b7e000-7f4f39b7f000 ---p 00000000 00:00 0 
7f4f39b7f000-7f4f39b81000 rw-p 00000000 00:00 0 
7f4f39b81000-7f4f39b82000 r--p 00022000 08:01 5771346                    /lib/x86_64-linux-gnu/ld-2.19.so
7f4f39b82000-7f4f39b83000 rw-p 00023000 08:01 5771346                    /lib/x86_64-linux-gnu/ld-2.19.so
7f4f39b83000-7f4f39b84000 rw-p 00000000 00:00 0 
7ffecc420000-7ffecc441000 rw-p 00000000 00:00 0                          [stack]
7ffecc4e7000-7ffecc4e9000 r--p 00000000 00:00 0                          [vvar]
7ffecc4e9000-7ffecc4eb000 r-xp 00000000 00:00 0                          [vdso]
ffffffffff600000-ffffffffff601000 r-xp 00000000 00:00 0                  [vsyscall]

VM Arguments:
jvm_args: -Djava.awt.headless=true -Xmx2g -Dfile.encoding=UTF-8 -Duser.country=PL -Duser.language=pl -Duser.variant 
java_command: com.android.dx.command.Main --dex --num-threads=4 --multi-dex --main-dex-list /home/tomasz/AndroidStudioProjects/Droppr/app/build/intermediates/multi-dex/debug/maindexlist.txt --output /home/tomasz/AndroidStudioProjects/Droppr/app/build/intermediates/transforms/dex/debug/folders/1000/1f/main /home/tomasz/AndroidStudioProjects/Droppr/app/build/intermediates/transforms/jarMerging/debug/jars/1/1f/combined.jar
java_class_path (initial): /home/tomasz/Android/Sdk/build-tools/23.0.1/lib/dx.jar
Launcher Type: SUN_STANDARD

Environment Variables:
PATH=/usr/local/sbin:/usr/local/bin:/usr/sbin:/usr/bin:/sbin:/bin:/usr/games:/usr/local/games
LD_LIBRARY_PATH=/opt/android-studio/bin:
SHELL=/bin/bash
DISPLAY=:0

Signal Handlers:
SIGSEGV: [libjvm.so+0xaba2a0], sa_mask[0]=11111111011111111101111111111110, sa_flags=SA_RESTART|SA_SIGINFO
SIGBUS: [libjvm.so+0xaba2a0], sa_mask[0]=11111111011111111101111111111110, sa_flags=SA_RESTART|SA_SIGINFO
SIGFPE: [libjvm.so+0x917710], sa_mask[0]=11111111011111111101111111111110, sa_flags=SA_RESTART|SA_SIGINFO
SIGPIPE: [libjvm.so+0x917710], sa_mask[0]=11111111011111111101111111111110, sa_flags=SA_RESTART|SA_SIGINFO
SIGXFSZ: [libjvm.so+0x917710], sa_mask[0]=11111111011111111101111111111110, sa_flags=SA_RESTART|SA_SIGINFO
SIGILL: [libjvm.so+0x917710], sa_mask[0]=11111111011111111101111111111110, sa_flags=SA_RESTART|SA_SIGINFO
SIGUSR1: SIG_DFL, sa_mask[0]=00000000000000000000000000000000, sa_flags=none
SIGUSR2: [libjvm.so+0x918d40], sa_mask[0]=00100000000000000000000000000000, sa_flags=SA_RESTART|SA_SIGINFO
SIGHUP: [libjvm.so+0x91a140], sa_mask[0]=11111111011111111101111111111110, sa_flags=SA_RESTART|SA_SIGINFO
SIGINT: [libjvm.so+0x91a140], sa_mask[0]=11111111011111111101111111111110, sa_flags=SA_RESTART|SA_SIGINFO
SIGTERM: [libjvm.so+0x91a140], sa_mask[0]=11111111011111111101111111111110, sa_flags=SA_RESTART|SA_SIGINFO
SIGQUIT: [libjvm.so+0x91a140], sa_mask[0]=11111111011111111101111111111110, sa_flags=SA_RESTART|SA_SIGINFO


---------------  S Y S T E M  ---------------

OS:DISTRIB_ID=Ubuntu
DISTRIB_RELEASE=14.04
DISTRIB_CODENAME=trusty
DISTRIB_DESCRIPTION="Ubuntu 14.04.3 LTS"

uname:Linux 3.19.0-33-generic #38~14.04.1-Ubuntu SMP Fri Nov 6 18:17:28 UTC 2015 x86_64
libc:glibc 2.19 NPTL 2.19 
rlimit: STACK 8192k, CORE 0k, NPROC 23202, NOFILE 4096, AS infinity
load average:4,63 3,37 3,45

/proc/meminfo:
MemTotal:        5961336 kB
MemFree:          114640 kB
MemAvailable:     117012 kB
Buffers:            2072 kB
Cached:           477820 kB
SwapCached:            0 kB
Active:          5276380 kB
Inactive:         373660 kB
Active(anon):    5211268 kB
Inactive(anon):   310904 kB
Active(file):      65112 kB
Inactive(file):    62756 kB
Unevictable:         328 kB
Mlocked:             328 kB
SwapTotal:             0 kB
SwapFree:              0 kB
Dirty:              1856 kB
Writeback:             0 kB
AnonPages:       5170552 kB
Mapped:           250984 kB
Shmem:            352212 kB
Slab:              81876 kB
SReclaimable:      45800 kB
SUnreclaim:        36076 kB
KernelStack:       11600 kB
PageTables:        52940 kB
NFS_Unstable:          0 kB
Bounce:                0 kB
WritebackTmp:          0 kB
CommitLimit:     2980668 kB
Committed_AS:   10506720 kB
VmallocTotal:   34359738367 kB
VmallocUsed:      552048 kB
VmallocChunk:   34359162332 kB
HardwareCorrupted:     0 kB
AnonHugePages:   2705408 kB
CmaTotal:              0 kB
CmaFree:               0 kB
HugePages_Total:       0
HugePages_Free:        0
HugePages_Rsvd:        0
HugePages_Surp:        0
Hugepagesize:       2048 kB
DirectMap4k:      147712 kB
DirectMap2M:     5992448 kB


CPU:total 4 (2 cores per cpu, 2 threads per core) family 6 model 42 stepping 7, cmov, cx8, fxsr, mmx, sse, sse2, sse3, ssse3, sse4.1, sse4.2, popcnt, avx, aes, clmul, ht, tsc, tscinvbit

/proc/cpuinfo:
processor	: 0
vendor_id	: GenuineIntel
cpu family	: 6
model		: 42
model name	: Intel(R) Core(TM) i5-2450M CPU @ 2.50GHz
stepping	: 7
microcode	: 0x25
cpu MHz		: 2899.902
cache size	: 3072 KB
physical id	: 0
siblings	: 4
core id		: 0
cpu cores	: 2
apicid		: 0
initial apicid	: 0
fpu		: yes
fpu_exception	: yes
cpuid level	: 13
wp		: yes
flags		: fpu vme de pse tsc msr pae mce cx8 apic sep mtrr pge mca cmov pat pse36 clflush dts acpi mmx fxsr sse sse2 ss ht tm pbe syscall nx rdtscp lm constant_tsc arch_perfmon pebs bts rep_good nopl xtopology nonstop_tsc aperfmperf eagerfpu pni pclmulqdq dtes64 monitor ds_cpl vmx est tm2 ssse3 cx16 xtpr pdcm pcid sse4_1 sse4_2 x2apic popcnt tsc_deadline_timer aes xsave avx lahf_lm ida arat epb pln pts dtherm tpr_shadow vnmi flexpriority ept vpid xsaveopt
bugs		:
bogomips	: 4988.59
clflush size	: 64
cache_alignment	: 64
address sizes	: 36 bits physical, 48 bits virtual
power management:

processor	: 1
vendor_id	: GenuineIntel
cpu family	: 6
model		: 42
model name	: Intel(R) Core(TM) i5-2450M CPU @ 2.50GHz
stepping	: 7
microcode	: 0x25
cpu MHz		: 2903.222
cache size	: 3072 KB
physical id	: 0
siblings	: 4
core id		: 0
cpu cores	: 2
apicid		: 1
initial apicid	: 1
fpu		: yes
fpu_exception	: yes
cpuid level	: 13
wp		: yes
flags		: fpu vme de pse tsc msr pae mce cx8 apic sep mtrr pge mca cmov pat pse36 clflush dts acpi mmx fxsr sse sse2 ss ht tm pbe syscall nx rdtscp lm constant_tsc arch_perfmon pebs bts rep_good nopl xtopology nonstop_tsc aperfmperf eagerfpu pni pclmulqdq dtes64 monitor ds_cpl vmx est tm2 ssse3 cx16 xtpr pdcm pcid sse4_1 sse4_2 x2apic popcnt tsc_deadline_timer aes xsave avx lahf_lm ida arat epb pln pts dtherm tpr_shadow vnmi flexpriority ept vpid xsaveopt
bugs		:
bogomips	: 4988.59
clflush size	: 64
cache_alignment	: 64
address sizes	: 36 bits physical, 48 bits virtual
power management:

processor	: 2
vendor_id	: GenuineIntel
cpu family	: 6
model		: 42
model name	: Intel(R) Core(TM) i5-2450M CPU @ 2.50GHz
stepping	: 7
microcode	: 0x25
cpu MHz		: 2900.000
cache size	: 3072 KB
physical id	: 0
siblings	: 4
core id		: 1
cpu cores	: 2
apicid		: 2
initial apicid	: 2
fpu		: yes
fpu_exception	: yes
cpuid level	: 13
wp		: yes
flags		: fpu vme de pse tsc msr pae mce cx8 apic sep mtrr pge mca cmov pat pse36 clflush dts acpi mmx fxsr sse sse2 ss ht tm pbe syscall nx rdtscp lm constant_tsc arch_perfmon pebs bts rep_good nopl xtopology nonstop_tsc aperfmperf eagerfpu pni pclmulqdq dtes64 monitor ds_cpl vmx est tm2 ssse3 cx16 xtpr pdcm pcid sse4_1 sse4_2 x2apic popcnt tsc_deadline_timer aes xsave avx lahf_lm ida arat epb pln pts dtherm tpr_shadow vnmi flexpriority ept vpid xsaveopt
bugs		:
bogomips	: 4988.59
clflush size	: 64
cache_alignment	: 64
address sizes	: 36 bits physical, 48 bits virtual
power management:

processor	: 3
vendor_id	: GenuineIntel
cpu family	: 6
model		: 42
model name	: Intel(R) Core(TM) i5-2450M CPU @ 2.50GHz
stepping	: 7
microcode	: 0x25
cpu MHz		: 2899.902
cache size	: 3072 KB
physical id	: 0
siblings	: 4
core id		: 1
cpu cores	: 2
apicid		: 3
initial apicid	: 3
fpu		: yes
fpu_exception	: yes
cpuid level	: 13
wp		: yes
flags		: fpu vme de pse tsc msr pae mce cx8 apic sep mtrr pge mca cmov pat pse36 clflush dts acpi mmx fxsr sse sse2 ss ht tm pbe syscall nx rdtscp lm constant_tsc arch_perfmon pebs bts rep_good nopl xtopology nonstop_tsc aperfmperf eagerfpu pni pclmulqdq dtes64 monitor ds_cpl vmx est tm2 ssse3 cx16 xtpr pdcm pcid sse4_1 sse4_2 x2apic popcnt tsc_deadline_timer aes xsave avx lahf_lm ida arat epb pln pts dtherm tpr_shadow vnmi flexpriority ept vpid xsaveopt
bugs		:
bogomips	: 4988.59
clflush size	: 64
cache_alignment	: 64
address sizes	: 36 bits physical, 48 bits virtual
power management:



Memory: 4k page, physical 5961336k(117008k free), swap 0k(0k free)

vm_info: Java HotSpot(TM) 64-Bit Server VM (25.66-b17) for linux-amd64 JRE (1.8.0_66-b17), built on Oct  6 2015 17:28:34 by "java_re" with gcc 4.3.0 20080428 (Red Hat 4.3.0-8)

time: Fri Nov 20 20:12:26 2015
elapsed time: 40 seconds (0d 0h 0m 40s)

