#
# There is insufficient memory for the Java Runtime Environment to continue.
# Native memory allocation (mmap) failed to map 240648192 bytes for committing reserved memory.
# Possible reasons:
#   The system is out of physical RAM or swap space
#   In 32 bit mode, the process size limit was hit
# Possible solutions:
#   Reduce memory load on the system
#   Increase physical memory or swap space
#   Check if swap backing store is full
#   Use 64 bit Java on a 64 bit OS
#   Decrease Java heap size (-Xmx/-Xms)
#   Decrease number of Java threads
#   Decrease Java thread stack sizes (-Xss)
#   Set larger code cache with -XX:ReservedCodeCacheSize=
# This output file may be truncated or incomplete.
#
#  Out of Memory Error (os_linux.cpp:2627), pid=19544, tid=140379812779776
#
# JRE version: Java(TM) SE Runtime Environment (8.0_66-b17) (build 1.8.0_66-b17)
# Java VM: Java HotSpot(TM) 64-Bit Server VM (25.66-b17 mixed mode linux-amd64 compressed oops)
# Failed to write core dump. Core dumps have been disabled. To enable core dumping, try "ulimit -c unlimited" before starting Java again
#

---------------  T H R E A D  ---------------

Current thread (0x00007faccc078000):  VMThread [stack: 0x00007facb8cfd000,0x00007facb8dfe000] [id=19554]

Stack: [0x00007facb8cfd000,0x00007facb8dfe000],  sp=0x00007facb8dfc160,  free space=1020k
Native frames: (J=compiled Java code, j=interpreted, Vv=VM code, C=native code)
V  [libjvm.so+0xab9a1a]  VMError::report_and_die()+0x2ba
V  [libjvm.so+0x4f9e0b]  report_vm_out_of_memory(char const*, int, unsigned long, VMErrorType, char const*)+0x8b
V  [libjvm.so+0x91a8a3]  os::Linux::commit_memory_impl(char*, unsigned long, bool)+0x103
V  [libjvm.so+0x91adf9]  os::pd_commit_memory(char*, unsigned long, unsigned long, bool)+0x29
V  [libjvm.so+0x91510a]  os::commit_memory(char*, unsigned long, unsigned long, bool)+0x2a
V  [libjvm.so+0x9887a3]  PSVirtualSpace::expand_by(unsigned long)+0x53
V  [libjvm.so+0x979090]  PSOldGen::expand(unsigned long)+0x170
V  [libjvm.so+0x97929b]  PSOldGen::resize(unsigned long)+0x1cb
V  [libjvm.so+0x980f71]  PSParallelCompact::invoke_no_policy(bool)+0x991
V  [libjvm.so+0x9868cd]  PSScavenge::invoke()+0x1ad
V  [libjvm.so+0x93e500]  ParallelScavengeHeap::failed_mem_allocate(unsigned long)+0x70
V  [libjvm.so+0xabb437]  VM_ParallelGCFailedAllocation::doit()+0x97
V  [libjvm.so+0xac2e65]  VM_Operation::evaluate()+0x55
V  [libjvm.so+0xac123a]  VMThread::evaluate_operation(VM_Operation*)+0xba
V  [libjvm.so+0xac15be]  VMThread::loop()+0x1ce
V  [libjvm.so+0xac1a30]  VMThread::run()+0x70
V  [libjvm.so+0x91cc68]  java_start(Thread*)+0x108

VM_Operation (0x00007fac9bad2cc0): ParallelGCFailedAllocation, mode: safepoint, requested by thread 0x00007faccc1a8800


---------------  P R O C E S S  ---------------

Java Threads: ( => current thread )
  0x00007faccc18a000 JavaThread "pool-1-thread-1" [_thread_blocked, id=19584, stack(0x00007fac9b4cf000,0x00007fac9b5d0000)]
  0x00007faccc1af800 JavaThread "pool-2-thread-4" [_thread_blocked, id=19567, stack(0x00007fac9b5d0000,0x00007fac9b6d1000)]
  0x00007faccc1ae000 JavaThread "pool-2-thread-3" [_thread_blocked, id=19566, stack(0x00007fac9b6d1000,0x00007fac9b7d2000)]
  0x00007faccc1ac800 JavaThread "pool-2-thread-2" [_thread_blocked, id=19565, stack(0x00007fac9b7d2000,0x00007fac9b8d3000)]
  0x00007faccc1ab000 JavaThread "pool-3-thread-1" [_thread_blocked, id=19564, stack(0x00007fac9b8d3000,0x00007fac9b9d4000)]
  0x00007faccc1a8800 JavaThread "pool-2-thread-1" [_thread_blocked, id=19563, stack(0x00007fac9b9d4000,0x00007fac9bad5000)]
  0x00007faccc0ca800 JavaThread "Service Thread" daemon [_thread_blocked, id=19561, stack(0x00007fac9bcfd000,0x00007fac9bdfe000)]
  0x00007faccc0bd800 JavaThread "C1 CompilerThread2" daemon [_thread_blocked, id=19560, stack(0x00007fac9bdfe000,0x00007fac9beff000)]
  0x00007faccc0bb800 JavaThread "C2 CompilerThread1" daemon [_thread_blocked, id=19559, stack(0x00007fac9beff000,0x00007fac9c000000)]
  0x00007faccc0b8800 JavaThread "C2 CompilerThread0" daemon [_thread_blocked, id=19558, stack(0x00007facb80e6000,0x00007facb81e7000)]
  0x00007faccc0b7800 JavaThread "Signal Dispatcher" daemon [_thread_blocked, id=19557, stack(0x00007facb81e7000,0x00007facb82e8000)]
  0x00007faccc07f000 JavaThread "Finalizer" daemon [_thread_blocked, id=19556, stack(0x00007facb8afb000,0x00007facb8bfc000)]
  0x00007faccc07d000 JavaThread "Reference Handler" daemon [_thread_blocked, id=19555, stack(0x00007facb8bfc000,0x00007facb8cfd000)]
  0x00007faccc00a000 JavaThread "main" [_thread_blocked, id=19546, stack(0x00007facd5947000,0x00007facd5a48000)]

Other Threads:
=>0x00007faccc078000 VMThread [stack: 0x00007facb8cfd000,0x00007facb8dfe000] [id=19554]
  0x00007faccc0cd800 WatcherThread [stack: 0x00007fac9bbfc000,0x00007fac9bcfd000] [id=19562]

VM state:at safepoint (normal execution)

VM Mutex/Monitor currently owned by a thread:  ([mutex/lock_event])
[0x00007faccc005ed0] ExpandHeap_lock - owner thread: 0x00007faccc078000
[0x00007faccc006550] Threads_lock - owner thread: 0x00007faccc078000
[0x00007faccc006a50] Heap_lock - owner thread: 0x00007faccc1a8800

Heap:
 PSYoungGen      total 465920K, used 0K [0x00000000d5580000, 0x0000000100000000, 0x0000000100000000)
  eden space 232960K, 0% used [0x00000000d5580000,0x00000000d5580000,0x00000000e3900000)
  from space 232960K, 0% used [0x00000000f1c80000,0x00000000f1c80000,0x0000000100000000)
  to   space 232960K, 0% used [0x00000000e3900000,0x00000000e3900000,0x00000000f1c80000)
 ParOldGen       total 947200K, used 858201K [0x0000000080000000, 0x00000000b9d00000, 0x00000000d5580000)
  object space 947200K, 90% used [0x0000000080000000,0x00000000b4616748,0x00000000b9d00000)
 Metaspace       used 6592K, capacity 7352K, committed 7552K, reserved 1056768K
  class space    used 616K, capacity 624K, committed 640K, reserved 1048576K

Card table byte_map: [0x00007facd2311000,0x00007facd2712000] byte_map_base: 0x00007facd1f11000

Marking Bits: (ParMarkBitMap*) 0x00007facd4e21020
 Begin Bits: [0x00007facb9000000, 0x00007facbb000000)
 End Bits:   [0x00007facbb000000, 0x00007facbd000000)

Polling page: 0x00007facd5a68000

CodeCache: size=245760Kb used=13279Kb max_used=13294Kb free=232480Kb
 bounds [0x00007facbd000000, 0x00007facbdd10000, 0x00007faccc000000]
 total_blobs=2893 nmethods=2624 adapters=182
 compilation: enabled

Compilation events (10 events):
Event: 42,131 Thread 0x00007faccc0bd800 3328       2       com.android.dx.rop.code.Rops::opAdd (29 bytes)
Event: 42,131 Thread 0x00007faccc0bd800 nmethod 3328 0x00007facbdce3d50 code [0x00007facbdce3ec0, 0x00007facbdce4068]
Event: 42,191 Thread 0x00007faccc0b8800 nmethod 3323% 0x00007facbdcfe050 code [0x00007facbdcfe400, 0x00007facbdd01028]
Event: 42,191 Thread 0x00007faccc0b8800 3326       4       com.android.dx.dex.code.OutputFinisher::addConstants (93 bytes)
Event: 42,393 Thread 0x00007faccc0b8800 nmethod 3326 0x00007facbdd03f90 code [0x00007facbdd04320, 0x00007facbdd06998]
Event: 42,393 Thread 0x00007faccc0b8800 3329       4       com.android.dx.ssa.SsaConverter::placePhiFunctions (394 bytes)
Event: 42,439 Thread 0x00007faccc0bd800 3330 %     3       com.android.dx.ssa.back.FirstFitLocalCombiningAllocator::findAnyFittingRange @ 25 (189 bytes)
Event: 42,441 Thread 0x00007faccc0bd800 nmethod 3330% 0x00007facbdce66d0 code [0x00007facbdce68e0, 0x00007facbdce7378]
Event: 42,592 Thread 0x00007faccc0bd800 3333       2       com.android.dx.rop.code.Rop::<init> (15 bytes)
Event: 42,593 Thread 0x00007faccc0bd800 nmethod 3333 0x00007facbdceec50 code [0x00007facbdceedc0, 0x00007facbdceef68]

GC Heap History (10 events):
Event: 38,789 GC heap after
Heap after GC invocations=27 (full 5):
 PSYoungGen      total 482304K, used 144391K [0x00000000d5580000, 0x0000000100000000, 0x0000000100000000)
  eden space 287232K, 0% used [0x00000000d5580000,0x00000000d5580000,0x00000000e6e00000)
  from space 195072K, 74% used [0x00000000f3800000,0x00000000fc501f18,0x00000000ff680000)
  to   space 205824K, 0% used [0x00000000e6e00000,0x00000000e6e00000,0x00000000f3700000)
 ParOldGen       total 947200K, used 767840K [0x0000000080000000, 0x00000000b9d00000, 0x00000000d5580000)
  object space 947200K, 81% used [0x0000000080000000,0x00000000aedd8080,0x00000000b9d00000)
 Metaspace       used 6471K, capacity 7282K, committed 7552K, reserved 1056768K
  class space    used 608K, capacity 618K, committed 640K, reserved 1048576K
}
Event: 39,711 GC heap before
{Heap before GC invocations=28 (full 5):
 PSYoungGen      total 482304K, used 431623K [0x00000000d5580000, 0x0000000100000000, 0x0000000100000000)
  eden space 287232K, 100% used [0x00000000d5580000,0x00000000e6e00000,0x00000000e6e00000)
  from space 195072K, 74% used [0x00000000f3800000,0x00000000fc501f18,0x00000000ff680000)
  to   space 205824K, 0% used [0x00000000e6e00000,0x00000000e6e00000,0x00000000f3700000)
 ParOldGen       total 947200K, used 767840K [0x0000000080000000, 0x00000000b9d00000, 0x00000000d5580000)
  object space 947200K, 81% used [0x0000000080000000,0x00000000aedd8080,0x00000000b9d00000)
 Metaspace       used 6471K, capacity 7282K, committed 7552K, reserved 1056768K
  class space    used 608K, capacity 618K, committed 640K, reserved 1048576K
Event: 39,908 GC heap after
Heap after GC invocations=28 (full 5):
 PSYoungGen      total 475648K, used 188041K [0x00000000d5580000, 0x0000000100000000, 0x0000000100000000)
  eden space 287232K, 0% used [0x00000000d5580000,0x00000000d5580000,0x00000000e6e00000)
  from space 188416K, 99% used [0x00000000e6e00000,0x00000000f25a26d8,0x00000000f2600000)
  to   space 223232K, 0% used [0x00000000f2600000,0x00000000f2600000,0x0000000100000000)
 ParOldGen       total 947200K, used 767840K [0x0000000080000000, 0x00000000b9d00000, 0x00000000d5580000)
  object space 947200K, 81% used [0x0000000080000000,0x00000000aedd8080,0x00000000b9d00000)
 Metaspace       used 6471K, capacity 7282K, committed 7552K, reserved 1056768K
  class space    used 608K, capacity 618K, committed 640K, reserved 1048576K
}
Event: 40,655 GC heap before
{Heap before GC invocations=29 (full 5):
 PSYoungGen      total 475648K, used 475273K [0x00000000d5580000, 0x0000000100000000, 0x0000000100000000)
  eden space 287232K, 100% used [0x00000000d5580000,0x00000000e6e00000,0x00000000e6e00000)
  from space 188416K, 99% used [0x00000000e6e00000,0x00000000f25a26d8,0x00000000f2600000)
  to   space 223232K, 0% used [0x00000000f2600000,0x00000000f2600000,0x0000000100000000)
 ParOldGen       total 947200K, used 767840K [0x0000000080000000, 0x00000000b9d00000, 0x00000000d5580000)
  object space 947200K, 81% used [0x0000000080000000,0x00000000aedd8080,0x00000000b9d00000)
 Metaspace       used 6563K, capacity 7350K, committed 7552K, reserved 1056768K
  class space    used 613K, capacity 622K, committed 640K, reserved 1048576K
Event: 40,919 GC heap after
Heap after GC invocations=29 (full 5):
 PSYoungGen      total 456192K, used 223230K [0x00000000d5580000, 0x0000000100000000, 0x0000000100000000)
  eden space 232960K, 0% used [0x00000000d5580000,0x00000000d5580000,0x00000000e3900000)
  from space 223232K, 99% used [0x00000000f2600000,0x00000000fffffa78,0x0000000100000000)
  to   space 232960K, 0% used [0x00000000e3900000,0x00000000e3900000,0x00000000f1c80000)
 ParOldGen       total 947200K, used 775402K [0x0000000080000000, 0x00000000b9d00000, 0x00000000d5580000)
  object space 947200K, 81% used [0x0000000080000000,0x00000000af53ab60,0x00000000b9d00000)
 Metaspace       used 6563K, capacity 7350K, committed 7552K, reserved 1056768K
  class space    used 613K, capacity 622K, committed 640K, reserved 1048576K
}
Event: 41,708 GC heap before
{Heap before GC invocations=30 (full 5):
 PSYoungGen      total 456192K, used 456190K [0x00000000d5580000, 0x0000000100000000, 0x0000000100000000)
  eden space 232960K, 100% used [0x00000000d5580000,0x00000000e3900000,0x00000000e3900000)
  from space 223232K, 99% used [0x00000000f2600000,0x00000000fffffa78,0x0000000100000000)
  to   space 232960K, 0% used [0x00000000e3900000,0x00000000e3900000,0x00000000f1c80000)
 ParOldGen       total 947200K, used 775402K [0x0000000080000000, 0x00000000b9d00000, 0x00000000d5580000)
  object space 947200K, 81% used [0x0000000080000000,0x00000000af53ab60,0x00000000b9d00000)
 Metaspace       used 6592K, capacity 7352K, committed 7552K, reserved 1056768K
  class space    used 616K, capacity 624K, committed 640K, reserved 1048576K
Event: 42,028 GC heap after
Heap after GC invocations=30 (full 5):
 PSYoungGen      total 465920K, used 217724K [0x00000000d5580000, 0x0000000100000000, 0x0000000100000000)
  eden space 232960K, 0% used [0x00000000d5580000,0x00000000d5580000,0x00000000e3900000)
  from space 232960K, 93% used [0x00000000e3900000,0x00000000f0d9f0a0,0x00000000f1c80000)
  to   space 232960K, 0% used [0x00000000f1c80000,0x00000000f1c80000,0x0000000100000000)
 ParOldGen       total 947200K, used 817881K [0x0000000080000000, 0x00000000b9d00000, 0x00000000d5580000)
  object space 947200K, 86% used [0x0000000080000000,0x00000000b1eb6410,0x00000000b9d00000)
 Metaspace       used 6592K, capacity 7352K, committed 7552K, reserved 1056768K
  class space    used 616K, capacity 624K, committed 640K, reserved 1048576K
}
Event: 42,696 GC heap before
{Heap before GC invocations=31 (full 5):
 PSYoungGen      total 465920K, used 450684K [0x00000000d5580000, 0x0000000100000000, 0x0000000100000000)
  eden space 232960K, 100% used [0x00000000d5580000,0x00000000e3900000,0x00000000e3900000)
  from space 232960K, 93% used [0x00000000e3900000,0x00000000f0d9f0a0,0x00000000f1c80000)
  to   space 232960K, 0% used [0x00000000f1c80000,0x00000000f1c80000,0x0000000100000000)
 ParOldGen       total 947200K, used 817881K [0x0000000080000000, 0x00000000b9d00000, 0x00000000d5580000)
  object space 947200K, 86% used [0x0000000080000000,0x00000000b1eb6410,0x00000000b9d00000)
 Metaspace       used 6592K, capacity 7352K, committed 7552K, reserved 1056768K
  class space    used 616K, capacity 624K, committed 640K, reserved 1048576K
Event: 43,097 GC heap after
Heap after GC invocations=31 (full 5):
 PSYoungGen      total 465920K, used 156854K [0x00000000d5580000, 0x0000000100000000, 0x0000000100000000)
  eden space 232960K, 0% used [0x00000000d5580000,0x00000000d5580000,0x00000000e3900000)
  from space 232960K, 67% used [0x00000000f1c80000,0x00000000fb5adaa8,0x0000000100000000)
  to   space 232960K, 0% used [0x00000000e3900000,0x00000000e3900000,0x00000000f1c80000)
 ParOldGen       total 947200K, used 913469K [0x0000000080000000, 0x00000000b9d00000, 0x00000000d5580000)
  object space 947200K, 96% used [0x0000000080000000,0x00000000b7c0f5e8,0x00000000b9d00000)
 Metaspace       used 6592K, capacity 7352K, committed 7552K, reserved 1056768K
  class space    used 616K, capacity 624K, committed 640K, reserved 1048576K
}
Event: 43,097 GC heap before
{Heap before GC invocations=32 (full 6):
 PSYoungGen      total 465920K, used 156854K [0x00000000d5580000, 0x0000000100000000, 0x0000000100000000)
  eden space 232960K, 0% used [0x00000000d5580000,0x00000000d5580000,0x00000000e3900000)
  from space 232960K, 67% used [0x00000000f1c80000,0x00000000fb5adaa8,0x0000000100000000)
  to   space 232960K, 0% used [0x00000000e3900000,0x00000000e3900000,0x00000000f1c80000)
 ParOldGen       total 947200K, used 913469K [0x0000000080000000, 0x00000000b9d00000, 0x00000000d5580000)
  object space 947200K, 96% used [0x0000000080000000,0x00000000b7c0f5e8,0x00000000b9d00000)
 Metaspace       used 6592K, capacity 7352K, committed 7552K, reserved 1056768K
  class space    used 616K, capacity 624K, committed 640K, reserved 1048576K

Deoptimization events (10 events):
Event: 40,385 Thread 0x00007faccc1af800 Uncommon trap: reason=predicate action=maybe_recompile pc=0x00007facbda0aecc method=com.android.dx.ssa.SsaConverter.placePhiFunctions(Lcom/android/dx/ssa/SsaMethod;Lcom/android/dx/ssa/LocalVariableInfo;I)V @ 274
Event: 40,493 Thread 0x00007faccc1ac800 Uncommon trap: reason=unstable_if action=reinterpret pc=0x00007facbdb5a50c method=com.android.dx.ssa.LiteralOpUpgrader.isConstIntZeroOrKnownNull(Lcom/android/dx/rop/code/RegisterSpec;)Z @ 23
Event: 40,987 Thread 0x00007faccc18a000 Uncommon trap: reason=unstable_if action=reinterpret pc=0x00007facbd29cd68 method=com.android.dx.dex.file.DexFile.internIfAppropriate(Lcom/android/dx/rop/cst/Constant;)V @ 70
Event: 41,228 Thread 0x00007faccc1af800 Uncommon trap: reason=unstable_if action=reinterpret pc=0x00007facbd768044 method=com.android.dx.ssa.MoveParamCombiner$1.visitNonMoveInsn(Lcom/android/dx/ssa/NormalSsaInsn;)V @ 71
Event: 41,271 Thread 0x00007faccc00a000 Uncommon trap: reason=bimorphic action=maybe_recompile pc=0x00007facbd21beac method=com.android.dx.ssa.LiteralOpUpgrader.tryReplacingWithConstant(Lcom/android/dx/ssa/NormalSsaInsn;)Z @ 62
Event: 41,304 Thread 0x00007faccc18a000 Uncommon trap: reason=unstable_if action=reinterpret pc=0x00007facbdccb0e8 method=com.android.dx.dex.code.OutputFinisher.addConstants(Ljava/util/HashSet;Lcom/android/dx/rop/code/RegisterSpec;)V @ 57
Event: 41,347 Thread 0x00007faccc1ae000 Uncommon trap: reason=bimorphic action=maybe_recompile pc=0x00007facbd21beac method=com.android.dx.ssa.LiteralOpUpgrader.tryReplacingWithConstant(Lcom/android/dx/ssa/NormalSsaInsn;)Z @ 62
Event: 41,481 Thread 0x00007faccc1a8800 Uncommon trap: reason=bimorphic action=maybe_recompile pc=0x00007facbd21beac method=com.android.dx.ssa.LiteralOpUpgrader.tryReplacingWithConstant(Lcom/android/dx/ssa/NormalSsaInsn;)Z @ 62
Event: 41,537 Thread 0x00007faccc1a8800 Uncommon trap: reason=bimorphic action=maybe_recompile pc=0x00007facbd21beac method=com.android.dx.ssa.LiteralOpUpgrader.tryReplacingWithConstant(Lcom/android/dx/ssa/NormalSsaInsn;)Z @ 62
Event: 42,053 Thread 0x00007faccc18a000 Uncommon trap: reason=unstable_if action=reinterpret pc=0x00007facbdce9b54 method=com.android.dx.dex.code.OutputFinisher.addConstants(Ljava/util/HashSet;Lcom/android/dx/rop/code/RegisterSpec;)V @ 32

Internal exceptions (9 events):
Event: 0,047 Thread 0x00007faccc00a000 Exception <a 'java/lang/NoSuchMethodError': Method sun.misc.Unsafe.defineClass(Ljava/lang/String;[BII)Ljava/lang/Class; name or signature does not match> (0x00000000d5592b98) thrown at [/HUDSON/workspace/8-2-build-linux-amd64/jdk8u66/4988/hotspot/src/shar
Event: 0,047 Thread 0x00007faccc00a000 Exception <a 'java/lang/NoSuchMethodError': Method sun.misc.Unsafe.prefetchRead(Ljava/lang/Object;J)V name or signature does not match> (0x00000000d5592e80) thrown at [/HUDSON/workspace/8-2-build-linux-amd64/jdk8u66/4988/hotspot/src/share/vm/prims/jni.cpp
Event: 1,027 Thread 0x00007faccc1ae000 Implicit null exception at 0x00007facbd2a6a55 to 0x00007facbd2a9799
Event: 1,027 Thread 0x00007faccc1ae000 Implicit null exception at 0x00007facbd2cc72c to 0x00007facbd2cf095
Event: 2,845 Thread 0x00007faccc1a8800 Exception <a 'java/lang/ArrayIndexOutOfBoundsException': 18> (0x00000000d57802d0) thrown at [/HUDSON/workspace/8-2-build-linux-amd64/jdk8u66/4988/hotspot/src/share/vm/interpreter/interpreterRuntime.cpp, line 366]
Event: 2,845 Thread 0x00007faccc1a8800 Exception <a 'java/lang/ArrayIndexOutOfBoundsException': 145> (0x00000000d5781e50) thrown at [/HUDSON/workspace/8-2-build-linux-amd64/jdk8u66/4988/hotspot/src/share/vm/interpreter/interpreterRuntime.cpp, line 366]
Event: 2,846 Thread 0x00007faccc1a8800 Exception <a 'java/lang/ArrayIndexOutOfBoundsException': 40> (0x00000000d5783138) thrown at [/HUDSON/workspace/8-2-build-linux-amd64/jdk8u66/4988/hotspot/src/share/vm/interpreter/interpreterRuntime.cpp, line 366]
Event: 23,340 Thread 0x00007faccc1ae000 Implicit null exception at 0x00007facbd535456 to 0x00007facbd5358f5
Event: 23,340 Thread 0x00007faccc1ae000 Implicit null exception at 0x00007facbd4041bd to 0x00007facbd404691

Events (10 events):
Event: 42,676 Thread 0x00007faccc18a000 DEOPT UNPACKING pc=0x00007facbd047633 sp=0x00007fac9b5ce020 mode 0
Event: 42,683 Thread 0x00007faccc18a000 DEOPT PACKING pc=0x00007facbdc93da9 sp=0x00007fac9b5ce270
Event: 42,683 Thread 0x00007faccc18a000 DEOPT UNPACKING pc=0x00007facbd047633 sp=0x00007fac9b5ce020 mode 0
Event: 42,685 Thread 0x00007faccc18a000 DEOPT PACKING pc=0x00007facbdc93da9 sp=0x00007fac9b5ce270
Event: 42,685 Thread 0x00007faccc18a000 DEOPT UNPACKING pc=0x00007facbd047633 sp=0x00007fac9b5ce020 mode 0
Event: 42,687 Thread 0x00007faccc18a000 DEOPT PACKING pc=0x00007facbdc93da9 sp=0x00007fac9b5ce270
Event: 42,687 Thread 0x00007faccc18a000 DEOPT UNPACKING pc=0x00007facbd047633 sp=0x00007fac9b5ce020 mode 0
Event: 42,690 Thread 0x00007faccc18a000 DEOPT PACKING pc=0x00007facbdc93da9 sp=0x00007fac9b5ce270
Event: 42,690 Thread 0x00007faccc18a000 DEOPT UNPACKING pc=0x00007facbd047633 sp=0x00007fac9b5ce020 mode 0
Event: 42,692 Executing VM operation: ParallelGCFailedAllocation


Dynamic libraries:
00400000-00401000 r-xp 00000000 08:01 4591374                            /usr/lib/jvm/java-8-oracle/bin/java
00600000-00601000 rw-p 00000000 08:01 4591374                            /usr/lib/jvm/java-8-oracle/bin/java
0137c000-0139d000 rw-p 00000000 00:00 0                                  [heap]
80000000-b9d00000 rw-p 00000000 00:00 0 
c8280000-d5580000 ---p 00000000 00:00 0 
d5580000-100000000 rw-p 00000000 00:00 0 
100000000-1000a0000 rw-p 00000000 00:00 0 
1000a0000-140000000 ---p 00000000 00:00 0 
7fac68000000-7fac6802f000 rw-p 00000000 00:00 0 
7fac6802f000-7fac6c000000 ---p 00000000 00:00 0 
7fac6c000000-7fac6c028000 rw-p 00000000 00:00 0 
7fac6c028000-7fac70000000 ---p 00000000 00:00 0 
7fac70000000-7fac70036000 rw-p 00000000 00:00 0 
7fac70036000-7fac74000000 ---p 00000000 00:00 0 
7fac74000000-7fac7402f000 rw-p 00000000 00:00 0 
7fac7402f000-7fac78000000 ---p 00000000 00:00 0 
7fac78000000-7fac78051000 rw-p 00000000 00:00 0 
7fac78051000-7fac7c000000 ---p 00000000 00:00 0 
7fac7c000000-7fac7c021000 rw-p 00000000 00:00 0 
7fac7c021000-7fac80000000 ---p 00000000 00:00 0 
7fac80000000-7fac80021000 rw-p 00000000 00:00 0 
7fac80021000-7fac84000000 ---p 00000000 00:00 0 
7fac84000000-7fac84021000 rw-p 00000000 00:00 0 
7fac84021000-7fac88000000 ---p 00000000 00:00 0 
7fac88000000-7fac89c04000 rw-p 00000000 00:00 0 
7fac89c04000-7fac8c000000 ---p 00000000 00:00 0 
7fac8c000000-7fac8cd30000 rw-p 00000000 00:00 0 
7fac8cd30000-7fac90000000 ---p 00000000 00:00 0 
7fac90000000-7fac91e9c000 rw-p 00000000 00:00 0 
7fac91e9c000-7fac94000000 ---p 00000000 00:00 0 
7fac94000000-7fac94021000 rw-p 00000000 00:00 0 
7fac94021000-7fac98000000 ---p 00000000 00:00 0 
7fac9b4cf000-7fac9b4d2000 ---p 00000000 00:00 0 
7fac9b4d2000-7fac9b5d0000 rw-p 00000000 00:00 0                          [stack:19584]
7fac9b5d0000-7fac9b5d3000 ---p 00000000 00:00 0 
7fac9b5d3000-7fac9b6d1000 rw-p 00000000 00:00 0                          [stack:19567]
7fac9b6d1000-7fac9b6d4000 ---p 00000000 00:00 0 
7fac9b6d4000-7fac9b7d2000 rw-p 00000000 00:00 0                          [stack:19566]
7fac9b7d2000-7fac9b7d5000 ---p 00000000 00:00 0 
7fac9b7d5000-7fac9b8d3000 rw-p 00000000 00:00 0                          [stack:19565]
7fac9b8d3000-7fac9b8d6000 ---p 00000000 00:00 0 
7fac9b8d6000-7fac9b9d4000 rw-p 00000000 00:00 0                          [stack:19564]
7fac9b9d4000-7fac9b9d7000 ---p 00000000 00:00 0 
7fac9b9d7000-7fac9bad5000 rw-p 00000000 00:00 0                          [stack:19563]
7fac9bad5000-7fac9bbfc000 r--s 00cc0000 08:01 10092625                   /home/tomasz/AndroidStudioProjects/Droppr/app/build/intermediates/transforms/jarMerging/debug/jars/1/1f/combined.jar
7fac9bbfc000-7fac9bbfd000 ---p 00000000 00:00 0 
7fac9bbfd000-7fac9bcfd000 rw-p 00000000 00:00 0                          [stack:19562]
7fac9bcfd000-7fac9bd00000 ---p 00000000 00:00 0 
7fac9bd00000-7fac9bdfe000 rw-p 00000000 00:00 0                          [stack:19561]
7fac9bdfe000-7fac9be01000 ---p 00000000 00:00 0 
7fac9be01000-7fac9beff000 rw-p 00000000 00:00 0                          [stack:19560]
7fac9beff000-7fac9bf02000 ---p 00000000 00:00 0 
7fac9bf02000-7fac9c000000 rw-p 00000000 00:00 0                          [stack:19559]
7fac9c000000-7fac9c021000 rw-p 00000000 00:00 0 
7fac9c021000-7faca0000000 ---p 00000000 00:00 0 
7faca0000000-7faca0021000 rw-p 00000000 00:00 0 
7faca0021000-7faca4000000 ---p 00000000 00:00 0 
7faca4000000-7faca4021000 rw-p 00000000 00:00 0 
7faca4021000-7faca8000000 ---p 00000000 00:00 0 
7faca8000000-7faca8298000 rw-p 00000000 00:00 0 
7faca8298000-7facac000000 ---p 00000000 00:00 0 
7facac000000-7facac021000 rw-p 00000000 00:00 0 
7facac021000-7facb0000000 ---p 00000000 00:00 0 
7facb0000000-7facb0021000 rw-p 00000000 00:00 0 
7facb0021000-7facb4000000 ---p 00000000 00:00 0 
7facb4000000-7facb4021000 rw-p 00000000 00:00 0 
7facb4021000-7facb8000000 ---p 00000000 00:00 0 
7facb80e6000-7facb80e9000 ---p 00000000 00:00 0 
7facb80e9000-7facb81e7000 rw-p 00000000 00:00 0                          [stack:19558]
7facb81e7000-7facb81ea000 ---p 00000000 00:00 0 
7facb81ea000-7facb82e8000 rw-p 00000000 00:00 0                          [stack:19557]
7facb82e8000-7facb8afb000 r--p 00000000 08:01 1579663                    /usr/lib/locale/locale-archive
7facb8afb000-7facb8afe000 ---p 00000000 00:00 0 
7facb8afe000-7facb8bfc000 rw-p 00000000 00:00 0                          [stack:19556]
7facb8bfc000-7facb8bff000 ---p 00000000 00:00 0 
7facb8bff000-7facb8cfd000 rw-p 00000000 00:00 0                          [stack:19555]
7facb8cfd000-7facb8cfe000 ---p 00000000 00:00 0 
7facb8cfe000-7facbd000000 rw-p 00000000 00:00 0                          [stack:19554]
7facbd000000-7facbdd10000 rwxp 00000000 00:00 0 
7facbdd10000-7faccc000000 ---p 00000000 00:00 0 
7faccc000000-7faccc3d4000 rw-p 00000000 00:00 0 
7faccc3d4000-7facd0000000 ---p 00000000 00:00 0 
7facd000e000-7facd0033000 r--p 00000000 08:01 2361987                    /usr/share/locale-langpack/pl/LC_MESSAGES/libc.mo
7facd0033000-7facd0e13000 rw-p 00000000 00:00 0 
7facd0e13000-7facd0fec000 r--s 03d20000 08:01 4069182                    /usr/lib/jvm/java-8-oracle/jre/lib/rt.jar
7facd0fec000-7facd1722000 rw-p 00000000 00:00 0 
7facd1722000-7facd1862000 ---p 00000000 00:00 0 
7facd1862000-7facd1c62000 rw-p 00000000 00:00 0 
7facd1c62000-7facd1c63000 ---p 00000000 00:00 0 
7facd1c63000-7facd1d63000 rw-p 00000000 00:00 0                          [stack:19553]
7facd1d63000-7facd1d64000 ---p 00000000 00:00 0 
7facd1d64000-7facd1e64000 rw-p 00000000 00:00 0                          [stack:19552]
7facd1e64000-7facd1e65000 ---p 00000000 00:00 0 
7facd1e65000-7facd1f65000 rw-p 00000000 00:00 0                          [stack:19551]
7facd1f65000-7facd1f66000 ---p 00000000 00:00 0 
7facd1f66000-7facd2235000 rw-p 00000000 00:00 0                          [stack:19550]
7facd2235000-7facd2311000 ---p 00000000 00:00 0 
7facd2311000-7facd24e0000 rw-p 00000000 00:00 0 
7facd24e0000-7facd25bb000 ---p 00000000 00:00 0 
7facd25bb000-7facd2711000 rw-p 00000000 00:00 0 
7facd2711000-7facd2747000 rw-p 00000000 00:00 0 
7facd2747000-7facd2ad2000 ---p 00000000 00:00 0 
7facd2ad2000-7facd2aec000 r-xp 00000000 08:01 4069168                    /usr/lib/jvm/java-8-oracle/jre/lib/amd64/libzip.so
7facd2aec000-7facd2cec000 ---p 0001a000 08:01 4069168                    /usr/lib/jvm/java-8-oracle/jre/lib/amd64/libzip.so
7facd2cec000-7facd2ced000 rw-p 0001a000 08:01 4069168                    /usr/lib/jvm/java-8-oracle/jre/lib/amd64/libzip.so
7facd2ced000-7facd2cf8000 r-xp 00000000 08:01 5771445                    /lib/x86_64-linux-gnu/libnss_files-2.19.so
7facd2cf8000-7facd2ef7000 ---p 0000b000 08:01 5771445                    /lib/x86_64-linux-gnu/libnss_files-2.19.so
7facd2ef7000-7facd2ef8000 r--p 0000a000 08:01 5771445                    /lib/x86_64-linux-gnu/libnss_files-2.19.so
7facd2ef8000-7facd2ef9000 rw-p 0000b000 08:01 5771445                    /lib/x86_64-linux-gnu/libnss_files-2.19.so
7facd2ef9000-7facd2f04000 r-xp 00000000 08:01 5771455                    /lib/x86_64-linux-gnu/libnss_nis-2.19.so
7facd2f04000-7facd3103000 ---p 0000b000 08:01 5771455                    /lib/x86_64-linux-gnu/libnss_nis-2.19.so
7facd3103000-7facd3104000 r--p 0000a000 08:01 5771455                    /lib/x86_64-linux-gnu/libnss_nis-2.19.so
7facd3104000-7facd3105000 rw-p 0000b000 08:01 5771455                    /lib/x86_64-linux-gnu/libnss_nis-2.19.so
7facd3105000-7facd311c000 r-xp 00000000 08:01 5771439                    /lib/x86_64-linux-gnu/libnsl-2.19.so
7facd311c000-7facd331b000 ---p 00017000 08:01 5771439                    /lib/x86_64-linux-gnu/libnsl-2.19.so
7facd331b000-7facd331c000 r--p 00016000 08:01 5771439                    /lib/x86_64-linux-gnu/libnsl-2.19.so
7facd331c000-7facd331d000 rw-p 00017000 08:01 5771439                    /lib/x86_64-linux-gnu/libnsl-2.19.so
7facd331d000-7facd331f000 rw-p 00000000 00:00 0 
7facd331f000-7facd3328000 r-xp 00000000 08:01 5771441                    /lib/x86_64-linux-gnu/libnss_compat-2.19.so
7facd3328000-7facd3527000 ---p 00009000 08:01 5771441                    /lib/x86_64-linux-gnu/libnss_compat-2.19.so
7facd3527000-7facd3528000 r--p 00008000 08:01 5771441                    /lib/x86_64-linux-gnu/libnss_compat-2.19.so
7facd3528000-7facd3529000 rw-p 00009000 08:01 5771441                    /lib/x86_64-linux-gnu/libnss_compat-2.19.so
7facd3529000-7facd3553000 r-xp 00000000 08:01 4069157                    /usr/lib/jvm/java-8-oracle/jre/lib/amd64/libjava.so
7facd3553000-7facd3753000 ---p 0002a000 08:01 4069157                    /usr/lib/jvm/java-8-oracle/jre/lib/amd64/libjava.so
7facd3753000-7facd3755000 rw-p 0002a000 08:01 4069157                    /usr/lib/jvm/java-8-oracle/jre/lib/amd64/libjava.so
7facd3755000-7facd3762000 r-xp 00000000 08:01 4069118                    /usr/lib/jvm/java-8-oracle/jre/lib/amd64/libverify.so
7facd3762000-7facd3962000 ---p 0000d000 08:01 4069118                    /usr/lib/jvm/java-8-oracle/jre/lib/amd64/libverify.so
7facd3962000-7facd3964000 rw-p 0000d000 08:01 4069118                    /usr/lib/jvm/java-8-oracle/jre/lib/amd64/libverify.so
7facd3964000-7facd396b000 r-xp 00000000 08:01 5771498                    /lib/x86_64-linux-gnu/librt-2.19.so
7facd396b000-7facd3b6a000 ---p 00007000 08:01 5771498                    /lib/x86_64-linux-gnu/librt-2.19.so
7facd3b6a000-7facd3b6b000 r--p 00006000 08:01 5771498                    /lib/x86_64-linux-gnu/librt-2.19.so
7facd3b6b000-7facd3b6c000 rw-p 00007000 08:01 5771498                    /lib/x86_64-linux-gnu/librt-2.19.so
7facd3b6c000-7facd3c71000 r-xp 00000000 08:01 5771420                    /lib/x86_64-linux-gnu/libm-2.19.so
7facd3c71000-7facd3e70000 ---p 00105000 08:01 5771420                    /lib/x86_64-linux-gnu/libm-2.19.so
7facd3e70000-7facd3e71000 r--p 00104000 08:01 5771420                    /lib/x86_64-linux-gnu/libm-2.19.so
7facd3e71000-7facd3e72000 rw-p 00105000 08:01 5771420                    /lib/x86_64-linux-gnu/libm-2.19.so
7facd3e72000-7facd4b30000 r-xp 00000000 08:01 4069167                    /usr/lib/jvm/java-8-oracle/jre/lib/amd64/server/libjvm.so
7facd4b30000-7facd4d2f000 ---p 00cbe000 08:01 4069167                    /usr/lib/jvm/java-8-oracle/jre/lib/amd64/server/libjvm.so
7facd4d2f000-7facd4e08000 rw-p 00cbd000 08:01 4069167                    /usr/lib/jvm/java-8-oracle/jre/lib/amd64/server/libjvm.so
7facd4e08000-7facd4e4c000 rw-p 00000000 00:00 0 
7facd4e4c000-7facd5007000 r-xp 00000000 08:01 5771370                    /lib/x86_64-linux-gnu/libc-2.19.so
7facd5007000-7facd5206000 ---p 001bb000 08:01 5771370                    /lib/x86_64-linux-gnu/libc-2.19.so
7facd5206000-7facd520a000 r--p 001ba000 08:01 5771370                    /lib/x86_64-linux-gnu/libc-2.19.so
7facd520a000-7facd520c000 rw-p 001be000 08:01 5771370                    /lib/x86_64-linux-gnu/libc-2.19.so
7facd520c000-7facd5211000 rw-p 00000000 00:00 0 
7facd5211000-7facd5214000 r-xp 00000000 08:01 5771387                    /lib/x86_64-linux-gnu/libdl-2.19.so
7facd5214000-7facd5413000 ---p 00003000 08:01 5771387                    /lib/x86_64-linux-gnu/libdl-2.19.so
7facd5413000-7facd5414000 r--p 00002000 08:01 5771387                    /lib/x86_64-linux-gnu/libdl-2.19.so
7facd5414000-7facd5415000 rw-p 00003000 08:01 5771387                    /lib/x86_64-linux-gnu/libdl-2.19.so
7facd5415000-7facd542a000 r-xp 00000000 08:01 4727160                    /usr/lib/jvm/java-8-oracle/lib/amd64/jli/libjli.so
7facd542a000-7facd562a000 ---p 00015000 08:01 4727160                    /usr/lib/jvm/java-8-oracle/lib/amd64/jli/libjli.so
7facd562a000-7facd562b000 rw-p 00015000 08:01 4727160                    /usr/lib/jvm/java-8-oracle/lib/amd64/jli/libjli.so
7facd562b000-7facd5644000 r-xp 00000000 08:01 5771490                    /lib/x86_64-linux-gnu/libpthread-2.19.so
7facd5644000-7facd5843000 ---p 00019000 08:01 5771490                    /lib/x86_64-linux-gnu/libpthread-2.19.so
7facd5843000-7facd5844000 r--p 00018000 08:01 5771490                    /lib/x86_64-linux-gnu/libpthread-2.19.so
7facd5844000-7facd5845000 rw-p 00019000 08:01 5771490                    /lib/x86_64-linux-gnu/libpthread-2.19.so
7facd5845000-7facd5849000 rw-p 00000000 00:00 0 
7facd5849000-7facd586c000 r-xp 00000000 08:01 5771346                    /lib/x86_64-linux-gnu/ld-2.19.so
7facd5874000-7facd587b000 r--s 00000000 08:01 1967077                    /usr/lib/x86_64-linux-gnu/gconv/gconv-modules.cache
7facd587b000-7facd5947000 rw-p 00000000 00:00 0 
7facd5947000-7facd594a000 ---p 00000000 00:00 0 
7facd594a000-7facd5a4c000 rw-p 00000000 00:00 0                          [stack:19546]
7facd5a4f000-7facd5a50000 rw-p 00000000 00:00 0 
7facd5a50000-7facd5a5f000 r--s 000df000 08:01 656243                     /home/tomasz/Android/Sdk/build-tools/23.0.1/lib/dx.jar
7facd5a5f000-7facd5a67000 rw-s 00000000 08:01 6034098                    /tmp/hsperfdata_tomasz/19544
7facd5a67000-7facd5a68000 rw-p 00000000 00:00 0 
7facd5a68000-7facd5a69000 ---p 00000000 00:00 0 
7facd5a69000-7facd5a6b000 rw-p 00000000 00:00 0 
7facd5a6b000-7facd5a6c000 r--p 00022000 08:01 5771346                    /lib/x86_64-linux-gnu/ld-2.19.so
7facd5a6c000-7facd5a6d000 rw-p 00023000 08:01 5771346                    /lib/x86_64-linux-gnu/ld-2.19.so
7facd5a6d000-7facd5a6e000 rw-p 00000000 00:00 0 
7ffc7a459000-7ffc7a47a000 rw-p 00000000 00:00 0                          [stack]
7ffc7a5a7000-7ffc7a5a9000 r--p 00000000 00:00 0                          [vvar]
7ffc7a5a9000-7ffc7a5ab000 r-xp 00000000 00:00 0                          [vdso]
ffffffffff600000-ffffffffff601000 r-xp 00000000 00:00 0                  [vsyscall]

VM Arguments:
jvm_args: -Djava.awt.headless=true -Xmx2g -Dfile.encoding=UTF-8 -Duser.country=PL -Duser.language=pl -Duser.variant 
java_command: com.android.dx.command.Main --dex --num-threads=4 --multi-dex --main-dex-list /home/tomasz/AndroidStudioProjects/Droppr/app/build/intermediates/multi-dex/debug/maindexlist.txt --output /home/tomasz/AndroidStudioProjects/Droppr/app/build/intermediates/transforms/dex/debug/folders/1000/1f/main /home/tomasz/AndroidStudioProjects/Droppr/app/build/intermediates/transforms/jarMerging/debug/jars/1/1f/combined.jar
java_class_path (initial): /home/tomasz/Android/Sdk/build-tools/23.0.1/lib/dx.jar
Launcher Type: SUN_STANDARD

Environment Variables:
PATH=/usr/local/sbin:/usr/local/bin:/usr/sbin:/usr/bin:/sbin:/bin:/usr/games:/usr/local/games
LD_LIBRARY_PATH=/opt/android-studio/bin:
SHELL=/bin/bash
DISPLAY=:0

Signal Handlers:
SIGSEGV: [libjvm.so+0xaba2a0], sa_mask[0]=11111111011111111101111111111110, sa_flags=SA_RESTART|SA_SIGINFO
SIGBUS: [libjvm.so+0xaba2a0], sa_mask[0]=11111111011111111101111111111110, sa_flags=SA_RESTART|SA_SIGINFO
SIGFPE: [libjvm.so+0x917710], sa_mask[0]=11111111011111111101111111111110, sa_flags=SA_RESTART|SA_SIGINFO
SIGPIPE: [libjvm.so+0x917710], sa_mask[0]=11111111011111111101111111111110, sa_flags=SA_RESTART|SA_SIGINFO
SIGXFSZ: [libjvm.so+0x917710], sa_mask[0]=11111111011111111101111111111110, sa_flags=SA_RESTART|SA_SIGINFO
SIGILL: [libjvm.so+0x917710], sa_mask[0]=11111111011111111101111111111110, sa_flags=SA_RESTART|SA_SIGINFO
SIGUSR1: SIG_DFL, sa_mask[0]=00000000000000000000000000000000, sa_flags=none
SIGUSR2: [libjvm.so+0x918d40], sa_mask[0]=00100000000000000000000000000000, sa_flags=SA_RESTART|SA_SIGINFO
SIGHUP: [libjvm.so+0x91a140], sa_mask[0]=11111111011111111101111111111110, sa_flags=SA_RESTART|SA_SIGINFO
SIGINT: [libjvm.so+0x91a140], sa_mask[0]=11111111011111111101111111111110, sa_flags=SA_RESTART|SA_SIGINFO
SIGTERM: [libjvm.so+0x91a140], sa_mask[0]=11111111011111111101111111111110, sa_flags=SA_RESTART|SA_SIGINFO
SIGQUIT: [libjvm.so+0x91a140], sa_mask[0]=11111111011111111101111111111110, sa_flags=SA_RESTART|SA_SIGINFO


---------------  S Y S T E M  ---------------

OS:DISTRIB_ID=Ubuntu
DISTRIB_RELEASE=14.04
DISTRIB_CODENAME=trusty
DISTRIB_DESCRIPTION="Ubuntu 14.04.3 LTS"

uname:Linux 3.19.0-33-generic #38~14.04.1-Ubuntu SMP Fri Nov 6 18:17:28 UTC 2015 x86_64
libc:glibc 2.19 NPTL 2.19 
rlimit: STACK 8192k, CORE 0k, NPROC 23202, NOFILE 4096, AS infinity
load average:4,71 1,74 1,09

/proc/meminfo:
MemTotal:        5961336 kB
MemFree:          116824 kB
MemAvailable:      78812 kB
Buffers:             760 kB
Cached:           423432 kB
SwapCached:            0 kB
Active:          5293288 kB
Inactive:         382488 kB
Active(anon):    5270352 kB
Inactive(anon):   351856 kB
Active(file):      22936 kB
Inactive(file):    30632 kB
Unevictable:         296 kB
Mlocked:             296 kB
SwapTotal:             0 kB
SwapFree:              0 kB
Dirty:               216 kB
Writeback:             0 kB
AnonPages:       5252296 kB
Mapped:            93700 kB
Shmem:            370404 kB
Slab:              75928 kB
SReclaimable:      39332 kB
SUnreclaim:        36596 kB
KernelStack:        9920 kB
PageTables:        40304 kB
NFS_Unstable:          0 kB
Bounce:                0 kB
WritebackTmp:          0 kB
CommitLimit:     2980668 kB
Committed_AS:    8794796 kB
VmallocTotal:   34359738367 kB
VmallocUsed:      551868 kB
VmallocChunk:   34359162332 kB
HardwareCorrupted:     0 kB
AnonHugePages:   3008512 kB
CmaTotal:              0 kB
CmaFree:               0 kB
HugePages_Total:       0
HugePages_Free:        0
HugePages_Rsvd:        0
HugePages_Surp:        0
Hugepagesize:       2048 kB
DirectMap4k:      155904 kB
DirectMap2M:     5984256 kB


CPU:total 4 (2 cores per cpu, 2 threads per core) family 6 model 42 stepping 7, cmov, cx8, fxsr, mmx, sse, sse2, sse3, ssse3, sse4.1, sse4.2, popcnt, avx, aes, clmul, ht, tsc, tscinvbit

/proc/cpuinfo:
processor	: 0
vendor_id	: GenuineIntel
cpu family	: 6
model		: 42
model name	: Intel(R) Core(TM) i5-2450M CPU @ 2.50GHz
stepping	: 7
microcode	: 0x25
cpu MHz		: 2912.402
cache size	: 3072 KB
physical id	: 0
siblings	: 4
core id		: 0
cpu cores	: 2
apicid		: 0
initial apicid	: 0
fpu		: yes
fpu_exception	: yes
cpuid level	: 13
wp		: yes
flags		: fpu vme de pse tsc msr pae mce cx8 apic sep mtrr pge mca cmov pat pse36 clflush dts acpi mmx fxsr sse sse2 ss ht tm pbe syscall nx rdtscp lm constant_tsc arch_perfmon pebs bts rep_good nopl xtopology nonstop_tsc aperfmperf eagerfpu pni pclmulqdq dtes64 monitor ds_cpl vmx est tm2 ssse3 cx16 xtpr pdcm pcid sse4_1 sse4_2 x2apic popcnt tsc_deadline_timer aes xsave avx lahf_lm ida arat epb pln pts dtherm tpr_shadow vnmi flexpriority ept vpid xsaveopt
bugs		:
bogomips	: 4988.59
clflush size	: 64
cache_alignment	: 64
address sizes	: 36 bits physical, 48 bits virtual
power management:

processor	: 1
vendor_id	: GenuineIntel
cpu family	: 6
model		: 42
model name	: Intel(R) Core(TM) i5-2450M CPU @ 2.50GHz
stepping	: 7
microcode	: 0x25
cpu MHz		: 2923.046
cache size	: 3072 KB
physical id	: 0
siblings	: 4
core id		: 0
cpu cores	: 2
apicid		: 1
initial apicid	: 1
fpu		: yes
fpu_exception	: yes
cpuid level	: 13
wp		: yes
flags		: fpu vme de pse tsc msr pae mce cx8 apic sep mtrr pge mca cmov pat pse36 clflush dts acpi mmx fxsr sse sse2 ss ht tm pbe syscall nx rdtscp lm constant_tsc arch_perfmon pebs bts rep_good nopl xtopology nonstop_tsc aperfmperf eagerfpu pni pclmulqdq dtes64 monitor ds_cpl vmx est tm2 ssse3 cx16 xtpr pdcm pcid sse4_1 sse4_2 x2apic popcnt tsc_deadline_timer aes xsave avx lahf_lm ida arat epb pln pts dtherm tpr_shadow vnmi flexpriority ept vpid xsaveopt
bugs		:
bogomips	: 4988.59
clflush size	: 64
cache_alignment	: 64
address sizes	: 36 bits physical, 48 bits virtual
power management:

processor	: 2
vendor_id	: GenuineIntel
cpu family	: 6
model		: 42
model name	: Intel(R) Core(TM) i5-2450M CPU @ 2.50GHz
stepping	: 7
microcode	: 0x25
cpu MHz		: 2900.000
cache size	: 3072 KB
physical id	: 0
siblings	: 4
core id		: 1
cpu cores	: 2
apicid		: 2
initial apicid	: 2
fpu		: yes
fpu_exception	: yes
cpuid level	: 13
wp		: yes
flags		: fpu vme de pse tsc msr pae mce cx8 apic sep mtrr pge mca cmov pat pse36 clflush dts acpi mmx fxsr sse sse2 ss ht tm pbe syscall nx rdtscp lm constant_tsc arch_perfmon pebs bts rep_good nopl xtopology nonstop_tsc aperfmperf eagerfpu pni pclmulqdq dtes64 monitor ds_cpl vmx est tm2 ssse3 cx16 xtpr pdcm pcid sse4_1 sse4_2 x2apic popcnt tsc_deadline_timer aes xsave avx lahf_lm ida arat epb pln pts dtherm tpr_shadow vnmi flexpriority ept vpid xsaveopt
bugs		:
bogomips	: 4988.59
clflush size	: 64
cache_alignment	: 64
address sizes	: 36 bits physical, 48 bits virtual
power management:

processor	: 3
vendor_id	: GenuineIntel
cpu family	: 6
model		: 42
model name	: Intel(R) Core(TM) i5-2450M CPU @ 2.50GHz
stepping	: 7
microcode	: 0x25
cpu MHz		: 2900.000
cache size	: 3072 KB
physical id	: 0
siblings	: 4
core id		: 1
cpu cores	: 2
apicid		: 3
initial apicid	: 3
fpu		: yes
fpu_exception	: yes
cpuid level	: 13
wp		: yes
flags		: fpu vme de pse tsc msr pae mce cx8 apic sep mtrr pge mca cmov pat pse36 clflush dts acpi mmx fxsr sse sse2 ss ht tm pbe syscall nx rdtscp lm constant_tsc arch_perfmon pebs bts rep_good nopl xtopology nonstop_tsc aperfmperf eagerfpu pni pclmulqdq dtes64 monitor ds_cpl vmx est tm2 ssse3 cx16 xtpr pdcm pcid sse4_1 sse4_2 x2apic popcnt tsc_deadline_timer aes xsave avx lahf_lm ida arat epb pln pts dtherm tpr_shadow vnmi flexpriority ept vpid xsaveopt
bugs		:
bogomips	: 4988.59
clflush size	: 64
cache_alignment	: 64
address sizes	: 36 bits physical, 48 bits virtual
power management:



Memory: 4k page, physical 5961336k(116328k free), swap 0k(0k free)

vm_info: Java HotSpot(TM) 64-Bit Server VM (25.66-b17) for linux-amd64 JRE (1.8.0_66-b17), built on Oct  6 2015 17:28:34 by "java_re" with gcc 4.3.0 20080428 (Red Hat 4.3.0-8)

time: Sat Nov 21 00:39:01 2015
elapsed time: 46 seconds (0d 0h 0m 46s)

