#
# There is insufficient memory for the Java Runtime Environment to continue.
# Native memory allocation (mmap) failed to map 276299776 bytes for committing reserved memory.
# Possible reasons:
#   The system is out of physical RAM or swap space
#   In 32 bit mode, the process size limit was hit
# Possible solutions:
#   Reduce memory load on the system
#   Increase physical memory or swap space
#   Check if swap backing store is full
#   Use 64 bit Java on a 64 bit OS
#   Decrease Java heap size (-Xmx/-Xms)
#   Decrease number of Java threads
#   Decrease Java thread stack sizes (-Xss)
#   Set larger code cache with -XX:ReservedCodeCacheSize=
# This output file may be truncated or incomplete.
#
#  Out of Memory Error (os_linux.cpp:2627), pid=15389, tid=140314622768896
#
# JRE version: Java(TM) SE Runtime Environment (8.0_66-b17) (build 1.8.0_66-b17)
# Java VM: Java HotSpot(TM) 64-Bit Server VM (25.66-b17 mixed mode linux-amd64 compressed oops)
# Failed to write core dump. Core dumps have been disabled. To enable core dumping, try "ulimit -c unlimited" before starting Java again
#

---------------  T H R E A D  ---------------

Current thread (0x00007f9da8078000):  VMThread [stack: 0x00007f9d8b2f3000,0x00007f9d8b3f4000] [id=15398]

Stack: [0x00007f9d8b2f3000,0x00007f9d8b3f4000],  sp=0x00007f9d8b3f22e0,  free space=1020k
Native frames: (J=compiled Java code, j=interpreted, Vv=VM code, C=native code)
V  [libjvm.so+0xab9a1a]  VMError::report_and_die()+0x2ba
V  [libjvm.so+0x4f9e0b]  report_vm_out_of_memory(char const*, int, unsigned long, VMErrorType, char const*)+0x8b
V  [libjvm.so+0x91a8a3]  os::Linux::commit_memory_impl(char*, unsigned long, bool)+0x103
V  [libjvm.so+0x91adf9]  os::pd_commit_memory(char*, unsigned long, unsigned long, bool)+0x29
V  [libjvm.so+0x91510a]  os::commit_memory(char*, unsigned long, unsigned long, bool)+0x2a
V  [libjvm.so+0x9887a3]  PSVirtualSpace::expand_by(unsigned long)+0x53
V  [libjvm.so+0x979090]  PSOldGen::expand(unsigned long)+0x170
V  [libjvm.so+0x97929b]  PSOldGen::resize(unsigned long)+0x1cb
V  [libjvm.so+0x980f71]  PSParallelCompact::invoke_no_policy(bool)+0x991
V  [libjvm.so+0x9868cd]  PSScavenge::invoke()+0x1ad
V  [libjvm.so+0x93e500]  ParallelScavengeHeap::failed_mem_allocate(unsigned long)+0x70
V  [libjvm.so+0xabb437]  VM_ParallelGCFailedAllocation::doit()+0x97
V  [libjvm.so+0xac2e65]  VM_Operation::evaluate()+0x55
V  [libjvm.so+0xac123a]  VMThread::evaluate_operation(VM_Operation*)+0xba
V  [libjvm.so+0xac15be]  VMThread::loop()+0x1ce
V  [libjvm.so+0xac1a30]  VMThread::run()+0x70
V  [libjvm.so+0x91cc68]  java_start(Thread*)+0x108

VM_Operation (0x00007f9d89fae050): ParallelGCFailedAllocation, mode: safepoint, requested by thread 0x00007f9da81d4000


---------------  P R O C E S S  ---------------

Java Threads: ( => current thread )
  0x00007f9da8230000 JavaThread "pool-1-thread-1" [_thread_blocked, id=15454, stack(0x00007f9d89bac000,0x00007f9d89cad000)]
  0x00007f9da81d7800 JavaThread "pool-2-thread-4" [_thread_blocked, id=15411, stack(0x00007f9d89cad000,0x00007f9d89dae000)]
  0x00007f9da81d6800 JavaThread "pool-2-thread-3" [_thread_blocked, id=15410, stack(0x00007f9d89dae000,0x00007f9d89eaf000)]
  0x00007f9da81d4000 JavaThread "pool-2-thread-2" [_thread_blocked, id=15409, stack(0x00007f9d89eaf000,0x00007f9d89fb0000)]
  0x00007f9da81d3000 JavaThread "pool-3-thread-1" [_thread_blocked, id=15408, stack(0x00007f9d89fb0000,0x00007f9d8a0b1000)]
  0x00007f9da81d1000 JavaThread "pool-2-thread-1" [_thread_blocked, id=15407, stack(0x00007f9d8a0b1000,0x00007f9d8a1b2000)]
  0x00007f9da80c8800 JavaThread "Service Thread" daemon [_thread_blocked, id=15405, stack(0x00007f9d8a3d9000,0x00007f9d8a4da000)]
  0x00007f9da80bb000 JavaThread "C1 CompilerThread2" daemon [_thread_blocked, id=15404, stack(0x00007f9d8a4da000,0x00007f9d8a5db000)]
  0x00007f9da80b9800 JavaThread "C2 CompilerThread1" daemon [_thread_blocked, id=15403, stack(0x00007f9d8a5db000,0x00007f9d8a6dc000)]
  0x00007f9da80b6800 JavaThread "C2 CompilerThread0" daemon [_thread_blocked, id=15402, stack(0x00007f9d8a6dc000,0x00007f9d8a7dd000)]
  0x00007f9da80b5000 JavaThread "Signal Dispatcher" daemon [_thread_blocked, id=15401, stack(0x00007f9d8a7dd000,0x00007f9d8a8de000)]
  0x00007f9da807f000 JavaThread "Finalizer" daemon [_thread_blocked, id=15400, stack(0x00007f9d8b0f1000,0x00007f9d8b1f2000)]
  0x00007f9da807d000 JavaThread "Reference Handler" daemon [_thread_blocked, id=15399, stack(0x00007f9d8b1f2000,0x00007f9d8b2f3000)]
  0x00007f9da800a000 JavaThread "main" [_thread_blocked, id=15392, stack(0x00007f9daff35000,0x00007f9db0036000)]

Other Threads:
=>0x00007f9da8078000 VMThread [stack: 0x00007f9d8b2f3000,0x00007f9d8b3f4000] [id=15398]
  0x00007f9da80cb000 WatcherThread [stack: 0x00007f9d8a2d8000,0x00007f9d8a3d9000] [id=15406]

VM state:at safepoint (normal execution)

VM Mutex/Monitor currently owned by a thread:  ([mutex/lock_event])
[0x00007f9da8005ed0] ExpandHeap_lock - owner thread: 0x00007f9da8078000
[0x00007f9da8006550] Threads_lock - owner thread: 0x00007f9da8078000
[0x00007f9da8006a50] Heap_lock - owner thread: 0x00007f9da81d4000

Heap:
 PSYoungGen      total 465920K, used 0K [0x00000000d5580000, 0x0000000100000000, 0x0000000100000000)
  eden space 232960K, 0% used [0x00000000d5580000,0x00000000d5580000,0x00000000e3900000)
  from space 232960K, 0% used [0x00000000e3900000,0x00000000e3900000,0x00000000f1c80000)
  to   space 232960K, 0% used [0x00000000f1c80000,0x00000000f1c80000,0x0000000100000000)
 ParOldGen       total 944640K, used 882265K [0x0000000080000000, 0x00000000b9a80000, 0x00000000d5580000)
  object space 944640K, 93% used [0x0000000080000000,0x00000000b5d96610,0x00000000b9a80000)
 Metaspace       used 6633K, capacity 7448K, committed 7680K, reserved 1056768K
  class space    used 618K, capacity 656K, committed 768K, reserved 1048576K

Card table byte_map: [0x00007f9dac8ff000,0x00007f9dacd00000] byte_map_base: 0x00007f9dac4ff000

Marking Bits: (ParMarkBitMap*) 0x00007f9daf40f020
 Begin Bits: [0x00007f9d90000000, 0x00007f9d92000000)
 End Bits:   [0x00007f9d92000000, 0x00007f9d94000000)

Polling page: 0x00007f9db0056000

CodeCache: size=245760Kb used=14434Kb max_used=14439Kb free=231325Kb
 bounds [0x00007f9d99000000, 0x00007f9d99e30000, 0x00007f9da8000000]
 total_blobs=3169 nmethods=2900 adapters=182
 compilation: enabled

Compilation events (10 events):
Event: 39,858 Thread 0x00007f9da80bb000 nmethod 3596 0x00007f9d99e1df90 code [0x00007f9d99e1e180, 0x00007f9d99e1ec28]
Event: 39,864 Thread 0x00007f9da80bb000 3598       1       com.android.dx.dex.file.UniformListItem::itemType (5 bytes)
Event: 39,864 Thread 0x00007f9da80bb000 nmethod 3598 0x00007f9d99e20710 code [0x00007f9d99e20860, 0x00007f9d99e20970]
Event: 39,866 Thread 0x00007f9da80b9800 nmethod 3578 0x00007f9d99e1d710 code [0x00007f9d99e1d880, 0x00007f9d99e1dc58]
Event: 39,866 Thread 0x00007f9da80b9800 3589       4       com.android.dx.cf.code.Ropper::addBlock (37 bytes)
Event: 39,867 Thread 0x00007f9da80bb000 3599       3       java.util.TimSort::gallopRight (335 bytes)
Event: 39,868 Thread 0x00007f9da80bb000 nmethod 3599 0x00007f9d99e23b50 code [0x00007f9d99e23d60, 0x00007f9d99e24838]
Event: 39,869 Thread 0x00007f9da80bb000 3600       3       java.util.TimSort::mergeCollapse (101 bytes)
Event: 39,870 Thread 0x00007f9da80bb000 nmethod 3600 0x00007f9d99e23390 code [0x00007f9d99e23540, 0x00007f9d99e23958]
Event: 39,870 Thread 0x00007f9da80bb000 3602       3       java.util.TimSort::gallopLeft (335 bytes)

GC Heap History (10 events):
Event: 36,188 GC heap after
Heap after GC invocations=31 (full 6):
 PSYoungGen      total 358912K, used 113409K [0x00000000d5580000, 0x00000000fed00000, 0x0000000100000000)
  eden space 245248K, 0% used [0x00000000d5580000,0x00000000d5580000,0x00000000e4500000)
  from space 113664K, 99% used [0x00000000e4500000,0x00000000eb3c0510,0x00000000eb400000)
  to   space 216064K, 0% used [0x00000000f1a00000,0x00000000f1a00000,0x00000000fed00000)
 ParOldGen       total 944640K, used 715329K [0x0000000080000000, 0x00000000b9a80000, 0x00000000d5580000)
  object space 944640K, 75% used [0x0000000080000000,0x00000000aba90650,0x00000000b9a80000)
 Metaspace       used 6473K, capacity 7282K, committed 7552K, reserved 1056768K
  class space    used 608K, capacity 618K, committed 640K, reserved 1048576K
}
Event: 37,026 GC heap before
{Heap before GC invocations=32 (full 6):
 PSYoungGen      total 358912K, used 358657K [0x00000000d5580000, 0x00000000fed00000, 0x0000000100000000)
  eden space 245248K, 100% used [0x00000000d5580000,0x00000000e4500000,0x00000000e4500000)
  from space 113664K, 99% used [0x00000000e4500000,0x00000000eb3c0510,0x00000000eb400000)
  to   space 216064K, 0% used [0x00000000f1a00000,0x00000000f1a00000,0x00000000fed00000)
 ParOldGen       total 944640K, used 715329K [0x0000000080000000, 0x00000000b9a80000, 0x00000000d5580000)
  object space 944640K, 75% used [0x0000000080000000,0x00000000aba90650,0x00000000b9a80000)
 Metaspace       used 6559K, capacity 7350K, committed 7552K, reserved 1056768K
  class space    used 613K, capacity 622K, committed 640K, reserved 1048576K
Event: 37,268 GC heap after
Heap after GC invocations=32 (full 6):
 PSYoungGen      total 452096K, used 154243K [0x00000000d5580000, 0x0000000100000000, 0x0000000100000000)
  eden space 236032K, 0% used [0x00000000d5580000,0x00000000d5580000,0x00000000e3c00000)
  from space 216064K, 71% used [0x00000000f1a00000,0x00000000fb0a0e30,0x00000000fed00000)
  to   space 227328K, 0% used [0x00000000e3c00000,0x00000000e3c00000,0x00000000f1a00000)
 ParOldGen       total 944640K, used 715337K [0x0000000080000000, 0x00000000b9a80000, 0x00000000d5580000)
  object space 944640K, 75% used [0x0000000080000000,0x00000000aba92650,0x00000000b9a80000)
 Metaspace       used 6559K, capacity 7350K, committed 7552K, reserved 1056768K
  class space    used 613K, capacity 622K, committed 640K, reserved 1048576K
}
Event: 38,059 GC heap before
{Heap before GC invocations=33 (full 6):
 PSYoungGen      total 452096K, used 390275K [0x00000000d5580000, 0x0000000100000000, 0x0000000100000000)
  eden space 236032K, 100% used [0x00000000d5580000,0x00000000e3c00000,0x00000000e3c00000)
  from space 216064K, 71% used [0x00000000f1a00000,0x00000000fb0a0e30,0x00000000fed00000)
  to   space 227328K, 0% used [0x00000000e3c00000,0x00000000e3c00000,0x00000000f1a00000)
 ParOldGen       total 944640K, used 715337K [0x0000000080000000, 0x00000000b9a80000, 0x00000000d5580000)
  object space 944640K, 75% used [0x0000000080000000,0x00000000aba92650,0x00000000b9a80000)
 Metaspace       used 6591K, capacity 7352K, committed 7552K, reserved 1056768K
  class space    used 616K, capacity 624K, committed 640K, reserved 1048576K
Event: 38,307 GC heap after
Heap after GC invocations=33 (full 6):
 PSYoungGen      total 463360K, used 186138K [0x00000000d5580000, 0x0000000100000000, 0x0000000100000000)
  eden space 236032K, 0% used [0x00000000d5580000,0x00000000d5580000,0x00000000e3c00000)
  from space 227328K, 81% used [0x00000000e3c00000,0x00000000ef1c6a88,0x00000000f1a00000)
  to   space 232960K, 0% used [0x00000000f1c80000,0x00000000f1c80000,0x0000000100000000)
 ParOldGen       total 944640K, used 715337K [0x0000000080000000, 0x00000000b9a80000, 0x00000000d5580000)
  object space 944640K, 75% used [0x0000000080000000,0x00000000aba92650,0x00000000b9a80000)
 Metaspace       used 6591K, capacity 7352K, committed 7552K, reserved 1056768K
  class space    used 616K, capacity 624K, committed 640K, reserved 1048576K
}
Event: 38,933 GC heap before
{Heap before GC invocations=34 (full 6):
 PSYoungGen      total 463360K, used 422170K [0x00000000d5580000, 0x0000000100000000, 0x0000000100000000)
  eden space 236032K, 100% used [0x00000000d5580000,0x00000000e3c00000,0x00000000e3c00000)
  from space 227328K, 81% used [0x00000000e3c00000,0x00000000ef1c6a88,0x00000000f1a00000)
  to   space 232960K, 0% used [0x00000000f1c80000,0x00000000f1c80000,0x0000000100000000)
 ParOldGen       total 944640K, used 715337K [0x0000000080000000, 0x00000000b9a80000, 0x00000000d5580000)
  object space 944640K, 75% used [0x0000000080000000,0x00000000aba92650,0x00000000b9a80000)
 Metaspace       used 6592K, capacity 7352K, committed 7552K, reserved 1056768K
  class space    used 616K, capacity 624K, committed 640K, reserved 1048576K
Event: 39,237 GC heap after
Heap after GC invocations=34 (full 6):
 PSYoungGen      total 465920K, used 148141K [0x00000000d5580000, 0x0000000100000000, 0x0000000100000000)
  eden space 232960K, 0% used [0x00000000d5580000,0x00000000d5580000,0x00000000e3900000)
  from space 232960K, 63% used [0x00000000f1c80000,0x00000000fad2b570,0x0000000100000000)
  to   space 232960K, 0% used [0x00000000e3900000,0x00000000e3900000,0x00000000f1c80000)
 ParOldGen       total 944640K, used 789356K [0x0000000080000000, 0x00000000b9a80000, 0x00000000d5580000)
  object space 944640K, 83% used [0x0000000080000000,0x00000000b02db3a0,0x00000000b9a80000)
 Metaspace       used 6592K, capacity 7352K, committed 7552K, reserved 1056768K
  class space    used 616K, capacity 624K, committed 640K, reserved 1048576K
}
Event: 39,871 GC heap before
{Heap before GC invocations=35 (full 6):
 PSYoungGen      total 465920K, used 381101K [0x00000000d5580000, 0x0000000100000000, 0x0000000100000000)
  eden space 232960K, 100% used [0x00000000d5580000,0x00000000e3900000,0x00000000e3900000)
  from space 232960K, 63% used [0x00000000f1c80000,0x00000000fad2b570,0x0000000100000000)
  to   space 232960K, 0% used [0x00000000e3900000,0x00000000e3900000,0x00000000f1c80000)
 ParOldGen       total 944640K, used 789356K [0x0000000080000000, 0x00000000b9a80000, 0x00000000d5580000)
  object space 944640K, 83% used [0x0000000080000000,0x00000000b02db3a0,0x00000000b9a80000)
 Metaspace       used 6633K, capacity 7448K, committed 7680K, reserved 1056768K
  class space    used 618K, capacity 656K, committed 768K, reserved 1048576K
Event: 40,105 GC heap after
Heap after GC invocations=35 (full 6):
 PSYoungGen      total 465920K, used 115586K [0x00000000d5580000, 0x0000000100000000, 0x0000000100000000)
  eden space 232960K, 0% used [0x00000000d5580000,0x00000000d5580000,0x00000000e3900000)
  from space 232960K, 49% used [0x00000000e3900000,0x00000000ea9e0938,0x00000000f1c80000)
  to   space 232960K, 0% used [0x00000000f1c80000,0x00000000f1c80000,0x0000000100000000)
 ParOldGen       total 944640K, used 862023K [0x0000000080000000, 0x00000000b9a80000, 0x00000000d5580000)
  object space 944640K, 91% used [0x0000000080000000,0x00000000b49d1fc0,0x00000000b9a80000)
 Metaspace       used 6633K, capacity 7448K, committed 7680K, reserved 1056768K
  class space    used 618K, capacity 656K, committed 768K, reserved 1048576K
}
Event: 40,106 GC heap before
{Heap before GC invocations=36 (full 7):
 PSYoungGen      total 465920K, used 115586K [0x00000000d5580000, 0x0000000100000000, 0x0000000100000000)
  eden space 232960K, 0% used [0x00000000d5580000,0x00000000d5580000,0x00000000e3900000)
  from space 232960K, 49% used [0x00000000e3900000,0x00000000ea9e0938,0x00000000f1c80000)
  to   space 232960K, 0% used [0x00000000f1c80000,0x00000000f1c80000,0x0000000100000000)
 ParOldGen       total 944640K, used 862023K [0x0000000080000000, 0x00000000b9a80000, 0x00000000d5580000)
  object space 944640K, 91% used [0x0000000080000000,0x00000000b49d1fc0,0x00000000b9a80000)
 Metaspace       used 6633K, capacity 7448K, committed 7680K, reserved 1056768K
  class space    used 618K, capacity 656K, committed 768K, reserved 1048576K

Deoptimization events (10 events):
Event: 36,909 Thread 0x00007f9da81d1000 Uncommon trap: reason=class_check action=maybe_recompile pc=0x00007f9d99b3177c method=com.android.dx.ssa.SsaConverter.placePhiFunctions(Lcom/android/dx/ssa/SsaMethod;Lcom/android/dx/ssa/LocalVariableInfo;I)V @ 266
Event: 36,910 Thread 0x00007f9da81d1000 Uncommon trap: reason=predicate action=maybe_recompile pc=0x00007f9d99919f64 method=com.android.dx.ssa.SsaConverter.placePhiFunctions(Lcom/android/dx/ssa/SsaMethod;Lcom/android/dx/ssa/LocalVariableInfo;I)V @ 274
Event: 36,910 Thread 0x00007f9da81d1000 Uncommon trap: reason=class_check action=maybe_recompile pc=0x00007f9d99b3177c method=com.android.dx.ssa.SsaConverter.placePhiFunctions(Lcom/android/dx/ssa/SsaMethod;Lcom/android/dx/ssa/LocalVariableInfo;I)V @ 266
Event: 37,816 Thread 0x00007f9da800a000 Uncommon trap: reason=unstable_if action=reinterpret pc=0x00007f9d99c5cf08 method=com.android.dx.ssa.MoveParamCombiner$1.visitNonMoveInsn(Lcom/android/dx/ssa/NormalSsaInsn;)V @ 71
Event: 38,548 Thread 0x00007f9da81d7800 Uncommon trap: reason=class_check action=maybe_recompile pc=0x00007f9d99214d3c method=com.android.dx.ssa.LiteralOpUpgrader.isConstIntZeroOrKnownNull(Lcom/android/dx/rop/code/RegisterSpec;)Z @ 13
Event: 38,574 Thread 0x00007f9da81d6800 Uncommon trap: reason=class_check action=maybe_recompile pc=0x00007f9d99a171d4 method=com.android.dx.ssa.SCCP.simulateBranch(Lcom/android/dx/ssa/SsaInsn;)V @ 339
Event: 38,578 Thread 0x00007f9da81d6800 Uncommon trap: reason=class_check action=maybe_recompile pc=0x00007f9d99a171d4 method=com.android.dx.ssa.SCCP.simulateBranch(Lcom/android/dx/ssa/SsaInsn;)V @ 339
Event: 38,614 Thread 0x00007f9da8230000 Uncommon trap: reason=unstable_if action=reinterpret pc=0x00007f9d99d8cdac method=com.android.dx.dex.file.DexFile.internIfAppropriate(Lcom/android/dx/rop/cst/Constant;)V @ 70
Event: 38,778 Thread 0x00007f9da81d1000 Uncommon trap: reason=unstable_if action=reinterpret pc=0x00007f9d99d96b8c method=java.util.TimSort.sort([Ljava/lang/Object;IILjava/util/Comparator;[Ljava/lang/Object;II)V @ 53
Event: 39,839 Thread 0x00007f9da8230000 Uncommon trap: reason=class_check action=maybe_recompile pc=0x00007f9d99e1cdd8 method=com.android.dx.dex.file.UniformItemSection.prepare0()V @ 13

Internal exceptions (10 events):
Event: 2,031 Thread 0x00007f9da800a000 Implicit null exception at 0x00007f9d992dabc3 to 0x00007f9d992dd3a5
Event: 2,032 Thread 0x00007f9da800a000 Implicit null exception at 0x00007f9d9930a1ac to 0x00007f9d9930c9ad
Event: 2,281 Thread 0x00007f9da81d4000 Exception <a 'java/lang/ArrayIndexOutOfBoundsException': 18> (0x00000000d82c83d0) thrown at [/HUDSON/workspace/8-2-build-linux-amd64/jdk8u66/4988/hotspot/src/share/vm/interpreter/interpreterRuntime.cpp, line 366]
Event: 2,282 Thread 0x00007f9da81d4000 Exception <a 'java/lang/ArrayIndexOutOfBoundsException': 145> (0x00000000d82c9f50) thrown at [/HUDSON/workspace/8-2-build-linux-amd64/jdk8u66/4988/hotspot/src/share/vm/interpreter/interpreterRuntime.cpp, line 366]
Event: 2,283 Thread 0x00007f9da81d4000 Exception <a 'java/lang/ArrayIndexOutOfBoundsException': 40> (0x00000000d82cb238) thrown at [/HUDSON/workspace/8-2-build-linux-amd64/jdk8u66/4988/hotspot/src/share/vm/interpreter/interpreterRuntime.cpp, line 366]
Event: 4,256 Thread 0x00007f9da81d1000 Implicit null exception at 0x00007f9d99756e9d to 0x00007f9d99759615
Event: 16,805 Thread 0x00007f9da81d7800 Implicit null exception at 0x00007f9d99b25394 to 0x00007f9d99b26771
Event: 21,271 Thread 0x00007f9da81d6800 Implicit null exception at 0x00007f9d9933f065 to 0x00007f9d9933f3c1
Event: 31,374 Thread 0x00007f9da81d1000 Implicit null exception at 0x00007f9d992ca6eb to 0x00007f9d992caf99
Event: 35,323 Thread 0x00007f9da81d4000 Implicit null exception at 0x00007f9d99c0c0f8 to 0x00007f9d99c11541

Events (10 events):
Event: 39,839 Thread 0x00007f9da8230000 Uncommon trap: trap_request=0xffffffde fr.pc=0x00007f9d99e1cdd8
Event: 39,839 Thread 0x00007f9da8230000 DEOPT PACKING pc=0x00007f9d99e1cdd8 sp=0x00007f9d89cab190
Event: 39,839 Thread 0x00007f9da8230000 DEOPT UNPACKING pc=0x00007f9d99005229 sp=0x00007f9d89cab160 mode 2
Event: 39,839 loading class java/util/Collections$1
Event: 39,851 loading class java/util/Collections$1 done
Event: 39,851 loading class com/android/dx/dex/file/MixedItemSection$2
Event: 39,851 loading class com/android/dx/dex/file/MixedItemSection$2 done
Event: 39,858 Thread 0x00007f9da8230000 DEOPT PACKING pc=0x00007f9d99913089 sp=0x00007f9d89caaee0
Event: 39,858 Thread 0x00007f9da8230000 DEOPT UNPACKING pc=0x00007f9d99047633 sp=0x00007f9d89caac68 mode 0
Event: 39,871 Executing VM operation: ParallelGCFailedAllocation


Dynamic libraries:
00400000-00401000 r-xp 00000000 08:01 4591374                            /usr/lib/jvm/java-8-oracle/bin/java
00600000-00601000 rw-p 00000000 08:01 4591374                            /usr/lib/jvm/java-8-oracle/bin/java
007bc000-007dd000 rw-p 00000000 00:00 0                                  [heap]
80000000-b9a80000 rw-p 00000000 00:00 0 
ca200000-d5580000 ---p 00000000 00:00 0 
d5580000-100000000 rw-p 00000000 00:00 0 
100000000-1000c0000 rw-p 00000000 00:00 0 
1000c0000-140000000 ---p 00000000 00:00 0 
7f9d44000000-7f9d4404e000 rw-p 00000000 00:00 0 
7f9d4404e000-7f9d48000000 ---p 00000000 00:00 0 
7f9d48000000-7f9d4802d000 rw-p 00000000 00:00 0 
7f9d4802d000-7f9d4c000000 ---p 00000000 00:00 0 
7f9d4c000000-7f9d4c027000 rw-p 00000000 00:00 0 
7f9d4c027000-7f9d50000000 ---p 00000000 00:00 0 
7f9d50000000-7f9d50033000 rw-p 00000000 00:00 0 
7f9d50033000-7f9d54000000 ---p 00000000 00:00 0 
7f9d54000000-7f9d5403c000 rw-p 00000000 00:00 0 
7f9d5403c000-7f9d58000000 ---p 00000000 00:00 0 
7f9d58000000-7f9d58021000 rw-p 00000000 00:00 0 
7f9d58021000-7f9d5c000000 ---p 00000000 00:00 0 
7f9d5c000000-7f9d5c021000 rw-p 00000000 00:00 0 
7f9d5c021000-7f9d60000000 ---p 00000000 00:00 0 
7f9d60000000-7f9d60021000 rw-p 00000000 00:00 0 
7f9d60021000-7f9d64000000 ---p 00000000 00:00 0 
7f9d64000000-7f9d65a4f000 rw-p 00000000 00:00 0 
7f9d65a4f000-7f9d68000000 ---p 00000000 00:00 0 
7f9d68000000-7f9d68a78000 rw-p 00000000 00:00 0 
7f9d68a78000-7f9d6c000000 ---p 00000000 00:00 0 
7f9d6c000000-7f9d6c021000 rw-p 00000000 00:00 0 
7f9d6c021000-7f9d70000000 ---p 00000000 00:00 0 
7f9d70000000-7f9d720c6000 rw-p 00000000 00:00 0 
7f9d720c6000-7f9d74000000 ---p 00000000 00:00 0 
7f9d74000000-7f9d74021000 rw-p 00000000 00:00 0 
7f9d74021000-7f9d78000000 ---p 00000000 00:00 0 
7f9d78000000-7f9d78021000 rw-p 00000000 00:00 0 
7f9d78021000-7f9d7c000000 ---p 00000000 00:00 0 
7f9d7c000000-7f9d7c021000 rw-p 00000000 00:00 0 
7f9d7c021000-7f9d80000000 ---p 00000000 00:00 0 
7f9d80000000-7f9d802a7000 rw-p 00000000 00:00 0 
7f9d802a7000-7f9d84000000 ---p 00000000 00:00 0 
7f9d84000000-7f9d84021000 rw-p 00000000 00:00 0 
7f9d84021000-7f9d88000000 ---p 00000000 00:00 0 
7f9d89bac000-7f9d89baf000 ---p 00000000 00:00 0 
7f9d89baf000-7f9d89cad000 rw-p 00000000 00:00 0                          [stack:15454]
7f9d89cad000-7f9d89cb0000 ---p 00000000 00:00 0 
7f9d89cb0000-7f9d89dae000 rw-p 00000000 00:00 0                          [stack:15411]
7f9d89dae000-7f9d89db1000 ---p 00000000 00:00 0 
7f9d89db1000-7f9d89eaf000 rw-p 00000000 00:00 0                          [stack:15410]
7f9d89eaf000-7f9d89eb2000 ---p 00000000 00:00 0 
7f9d89eb2000-7f9d89fb0000 rw-p 00000000 00:00 0                          [stack:15409]
7f9d89fb0000-7f9d89fb3000 ---p 00000000 00:00 0 
7f9d89fb3000-7f9d8a0b1000 rw-p 00000000 00:00 0                          [stack:15408]
7f9d8a0b1000-7f9d8a0b4000 ---p 00000000 00:00 0 
7f9d8a0b4000-7f9d8a1b2000 rw-p 00000000 00:00 0                          [stack:15407]
7f9d8a1b2000-7f9d8a2d8000 r--s 00cbb000 08:01 10092625                   /home/tomasz/AndroidStudioProjects/Droppr/app/build/intermediates/transforms/jarMerging/debug/jars/1/1f/combined.jar
7f9d8a2d8000-7f9d8a2d9000 ---p 00000000 00:00 0 
7f9d8a2d9000-7f9d8a3d9000 rw-p 00000000 00:00 0                          [stack:15406]
7f9d8a3d9000-7f9d8a3dc000 ---p 00000000 00:00 0 
7f9d8a3dc000-7f9d8a4da000 rw-p 00000000 00:00 0                          [stack:15405]
7f9d8a4da000-7f9d8a4dd000 ---p 00000000 00:00 0 
7f9d8a4dd000-7f9d8a5db000 rw-p 00000000 00:00 0                          [stack:15404]
7f9d8a5db000-7f9d8a5de000 ---p 00000000 00:00 0 
7f9d8a5de000-7f9d8a6dc000 rw-p 00000000 00:00 0                          [stack:15403]
7f9d8a6dc000-7f9d8a6df000 ---p 00000000 00:00 0 
7f9d8a6df000-7f9d8a7dd000 rw-p 00000000 00:00 0                          [stack:15402]
7f9d8a7dd000-7f9d8a7e0000 ---p 00000000 00:00 0 
7f9d8a7e0000-7f9d8a8de000 rw-p 00000000 00:00 0                          [stack:15401]
7f9d8a8de000-7f9d8b0f1000 r--p 00000000 08:01 1579663                    /usr/lib/locale/locale-archive
7f9d8b0f1000-7f9d8b0f4000 ---p 00000000 00:00 0 
7f9d8b0f4000-7f9d8b1f2000 rw-p 00000000 00:00 0                          [stack:15400]
7f9d8b1f2000-7f9d8b1f5000 ---p 00000000 00:00 0 
7f9d8b1f5000-7f9d8b2f3000 rw-p 00000000 00:00 0                          [stack:15399]
7f9d8b2f3000-7f9d8b2f4000 ---p 00000000 00:00 0 
7f9d8b2f4000-7f9d8c000000 rw-p 00000000 00:00 0                          [stack:15398]
7f9d8c000000-7f9d8c021000 rw-p 00000000 00:00 0 
7f9d8c021000-7f9d90000000 ---p 00000000 00:00 0 
7f9d90000000-7f9d94000000 rw-p 00000000 00:00 0 
7f9d94000000-7f9d94021000 rw-p 00000000 00:00 0 
7f9d94021000-7f9d98000000 ---p 00000000 00:00 0 
7f9d98005000-7f9d9802a000 r--p 00000000 08:01 2361987                    /usr/share/locale-langpack/pl/LC_MESSAGES/libc.mo
7f9d9802a000-7f9d98ac0000 rw-p 00000000 00:00 0 
7f9d98ac0000-7f9d98c00000 ---p 00000000 00:00 0 
7f9d98c00000-7f9d99000000 rw-p 00000000 00:00 0 
7f9d99000000-7f9d99e30000 rwxp 00000000 00:00 0 
7f9d99e30000-7f9da8000000 ---p 00000000 00:00 0 
7f9da8000000-7f9da83fc000 rw-p 00000000 00:00 0 
7f9da83fc000-7f9dac000000 ---p 00000000 00:00 0 
7f9dac001000-7f9dac1da000 r--s 03d20000 08:01 4069182                    /usr/lib/jvm/java-8-oracle/jre/lib/rt.jar
7f9dac1da000-7f9dac250000 rw-p 00000000 00:00 0 
7f9dac250000-7f9dac251000 ---p 00000000 00:00 0 
7f9dac251000-7f9dac351000 rw-p 00000000 00:00 0                          [stack:15397]
7f9dac351000-7f9dac352000 ---p 00000000 00:00 0 
7f9dac352000-7f9dac452000 rw-p 00000000 00:00 0                          [stack:15396]
7f9dac452000-7f9dac453000 ---p 00000000 00:00 0 
7f9dac453000-7f9dac553000 rw-p 00000000 00:00 0                          [stack:15395]
7f9dac553000-7f9dac554000 ---p 00000000 00:00 0 
7f9dac554000-7f9dac822000 rw-p 00000000 00:00 0                          [stack:15394]
7f9dac822000-7f9dac8ff000 ---p 00000000 00:00 0 
7f9dac8ff000-7f9dacacd000 rw-p 00000000 00:00 0 
7f9dacacd000-7f9dacba9000 ---p 00000000 00:00 0 
7f9dacba9000-7f9daccff000 rw-p 00000000 00:00 0 
7f9daccff000-7f9dacd39000 rw-p 00000000 00:00 0 
7f9dacd39000-7f9dad0c0000 ---p 00000000 00:00 0 
7f9dad0c0000-7f9dad0da000 r-xp 00000000 08:01 4069168                    /usr/lib/jvm/java-8-oracle/jre/lib/amd64/libzip.so
7f9dad0da000-7f9dad2da000 ---p 0001a000 08:01 4069168                    /usr/lib/jvm/java-8-oracle/jre/lib/amd64/libzip.so
7f9dad2da000-7f9dad2db000 rw-p 0001a000 08:01 4069168                    /usr/lib/jvm/java-8-oracle/jre/lib/amd64/libzip.so
7f9dad2db000-7f9dad2e6000 r-xp 00000000 08:01 5771445                    /lib/x86_64-linux-gnu/libnss_files-2.19.so
7f9dad2e6000-7f9dad4e5000 ---p 0000b000 08:01 5771445                    /lib/x86_64-linux-gnu/libnss_files-2.19.so
7f9dad4e5000-7f9dad4e6000 r--p 0000a000 08:01 5771445                    /lib/x86_64-linux-gnu/libnss_files-2.19.so
7f9dad4e6000-7f9dad4e7000 rw-p 0000b000 08:01 5771445                    /lib/x86_64-linux-gnu/libnss_files-2.19.so
7f9dad4e7000-7f9dad4f2000 r-xp 00000000 08:01 5771455                    /lib/x86_64-linux-gnu/libnss_nis-2.19.so
7f9dad4f2000-7f9dad6f1000 ---p 0000b000 08:01 5771455                    /lib/x86_64-linux-gnu/libnss_nis-2.19.so
7f9dad6f1000-7f9dad6f2000 r--p 0000a000 08:01 5771455                    /lib/x86_64-linux-gnu/libnss_nis-2.19.so
7f9dad6f2000-7f9dad6f3000 rw-p 0000b000 08:01 5771455                    /lib/x86_64-linux-gnu/libnss_nis-2.19.so
7f9dad6f3000-7f9dad70a000 r-xp 00000000 08:01 5771439                    /lib/x86_64-linux-gnu/libnsl-2.19.so
7f9dad70a000-7f9dad909000 ---p 00017000 08:01 5771439                    /lib/x86_64-linux-gnu/libnsl-2.19.so
7f9dad909000-7f9dad90a000 r--p 00016000 08:01 5771439                    /lib/x86_64-linux-gnu/libnsl-2.19.so
7f9dad90a000-7f9dad90b000 rw-p 00017000 08:01 5771439                    /lib/x86_64-linux-gnu/libnsl-2.19.so
7f9dad90b000-7f9dad90d000 rw-p 00000000 00:00 0 
7f9dad90d000-7f9dad916000 r-xp 00000000 08:01 5771441                    /lib/x86_64-linux-gnu/libnss_compat-2.19.so
7f9dad916000-7f9dadb15000 ---p 00009000 08:01 5771441                    /lib/x86_64-linux-gnu/libnss_compat-2.19.so
7f9dadb15000-7f9dadb16000 r--p 00008000 08:01 5771441                    /lib/x86_64-linux-gnu/libnss_compat-2.19.so
7f9dadb16000-7f9dadb17000 rw-p 00009000 08:01 5771441                    /lib/x86_64-linux-gnu/libnss_compat-2.19.so
7f9dadb17000-7f9dadb41000 r-xp 00000000 08:01 4069157                    /usr/lib/jvm/java-8-oracle/jre/lib/amd64/libjava.so
7f9dadb41000-7f9dadd41000 ---p 0002a000 08:01 4069157                    /usr/lib/jvm/java-8-oracle/jre/lib/amd64/libjava.so
7f9dadd41000-7f9dadd43000 rw-p 0002a000 08:01 4069157                    /usr/lib/jvm/java-8-oracle/jre/lib/amd64/libjava.so
7f9dadd43000-7f9dadd50000 r-xp 00000000 08:01 4069118                    /usr/lib/jvm/java-8-oracle/jre/lib/amd64/libverify.so
7f9dadd50000-7f9dadf50000 ---p 0000d000 08:01 4069118                    /usr/lib/jvm/java-8-oracle/jre/lib/amd64/libverify.so
7f9dadf50000-7f9dadf52000 rw-p 0000d000 08:01 4069118                    /usr/lib/jvm/java-8-oracle/jre/lib/amd64/libverify.so
7f9dadf52000-7f9dadf59000 r-xp 00000000 08:01 5771498                    /lib/x86_64-linux-gnu/librt-2.19.so
7f9dadf59000-7f9dae158000 ---p 00007000 08:01 5771498                    /lib/x86_64-linux-gnu/librt-2.19.so
7f9dae158000-7f9dae159000 r--p 00006000 08:01 5771498                    /lib/x86_64-linux-gnu/librt-2.19.so
7f9dae159000-7f9dae15a000 rw-p 00007000 08:01 5771498                    /lib/x86_64-linux-gnu/librt-2.19.so
7f9dae15a000-7f9dae25f000 r-xp 00000000 08:01 5771420                    /lib/x86_64-linux-gnu/libm-2.19.so
7f9dae25f000-7f9dae45e000 ---p 00105000 08:01 5771420                    /lib/x86_64-linux-gnu/libm-2.19.so
7f9dae45e000-7f9dae45f000 r--p 00104000 08:01 5771420                    /lib/x86_64-linux-gnu/libm-2.19.so
7f9dae45f000-7f9dae460000 rw-p 00105000 08:01 5771420                    /lib/x86_64-linux-gnu/libm-2.19.so
7f9dae460000-7f9daf11e000 r-xp 00000000 08:01 4069167                    /usr/lib/jvm/java-8-oracle/jre/lib/amd64/server/libjvm.so
7f9daf11e000-7f9daf31d000 ---p 00cbe000 08:01 4069167                    /usr/lib/jvm/java-8-oracle/jre/lib/amd64/server/libjvm.so
7f9daf31d000-7f9daf3f6000 rw-p 00cbd000 08:01 4069167                    /usr/lib/jvm/java-8-oracle/jre/lib/amd64/server/libjvm.so
7f9daf3f6000-7f9daf43a000 rw-p 00000000 00:00 0 
7f9daf43a000-7f9daf5f5000 r-xp 00000000 08:01 5771370                    /lib/x86_64-linux-gnu/libc-2.19.so
7f9daf5f5000-7f9daf7f4000 ---p 001bb000 08:01 5771370                    /lib/x86_64-linux-gnu/libc-2.19.so
7f9daf7f4000-7f9daf7f8000 r--p 001ba000 08:01 5771370                    /lib/x86_64-linux-gnu/libc-2.19.so
7f9daf7f8000-7f9daf7fa000 rw-p 001be000 08:01 5771370                    /lib/x86_64-linux-gnu/libc-2.19.so
7f9daf7fa000-7f9daf7ff000 rw-p 00000000 00:00 0 
7f9daf7ff000-7f9daf802000 r-xp 00000000 08:01 5771387                    /lib/x86_64-linux-gnu/libdl-2.19.so
7f9daf802000-7f9dafa01000 ---p 00003000 08:01 5771387                    /lib/x86_64-linux-gnu/libdl-2.19.so
7f9dafa01000-7f9dafa02000 r--p 00002000 08:01 5771387                    /lib/x86_64-linux-gnu/libdl-2.19.so
7f9dafa02000-7f9dafa03000 rw-p 00003000 08:01 5771387                    /lib/x86_64-linux-gnu/libdl-2.19.so
7f9dafa03000-7f9dafa18000 r-xp 00000000 08:01 4727160                    /usr/lib/jvm/java-8-oracle/lib/amd64/jli/libjli.so
7f9dafa18000-7f9dafc18000 ---p 00015000 08:01 4727160                    /usr/lib/jvm/java-8-oracle/lib/amd64/jli/libjli.so
7f9dafc18000-7f9dafc19000 rw-p 00015000 08:01 4727160                    /usr/lib/jvm/java-8-oracle/lib/amd64/jli/libjli.so
7f9dafc19000-7f9dafc32000 r-xp 00000000 08:01 5771490                    /lib/x86_64-linux-gnu/libpthread-2.19.so
7f9dafc32000-7f9dafe31000 ---p 00019000 08:01 5771490                    /lib/x86_64-linux-gnu/libpthread-2.19.so
7f9dafe31000-7f9dafe32000 r--p 00018000 08:01 5771490                    /lib/x86_64-linux-gnu/libpthread-2.19.so
7f9dafe32000-7f9dafe33000 rw-p 00019000 08:01 5771490                    /lib/x86_64-linux-gnu/libpthread-2.19.so
7f9dafe33000-7f9dafe37000 rw-p 00000000 00:00 0 
7f9dafe37000-7f9dafe5a000 r-xp 00000000 08:01 5771346                    /lib/x86_64-linux-gnu/ld-2.19.so
7f9dafe62000-7f9dafe69000 r--s 00000000 08:01 1967077                    /usr/lib/x86_64-linux-gnu/gconv/gconv-modules.cache
7f9dafe69000-7f9daff35000 rw-p 00000000 00:00 0 
7f9daff35000-7f9daff38000 ---p 00000000 00:00 0 
7f9daff38000-7f9db003a000 rw-p 00000000 00:00 0                          [stack:15392]
7f9db003d000-7f9db003e000 rw-p 00000000 00:00 0 
7f9db003e000-7f9db004d000 r--s 000df000 08:01 656243                     /home/tomasz/Android/Sdk/build-tools/23.0.1/lib/dx.jar
7f9db004d000-7f9db0055000 rw-s 00000000 08:01 6034071                    /tmp/hsperfdata_tomasz/15389
7f9db0055000-7f9db0056000 rw-p 00000000 00:00 0 
7f9db0056000-7f9db0057000 ---p 00000000 00:00 0 
7f9db0057000-7f9db0059000 rw-p 00000000 00:00 0 
7f9db0059000-7f9db005a000 r--p 00022000 08:01 5771346                    /lib/x86_64-linux-gnu/ld-2.19.so
7f9db005a000-7f9db005b000 rw-p 00023000 08:01 5771346                    /lib/x86_64-linux-gnu/ld-2.19.so
7f9db005b000-7f9db005c000 rw-p 00000000 00:00 0 
7ffce40db000-7ffce40fc000 rw-p 00000000 00:00 0                          [stack]
7ffce4145000-7ffce4147000 r--p 00000000 00:00 0                          [vvar]
7ffce4147000-7ffce4149000 r-xp 00000000 00:00 0                          [vdso]
ffffffffff600000-ffffffffff601000 r-xp 00000000 00:00 0                  [vsyscall]

VM Arguments:
jvm_args: -Djava.awt.headless=true -Xmx2g -Dfile.encoding=UTF-8 -Duser.country=PL -Duser.language=pl -Duser.variant 
java_command: com.android.dx.command.Main --dex --num-threads=4 --multi-dex --main-dex-list /home/tomasz/AndroidStudioProjects/Droppr/app/build/intermediates/multi-dex/debug/maindexlist.txt --output /home/tomasz/AndroidStudioProjects/Droppr/app/build/intermediates/transforms/dex/debug/folders/1000/1f/main /home/tomasz/AndroidStudioProjects/Droppr/app/build/intermediates/transforms/jarMerging/debug/jars/1/1f/combined.jar
java_class_path (initial): /home/tomasz/Android/Sdk/build-tools/23.0.1/lib/dx.jar
Launcher Type: SUN_STANDARD

Environment Variables:
PATH=/usr/local/sbin:/usr/local/bin:/usr/sbin:/usr/bin:/sbin:/bin:/usr/games:/usr/local/games
LD_LIBRARY_PATH=/opt/android-studio/bin:
SHELL=/bin/bash
DISPLAY=:0

Signal Handlers:
SIGSEGV: [libjvm.so+0xaba2a0], sa_mask[0]=11111111011111111101111111111110, sa_flags=SA_RESTART|SA_SIGINFO
SIGBUS: [libjvm.so+0xaba2a0], sa_mask[0]=11111111011111111101111111111110, sa_flags=SA_RESTART|SA_SIGINFO
SIGFPE: [libjvm.so+0x917710], sa_mask[0]=11111111011111111101111111111110, sa_flags=SA_RESTART|SA_SIGINFO
SIGPIPE: [libjvm.so+0x917710], sa_mask[0]=11111111011111111101111111111110, sa_flags=SA_RESTART|SA_SIGINFO
SIGXFSZ: [libjvm.so+0x917710], sa_mask[0]=11111111011111111101111111111110, sa_flags=SA_RESTART|SA_SIGINFO
SIGILL: [libjvm.so+0x917710], sa_mask[0]=11111111011111111101111111111110, sa_flags=SA_RESTART|SA_SIGINFO
SIGUSR1: SIG_DFL, sa_mask[0]=00000000000000000000000000000000, sa_flags=none
SIGUSR2: [libjvm.so+0x918d40], sa_mask[0]=00100000000000000000000000000000, sa_flags=SA_RESTART|SA_SIGINFO
SIGHUP: [libjvm.so+0x91a140], sa_mask[0]=11111111011111111101111111111110, sa_flags=SA_RESTART|SA_SIGINFO
SIGINT: [libjvm.so+0x91a140], sa_mask[0]=11111111011111111101111111111110, sa_flags=SA_RESTART|SA_SIGINFO
SIGTERM: [libjvm.so+0x91a140], sa_mask[0]=11111111011111111101111111111110, sa_flags=SA_RESTART|SA_SIGINFO
SIGQUIT: [libjvm.so+0x91a140], sa_mask[0]=11111111011111111101111111111110, sa_flags=SA_RESTART|SA_SIGINFO


---------------  S Y S T E M  ---------------

OS:DISTRIB_ID=Ubuntu
DISTRIB_RELEASE=14.04
DISTRIB_CODENAME=trusty
DISTRIB_DESCRIPTION="Ubuntu 14.04.3 LTS"

uname:Linux 3.19.0-33-generic #38~14.04.1-Ubuntu SMP Fri Nov 6 18:17:28 UTC 2015 x86_64
libc:glibc 2.19 NPTL 2.19 
rlimit: STACK 8192k, CORE 0k, NPROC 23202, NOFILE 4096, AS infinity
load average:4,91 2,92 2,20

/proc/meminfo:
MemTotal:        5961336 kB
MemFree:          158288 kB
MemAvailable:     183972 kB
Buffers:           13672 kB
Cached:           552704 kB
SwapCached:            0 kB
Active:          5181336 kB
Inactive:         438320 kB
Active(anon):    5080120 kB
Inactive(anon):   365280 kB
Active(file):     101216 kB
Inactive(file):    73040 kB
Unevictable:         328 kB
Mlocked:             328 kB
SwapTotal:             0 kB
SwapFree:              0 kB
Dirty:              3740 kB
Writeback:             0 kB
AnonPages:       5053696 kB
Mapped:           195236 kB
Shmem:            392064 kB
Slab:              77548 kB
SReclaimable:      40712 kB
SUnreclaim:        36836 kB
KernelStack:       11216 kB
PageTables:        49288 kB
NFS_Unstable:          0 kB
Bounce:                0 kB
WritebackTmp:          0 kB
CommitLimit:     2980668 kB
Committed_AS:   10024332 kB
VmallocTotal:   34359738367 kB
VmallocUsed:      552032 kB
VmallocChunk:   34359162332 kB
HardwareCorrupted:     0 kB
AnonHugePages:   3493888 kB
CmaTotal:              0 kB
CmaFree:               0 kB
HugePages_Total:       0
HugePages_Free:        0
HugePages_Rsvd:        0
HugePages_Surp:        0
Hugepagesize:       2048 kB
DirectMap4k:      155904 kB
DirectMap2M:     5984256 kB


CPU:total 4 (2 cores per cpu, 2 threads per core) family 6 model 42 stepping 7, cmov, cx8, fxsr, mmx, sse, sse2, sse3, ssse3, sse4.1, sse4.2, popcnt, avx, aes, clmul, ht, tsc, tscinvbit

/proc/cpuinfo:
processor	: 0
vendor_id	: GenuineIntel
cpu family	: 6
model		: 42
model name	: Intel(R) Core(TM) i5-2450M CPU @ 2.50GHz
stepping	: 7
microcode	: 0x25
cpu MHz		: 2899.902
cache size	: 3072 KB
physical id	: 0
siblings	: 4
core id		: 0
cpu cores	: 2
apicid		: 0
initial apicid	: 0
fpu		: yes
fpu_exception	: yes
cpuid level	: 13
wp		: yes
flags		: fpu vme de pse tsc msr pae mce cx8 apic sep mtrr pge mca cmov pat pse36 clflush dts acpi mmx fxsr sse sse2 ss ht tm pbe syscall nx rdtscp lm constant_tsc arch_perfmon pebs bts rep_good nopl xtopology nonstop_tsc aperfmperf eagerfpu pni pclmulqdq dtes64 monitor ds_cpl vmx est tm2 ssse3 cx16 xtpr pdcm pcid sse4_1 sse4_2 x2apic popcnt tsc_deadline_timer aes xsave avx lahf_lm ida arat epb pln pts dtherm tpr_shadow vnmi flexpriority ept vpid xsaveopt
bugs		:
bogomips	: 4988.59
clflush size	: 64
cache_alignment	: 64
address sizes	: 36 bits physical, 48 bits virtual
power management:

processor	: 1
vendor_id	: GenuineIntel
cpu family	: 6
model		: 42
model name	: Intel(R) Core(TM) i5-2450M CPU @ 2.50GHz
stepping	: 7
microcode	: 0x25
cpu MHz		: 2899.902
cache size	: 3072 KB
physical id	: 0
siblings	: 4
core id		: 0
cpu cores	: 2
apicid		: 1
initial apicid	: 1
fpu		: yes
fpu_exception	: yes
cpuid level	: 13
wp		: yes
flags		: fpu vme de pse tsc msr pae mce cx8 apic sep mtrr pge mca cmov pat pse36 clflush dts acpi mmx fxsr sse sse2 ss ht tm pbe syscall nx rdtscp lm constant_tsc arch_perfmon pebs bts rep_good nopl xtopology nonstop_tsc aperfmperf eagerfpu pni pclmulqdq dtes64 monitor ds_cpl vmx est tm2 ssse3 cx16 xtpr pdcm pcid sse4_1 sse4_2 x2apic popcnt tsc_deadline_timer aes xsave avx lahf_lm ida arat epb pln pts dtherm tpr_shadow vnmi flexpriority ept vpid xsaveopt
bugs		:
bogomips	: 4988.59
clflush size	: 64
cache_alignment	: 64
address sizes	: 36 bits physical, 48 bits virtual
power management:

processor	: 2
vendor_id	: GenuineIntel
cpu family	: 6
model		: 42
model name	: Intel(R) Core(TM) i5-2450M CPU @ 2.50GHz
stepping	: 7
microcode	: 0x25
cpu MHz		: 2623.632
cache size	: 3072 KB
physical id	: 0
siblings	: 4
core id		: 1
cpu cores	: 2
apicid		: 2
initial apicid	: 2
fpu		: yes
fpu_exception	: yes
cpuid level	: 13
wp		: yes
flags		: fpu vme de pse tsc msr pae mce cx8 apic sep mtrr pge mca cmov pat pse36 clflush dts acpi mmx fxsr sse sse2 ss ht tm pbe syscall nx rdtscp lm constant_tsc arch_perfmon pebs bts rep_good nopl xtopology nonstop_tsc aperfmperf eagerfpu pni pclmulqdq dtes64 monitor ds_cpl vmx est tm2 ssse3 cx16 xtpr pdcm pcid sse4_1 sse4_2 x2apic popcnt tsc_deadline_timer aes xsave avx lahf_lm ida arat epb pln pts dtherm tpr_shadow vnmi flexpriority ept vpid xsaveopt
bugs		:
bogomips	: 4988.59
clflush size	: 64
cache_alignment	: 64
address sizes	: 36 bits physical, 48 bits virtual
power management:

processor	: 3
vendor_id	: GenuineIntel
cpu family	: 6
model		: 42
model name	: Intel(R) Core(TM) i5-2450M CPU @ 2.50GHz
stepping	: 7
microcode	: 0x25
cpu MHz		: 3016.210
cache size	: 3072 KB
physical id	: 0
siblings	: 4
core id		: 1
cpu cores	: 2
apicid		: 3
initial apicid	: 3
fpu		: yes
fpu_exception	: yes
cpuid level	: 13
wp		: yes
flags		: fpu vme de pse tsc msr pae mce cx8 apic sep mtrr pge mca cmov pat pse36 clflush dts acpi mmx fxsr sse sse2 ss ht tm pbe syscall nx rdtscp lm constant_tsc arch_perfmon pebs bts rep_good nopl xtopology nonstop_tsc aperfmperf eagerfpu pni pclmulqdq dtes64 monitor ds_cpl vmx est tm2 ssse3 cx16 xtpr pdcm pcid sse4_1 sse4_2 x2apic popcnt tsc_deadline_timer aes xsave avx lahf_lm ida arat epb pln pts dtherm tpr_shadow vnmi flexpriority ept vpid xsaveopt
bugs		:
bogomips	: 4988.59
clflush size	: 64
cache_alignment	: 64
address sizes	: 36 bits physical, 48 bits virtual
power management:



Memory: 4k page, physical 5961336k(158288k free), swap 0k(0k free)

vm_info: Java HotSpot(TM) 64-Bit Server VM (25.66-b17) for linux-amd64 JRE (1.8.0_66-b17), built on Oct  6 2015 17:28:34 by "java_re" with gcc 4.3.0 20080428 (Red Hat 4.3.0-8)

time: Fri Nov 20 22:20:52 2015
elapsed time: 43 seconds (0d 0h 0m 43s)

