#
# There is insufficient memory for the Java Runtime Environment to continue.
# Native memory allocation (mmap) failed to map 297795584 bytes for committing reserved memory.
# Possible reasons:
#   The system is out of physical RAM or swap space
#   In 32 bit mode, the process size limit was hit
# Possible solutions:
#   Reduce memory load on the system
#   Increase physical memory or swap space
#   Check if swap backing store is full
#   Use 64 bit Java on a 64 bit OS
#   Decrease Java heap size (-Xmx/-Xms)
#   Decrease number of Java threads
#   Decrease Java thread stack sizes (-Xss)
#   Set larger code cache with -XX:ReservedCodeCacheSize=
# This output file may be truncated or incomplete.
#
#  Out of Memory Error (os_linux.cpp:2627), pid=8905, tid=139927617529600
#
# JRE version: Java(TM) SE Runtime Environment (8.0_66-b17) (build 1.8.0_66-b17)
# Java VM: Java HotSpot(TM) 64-Bit Server VM (25.66-b17 mixed mode linux-amd64 compressed oops)
# Failed to write core dump. Core dumps have been disabled. To enable core dumping, try "ulimit -c unlimited" before starting Java again
#

---------------  T H R E A D  ---------------

Current thread (0x00007f438c078000):  VMThread [stack: 0x00007f436fdfe000,0x00007f436feff000] [id=8915]

Stack: [0x00007f436fdfe000,0x00007f436feff000],  sp=0x00007f436fefd0e0,  free space=1020k
Native frames: (J=compiled Java code, j=interpreted, Vv=VM code, C=native code)
V  [libjvm.so+0xab9a1a]  VMError::report_and_die()+0x2ba
V  [libjvm.so+0x4f9e0b]  report_vm_out_of_memory(char const*, int, unsigned long, VMErrorType, char const*)+0x8b
V  [libjvm.so+0x91a8a3]  os::Linux::commit_memory_impl(char*, unsigned long, bool)+0x103
V  [libjvm.so+0x91adf9]  os::pd_commit_memory(char*, unsigned long, unsigned long, bool)+0x29
V  [libjvm.so+0x91510a]  os::commit_memory(char*, unsigned long, unsigned long, bool)+0x2a
V  [libjvm.so+0x9887a3]  PSVirtualSpace::expand_by(unsigned long)+0x53
V  [libjvm.so+0x979090]  PSOldGen::expand(unsigned long)+0x170
V  [libjvm.so+0x97929b]  PSOldGen::resize(unsigned long)+0x1cb
V  [libjvm.so+0x980f71]  PSParallelCompact::invoke_no_policy(bool)+0x991
V  [libjvm.so+0x9868cd]  PSScavenge::invoke()+0x1ad
V  [libjvm.so+0x93e500]  ParallelScavengeHeap::failed_mem_allocate(unsigned long)+0x70
V  [libjvm.so+0xabb437]  VM_ParallelGCFailedAllocation::doit()+0x97
V  [libjvm.so+0xac2e65]  VM_Operation::evaluate()+0x55
V  [libjvm.so+0xac123a]  VMThread::evaluate_operation(VM_Operation*)+0xba
V  [libjvm.so+0xac15be]  VMThread::loop()+0x1ce
V  [libjvm.so+0xac1a30]  VMThread::run()+0x70
V  [libjvm.so+0x91cc68]  java_start(Thread*)+0x108

VM_Operation (0x00007f436e8b5db0): ParallelGCFailedAllocation, mode: safepoint, requested by thread 0x00007f438c1df800


---------------  P R O C E S S  ---------------

Java Threads: ( => current thread )
  0x00007f438c1df800 JavaThread "pool-2-thread-4" [_thread_blocked, id=8928, stack(0x00007f436e7b7000,0x00007f436e8b8000)]
  0x00007f438c1dd800 JavaThread "pool-2-thread-3" [_thread_blocked, id=8927, stack(0x00007f436e8b8000,0x00007f436e9b9000)]
  0x00007f438c1d9800 JavaThread "pool-2-thread-2" [_thread_blocked, id=8926, stack(0x00007f436e9b9000,0x00007f436eaba000)]
  0x00007f438c1d8000 JavaThread "pool-3-thread-1" [_thread_blocked, id=8925, stack(0x00007f436eaba000,0x00007f436ebbb000)]
  0x00007f438c1d6000 JavaThread "pool-2-thread-1" [_thread_blocked, id=8924, stack(0x00007f436ebbb000,0x00007f436ecbc000)]
  0x00007f438c0c8800 JavaThread "Service Thread" daemon [_thread_blocked, id=8922, stack(0x00007f436eee4000,0x00007f436efe5000)]
  0x00007f438c0bb000 JavaThread "C1 CompilerThread2" daemon [_thread_blocked, id=8921, stack(0x00007f436efe5000,0x00007f436f0e6000)]
  0x00007f438c0b9800 JavaThread "C2 CompilerThread1" daemon [_thread_blocked, id=8920, stack(0x00007f436f0e6000,0x00007f436f1e7000)]
  0x00007f438c0b6800 JavaThread "C2 CompilerThread0" daemon [_thread_blocked, id=8919, stack(0x00007f436f1e7000,0x00007f436f2e8000)]
  0x00007f438c0b5000 JavaThread "Signal Dispatcher" daemon [_thread_blocked, id=8918, stack(0x00007f436f2e8000,0x00007f436f3e9000)]
  0x00007f438c07f000 JavaThread "Finalizer" daemon [_thread_blocked, id=8917, stack(0x00007f436fbfc000,0x00007f436fcfd000)]
  0x00007f438c07d000 JavaThread "Reference Handler" daemon [_thread_blocked, id=8916, stack(0x00007f436fcfd000,0x00007f436fdfe000)]
  0x00007f438c00a000 JavaThread "main" [_thread_blocked, id=8909, stack(0x00007f4394b0e000,0x00007f4394c0f000)]

Other Threads:
=>0x00007f438c078000 VMThread [stack: 0x00007f436fdfe000,0x00007f436feff000] [id=8915]
  0x00007f438c0cb000 WatcherThread [stack: 0x00007f436ede3000,0x00007f436eee4000] [id=8923]

VM state:at safepoint (normal execution)

VM Mutex/Monitor currently owned by a thread:  ([mutex/lock_event])
[0x00007f438c005ed0] ExpandHeap_lock - owner thread: 0x00007f438c078000
[0x00007f438c006550] Threads_lock - owner thread: 0x00007f438c078000
[0x00007f438c006a50] Heap_lock - owner thread: 0x00007f438c1df800

Heap:
 PSYoungGen      total 576512K, used 23637K [0x00000000d5580000, 0x0000000100000000, 0x0000000100000000)
  eden space 454144K, 0% used [0x00000000d5580000,0x00000000d5580000,0x00000000f1100000)
  from space 122368K, 19% used [0x00000000f1100000,0x00000000f2815698,0x00000000f8880000)
  to   space 122368K, 0% used [0x00000000f8880000,0x00000000f8880000,0x0000000100000000)
 ParOldGen       total 659456K, used 659395K [0x0000000080000000, 0x00000000a8400000, 0x00000000d5580000)
  object space 659456K, 99% used [0x0000000080000000,0x00000000a83f0fc0,0x00000000a8400000)
 Metaspace       used 6457K, capacity 7282K, committed 7552K, reserved 1056768K
  class space    used 608K, capacity 618K, committed 640K, reserved 1048576K

Card table byte_map: [0x00007f43914d8000,0x00007f43918d9000] byte_map_base: 0x00007f43910d8000

Marking Bits: (ParMarkBitMap*) 0x00007f4393fe8020
 Begin Bits: [0x00007f4374000000, 0x00007f4376000000)
 End Bits:   [0x00007f4376000000, 0x00007f4378000000)

Polling page: 0x00007f4394c2f000

CodeCache: size=245760Kb used=13318Kb max_used=13333Kb free=232441Kb
 bounds [0x00007f437d000000, 0x00007f437dd20000, 0x00007f438c000000]
 total_blobs=2898 nmethods=2629 adapters=182
 compilation: enabled

Compilation events (10 events):
Event: 20,488 Thread 0x00007f438c0bb000 2856       2       com.android.dx.ssa.SsaBasicBlock::addLiveOut (32 bytes)
Event: 20,489 Thread 0x00007f438c0bb000 nmethod 2856 0x00007f437dcfc210 code [0x00007f437dcfc3a0, 0x00007f437dcfc788]
Event: 20,491 Thread 0x00007f438c0bb000 2861 %     3       com.android.dx.ssa.back.LivenessAnalyzer::handleTailRecursion @ 0 (94 bytes)
Event: 20,492 Thread 0x00007f438c0bb000 nmethod 2861% 0x00007f437dcfb890 code [0x00007f437dcfba60, 0x00007f437dcfbfe8]
Event: 20,494 Thread 0x00007f438c0bb000 2862       3       com.android.dx.ssa.back.LivenessAnalyzer::handleTailRecursion (94 bytes)
Event: 20,494 Thread 0x00007f438c0bb000 nmethod 2862 0x00007f437dcfaf50 code [0x00007f437dcfb120, 0x00007f437dcfb668]
Event: 20,504 Thread 0x00007f438c0b9800 nmethod 1102% 0x00007f437dcf6c50 code [0x00007f437dcf6de0, 0x00007f437dcf7658]
Event: 20,504 Thread 0x00007f438c0b9800 2848 %     4       com.android.dx.ssa.back.InterferenceGraph::<init> @ 18 (42 bytes)
Event: 20,561 Thread 0x00007f438c0b9800 nmethod 2848% 0x00007f437dd10190 code [0x00007f437dd10360, 0x00007f437dd11318]
Event: 20,561 Thread 0x00007f438c0b9800 2866       4       com.android.dx.ssa.InterferenceRegisterMapper::addInterfence (62 bytes)

GC Heap History (10 events):
Event: 12,761 GC heap after
Heap after GC invocations=17 (full 3):
 PSYoungGen      total 543744K, used 102880K [0x00000000d5580000, 0x00000000ff200000, 0x0000000100000000)
  eden space 440832K, 0% used [0x00000000d5580000,0x00000000d5580000,0x00000000f0400000)
  from space 102912K, 99% used [0x00000000f7900000,0x00000000fdd78090,0x00000000fdd80000)
  to   space 119808K, 0% used [0x00000000f0400000,0x00000000f0400000,0x00000000f7900000)
 ParOldGen       total 437760K, used 278467K [0x0000000080000000, 0x000000009ab80000, 0x00000000d5580000)
  object space 437760K, 63% used [0x0000000080000000,0x0000000090ff0c50,0x000000009ab80000)
 Metaspace       used 6443K, capacity 7282K, committed 7552K, reserved 1056768K
  class space    used 607K, capacity 618K, committed 640K, reserved 1048576K
}
Event: 14,081 GC heap before
{Heap before GC invocations=18 (full 3):
 PSYoungGen      total 543744K, used 543712K [0x00000000d5580000, 0x00000000ff200000, 0x0000000100000000)
  eden space 440832K, 100% used [0x00000000d5580000,0x00000000f0400000,0x00000000f0400000)
  from space 102912K, 99% used [0x00000000f7900000,0x00000000fdd78090,0x00000000fdd80000)
  to   space 119808K, 0% used [0x00000000f0400000,0x00000000f0400000,0x00000000f7900000)
 ParOldGen       total 437760K, used 278467K [0x0000000080000000, 0x000000009ab80000, 0x00000000d5580000)
  object space 437760K, 63% used [0x0000000080000000,0x0000000090ff0c50,0x000000009ab80000)
 Metaspace       used 6444K, capacity 7282K, committed 7552K, reserved 1056768K
  class space    used 607K, capacity 618K, committed 640K, reserved 1048576K
Event: 14,352 GC heap after
Heap after GC invocations=18 (full 3):
 PSYoungGen      total 560640K, used 71776K [0x00000000d5580000, 0x0000000100000000, 0x0000000100000000)
  eden space 440832K, 0% used [0x00000000d5580000,0x00000000d5580000,0x00000000f0400000)
  from space 119808K, 59% used [0x00000000f0400000,0x00000000f4a180d8,0x00000000f7900000)
  to   space 121344K, 0% used [0x00000000f8980000,0x00000000f8980000,0x0000000100000000)
 ParOldGen       total 437760K, used 379174K [0x0000000080000000, 0x000000009ab80000, 0x00000000d5580000)
  object space 437760K, 86% used [0x0000000080000000,0x0000000097249b50,0x000000009ab80000)
 Metaspace       used 6444K, capacity 7282K, committed 7552K, reserved 1056768K
  class space    used 607K, capacity 618K, committed 640K, reserved 1048576K
}
Event: 14,352 GC heap before
{Heap before GC invocations=19 (full 4):
 PSYoungGen      total 560640K, used 71776K [0x00000000d5580000, 0x0000000100000000, 0x0000000100000000)
  eden space 440832K, 0% used [0x00000000d5580000,0x00000000d5580000,0x00000000f0400000)
  from space 119808K, 59% used [0x00000000f0400000,0x00000000f4a180d8,0x00000000f7900000)
  to   space 121344K, 0% used [0x00000000f8980000,0x00000000f8980000,0x0000000100000000)
 ParOldGen       total 437760K, used 379174K [0x0000000080000000, 0x000000009ab80000, 0x00000000d5580000)
  object space 437760K, 86% used [0x0000000080000000,0x0000000097249b50,0x000000009ab80000)
 Metaspace       used 6444K, capacity 7282K, committed 7552K, reserved 1056768K
  class space    used 607K, capacity 618K, committed 640K, reserved 1048576K
Event: 16,491 GC heap after
Heap after GC invocations=19 (full 4):
 PSYoungGen      total 560640K, used 11587K [0x00000000d5580000, 0x0000000100000000, 0x0000000100000000)
  eden space 440832K, 0% used [0x00000000d5580000,0x00000000d5580000,0x00000000f0400000)
  from space 119808K, 9% used [0x00000000f0400000,0x00000000f0f50f50,0x00000000f7900000)
  to   space 121344K, 0% used [0x00000000f8980000,0x00000000f8980000,0x0000000100000000)
 ParOldGen       total 659456K, used 437399K [0x0000000080000000, 0x00000000a8400000, 0x00000000d5580000)
  object space 659456K, 66% used [0x0000000080000000,0x000000009ab25ea8,0x00000000a8400000)
 Metaspace       used 6444K, capacity 7282K, committed 7552K, reserved 1056768K
  class space    used 607K, capacity 618K, committed 640K, reserved 1048576K
}
Event: 17,614 GC heap before
{Heap before GC invocations=20 (full 4):
 PSYoungGen      total 560640K, used 452419K [0x00000000d5580000, 0x0000000100000000, 0x0000000100000000)
  eden space 440832K, 100% used [0x00000000d5580000,0x00000000f0400000,0x00000000f0400000)
  from space 119808K, 9% used [0x00000000f0400000,0x00000000f0f50f50,0x00000000f7900000)
  to   space 121344K, 0% used [0x00000000f8980000,0x00000000f8980000,0x0000000100000000)
 ParOldGen       total 659456K, used 437399K [0x0000000080000000, 0x00000000a8400000, 0x00000000d5580000)
  object space 659456K, 66% used [0x0000000080000000,0x000000009ab25ea8,0x00000000a8400000)
 Metaspace       used 6448K, capacity 7282K, committed 7552K, reserved 1056768K
  class space    used 607K, capacity 618K, committed 640K, reserved 1048576K
Event: 17,811 GC heap after
Heap after GC invocations=20 (full 4):
 PSYoungGen      total 575488K, used 72520K [0x00000000d5580000, 0x0000000100000000, 0x0000000100000000)
  eden space 454144K, 0% used [0x00000000d5580000,0x00000000d5580000,0x00000000f1100000)
  from space 121344K, 59% used [0x00000000f8980000,0x00000000fd0522e0,0x0000000100000000)
  to   space 122368K, 0% used [0x00000000f1100000,0x00000000f1100000,0x00000000f8880000)
 ParOldGen       total 659456K, used 437407K [0x0000000080000000, 0x00000000a8400000, 0x00000000d5580000)
  object space 659456K, 66% used [0x0000000080000000,0x000000009ab27ea8,0x00000000a8400000)
 Metaspace       used 6448K, capacity 7282K, committed 7552K, reserved 1056768K
  class space    used 607K, capacity 618K, committed 640K, reserved 1048576K
}
Event: 20,583 GC heap before
{Heap before GC invocations=21 (full 4):
 PSYoungGen      total 575488K, used 526664K [0x00000000d5580000, 0x0000000100000000, 0x0000000100000000)
  eden space 454144K, 100% used [0x00000000d5580000,0x00000000f1100000,0x00000000f1100000)
  from space 121344K, 59% used [0x00000000f8980000,0x00000000fd0522e0,0x0000000100000000)
  to   space 122368K, 0% used [0x00000000f1100000,0x00000000f1100000,0x00000000f8880000)
 ParOldGen       total 659456K, used 437407K [0x0000000080000000, 0x00000000a8400000, 0x00000000d5580000)
  object space 659456K, 66% used [0x0000000080000000,0x000000009ab27ea8,0x00000000a8400000)
 Metaspace       used 6457K, capacity 7282K, committed 7552K, reserved 1056768K
  class space    used 608K, capacity 618K, committed 640K, reserved 1048576K
Event: 20,799 GC heap after
Heap after GC invocations=21 (full 4):
 PSYoungGen      total 576512K, used 122359K [0x00000000d5580000, 0x0000000100000000, 0x0000000100000000)
  eden space 454144K, 0% used [0x00000000d5580000,0x00000000d5580000,0x00000000f1100000)
  from space 122368K, 99% used [0x00000000f1100000,0x00000000f887de88,0x00000000f8880000)
  to   space 122368K, 0% used [0x00000000f8880000,0x00000000f8880000,0x0000000100000000)
 ParOldGen       total 659456K, used 564299K [0x0000000080000000, 0x00000000a8400000, 0x00000000d5580000)
  object space 659456K, 85% used [0x0000000080000000,0x00000000a2712ee0,0x00000000a8400000)
 Metaspace       used 6457K, capacity 7282K, committed 7552K, reserved 1056768K
  class space    used 608K, capacity 618K, committed 640K, reserved 1048576K
}
Event: 20,799 GC heap before
{Heap before GC invocations=22 (full 5):
 PSYoungGen      total 576512K, used 122359K [0x00000000d5580000, 0x0000000100000000, 0x0000000100000000)
  eden space 454144K, 0% used [0x00000000d5580000,0x00000000d5580000,0x00000000f1100000)
  from space 122368K, 99% used [0x00000000f1100000,0x00000000f887de88,0x00000000f8880000)
  to   space 122368K, 0% used [0x00000000f8880000,0x00000000f8880000,0x0000000100000000)
 ParOldGen       total 659456K, used 564299K [0x0000000080000000, 0x00000000a8400000, 0x00000000d5580000)
  object space 659456K, 85% used [0x0000000080000000,0x00000000a2712ee0,0x00000000a8400000)
 Metaspace       used 6457K, capacity 7282K, committed 7552K, reserved 1056768K
  class space    used 608K, capacity 618K, committed 640K, reserved 1048576K

Deoptimization events (10 events):
Event: 20,482 Thread 0x00007f438c1dd800 Uncommon trap: reason=unstable_if action=reinterpret pc=0x00007f437d3b09a8 method=com.android.dx.ssa.SetFactory.makeLivenessSet(I)Lcom/android/dx/util/IntSet; @ 4
Event: 20,543 Thread 0x00007f438c1dd800 Uncommon trap: reason=class_check action=maybe_recompile pc=0x00007f437d968f50 method=com.android.dx.ssa.back.InterferenceGraph.mergeInterferenceSet(ILcom/android/dx/util/IntSet;)V @ 20
Event: 20,543 Thread 0x00007f438c1dd800 Uncommon trap: reason=class_check action=maybe_recompile pc=0x00007f437dc93110 method=com.android.dx.util.BitIntSet.merge(Lcom/android/dx/util/IntSet;)V @ 1
Event: 20,544 Thread 0x00007f438c1dd800 Uncommon trap: reason=class_check action=maybe_recompile pc=0x00007f437d968f50 method=com.android.dx.ssa.back.InterferenceGraph.mergeInterferenceSet(ILcom/android/dx/util/IntSet;)V @ 20
Event: 20,544 Thread 0x00007f438c1dd800 Uncommon trap: reason=class_check action=maybe_recompile pc=0x00007f437dc93110 method=com.android.dx.util.BitIntSet.merge(Lcom/android/dx/util/IntSet;)V @ 1
Event: 20,544 Thread 0x00007f438c1dd800 Uncommon trap: reason=class_check action=maybe_recompile pc=0x00007f437d968f50 method=com.android.dx.ssa.back.InterferenceGraph.mergeInterferenceSet(ILcom/android/dx/util/IntSet;)V @ 20
Event: 20,544 Thread 0x00007f438c1dd800 Uncommon trap: reason=class_check action=maybe_recompile pc=0x00007f437dc93110 method=com.android.dx.util.BitIntSet.merge(Lcom/android/dx/util/IntSet;)V @ 1
Event: 20,550 Thread 0x00007f438c1dd800 Uncommon trap: reason=class_check action=maybe_recompile pc=0x00007f437d968f50 method=com.android.dx.ssa.back.InterferenceGraph.mergeInterferenceSet(ILcom/android/dx/util/IntSet;)V @ 20
Event: 20,550 Thread 0x00007f438c1dd800 Uncommon trap: reason=class_check action=maybe_recompile pc=0x00007f437dc93110 method=com.android.dx.util.BitIntSet.merge(Lcom/android/dx/util/IntSet;)V @ 1
Event: 20,565 Thread 0x00007f438c1d6000 Uncommon trap: reason=predicate action=maybe_recompile pc=0x00007f437dcbff4c method=com.android.dx.ssa.back.InterferenceGraph.<init>(I)V @ 23

Internal exceptions (7 events):
Event: 0,023 Thread 0x00007f438c00a000 Exception <a 'java/lang/NoSuchMethodError': Method sun.misc.Unsafe.defineClass(Ljava/lang/String;[BII)Ljava/lang/Class; name or signature does not match> (0x00000000d55929f8) thrown at [/HUDSON/workspace/8-2-build-linux-amd64/jdk8u66/4988/hotspot/src/shar
Event: 0,023 Thread 0x00007f438c00a000 Exception <a 'java/lang/NoSuchMethodError': Method sun.misc.Unsafe.prefetchRead(Ljava/lang/Object;J)V name or signature does not match> (0x00000000d5592ce0) thrown at [/HUDSON/workspace/8-2-build-linux-amd64/jdk8u66/4988/hotspot/src/share/vm/prims/jni.cpp
Event: 1,433 Thread 0x00007f438c00a000 Implicit null exception at 0x00007f437d2e9adc to 0x00007f437d2ebfc9
Event: 1,453 Thread 0x00007f438c00a000 Exception <a 'java/lang/ArrayIndexOutOfBoundsException': 18> (0x00000000d6840760) thrown at [/HUDSON/workspace/8-2-build-linux-amd64/jdk8u66/4988/hotspot/src/share/vm/interpreter/interpreterRuntime.cpp, line 366]
Event: 1,453 Thread 0x00007f438c00a000 Exception <a 'java/lang/ArrayIndexOutOfBoundsException': 145> (0x00000000d68422e0) thrown at [/HUDSON/workspace/8-2-build-linux-amd64/jdk8u66/4988/hotspot/src/share/vm/interpreter/interpreterRuntime.cpp, line 366]
Event: 1,454 Thread 0x00007f438c00a000 Exception <a 'java/lang/ArrayIndexOutOfBoundsException': 40> (0x00000000d68435c8) thrown at [/HUDSON/workspace/8-2-build-linux-amd64/jdk8u66/4988/hotspot/src/share/vm/interpreter/interpreterRuntime.cpp, line 366]
Event: 2,140 Thread 0x00007f438c1df800 Implicit null exception at 0x00007f437d552e05 to 0x00007f437d55465d

Events (10 events):
Event: 20,563 Thread 0x00007f438c00a000 DEOPT PACKING pc=0x00007f437d303fe0 sp=0x00007f4394c0c660
Event: 20,563 Thread 0x00007f438c00a000 DEOPT UNPACKING pc=0x00007f437d047633 sp=0x00007f4394c0c460 mode 0
Event: 20,565 Thread 0x00007f438c1d6000 Uncommon trap: trap_request=0xffffff86 fr.pc=0x00007f437dcbff4c
Event: 20,565 Thread 0x00007f438c1d6000 DEOPT PACKING pc=0x00007f437dcbff4c sp=0x00007f436ecb9f90
Event: 20,565 Thread 0x00007f438c1d6000 DEOPT UNPACKING pc=0x00007f437d005229 sp=0x00007f436ecb9fa8 mode 2
Event: 20,581 Thread 0x00007f438c1df800 DEOPT PACKING pc=0x00007f437d303fe0 sp=0x00007f436e8b5f50
Event: 20,581 Thread 0x00007f438c1df800 DEOPT UNPACKING pc=0x00007f437d047633 sp=0x00007f436e8b5d50 mode 0
Event: 20,583 Thread 0x00007f438c00a000 DEOPT PACKING pc=0x00007f437d303fe0 sp=0x00007f4394c0c660
Event: 20,583 Thread 0x00007f438c00a000 DEOPT UNPACKING pc=0x00007f437d047633 sp=0x00007f4394c0c460 mode 0
Event: 20,583 Executing VM operation: ParallelGCFailedAllocation


Dynamic libraries:
00400000-00401000 r-xp 00000000 08:01 4591374                            /usr/lib/jvm/java-8-oracle/bin/java
00600000-00601000 rw-p 00000000 08:01 4591374                            /usr/lib/jvm/java-8-oracle/bin/java
00692000-006b3000 rw-p 00000000 00:00 0                                  [heap]
80000000-a8400000 rw-p 00000000 00:00 0 
ba000000-d5580000 ---p 00000000 00:00 0 
d5580000-100000000 rw-p 00000000 00:00 0 
100000000-1000a0000 rw-p 00000000 00:00 0 
1000a0000-140000000 ---p 00000000 00:00 0 
7f4328000000-7f4328021000 rw-p 00000000 00:00 0 
7f4328021000-7f432c000000 ---p 00000000 00:00 0 
7f4330000000-7f4330031000 rw-p 00000000 00:00 0 
7f4330031000-7f4334000000 ---p 00000000 00:00 0 
7f4334000000-7f4334032000 rw-p 00000000 00:00 0 
7f4334032000-7f4338000000 ---p 00000000 00:00 0 
7f4338000000-7f4338046000 rw-p 00000000 00:00 0 
7f4338046000-7f433c000000 ---p 00000000 00:00 0 
7f433c000000-7f433c021000 rw-p 00000000 00:00 0 
7f433c021000-7f4340000000 ---p 00000000 00:00 0 
7f4340000000-7f4340021000 rw-p 00000000 00:00 0 
7f4340021000-7f4344000000 ---p 00000000 00:00 0 
7f4344000000-7f4344021000 rw-p 00000000 00:00 0 
7f4344021000-7f4348000000 ---p 00000000 00:00 0 
7f4348000000-7f4349ca3000 rw-p 00000000 00:00 0 
7f4349ca3000-7f434c000000 ---p 00000000 00:00 0 
7f434c000000-7f434d276000 rw-p 00000000 00:00 0 
7f434d276000-7f4350000000 ---p 00000000 00:00 0 
7f4350000000-7f4350021000 rw-p 00000000 00:00 0 
7f4350021000-7f4354000000 ---p 00000000 00:00 0 
7f4354000000-7f4355d66000 rw-p 00000000 00:00 0 
7f4355d66000-7f4358000000 ---p 00000000 00:00 0 
7f4358000000-7f4358021000 rw-p 00000000 00:00 0 
7f4358021000-7f435c000000 ---p 00000000 00:00 0 
7f435c000000-7f435c021000 rw-p 00000000 00:00 0 
7f435c021000-7f4360000000 ---p 00000000 00:00 0 
7f4360000000-7f4360021000 rw-p 00000000 00:00 0 
7f4360021000-7f4364000000 ---p 00000000 00:00 0 
7f4364000000-7f4364290000 rw-p 00000000 00:00 0 
7f4364290000-7f4368000000 ---p 00000000 00:00 0 
7f4368000000-7f4368021000 rw-p 00000000 00:00 0 
7f4368021000-7f436c000000 ---p 00000000 00:00 0 
7f436e7b7000-7f436e7ba000 ---p 00000000 00:00 0 
7f436e7ba000-7f436e8b8000 rw-p 00000000 00:00 0                          [stack:8928]
7f436e8b8000-7f436e8bb000 ---p 00000000 00:00 0 
7f436e8bb000-7f436e9b9000 rw-p 00000000 00:00 0                          [stack:8927]
7f436e9b9000-7f436e9bc000 ---p 00000000 00:00 0 
7f436e9bc000-7f436eaba000 rw-p 00000000 00:00 0                          [stack:8926]
7f436eaba000-7f436eabd000 ---p 00000000 00:00 0 
7f436eabd000-7f436ebbb000 rw-p 00000000 00:00 0                          [stack:8925]
7f436ebbb000-7f436ebbe000 ---p 00000000 00:00 0 
7f436ebbe000-7f436ecbc000 rw-p 00000000 00:00 0                          [stack:8924]
7f436ecbc000-7f436ede3000 r--s 00ccb000 08:01 10092625                   /home/tomasz/AndroidStudioProjects/Droppr/app/build/intermediates/transforms/jarMerging/debug/jars/1/1f/combined.jar
7f436ede3000-7f436ede4000 ---p 00000000 00:00 0 
7f436ede4000-7f436eee4000 rw-p 00000000 00:00 0                          [stack:8923]
7f436eee4000-7f436eee7000 ---p 00000000 00:00 0 
7f436eee7000-7f436efe5000 rw-p 00000000 00:00 0                          [stack:8922]
7f436efe5000-7f436efe8000 ---p 00000000 00:00 0 
7f436efe8000-7f436f0e6000 rw-p 00000000 00:00 0                          [stack:8921]
7f436f0e6000-7f436f0e9000 ---p 00000000 00:00 0 
7f436f0e9000-7f436f1e7000 rw-p 00000000 00:00 0                          [stack:8920]
7f436f1e7000-7f436f1ea000 ---p 00000000 00:00 0 
7f436f1ea000-7f436f2e8000 rw-p 00000000 00:00 0                          [stack:8919]
7f436f2e8000-7f436f2eb000 ---p 00000000 00:00 0 
7f436f2eb000-7f436f3e9000 rw-p 00000000 00:00 0                          [stack:8918]
7f436f3e9000-7f436fbfc000 r--p 00000000 08:01 1579663                    /usr/lib/locale/locale-archive
7f436fbfc000-7f436fbff000 ---p 00000000 00:00 0 
7f436fbff000-7f436fcfd000 rw-p 00000000 00:00 0                          [stack:8917]
7f436fcfd000-7f436fd00000 ---p 00000000 00:00 0 
7f436fd00000-7f436fdfe000 rw-p 00000000 00:00 0                          [stack:8916]
7f436fdfe000-7f436fdff000 ---p 00000000 00:00 0 
7f436fdff000-7f4370000000 rw-p 00000000 00:00 0                          [stack:8915]
7f4370000000-7f4370021000 rw-p 00000000 00:00 0 
7f4370021000-7f4374000000 ---p 00000000 00:00 0 
7f4374000000-7f4378000000 rw-p 00000000 00:00 0 
7f4378000000-7f4378021000 rw-p 00000000 00:00 0 
7f4378021000-7f437c000000 ---p 00000000 00:00 0 
7f437c0d4000-7f437c0f9000 r--p 00000000 08:01 2361987                    /usr/share/locale-langpack/pl/LC_MESSAGES/libc.mo
7f437c0f9000-7f437ce27000 rw-p 00000000 00:00 0 
7f437ce27000-7f437d000000 r--s 03d20000 08:01 4069182                    /usr/lib/jvm/java-8-oracle/jre/lib/rt.jar
7f437d000000-7f437dd20000 rwxp 00000000 00:00 0 
7f437dd20000-7f438c000000 ---p 00000000 00:00 0 
7f438c000000-7f438c3fc000 rw-p 00000000 00:00 0 
7f438c3fc000-7f4390000000 ---p 00000000 00:00 0 
7f4390000000-7f43908e9000 rw-p 00000000 00:00 0 
7f43908e9000-7f4390a29000 ---p 00000000 00:00 0 
7f4390a29000-7f4390e29000 rw-p 00000000 00:00 0 
7f4390e29000-7f4390e2a000 ---p 00000000 00:00 0 
7f4390e2a000-7f4390f2a000 rw-p 00000000 00:00 0                          [stack:8914]
7f4390f2a000-7f4390f2b000 ---p 00000000 00:00 0 
7f4390f2b000-7f439102b000 rw-p 00000000 00:00 0                          [stack:8913]
7f439102b000-7f439102c000 ---p 00000000 00:00 0 
7f439102c000-7f439112c000 rw-p 00000000 00:00 0                          [stack:8912]
7f439112c000-7f439112d000 ---p 00000000 00:00 0 
7f439112d000-7f439136f000 rw-p 00000000 00:00 0                          [stack:8911]
7f439136f000-7f43914d8000 ---p 00000000 00:00 0 
7f43914d8000-7f439161a000 rw-p 00000000 00:00 0 
7f439161a000-7f4391782000 ---p 00000000 00:00 0 
7f4391782000-7f43918d8000 rw-p 00000000 00:00 0 
7f43918d8000-7f439190e000 rw-p 00000000 00:00 0 
7f439190e000-7f4391c99000 ---p 00000000 00:00 0 
7f4391c99000-7f4391cb3000 r-xp 00000000 08:01 4069168                    /usr/lib/jvm/java-8-oracle/jre/lib/amd64/libzip.so
7f4391cb3000-7f4391eb3000 ---p 0001a000 08:01 4069168                    /usr/lib/jvm/java-8-oracle/jre/lib/amd64/libzip.so
7f4391eb3000-7f4391eb4000 rw-p 0001a000 08:01 4069168                    /usr/lib/jvm/java-8-oracle/jre/lib/amd64/libzip.so
7f4391eb4000-7f4391ebf000 r-xp 00000000 08:01 5771445                    /lib/x86_64-linux-gnu/libnss_files-2.19.so
7f4391ebf000-7f43920be000 ---p 0000b000 08:01 5771445                    /lib/x86_64-linux-gnu/libnss_files-2.19.so
7f43920be000-7f43920bf000 r--p 0000a000 08:01 5771445                    /lib/x86_64-linux-gnu/libnss_files-2.19.so
7f43920bf000-7f43920c0000 rw-p 0000b000 08:01 5771445                    /lib/x86_64-linux-gnu/libnss_files-2.19.so
7f43920c0000-7f43920cb000 r-xp 00000000 08:01 5771455                    /lib/x86_64-linux-gnu/libnss_nis-2.19.so
7f43920cb000-7f43922ca000 ---p 0000b000 08:01 5771455                    /lib/x86_64-linux-gnu/libnss_nis-2.19.so
7f43922ca000-7f43922cb000 r--p 0000a000 08:01 5771455                    /lib/x86_64-linux-gnu/libnss_nis-2.19.so
7f43922cb000-7f43922cc000 rw-p 0000b000 08:01 5771455                    /lib/x86_64-linux-gnu/libnss_nis-2.19.so
7f43922cc000-7f43922e3000 r-xp 00000000 08:01 5771439                    /lib/x86_64-linux-gnu/libnsl-2.19.so
7f43922e3000-7f43924e2000 ---p 00017000 08:01 5771439                    /lib/x86_64-linux-gnu/libnsl-2.19.so
7f43924e2000-7f43924e3000 r--p 00016000 08:01 5771439                    /lib/x86_64-linux-gnu/libnsl-2.19.so
7f43924e3000-7f43924e4000 rw-p 00017000 08:01 5771439                    /lib/x86_64-linux-gnu/libnsl-2.19.so
7f43924e4000-7f43924e6000 rw-p 00000000 00:00 0 
7f43924e6000-7f43924ef000 r-xp 00000000 08:01 5771441                    /lib/x86_64-linux-gnu/libnss_compat-2.19.so
7f43924ef000-7f43926ee000 ---p 00009000 08:01 5771441                    /lib/x86_64-linux-gnu/libnss_compat-2.19.so
7f43926ee000-7f43926ef000 r--p 00008000 08:01 5771441                    /lib/x86_64-linux-gnu/libnss_compat-2.19.so
7f43926ef000-7f43926f0000 rw-p 00009000 08:01 5771441                    /lib/x86_64-linux-gnu/libnss_compat-2.19.so
7f43926f0000-7f439271a000 r-xp 00000000 08:01 4069157                    /usr/lib/jvm/java-8-oracle/jre/lib/amd64/libjava.so
7f439271a000-7f439291a000 ---p 0002a000 08:01 4069157                    /usr/lib/jvm/java-8-oracle/jre/lib/amd64/libjava.so
7f439291a000-7f439291c000 rw-p 0002a000 08:01 4069157                    /usr/lib/jvm/java-8-oracle/jre/lib/amd64/libjava.so
7f439291c000-7f4392929000 r-xp 00000000 08:01 4069118                    /usr/lib/jvm/java-8-oracle/jre/lib/amd64/libverify.so
7f4392929000-7f4392b29000 ---p 0000d000 08:01 4069118                    /usr/lib/jvm/java-8-oracle/jre/lib/amd64/libverify.so
7f4392b29000-7f4392b2b000 rw-p 0000d000 08:01 4069118                    /usr/lib/jvm/java-8-oracle/jre/lib/amd64/libverify.so
7f4392b2b000-7f4392b32000 r-xp 00000000 08:01 5771498                    /lib/x86_64-linux-gnu/librt-2.19.so
7f4392b32000-7f4392d31000 ---p 00007000 08:01 5771498                    /lib/x86_64-linux-gnu/librt-2.19.so
7f4392d31000-7f4392d32000 r--p 00006000 08:01 5771498                    /lib/x86_64-linux-gnu/librt-2.19.so
7f4392d32000-7f4392d33000 rw-p 00007000 08:01 5771498                    /lib/x86_64-linux-gnu/librt-2.19.so
7f4392d33000-7f4392e38000 r-xp 00000000 08:01 5771420                    /lib/x86_64-linux-gnu/libm-2.19.so
7f4392e38000-7f4393037000 ---p 00105000 08:01 5771420                    /lib/x86_64-linux-gnu/libm-2.19.so
7f4393037000-7f4393038000 r--p 00104000 08:01 5771420                    /lib/x86_64-linux-gnu/libm-2.19.so
7f4393038000-7f4393039000 rw-p 00105000 08:01 5771420                    /lib/x86_64-linux-gnu/libm-2.19.so
7f4393039000-7f4393cf7000 r-xp 00000000 08:01 4069167                    /usr/lib/jvm/java-8-oracle/jre/lib/amd64/server/libjvm.so
7f4393cf7000-7f4393ef6000 ---p 00cbe000 08:01 4069167                    /usr/lib/jvm/java-8-oracle/jre/lib/amd64/server/libjvm.so
7f4393ef6000-7f4393fcf000 rw-p 00cbd000 08:01 4069167                    /usr/lib/jvm/java-8-oracle/jre/lib/amd64/server/libjvm.so
7f4393fcf000-7f4394013000 rw-p 00000000 00:00 0 
7f4394013000-7f43941ce000 r-xp 00000000 08:01 5771370                    /lib/x86_64-linux-gnu/libc-2.19.so
7f43941ce000-7f43943cd000 ---p 001bb000 08:01 5771370                    /lib/x86_64-linux-gnu/libc-2.19.so
7f43943cd000-7f43943d1000 r--p 001ba000 08:01 5771370                    /lib/x86_64-linux-gnu/libc-2.19.so
7f43943d1000-7f43943d3000 rw-p 001be000 08:01 5771370                    /lib/x86_64-linux-gnu/libc-2.19.so
7f43943d3000-7f43943d8000 rw-p 00000000 00:00 0 
7f43943d8000-7f43943db000 r-xp 00000000 08:01 5771387                    /lib/x86_64-linux-gnu/libdl-2.19.so
7f43943db000-7f43945da000 ---p 00003000 08:01 5771387                    /lib/x86_64-linux-gnu/libdl-2.19.so
7f43945da000-7f43945db000 r--p 00002000 08:01 5771387                    /lib/x86_64-linux-gnu/libdl-2.19.so
7f43945db000-7f43945dc000 rw-p 00003000 08:01 5771387                    /lib/x86_64-linux-gnu/libdl-2.19.so
7f43945dc000-7f43945f1000 r-xp 00000000 08:01 4727160                    /usr/lib/jvm/java-8-oracle/lib/amd64/jli/libjli.so
7f43945f1000-7f43947f1000 ---p 00015000 08:01 4727160                    /usr/lib/jvm/java-8-oracle/lib/amd64/jli/libjli.so
7f43947f1000-7f43947f2000 rw-p 00015000 08:01 4727160                    /usr/lib/jvm/java-8-oracle/lib/amd64/jli/libjli.so
7f43947f2000-7f439480b000 r-xp 00000000 08:01 5771490                    /lib/x86_64-linux-gnu/libpthread-2.19.so
7f439480b000-7f4394a0a000 ---p 00019000 08:01 5771490                    /lib/x86_64-linux-gnu/libpthread-2.19.so
7f4394a0a000-7f4394a0b000 r--p 00018000 08:01 5771490                    /lib/x86_64-linux-gnu/libpthread-2.19.so
7f4394a0b000-7f4394a0c000 rw-p 00019000 08:01 5771490                    /lib/x86_64-linux-gnu/libpthread-2.19.so
7f4394a0c000-7f4394a10000 rw-p 00000000 00:00 0 
7f4394a10000-7f4394a33000 r-xp 00000000 08:01 5771346                    /lib/x86_64-linux-gnu/ld-2.19.so
7f4394a3b000-7f4394a42000 r--s 00000000 08:01 1967077                    /usr/lib/x86_64-linux-gnu/gconv/gconv-modules.cache
7f4394a42000-7f4394b0e000 rw-p 00000000 00:00 0 
7f4394b0e000-7f4394b11000 ---p 00000000 00:00 0 
7f4394b11000-7f4394c13000 rw-p 00000000 00:00 0                          [stack:8909]
7f4394c16000-7f4394c17000 rw-p 00000000 00:00 0 
7f4394c17000-7f4394c26000 r--s 000df000 08:01 656243                     /home/tomasz/Android/Sdk/build-tools/23.0.1/lib/dx.jar
7f4394c26000-7f4394c2e000 rw-s 00000000 08:01 6033118                    /tmp/hsperfdata_tomasz/8905
7f4394c2e000-7f4394c2f000 rw-p 00000000 00:00 0 
7f4394c2f000-7f4394c30000 ---p 00000000 00:00 0 
7f4394c30000-7f4394c32000 rw-p 00000000 00:00 0 
7f4394c32000-7f4394c33000 r--p 00022000 08:01 5771346                    /lib/x86_64-linux-gnu/ld-2.19.so
7f4394c33000-7f4394c34000 rw-p 00023000 08:01 5771346                    /lib/x86_64-linux-gnu/ld-2.19.so
7f4394c34000-7f4394c35000 rw-p 00000000 00:00 0 
7ffeaebed000-7ffeaec0e000 rw-p 00000000 00:00 0                          [stack]
7ffeaecab000-7ffeaecad000 r--p 00000000 00:00 0                          [vvar]
7ffeaecad000-7ffeaecaf000 r-xp 00000000 00:00 0                          [vdso]
ffffffffff600000-ffffffffff601000 r-xp 00000000 00:00 0                  [vsyscall]

VM Arguments:
jvm_args: -Djava.awt.headless=true -Xmx2g -Dfile.encoding=UTF-8 -Duser.country=PL -Duser.language=pl -Duser.variant 
java_command: com.android.dx.command.Main --dex --num-threads=4 --multi-dex --main-dex-list /home/tomasz/AndroidStudioProjects/Droppr/app/build/intermediates/multi-dex/debug/maindexlist.txt --output /home/tomasz/AndroidStudioProjects/Droppr/app/build/intermediates/transforms/dex/debug/folders/1000/1f/main /home/tomasz/AndroidStudioProjects/Droppr/app/build/intermediates/transforms/jarMerging/debug/jars/1/1f/combined.jar
java_class_path (initial): /home/tomasz/Android/Sdk/build-tools/23.0.1/lib/dx.jar
Launcher Type: SUN_STANDARD

Environment Variables:
PATH=/usr/local/sbin:/usr/local/bin:/usr/sbin:/usr/bin:/sbin:/bin:/usr/games:/usr/local/games
LD_LIBRARY_PATH=/opt/android-studio/bin:
SHELL=/bin/bash
DISPLAY=:0

Signal Handlers:
SIGSEGV: [libjvm.so+0xaba2a0], sa_mask[0]=11111111011111111101111111111110, sa_flags=SA_RESTART|SA_SIGINFO
SIGBUS: [libjvm.so+0xaba2a0], sa_mask[0]=11111111011111111101111111111110, sa_flags=SA_RESTART|SA_SIGINFO
SIGFPE: [libjvm.so+0x917710], sa_mask[0]=11111111011111111101111111111110, sa_flags=SA_RESTART|SA_SIGINFO
SIGPIPE: [libjvm.so+0x917710], sa_mask[0]=11111111011111111101111111111110, sa_flags=SA_RESTART|SA_SIGINFO
SIGXFSZ: [libjvm.so+0x917710], sa_mask[0]=11111111011111111101111111111110, sa_flags=SA_RESTART|SA_SIGINFO
SIGILL: [libjvm.so+0x917710], sa_mask[0]=11111111011111111101111111111110, sa_flags=SA_RESTART|SA_SIGINFO
SIGUSR1: SIG_DFL, sa_mask[0]=00000000000000000000000000000000, sa_flags=none
SIGUSR2: [libjvm.so+0x918d40], sa_mask[0]=00100000000000000000000000000000, sa_flags=SA_RESTART|SA_SIGINFO
SIGHUP: [libjvm.so+0x91a140], sa_mask[0]=11111111011111111101111111111110, sa_flags=SA_RESTART|SA_SIGINFO
SIGINT: [libjvm.so+0x91a140], sa_mask[0]=11111111011111111101111111111110, sa_flags=SA_RESTART|SA_SIGINFO
SIGTERM: [libjvm.so+0x91a140], sa_mask[0]=11111111011111111101111111111110, sa_flags=SA_RESTART|SA_SIGINFO
SIGQUIT: [libjvm.so+0x91a140], sa_mask[0]=11111111011111111101111111111110, sa_flags=SA_RESTART|SA_SIGINFO


---------------  S Y S T E M  ---------------

OS:DISTRIB_ID=Ubuntu
DISTRIB_RELEASE=14.04
DISTRIB_CODENAME=trusty
DISTRIB_DESCRIPTION="Ubuntu 14.04.3 LTS"

uname:Linux 3.19.0-33-generic #38~14.04.1-Ubuntu SMP Fri Nov 6 18:17:28 UTC 2015 x86_64
libc:glibc 2.19 NPTL 2.19 
rlimit: STACK 8192k, CORE 0k, NPROC 23202, NOFILE 4096, AS infinity
load average:2,69 1,04 1,18

/proc/meminfo:
MemTotal:        5961336 kB
MemFree:          136288 kB
MemAvailable:      82036 kB
Buffers:             524 kB
Cached:           301772 kB
SwapCached:            0 kB
Active:          5363092 kB
Inactive:         276880 kB
Active(anon):    5353436 kB
Inactive(anon):   267396 kB
Active(file):       9656 kB
Inactive(file):     9484 kB
Unevictable:         328 kB
Mlocked:             328 kB
SwapTotal:             0 kB
SwapFree:              0 kB
Dirty:               196 kB
Writeback:             0 kB
AnonPages:       5338572 kB
Mapped:            93712 kB
Shmem:            282588 kB
Slab:              75960 kB
SReclaimable:      41280 kB
SUnreclaim:        34680 kB
KernelStack:       10864 kB
PageTables:        49664 kB
NFS_Unstable:          0 kB
Bounce:                0 kB
WritebackTmp:          0 kB
CommitLimit:     2980668 kB
Committed_AS:   10105220 kB
VmallocTotal:   34359738367 kB
VmallocUsed:      551992 kB
VmallocChunk:   34359162332 kB
HardwareCorrupted:     0 kB
AnonHugePages:   3391488 kB
CmaTotal:              0 kB
CmaFree:               0 kB
HugePages_Total:       0
HugePages_Free:        0
HugePages_Rsvd:        0
HugePages_Surp:        0
Hugepagesize:       2048 kB
DirectMap4k:      137472 kB
DirectMap2M:     6002688 kB


CPU:total 4 (2 cores per cpu, 2 threads per core) family 6 model 42 stepping 7, cmov, cx8, fxsr, mmx, sse, sse2, sse3, ssse3, sse4.1, sse4.2, popcnt, avx, aes, clmul, ht, tsc, tscinvbit

/proc/cpuinfo:
processor	: 0
vendor_id	: GenuineIntel
cpu family	: 6
model		: 42
model name	: Intel(R) Core(TM) i5-2450M CPU @ 2.50GHz
stepping	: 7
microcode	: 0x25
cpu MHz		: 2900.000
cache size	: 3072 KB
physical id	: 0
siblings	: 4
core id		: 0
cpu cores	: 2
apicid		: 0
initial apicid	: 0
fpu		: yes
fpu_exception	: yes
cpuid level	: 13
wp		: yes
flags		: fpu vme de pse tsc msr pae mce cx8 apic sep mtrr pge mca cmov pat pse36 clflush dts acpi mmx fxsr sse sse2 ss ht tm pbe syscall nx rdtscp lm constant_tsc arch_perfmon pebs bts rep_good nopl xtopology nonstop_tsc aperfmperf eagerfpu pni pclmulqdq dtes64 monitor ds_cpl vmx est tm2 ssse3 cx16 xtpr pdcm pcid sse4_1 sse4_2 x2apic popcnt tsc_deadline_timer aes xsave avx lahf_lm ida arat epb pln pts dtherm tpr_shadow vnmi flexpriority ept vpid xsaveopt
bugs		:
bogomips	: 4988.68
clflush size	: 64
cache_alignment	: 64
address sizes	: 36 bits physical, 48 bits virtual
power management:

processor	: 1
vendor_id	: GenuineIntel
cpu family	: 6
model		: 42
model name	: Intel(R) Core(TM) i5-2450M CPU @ 2.50GHz
stepping	: 7
microcode	: 0x25
cpu MHz		: 2527.929
cache size	: 3072 KB
physical id	: 0
siblings	: 4
core id		: 0
cpu cores	: 2
apicid		: 1
initial apicid	: 1
fpu		: yes
fpu_exception	: yes
cpuid level	: 13
wp		: yes
flags		: fpu vme de pse tsc msr pae mce cx8 apic sep mtrr pge mca cmov pat pse36 clflush dts acpi mmx fxsr sse sse2 ss ht tm pbe syscall nx rdtscp lm constant_tsc arch_perfmon pebs bts rep_good nopl xtopology nonstop_tsc aperfmperf eagerfpu pni pclmulqdq dtes64 monitor ds_cpl vmx est tm2 ssse3 cx16 xtpr pdcm pcid sse4_1 sse4_2 x2apic popcnt tsc_deadline_timer aes xsave avx lahf_lm ida arat epb pln pts dtherm tpr_shadow vnmi flexpriority ept vpid xsaveopt
bugs		:
bogomips	: 4988.68
clflush size	: 64
cache_alignment	: 64
address sizes	: 36 bits physical, 48 bits virtual
power management:

processor	: 2
vendor_id	: GenuineIntel
cpu family	: 6
model		: 42
model name	: Intel(R) Core(TM) i5-2450M CPU @ 2.50GHz
stepping	: 7
microcode	: 0x25
cpu MHz		: 2852.343
cache size	: 3072 KB
physical id	: 0
siblings	: 4
core id		: 1
cpu cores	: 2
apicid		: 2
initial apicid	: 2
fpu		: yes
fpu_exception	: yes
cpuid level	: 13
wp		: yes
flags		: fpu vme de pse tsc msr pae mce cx8 apic sep mtrr pge mca cmov pat pse36 clflush dts acpi mmx fxsr sse sse2 ss ht tm pbe syscall nx rdtscp lm constant_tsc arch_perfmon pebs bts rep_good nopl xtopology nonstop_tsc aperfmperf eagerfpu pni pclmulqdq dtes64 monitor ds_cpl vmx est tm2 ssse3 cx16 xtpr pdcm pcid sse4_1 sse4_2 x2apic popcnt tsc_deadline_timer aes xsave avx lahf_lm ida arat epb pln pts dtherm tpr_shadow vnmi flexpriority ept vpid xsaveopt
bugs		:
bogomips	: 4988.68
clflush size	: 64
cache_alignment	: 64
address sizes	: 36 bits physical, 48 bits virtual
power management:

processor	: 3
vendor_id	: GenuineIntel
cpu family	: 6
model		: 42
model name	: Intel(R) Core(TM) i5-2450M CPU @ 2.50GHz
stepping	: 7
microcode	: 0x25
cpu MHz		: 2899.902
cache size	: 3072 KB
physical id	: 0
siblings	: 4
core id		: 1
cpu cores	: 2
apicid		: 3
initial apicid	: 3
fpu		: yes
fpu_exception	: yes
cpuid level	: 13
wp		: yes
flags		: fpu vme de pse tsc msr pae mce cx8 apic sep mtrr pge mca cmov pat pse36 clflush dts acpi mmx fxsr sse sse2 ss ht tm pbe syscall nx rdtscp lm constant_tsc arch_perfmon pebs bts rep_good nopl xtopology nonstop_tsc aperfmperf eagerfpu pni pclmulqdq dtes64 monitor ds_cpl vmx est tm2 ssse3 cx16 xtpr pdcm pcid sse4_1 sse4_2 x2apic popcnt tsc_deadline_timer aes xsave avx lahf_lm ida arat epb pln pts dtherm tpr_shadow vnmi flexpriority ept vpid xsaveopt
bugs		:
bogomips	: 4988.68
clflush size	: 64
cache_alignment	: 64
address sizes	: 36 bits physical, 48 bits virtual
power management:



Memory: 4k page, physical 5961336k(136732k free), swap 0k(0k free)

vm_info: Java HotSpot(TM) 64-Bit Server VM (25.66-b17) for linux-amd64 JRE (1.8.0_66-b17), built on Oct  6 2015 17:28:34 by "java_re" with gcc 4.3.0 20080428 (Red Hat 4.3.0-8)

time: Sat Nov 21 05:41:57 2015
elapsed time: 23 seconds (0d 0h 0m 23s)

