#
# There is insufficient memory for the Java Runtime Environment to continue.
# Native memory allocation (mmap) failed to map 262144000 bytes for committing reserved memory.
# Possible reasons:
#   The system is out of physical RAM or swap space
#   In 32 bit mode, the process size limit was hit
# Possible solutions:
#   Reduce memory load on the system
#   Increase physical memory or swap space
#   Check if swap backing store is full
#   Use 64 bit Java on a 64 bit OS
#   Decrease Java heap size (-Xmx/-Xms)
#   Decrease number of Java threads
#   Decrease Java thread stack sizes (-Xss)
#   Set larger code cache with -XX:ReservedCodeCacheSize=
# This output file may be truncated or incomplete.
#
#  Out of Memory Error (os_linux.cpp:2627), pid=11358, tid=140392761632512
#
# JRE version: Java(TM) SE Runtime Environment (8.0_66-b17) (build 1.8.0_66-b17)
# Java VM: Java HotSpot(TM) 64-Bit Server VM (25.66-b17 mixed mode linux-amd64 compressed oops)
# Failed to write core dump. Core dumps have been disabled. To enable core dumping, try "ulimit -c unlimited" before starting Java again
#

---------------  T H R E A D  ---------------

Current thread (0x00007fafcc078000):  VMThread [stack: 0x00007fafbc9fa000,0x00007fafbcafb000] [id=11368]

Stack: [0x00007fafbc9fa000,0x00007fafbcafb000],  sp=0x00007fafbcaf9260,  free space=1020k
Native frames: (J=compiled Java code, j=interpreted, Vv=VM code, C=native code)
V  [libjvm.so+0xab9a1a]  VMError::report_and_die()+0x2ba
V  [libjvm.so+0x4f9e0b]  report_vm_out_of_memory(char const*, int, unsigned long, VMErrorType, char const*)+0x8b
V  [libjvm.so+0x91a8a3]  os::Linux::commit_memory_impl(char*, unsigned long, bool)+0x103
V  [libjvm.so+0x91adf9]  os::pd_commit_memory(char*, unsigned long, unsigned long, bool)+0x29
V  [libjvm.so+0x91510a]  os::commit_memory(char*, unsigned long, unsigned long, bool)+0x2a
V  [libjvm.so+0x9887a3]  PSVirtualSpace::expand_by(unsigned long)+0x53
V  [libjvm.so+0x979090]  PSOldGen::expand(unsigned long)+0x170
V  [libjvm.so+0x97929b]  PSOldGen::resize(unsigned long)+0x1cb
V  [libjvm.so+0x980f71]  PSParallelCompact::invoke_no_policy(bool)+0x991
V  [libjvm.so+0x9868cd]  PSScavenge::invoke()+0x1ad
V  [libjvm.so+0x93e500]  ParallelScavengeHeap::failed_mem_allocate(unsigned long)+0x70
V  [libjvm.so+0xabb437]  VM_ParallelGCFailedAllocation::doit()+0x97
V  [libjvm.so+0xac2e65]  VM_Operation::evaluate()+0x55
V  [libjvm.so+0xac123a]  VMThread::evaluate_operation(VM_Operation*)+0xba
V  [libjvm.so+0xac15be]  VMThread::loop()+0x1ce
V  [libjvm.so+0xac1a30]  VMThread::run()+0x70
V  [libjvm.so+0x91cc68]  java_start(Thread*)+0x108

VM_Operation (0x00007fafaf2e5ef0): ParallelGCFailedAllocation, mode: safepoint, requested by thread 0x00007fafcc1c0800


---------------  P R O C E S S  ---------------

Java Threads: ( => current thread )
  0x00007fafcc1c0800 JavaThread "pool-1-thread-1" [_thread_blocked, id=11400, stack(0x00007fafaf1e7000,0x00007fafaf2e8000)]
  0x00007fafcc1dd800 JavaThread "pool-2-thread-4" [_thread_blocked, id=11381, stack(0x00007fafaf2e8000,0x00007fafaf3e9000)]
  0x00007fafcc1d9800 JavaThread "pool-2-thread-3" [_thread_blocked, id=11380, stack(0x00007fafaf3e9000,0x00007fafaf4ea000)]
  0x00007fafcc1d8000 JavaThread "pool-2-thread-2" [_thread_blocked, id=11379, stack(0x00007fafaf4ea000,0x00007fafaf5eb000)]
  0x00007fafcc1d6000 JavaThread "pool-3-thread-1" [_thread_blocked, id=11378, stack(0x00007fafaf5eb000,0x00007fafaf6ec000)]
  0x00007fafcc1d4800 JavaThread "pool-2-thread-1" [_thread_blocked, id=11377, stack(0x00007fafaf6ec000,0x00007fafaf7ed000)]
  0x00007fafcc0ca800 JavaThread "Service Thread" daemon [_thread_blocked, id=11375, stack(0x00007fafbc2f3000,0x00007fafbc3f4000)]
  0x00007fafcc0bd800 JavaThread "C1 CompilerThread2" daemon [_thread_blocked, id=11374, stack(0x00007fafbc3f4000,0x00007fafbc4f5000)]
  0x00007fafcc0bb800 JavaThread "C2 CompilerThread1" daemon [_thread_in_native, id=11373, stack(0x00007fafbc4f5000,0x00007fafbc5f6000)]
  0x00007fafcc0b8800 JavaThread "C2 CompilerThread0" daemon [_thread_blocked, id=11372, stack(0x00007fafbc5f6000,0x00007fafbc6f7000)]
  0x00007fafcc0b7800 JavaThread "Signal Dispatcher" daemon [_thread_blocked, id=11371, stack(0x00007fafbc6f7000,0x00007fafbc7f8000)]
  0x00007fafcc07f000 JavaThread "Finalizer" daemon [_thread_blocked, id=11370, stack(0x00007fafbc7f8000,0x00007fafbc8f9000)]
  0x00007fafcc07d000 JavaThread "Reference Handler" daemon [_thread_blocked, id=11369, stack(0x00007fafbc8f9000,0x00007fafbc9fa000)]
  0x00007fafcc00a000 JavaThread "main" [_thread_blocked, id=11362, stack(0x00007fafd56f7000,0x00007fafd57f8000)]

Other Threads:
=>0x00007fafcc078000 VMThread [stack: 0x00007fafbc9fa000,0x00007fafbcafb000] [id=11368]
  0x00007fafcc0cd800 WatcherThread [stack: 0x00007fafbc1f2000,0x00007fafbc2f3000] [id=11376]

VM state:at safepoint (normal execution)

VM Mutex/Monitor currently owned by a thread:  ([mutex/lock_event])
[0x00007fafcc005ed0] ExpandHeap_lock - owner thread: 0x00007fafcc078000
[0x00007fafcc006550] Threads_lock - owner thread: 0x00007fafcc078000
[0x00007fafcc006a50] Heap_lock - owner thread: 0x00007fafcc1c0800

Heap:
 PSYoungGen      total 454656K, used 0K [0x00000000d5580000, 0x00000000ff500000, 0x0000000100000000)
  eden space 232960K, 0% used [0x00000000d5580000,0x00000000d5580000,0x00000000e3900000)
  from space 221696K, 0% used [0x00000000f1c80000,0x00000000f1c80000,0x00000000ff500000)
  to   space 227328K, 0% used [0x00000000e3900000,0x00000000e3900000,0x00000000f1700000)
 ParOldGen       total 865280K, used 792906K [0x0000000080000000, 0x00000000b4d00000, 0x00000000d5580000)
  object space 865280K, 91% used [0x0000000080000000,0x00000000b0652998,0x00000000b4d00000)
 Metaspace       used 6604K, capacity 7352K, committed 7552K, reserved 1056768K
  class space    used 616K, capacity 624K, committed 640K, reserved 1048576K

Card table byte_map: [0x00007fafd20c1000,0x00007fafd24c2000] byte_map_base: 0x00007fafd1cc1000

Marking Bits: (ParMarkBitMap*) 0x00007fafd4bd1020
 Begin Bits: [0x00007fafb4000000, 0x00007fafb6000000)
 End Bits:   [0x00007fafb6000000, 0x00007fafb8000000)

Polling page: 0x00007fafd5818000

CodeCache: size=245760Kb used=11557Kb max_used=14434Kb free=234202Kb
 bounds [0x00007fafbd000000, 0x00007fafbde50000, 0x00007fafcc000000]
 total_blobs=2817 nmethods=2547 adapters=182
 compilation: enabled

Compilation events (10 events):
Event: 32,305 Thread 0x00007fafcc0bd800 3505       3       com.android.dx.dex.code.OutputFinisher::getAllConstants (47 bytes)
Event: 32,307 Thread 0x00007fafcc0bd800 nmethod 3505 0x00007fafbd50e9d0 code [0x00007fafbd50ec00, 0x00007fafbd50f548]
Event: 32,325 Thread 0x00007fafcc0bd800 3507 %     3       com.android.dx.dex.code.StdCatchBuilder::hasAnyCatches @ 15 (57 bytes)
Event: 32,326 Thread 0x00007fafcc0bd800 nmethod 3507% 0x00007fafbd366c90 code [0x00007fafbd366ea0, 0x00007fafbd367bf8]
Event: 32,348 Thread 0x00007fafcc0bd800 3508 %     3       com.android.dx.dex.file.CodeItem::addContents @ 142 (174 bytes)
Event: 32,350 Thread 0x00007fafcc0bd800 nmethod 3508% 0x00007fafbdc1a650 code [0x00007fafbdc1a960, 0x00007fafbdc1c348]
Event: 32,372 Thread 0x00007fafcc0bd800 3509       3       com.android.dx.dex.code.StdCatchBuilder::hasAnyCatches (57 bytes)
Event: 32,372 Thread 0x00007fafcc0bd800 nmethod 3509 0x00007fafbd2f3950 code [0x00007fafbd2f3b60, 0x00007fafbd2f4858]
Event: 32,372 Thread 0x00007fafcc0bd800 3510       3       com.android.dx.dex.file.CodeItem::addContents (174 bytes)
Event: 32,374 Thread 0x00007fafcc0bd800 nmethod 3510 0x00007fafbd74a5d0 code [0x00007fafbd74a8e0, 0x00007fafbd74c268]

GC Heap History (10 events):
Event: 28,688 GC heap after
Heap after GC invocations=25 (full 5):
 PSYoungGen      total 485376K, used 149443K [0x00000000d5580000, 0x0000000100000000, 0x0000000100000000)
  eden space 305664K, 0% used [0x00000000d5580000,0x00000000d5580000,0x00000000e8000000)
  from space 179712K, 83% used [0x00000000f5080000,0x00000000fe270d80,0x0000000100000000)
  to   space 196608K, 0% used [0x00000000e8000000,0x00000000e8000000,0x00000000f4000000)
 ParOldGen       total 865280K, used 601628K [0x0000000080000000, 0x00000000b4d00000, 0x00000000d5580000)
  object space 865280K, 69% used [0x0000000080000000,0x00000000a4b87148,0x00000000b4d00000)
 Metaspace       used 6483K, capacity 7282K, committed 7552K, reserved 1056768K
  class space    used 608K, capacity 618K, committed 640K, reserved 1048576K
}
Event: 29,515 GC heap before
{Heap before GC invocations=26 (full 5):
 PSYoungGen      total 485376K, used 455107K [0x00000000d5580000, 0x0000000100000000, 0x0000000100000000)
  eden space 305664K, 100% used [0x00000000d5580000,0x00000000e8000000,0x00000000e8000000)
  from space 179712K, 83% used [0x00000000f5080000,0x00000000fe270d80,0x0000000100000000)
  to   space 196608K, 0% used [0x00000000e8000000,0x00000000e8000000,0x00000000f4000000)
 ParOldGen       total 865280K, used 601628K [0x0000000080000000, 0x00000000b4d00000, 0x00000000d5580000)
  object space 865280K, 69% used [0x0000000080000000,0x00000000a4b87148,0x00000000b4d00000)
 Metaspace       used 6484K, capacity 7282K, committed 7552K, reserved 1056768K
  class space    used 608K, capacity 618K, committed 640K, reserved 1048576K
Event: 29,777 GC heap after
Heap after GC invocations=26 (full 5):
 PSYoungGen      total 502272K, used 196599K [0x00000000d5580000, 0x0000000100000000, 0x0000000100000000)
  eden space 305664K, 0% used [0x00000000d5580000,0x00000000d5580000,0x00000000e8000000)
  from space 196608K, 99% used [0x00000000e8000000,0x00000000f3ffdfb8,0x00000000f4000000)
  to   space 196608K, 0% used [0x00000000f4000000,0x00000000f4000000,0x0000000100000000)
 ParOldGen       total 865280K, used 602088K [0x0000000080000000, 0x00000000b4d00000, 0x00000000d5580000)
  object space 865280K, 69% used [0x0000000080000000,0x00000000a4bfa1b8,0x00000000b4d00000)
 Metaspace       used 6484K, capacity 7282K, committed 7552K, reserved 1056768K
  class space    used 608K, capacity 618K, committed 640K, reserved 1048576K
}
Event: 30,508 GC heap before
{Heap before GC invocations=27 (full 5):
 PSYoungGen      total 502272K, used 502263K [0x00000000d5580000, 0x0000000100000000, 0x0000000100000000)
  eden space 305664K, 100% used [0x00000000d5580000,0x00000000e8000000,0x00000000e8000000)
  from space 196608K, 99% used [0x00000000e8000000,0x00000000f3ffdfb8,0x00000000f4000000)
  to   space 196608K, 0% used [0x00000000f4000000,0x00000000f4000000,0x0000000100000000)
 ParOldGen       total 865280K, used 602088K [0x0000000080000000, 0x00000000b4d00000, 0x00000000d5580000)
  object space 865280K, 69% used [0x0000000080000000,0x00000000a4bfa1b8,0x00000000b4d00000)
 Metaspace       used 6486K, capacity 7282K, committed 7552K, reserved 1056768K
  class space    used 608K, capacity 618K, committed 640K, reserved 1048576K
Event: 30,895 GC heap after
Heap after GC invocations=27 (full 5):
 PSYoungGen      total 429568K, used 154747K [0x00000000d5580000, 0x0000000100000000, 0x0000000100000000)
  eden space 232960K, 0% used [0x00000000d5580000,0x00000000d5580000,0x00000000e3900000)
  from space 196608K, 78% used [0x00000000f4000000,0x00000000fd71efd8,0x0000000100000000)
  to   space 232960K, 0% used [0x00000000e3900000,0x00000000e3900000,0x00000000f1c80000)
 ParOldGen       total 865280K, used 696861K [0x0000000080000000, 0x00000000b4d00000, 0x00000000d5580000)
  object space 865280K, 80% used [0x0000000080000000,0x00000000aa8876d0,0x00000000b4d00000)
 Metaspace       used 6486K, capacity 7282K, committed 7552K, reserved 1056768K
  class space    used 608K, capacity 618K, committed 640K, reserved 1048576K
}
Event: 31,554 GC heap before
{Heap before GC invocations=28 (full 5):
 PSYoungGen      total 429568K, used 387707K [0x00000000d5580000, 0x0000000100000000, 0x0000000100000000)
  eden space 232960K, 100% used [0x00000000d5580000,0x00000000e3900000,0x00000000e3900000)
  from space 196608K, 78% used [0x00000000f4000000,0x00000000fd71efd8,0x0000000100000000)
  to   space 232960K, 0% used [0x00000000e3900000,0x00000000e3900000,0x00000000f1c80000)
 ParOldGen       total 865280K, used 696861K [0x0000000080000000, 0x00000000b4d00000, 0x00000000d5580000)
  object space 865280K, 80% used [0x0000000080000000,0x00000000aa8876d0,0x00000000b4d00000)
 Metaspace       used 6511K, capacity 7286K, committed 7552K, reserved 1056768K
  class space    used 612K, capacity 622K, committed 640K, reserved 1048576K
Event: 31,839 GC heap after
Heap after GC invocations=28 (full 5):
 PSYoungGen      total 465920K, used 134995K [0x00000000d5580000, 0x0000000100000000, 0x0000000100000000)
  eden space 232960K, 0% used [0x00000000d5580000,0x00000000d5580000,0x00000000e3900000)
  from space 232960K, 57% used [0x00000000e3900000,0x00000000ebcd4cd8,0x00000000f1c80000)
  to   space 232960K, 0% used [0x00000000f1c80000,0x00000000f1c80000,0x0000000100000000)
 ParOldGen       total 865280K, used 753573K [0x0000000080000000, 0x00000000b4d00000, 0x00000000d5580000)
  object space 865280K, 87% used [0x0000000080000000,0x00000000adfe9590,0x00000000b4d00000)
 Metaspace       used 6511K, capacity 7286K, committed 7552K, reserved 1056768K
  class space    used 612K, capacity 622K, committed 640K, reserved 1048576K
}
Event: 32,535 GC heap before
{Heap before GC invocations=29 (full 5):
 PSYoungGen      total 465920K, used 367955K [0x00000000d5580000, 0x0000000100000000, 0x0000000100000000)
  eden space 232960K, 100% used [0x00000000d5580000,0x00000000e3900000,0x00000000e3900000)
  from space 232960K, 57% used [0x00000000e3900000,0x00000000ebcd4cd8,0x00000000f1c80000)
  to   space 232960K, 0% used [0x00000000f1c80000,0x00000000f1c80000,0x0000000100000000)
 ParOldGen       total 865280K, used 753573K [0x0000000080000000, 0x00000000b4d00000, 0x00000000d5580000)
  object space 865280K, 87% used [0x0000000080000000,0x00000000adfe9590,0x00000000b4d00000)
 Metaspace       used 6604K, capacity 7352K, committed 7552K, reserved 1056768K
  class space    used 616K, capacity 624K, committed 640K, reserved 1048576K
Event: 32,836 GC heap after
Heap after GC invocations=29 (full 5):
 PSYoungGen      total 454656K, used 73414K [0x00000000d5580000, 0x00000000ff500000, 0x0000000100000000)
  eden space 232960K, 0% used [0x00000000d5580000,0x00000000d5580000,0x00000000e3900000)
  from space 221696K, 33% used [0x00000000f1c80000,0x00000000f6431958,0x00000000ff500000)
  to   space 227328K, 0% used [0x00000000e3900000,0x00000000e3900000,0x00000000f1700000)
 ParOldGen       total 865280K, used 849461K [0x0000000080000000, 0x00000000b4d00000, 0x00000000d5580000)
  object space 865280K, 98% used [0x0000000080000000,0x00000000b3d8d600,0x00000000b4d00000)
 Metaspace       used 6604K, capacity 7352K, committed 7552K, reserved 1056768K
  class space    used 616K, capacity 624K, committed 640K, reserved 1048576K
}
Event: 32,836 GC heap before
{Heap before GC invocations=30 (full 6):
 PSYoungGen      total 454656K, used 73414K [0x00000000d5580000, 0x00000000ff500000, 0x0000000100000000)
  eden space 232960K, 0% used [0x00000000d5580000,0x00000000d5580000,0x00000000e3900000)
  from space 221696K, 33% used [0x00000000f1c80000,0x00000000f6431958,0x00000000ff500000)
  to   space 227328K, 0% used [0x00000000e3900000,0x00000000e3900000,0x00000000f1700000)
 ParOldGen       total 865280K, used 849461K [0x0000000080000000, 0x00000000b4d00000, 0x00000000d5580000)
  object space 865280K, 98% used [0x0000000080000000,0x00000000b3d8d600,0x00000000b4d00000)
 Metaspace       used 6604K, capacity 7352K, committed 7552K, reserved 1056768K
  class space    used 616K, capacity 624K, committed 640K, reserved 1048576K

Deoptimization events (10 events):
Event: 31,863 Thread 0x00007fafcc1c0800 Uncommon trap: reason=class_check action=maybe_recompile pc=0x00007fafbd50497c method=java.util.Arrays.hashCode([Ljava/lang/Object;)I @ 43
Event: 31,863 Thread 0x00007fafcc1c0800 Uncommon trap: reason=class_check action=maybe_recompile pc=0x00007fafbd50497c method=java.util.Arrays.hashCode([Ljava/lang/Object;)I @ 43
Event: 31,864 Thread 0x00007fafcc1c0800 Uncommon trap: reason=class_check action=maybe_recompile pc=0x00007fafbd50497c method=java.util.Arrays.hashCode([Ljava/lang/Object;)I @ 43
Event: 31,864 Thread 0x00007fafcc1c0800 Uncommon trap: reason=class_check action=maybe_recompile pc=0x00007fafbd50497c method=java.util.Arrays.hashCode([Ljava/lang/Object;)I @ 43
Event: 31,864 Thread 0x00007fafcc1c0800 Uncommon trap: reason=class_check action=maybe_recompile pc=0x00007fafbd4121b4 method=java.util.Arrays.hashCode([Ljava/lang/Object;)I @ 43
Event: 32,064 Thread 0x00007fafcc1d4800 Uncommon trap: reason=class_check action=maybe_recompile pc=0x00007fafbdd3886c method=com.android.dx.ssa.DomFront.calcDomFronts()V @ 101
Event: 32,064 Thread 0x00007fafcc1d4800 Uncommon trap: reason=class_check action=maybe_recompile pc=0x00007fafbdd63d74 method=com.android.dx.ssa.DomFront.calcDomFronts()V @ 101
Event: 32,064 Thread 0x00007fafcc1d4800 Uncommon trap: reason=class_check action=maybe_recompile pc=0x00007fafbdd63d74 method=com.android.dx.ssa.DomFront.calcDomFronts()V @ 101
Event: 32,065 Thread 0x00007fafcc1d4800 Uncommon trap: reason=class_check action=maybe_recompile pc=0x00007fafbdd63d74 method=com.android.dx.ssa.DomFront.calcDomFronts()V @ 101
Event: 32,067 Thread 0x00007fafcc1d4800 Uncommon trap: reason=class_check action=maybe_recompile pc=0x00007fafbd8f71d4 method=com.android.dx.ssa.SsaConverter.placePhiFunctions(Lcom/android/dx/ssa/SsaMethod;Lcom/android/dx/ssa/LocalVariableInfo;I)V @ 257

Internal exceptions (9 events):
Event: 0,024 Thread 0x00007fafcc00a000 Exception <a 'java/lang/NoSuchMethodError': Method sun.misc.Unsafe.defineClass(Ljava/lang/String;[BII)Ljava/lang/Class; name or signature does not match> (0x00000000d5592b98) thrown at [/HUDSON/workspace/8-2-build-linux-amd64/jdk8u66/4988/hotspot/src/shar
Event: 0,024 Thread 0x00007fafcc00a000 Exception <a 'java/lang/NoSuchMethodError': Method sun.misc.Unsafe.prefetchRead(Ljava/lang/Object;J)V name or signature does not match> (0x00000000d5592e80) thrown at [/HUDSON/workspace/8-2-build-linux-amd64/jdk8u66/4988/hotspot/src/share/vm/prims/jni.cpp
Event: 0,840 Thread 0x00007fafcc1d8000 Implicit null exception at 0x00007fafbd2f6fb8 to 0x00007fafbd2f931d
Event: 1,287 Thread 0x00007fafcc1d8000 Exception <a 'java/lang/ArrayIndexOutOfBoundsException': 18> (0x00000000d7115c10) thrown at [/HUDSON/workspace/8-2-build-linux-amd64/jdk8u66/4988/hotspot/src/share/vm/interpreter/interpreterRuntime.cpp, line 366]
Event: 1,287 Thread 0x00007fafcc1d8000 Exception <a 'java/lang/ArrayIndexOutOfBoundsException': 145> (0x00000000d7117790) thrown at [/HUDSON/workspace/8-2-build-linux-amd64/jdk8u66/4988/hotspot/src/share/vm/interpreter/interpreterRuntime.cpp, line 366]
Event: 1,288 Thread 0x00007fafcc1d8000 Exception <a 'java/lang/ArrayIndexOutOfBoundsException': 40> (0x00000000d7118a78) thrown at [/HUDSON/workspace/8-2-build-linux-amd64/jdk8u66/4988/hotspot/src/share/vm/interpreter/interpreterRuntime.cpp, line 366]
Event: 10,662 Thread 0x00007fafcc00a000 Implicit null exception at 0x00007fafbdad069c to 0x00007fafbdad1a95
Event: 18,242 Thread 0x00007fafcc1dd800 Implicit null exception at 0x00007fafbd37995c to 0x00007fafbd379d21
Event: 18,242 Thread 0x00007fafcc1dd800 Implicit null exception at 0x00007fafbd36fdec to 0x00007fafbd370145

Events (10 events):
Event: 32,305 Thread 0x00007fafcc1c0800 DEOPT UNPACKING pc=0x00007fafbd047633 sp=0x00007fafaf2e5f10 mode 0
Event: 32,349 Thread 0x00007fafcc1c0800 DEOPT PACKING pc=0x00007fafbd23fb10 sp=0x00007fafaf2e5f90
Event: 32,349 Thread 0x00007fafcc1c0800 DEOPT UNPACKING pc=0x00007fafbd047633 sp=0x00007fafaf2e5ca0 mode 0
Event: 32,372 Thread 0x00007fafcc1c0800 DEOPT PACKING pc=0x00007fafbd37f904 sp=0x00007fafaf2e6190
Event: 32,372 Thread 0x00007fafcc1c0800 DEOPT UNPACKING pc=0x00007fafbd047633 sp=0x00007fafaf2e5f00 mode 0
Event: 32,427 Thread 0x00007fafcc1c0800 DEOPT PACKING pc=0x00007fafbd23fb10 sp=0x00007fafaf2e5fa0
Event: 32,427 Thread 0x00007fafcc1c0800 DEOPT UNPACKING pc=0x00007fafbd047633 sp=0x00007fafaf2e5cb0 mode 0
Event: 32,524 Thread 0x00007fafcc1c0800 DEOPT PACKING pc=0x00007fafbd23fb10 sp=0x00007fafaf2e5ea0
Event: 32,524 Thread 0x00007fafcc1c0800 DEOPT UNPACKING pc=0x00007fafbd047633 sp=0x00007fafaf2e5bb0 mode 0
Event: 32,533 Executing VM operation: ParallelGCFailedAllocation


Dynamic libraries:
00400000-00401000 r-xp 00000000 08:01 4591374                            /usr/lib/jvm/java-8-oracle/bin/java
00600000-00601000 rw-p 00000000 08:01 4591374                            /usr/lib/jvm/java-8-oracle/bin/java
01e05000-01e26000 rw-p 00000000 00:00 0                                  [heap]
80000000-b4d00000 rw-p 00000000 00:00 0 
c4700000-d5580000 ---p 00000000 00:00 0 
d5580000-ff500000 rw-p 00000000 00:00 0 
ff500000-100000000 ---p 00000000 00:00 0 
100000000-1000a0000 rw-p 00000000 00:00 0 
1000a0000-140000000 ---p 00000000 00:00 0 
7faf68000000-7faf68041000 rw-p 00000000 00:00 0 
7faf68041000-7faf6c000000 ---p 00000000 00:00 0 
7faf6c000000-7faf6c021000 rw-p 00000000 00:00 0 
7faf6c021000-7faf70000000 ---p 00000000 00:00 0 
7faf70000000-7faf70048000 rw-p 00000000 00:00 0 
7faf70048000-7faf74000000 ---p 00000000 00:00 0 
7faf74000000-7faf74037000 rw-p 00000000 00:00 0 
7faf74037000-7faf78000000 ---p 00000000 00:00 0 
7faf78000000-7faf78054000 rw-p 00000000 00:00 0 
7faf78054000-7faf7c000000 ---p 00000000 00:00 0 
7faf7c000000-7faf7c021000 rw-p 00000000 00:00 0 
7faf7c021000-7faf80000000 ---p 00000000 00:00 0 
7faf80000000-7faf80021000 rw-p 00000000 00:00 0 
7faf80021000-7faf84000000 ---p 00000000 00:00 0 
7faf84000000-7faf84021000 rw-p 00000000 00:00 0 
7faf84021000-7faf88000000 ---p 00000000 00:00 0 
7faf88000000-7faf89992000 rw-p 00000000 00:00 0 
7faf89992000-7faf8c000000 ---p 00000000 00:00 0 
7faf8c000000-7faf8cb03000 rw-p 00000000 00:00 0 
7faf8cb03000-7faf90000000 ---p 00000000 00:00 0 
7faf90000000-7faf90021000 rw-p 00000000 00:00 0 
7faf90021000-7faf94000000 ---p 00000000 00:00 0 
7faf94000000-7faf95aad000 rw-p 00000000 00:00 0 
7faf95aad000-7faf98000000 ---p 00000000 00:00 0 
7faf98000000-7faf98021000 rw-p 00000000 00:00 0 
7faf98021000-7faf9c000000 ---p 00000000 00:00 0 
7faf9c000000-7faf9c021000 rw-p 00000000 00:00 0 
7faf9c021000-7fafa0000000 ---p 00000000 00:00 0 
7fafa0000000-7fafa0021000 rw-p 00000000 00:00 0 
7fafa0021000-7fafa4000000 ---p 00000000 00:00 0 
7fafa4000000-7fafa4290000 rw-p 00000000 00:00 0 
7fafa4290000-7fafa8000000 ---p 00000000 00:00 0 
7fafa8000000-7fafa8021000 rw-p 00000000 00:00 0 
7fafa8021000-7fafac000000 ---p 00000000 00:00 0 
7fafaf1e7000-7fafaf1ea000 ---p 00000000 00:00 0 
7fafaf1ea000-7fafaf2e8000 rw-p 00000000 00:00 0                          [stack:11400]
7fafaf2e8000-7fafaf2eb000 ---p 00000000 00:00 0 
7fafaf2eb000-7fafaf3e9000 rw-p 00000000 00:00 0                          [stack:11381]
7fafaf3e9000-7fafaf3ec000 ---p 00000000 00:00 0 
7fafaf3ec000-7fafaf4ea000 rw-p 00000000 00:00 0                          [stack:11380]
7fafaf4ea000-7fafaf4ed000 ---p 00000000 00:00 0 
7fafaf4ed000-7fafaf5eb000 rw-p 00000000 00:00 0                          [stack:11379]
7fafaf5eb000-7fafaf5ee000 ---p 00000000 00:00 0 
7fafaf5ee000-7fafaf6ec000 rw-p 00000000 00:00 0                          [stack:11378]
7fafaf6ec000-7fafaf6ef000 ---p 00000000 00:00 0 
7fafaf6ef000-7fafaf7ed000 rw-p 00000000 00:00 0                          [stack:11377]
7fafaf7ed000-7fafb0000000 r--p 00000000 08:01 1579663                    /usr/lib/locale/locale-archive
7fafb0000000-7fafb0021000 rw-p 00000000 00:00 0 
7fafb0021000-7fafb4000000 ---p 00000000 00:00 0 
7fafb4000000-7fafb8000000 rw-p 00000000 00:00 0 
7fafb8000000-7fafb8021000 rw-p 00000000 00:00 0 
7fafb8021000-7fafbc000000 ---p 00000000 00:00 0 
7fafbc0cc000-7fafbc1f2000 r--s 00cb9000 08:01 10093249                   /home/tomasz/AndroidStudioProjects/Droppr/app/build/intermediates/transforms/jarMerging/debug/jars/1/1f/combined.jar
7fafbc1f2000-7fafbc1f3000 ---p 00000000 00:00 0 
7fafbc1f3000-7fafbc2f3000 rw-p 00000000 00:00 0                          [stack:11376]
7fafbc2f3000-7fafbc2f6000 ---p 00000000 00:00 0 
7fafbc2f6000-7fafbc3f4000 rw-p 00000000 00:00 0                          [stack:11375]
7fafbc3f4000-7fafbc3f7000 ---p 00000000 00:00 0 
7fafbc3f7000-7fafbc4f5000 rw-p 00000000 00:00 0                          [stack:11374]
7fafbc4f5000-7fafbc4f8000 ---p 00000000 00:00 0 
7fafbc4f8000-7fafbc5f6000 rw-p 00000000 00:00 0                          [stack:11373]
7fafbc5f6000-7fafbc5f9000 ---p 00000000 00:00 0 
7fafbc5f9000-7fafbc6f7000 rw-p 00000000 00:00 0                          [stack:11372]
7fafbc6f7000-7fafbc6fa000 ---p 00000000 00:00 0 
7fafbc6fa000-7fafbc7f8000 rw-p 00000000 00:00 0                          [stack:11371]
7fafbc7f8000-7fafbc7fb000 ---p 00000000 00:00 0 
7fafbc7fb000-7fafbc8f9000 rw-p 00000000 00:00 0                          [stack:11370]
7fafbc8f9000-7fafbc8fc000 ---p 00000000 00:00 0 
7fafbc8fc000-7fafbc9fa000 rw-p 00000000 00:00 0                          [stack:11369]
7fafbc9fa000-7fafbc9fb000 ---p 00000000 00:00 0 
7fafbc9fb000-7fafbd000000 rw-p 00000000 00:00 0                          [stack:11368]
7fafbd000000-7fafbde50000 rwxp 00000000 00:00 0 
7fafbde50000-7fafcc000000 ---p 00000000 00:00 0 
7fafcc000000-7fafcc3fe000 rw-p 00000000 00:00 0 
7fafcc3fe000-7fafd0000000 ---p 00000000 00:00 0 
7fafd00c1000-7fafd00e6000 r--p 00000000 08:01 2361987                    /usr/share/locale-langpack/pl/LC_MESSAGES/libc.mo
7fafd00e6000-7fafd0bc3000 rw-p 00000000 00:00 0 
7fafd0bc3000-7fafd0d9c000 r--s 03d20000 08:01 4069182                    /usr/lib/jvm/java-8-oracle/jre/lib/rt.jar
7fafd0d9c000-7fafd14d2000 rw-p 00000000 00:00 0 
7fafd14d2000-7fafd1612000 ---p 00000000 00:00 0 
7fafd1612000-7fafd1a12000 rw-p 00000000 00:00 0 
7fafd1a12000-7fafd1a13000 ---p 00000000 00:00 0 
7fafd1a13000-7fafd1b13000 rw-p 00000000 00:00 0                          [stack:11367]
7fafd1b13000-7fafd1b14000 ---p 00000000 00:00 0 
7fafd1b14000-7fafd1c14000 rw-p 00000000 00:00 0                          [stack:11366]
7fafd1c14000-7fafd1c15000 ---p 00000000 00:00 0 
7fafd1c15000-7fafd1d15000 rw-p 00000000 00:00 0                          [stack:11365]
7fafd1d15000-7fafd1d16000 ---p 00000000 00:00 0 
7fafd1d16000-7fafd1fbd000 rw-p 00000000 00:00 0                          [stack:11364]
7fafd1fbd000-7fafd20c1000 ---p 00000000 00:00 0 
7fafd20c1000-7fafd2268000 rw-p 00000000 00:00 0 
7fafd2268000-7fafd236b000 ---p 00000000 00:00 0 
7fafd236b000-7fafd24bc000 rw-p 00000000 00:00 0 
7fafd24bc000-7fafd24c1000 ---p 00000000 00:00 0 
7fafd24c1000-7fafd24fc000 rw-p 00000000 00:00 0 
7fafd24fc000-7fafd2882000 ---p 00000000 00:00 0 
7fafd2882000-7fafd289c000 r-xp 00000000 08:01 4069168                    /usr/lib/jvm/java-8-oracle/jre/lib/amd64/libzip.so
7fafd289c000-7fafd2a9c000 ---p 0001a000 08:01 4069168                    /usr/lib/jvm/java-8-oracle/jre/lib/amd64/libzip.so
7fafd2a9c000-7fafd2a9d000 rw-p 0001a000 08:01 4069168                    /usr/lib/jvm/java-8-oracle/jre/lib/amd64/libzip.so
7fafd2a9d000-7fafd2aa8000 r-xp 00000000 08:01 5771445                    /lib/x86_64-linux-gnu/libnss_files-2.19.so
7fafd2aa8000-7fafd2ca7000 ---p 0000b000 08:01 5771445                    /lib/x86_64-linux-gnu/libnss_files-2.19.so
7fafd2ca7000-7fafd2ca8000 r--p 0000a000 08:01 5771445                    /lib/x86_64-linux-gnu/libnss_files-2.19.so
7fafd2ca8000-7fafd2ca9000 rw-p 0000b000 08:01 5771445                    /lib/x86_64-linux-gnu/libnss_files-2.19.so
7fafd2ca9000-7fafd2cb4000 r-xp 00000000 08:01 5771455                    /lib/x86_64-linux-gnu/libnss_nis-2.19.so
7fafd2cb4000-7fafd2eb3000 ---p 0000b000 08:01 5771455                    /lib/x86_64-linux-gnu/libnss_nis-2.19.so
7fafd2eb3000-7fafd2eb4000 r--p 0000a000 08:01 5771455                    /lib/x86_64-linux-gnu/libnss_nis-2.19.so
7fafd2eb4000-7fafd2eb5000 rw-p 0000b000 08:01 5771455                    /lib/x86_64-linux-gnu/libnss_nis-2.19.so
7fafd2eb5000-7fafd2ecc000 r-xp 00000000 08:01 5771439                    /lib/x86_64-linux-gnu/libnsl-2.19.so
7fafd2ecc000-7fafd30cb000 ---p 00017000 08:01 5771439                    /lib/x86_64-linux-gnu/libnsl-2.19.so
7fafd30cb000-7fafd30cc000 r--p 00016000 08:01 5771439                    /lib/x86_64-linux-gnu/libnsl-2.19.so
7fafd30cc000-7fafd30cd000 rw-p 00017000 08:01 5771439                    /lib/x86_64-linux-gnu/libnsl-2.19.so
7fafd30cd000-7fafd30cf000 rw-p 00000000 00:00 0 
7fafd30cf000-7fafd30d8000 r-xp 00000000 08:01 5771441                    /lib/x86_64-linux-gnu/libnss_compat-2.19.so
7fafd30d8000-7fafd32d7000 ---p 00009000 08:01 5771441                    /lib/x86_64-linux-gnu/libnss_compat-2.19.so
7fafd32d7000-7fafd32d8000 r--p 00008000 08:01 5771441                    /lib/x86_64-linux-gnu/libnss_compat-2.19.so
7fafd32d8000-7fafd32d9000 rw-p 00009000 08:01 5771441                    /lib/x86_64-linux-gnu/libnss_compat-2.19.so
7fafd32d9000-7fafd3303000 r-xp 00000000 08:01 4069157                    /usr/lib/jvm/java-8-oracle/jre/lib/amd64/libjava.so
7fafd3303000-7fafd3503000 ---p 0002a000 08:01 4069157                    /usr/lib/jvm/java-8-oracle/jre/lib/amd64/libjava.so
7fafd3503000-7fafd3505000 rw-p 0002a000 08:01 4069157                    /usr/lib/jvm/java-8-oracle/jre/lib/amd64/libjava.so
7fafd3505000-7fafd3512000 r-xp 00000000 08:01 4069118                    /usr/lib/jvm/java-8-oracle/jre/lib/amd64/libverify.so
7fafd3512000-7fafd3712000 ---p 0000d000 08:01 4069118                    /usr/lib/jvm/java-8-oracle/jre/lib/amd64/libverify.so
7fafd3712000-7fafd3714000 rw-p 0000d000 08:01 4069118                    /usr/lib/jvm/java-8-oracle/jre/lib/amd64/libverify.so
7fafd3714000-7fafd371b000 r-xp 00000000 08:01 5771498                    /lib/x86_64-linux-gnu/librt-2.19.so
7fafd371b000-7fafd391a000 ---p 00007000 08:01 5771498                    /lib/x86_64-linux-gnu/librt-2.19.so
7fafd391a000-7fafd391b000 r--p 00006000 08:01 5771498                    /lib/x86_64-linux-gnu/librt-2.19.so
7fafd391b000-7fafd391c000 rw-p 00007000 08:01 5771498                    /lib/x86_64-linux-gnu/librt-2.19.so
7fafd391c000-7fafd3a21000 r-xp 00000000 08:01 5771420                    /lib/x86_64-linux-gnu/libm-2.19.so
7fafd3a21000-7fafd3c20000 ---p 00105000 08:01 5771420                    /lib/x86_64-linux-gnu/libm-2.19.so
7fafd3c20000-7fafd3c21000 r--p 00104000 08:01 5771420                    /lib/x86_64-linux-gnu/libm-2.19.so
7fafd3c21000-7fafd3c22000 rw-p 00105000 08:01 5771420                    /lib/x86_64-linux-gnu/libm-2.19.so
7fafd3c22000-7fafd48e0000 r-xp 00000000 08:01 4069167                    /usr/lib/jvm/java-8-oracle/jre/lib/amd64/server/libjvm.so
7fafd48e0000-7fafd4adf000 ---p 00cbe000 08:01 4069167                    /usr/lib/jvm/java-8-oracle/jre/lib/amd64/server/libjvm.so
7fafd4adf000-7fafd4bb8000 rw-p 00cbd000 08:01 4069167                    /usr/lib/jvm/java-8-oracle/jre/lib/amd64/server/libjvm.so
7fafd4bb8000-7fafd4bfc000 rw-p 00000000 00:00 0 
7fafd4bfc000-7fafd4db7000 r-xp 00000000 08:01 5771370                    /lib/x86_64-linux-gnu/libc-2.19.so
7fafd4db7000-7fafd4fb6000 ---p 001bb000 08:01 5771370                    /lib/x86_64-linux-gnu/libc-2.19.so
7fafd4fb6000-7fafd4fba000 r--p 001ba000 08:01 5771370                    /lib/x86_64-linux-gnu/libc-2.19.so
7fafd4fba000-7fafd4fbc000 rw-p 001be000 08:01 5771370                    /lib/x86_64-linux-gnu/libc-2.19.so
7fafd4fbc000-7fafd4fc1000 rw-p 00000000 00:00 0 
7fafd4fc1000-7fafd4fc4000 r-xp 00000000 08:01 5771387                    /lib/x86_64-linux-gnu/libdl-2.19.so
7fafd4fc4000-7fafd51c3000 ---p 00003000 08:01 5771387                    /lib/x86_64-linux-gnu/libdl-2.19.so
7fafd51c3000-7fafd51c4000 r--p 00002000 08:01 5771387                    /lib/x86_64-linux-gnu/libdl-2.19.so
7fafd51c4000-7fafd51c5000 rw-p 00003000 08:01 5771387                    /lib/x86_64-linux-gnu/libdl-2.19.so
7fafd51c5000-7fafd51da000 r-xp 00000000 08:01 4727160                    /usr/lib/jvm/java-8-oracle/lib/amd64/jli/libjli.so
7fafd51da000-7fafd53da000 ---p 00015000 08:01 4727160                    /usr/lib/jvm/java-8-oracle/lib/amd64/jli/libjli.so
7fafd53da000-7fafd53db000 rw-p 00015000 08:01 4727160                    /usr/lib/jvm/java-8-oracle/lib/amd64/jli/libjli.so
7fafd53db000-7fafd53f4000 r-xp 00000000 08:01 5771490                    /lib/x86_64-linux-gnu/libpthread-2.19.so
7fafd53f4000-7fafd55f3000 ---p 00019000 08:01 5771490                    /lib/x86_64-linux-gnu/libpthread-2.19.so
7fafd55f3000-7fafd55f4000 r--p 00018000 08:01 5771490                    /lib/x86_64-linux-gnu/libpthread-2.19.so
7fafd55f4000-7fafd55f5000 rw-p 00019000 08:01 5771490                    /lib/x86_64-linux-gnu/libpthread-2.19.so
7fafd55f5000-7fafd55f9000 rw-p 00000000 00:00 0 
7fafd55f9000-7fafd561c000 r-xp 00000000 08:01 5771346                    /lib/x86_64-linux-gnu/ld-2.19.so
7fafd5624000-7fafd562b000 r--s 00000000 08:01 1967077                    /usr/lib/x86_64-linux-gnu/gconv/gconv-modules.cache
7fafd562b000-7fafd56f7000 rw-p 00000000 00:00 0 
7fafd56f7000-7fafd56fa000 ---p 00000000 00:00 0 
7fafd56fa000-7fafd57fc000 rw-p 00000000 00:00 0                          [stack:11362]
7fafd57ff000-7fafd5800000 rw-p 00000000 00:00 0 
7fafd5800000-7fafd580f000 r--s 000df000 08:01 656243                     /home/tomasz/Android/Sdk/build-tools/23.0.1/lib/dx.jar
7fafd580f000-7fafd5817000 rw-s 00000000 08:01 6034017                    /tmp/hsperfdata_tomasz/11358
7fafd5817000-7fafd5818000 rw-p 00000000 00:00 0 
7fafd5818000-7fafd5819000 ---p 00000000 00:00 0 
7fafd5819000-7fafd581b000 rw-p 00000000 00:00 0 
7fafd581b000-7fafd581c000 r--p 00022000 08:01 5771346                    /lib/x86_64-linux-gnu/ld-2.19.so
7fafd581c000-7fafd581d000 rw-p 00023000 08:01 5771346                    /lib/x86_64-linux-gnu/ld-2.19.so
7fafd581d000-7fafd581e000 rw-p 00000000 00:00 0 
7fffba4ea000-7fffba50b000 rw-p 00000000 00:00 0                          [stack]
7fffba5fa000-7fffba5fc000 r--p 00000000 00:00 0                          [vvar]
7fffba5fc000-7fffba5fe000 r-xp 00000000 00:00 0                          [vdso]
ffffffffff600000-ffffffffff601000 r-xp 00000000 00:00 0                  [vsyscall]

VM Arguments:
jvm_args: -Djava.awt.headless=true -Xmx2g -Dfile.encoding=UTF-8 -Duser.country=PL -Duser.language=pl -Duser.variant 
java_command: com.android.dx.command.Main --dex --num-threads=4 --multi-dex --main-dex-list /home/tomasz/AndroidStudioProjects/Droppr/app/build/intermediates/multi-dex/debug/maindexlist.txt --output /home/tomasz/AndroidStudioProjects/Droppr/app/build/intermediates/transforms/dex/debug/folders/1000/1f/main /home/tomasz/AndroidStudioProjects/Droppr/app/build/intermediates/transforms/jarMerging/debug/jars/1/1f/combined.jar
java_class_path (initial): /home/tomasz/Android/Sdk/build-tools/23.0.1/lib/dx.jar
Launcher Type: SUN_STANDARD

Environment Variables:
PATH=/usr/local/sbin:/usr/local/bin:/usr/sbin:/usr/bin:/sbin:/bin:/usr/games:/usr/local/games
LD_LIBRARY_PATH=/opt/android-studio/bin:
SHELL=/bin/bash
DISPLAY=:0

Signal Handlers:
SIGSEGV: [libjvm.so+0xaba2a0], sa_mask[0]=11111111011111111101111111111110, sa_flags=SA_RESTART|SA_SIGINFO
SIGBUS: [libjvm.so+0xaba2a0], sa_mask[0]=11111111011111111101111111111110, sa_flags=SA_RESTART|SA_SIGINFO
SIGFPE: [libjvm.so+0x917710], sa_mask[0]=11111111011111111101111111111110, sa_flags=SA_RESTART|SA_SIGINFO
SIGPIPE: [libjvm.so+0x917710], sa_mask[0]=11111111011111111101111111111110, sa_flags=SA_RESTART|SA_SIGINFO
SIGXFSZ: [libjvm.so+0x917710], sa_mask[0]=11111111011111111101111111111110, sa_flags=SA_RESTART|SA_SIGINFO
SIGILL: [libjvm.so+0x917710], sa_mask[0]=11111111011111111101111111111110, sa_flags=SA_RESTART|SA_SIGINFO
SIGUSR1: SIG_DFL, sa_mask[0]=00000000000000000000000000000000, sa_flags=none
SIGUSR2: [libjvm.so+0x918d40], sa_mask[0]=00100000000000000000000000000000, sa_flags=SA_RESTART|SA_SIGINFO
SIGHUP: [libjvm.so+0x91a140], sa_mask[0]=11111111011111111101111111111110, sa_flags=SA_RESTART|SA_SIGINFO
SIGINT: [libjvm.so+0x91a140], sa_mask[0]=11111111011111111101111111111110, sa_flags=SA_RESTART|SA_SIGINFO
SIGTERM: [libjvm.so+0x91a140], sa_mask[0]=11111111011111111101111111111110, sa_flags=SA_RESTART|SA_SIGINFO
SIGQUIT: [libjvm.so+0x91a140], sa_mask[0]=11111111011111111101111111111110, sa_flags=SA_RESTART|SA_SIGINFO


---------------  S Y S T E M  ---------------

OS:DISTRIB_ID=Ubuntu
DISTRIB_RELEASE=14.04
DISTRIB_CODENAME=trusty
DISTRIB_DESCRIPTION="Ubuntu 14.04.3 LTS"

uname:Linux 3.19.0-33-generic #38~14.04.1-Ubuntu SMP Fri Nov 6 18:17:28 UTC 2015 x86_64
libc:glibc 2.19 NPTL 2.19 
rlimit: STACK 8192k, CORE 0k, NPROC 23202, NOFILE 4096, AS infinity
load average:3,82 1,93 1,51

/proc/meminfo:
MemTotal:        5961336 kB
MemFree:          120316 kB
MemAvailable:     126884 kB
Buffers:            4084 kB
Cached:           457144 kB
SwapCached:            0 kB
Active:          5279164 kB
Inactive:         365384 kB
Active(anon):    5212044 kB
Inactive(anon):   301352 kB
Active(file):      67120 kB
Inactive(file):    64032 kB
Unevictable:         328 kB
Mlocked:             328 kB
SwapTotal:             0 kB
SwapFree:              0 kB
Dirty:              2692 kB
Writeback:             0 kB
AnonPages:       5183588 kB
Mapped:           199712 kB
Shmem:            330180 kB
Slab:              87348 kB
SReclaimable:      50908 kB
SUnreclaim:        36440 kB
KernelStack:       11120 kB
PageTables:        50248 kB
NFS_Unstable:          0 kB
Bounce:                0 kB
WritebackTmp:          0 kB
CommitLimit:     2980668 kB
Committed_AS:   10104468 kB
VmallocTotal:   34359738367 kB
VmallocUsed:      551968 kB
VmallocChunk:   34359162332 kB
HardwareCorrupted:     0 kB
AnonHugePages:   2777088 kB
CmaTotal:              0 kB
CmaFree:               0 kB
HugePages_Total:       0
HugePages_Free:        0
HugePages_Rsvd:        0
HugePages_Surp:        0
Hugepagesize:       2048 kB
DirectMap4k:      151808 kB
DirectMap2M:     5988352 kB


CPU:total 4 (2 cores per cpu, 2 threads per core) family 6 model 42 stepping 7, cmov, cx8, fxsr, mmx, sse, sse2, sse3, ssse3, sse4.1, sse4.2, popcnt, avx, aes, clmul, ht, tsc, tscinvbit

/proc/cpuinfo:
processor	: 0
vendor_id	: GenuineIntel
cpu family	: 6
model		: 42
model name	: Intel(R) Core(TM) i5-2450M CPU @ 2.50GHz
stepping	: 7
microcode	: 0x25
cpu MHz		: 2899.902
cache size	: 3072 KB
physical id	: 0
siblings	: 4
core id		: 0
cpu cores	: 2
apicid		: 0
initial apicid	: 0
fpu		: yes
fpu_exception	: yes
cpuid level	: 13
wp		: yes
flags		: fpu vme de pse tsc msr pae mce cx8 apic sep mtrr pge mca cmov pat pse36 clflush dts acpi mmx fxsr sse sse2 ss ht tm pbe syscall nx rdtscp lm constant_tsc arch_perfmon pebs bts rep_good nopl xtopology nonstop_tsc aperfmperf eagerfpu pni pclmulqdq dtes64 monitor ds_cpl vmx est tm2 ssse3 cx16 xtpr pdcm pcid sse4_1 sse4_2 x2apic popcnt tsc_deadline_timer aes xsave avx lahf_lm ida arat epb pln pts dtherm tpr_shadow vnmi flexpriority ept vpid xsaveopt
bugs		:
bogomips	: 4988.59
clflush size	: 64
cache_alignment	: 64
address sizes	: 36 bits physical, 48 bits virtual
power management:

processor	: 1
vendor_id	: GenuineIntel
cpu family	: 6
model		: 42
model name	: Intel(R) Core(TM) i5-2450M CPU @ 2.50GHz
stepping	: 7
microcode	: 0x25
cpu MHz		: 2900.000
cache size	: 3072 KB
physical id	: 0
siblings	: 4
core id		: 0
cpu cores	: 2
apicid		: 1
initial apicid	: 1
fpu		: yes
fpu_exception	: yes
cpuid level	: 13
wp		: yes
flags		: fpu vme de pse tsc msr pae mce cx8 apic sep mtrr pge mca cmov pat pse36 clflush dts acpi mmx fxsr sse sse2 ss ht tm pbe syscall nx rdtscp lm constant_tsc arch_perfmon pebs bts rep_good nopl xtopology nonstop_tsc aperfmperf eagerfpu pni pclmulqdq dtes64 monitor ds_cpl vmx est tm2 ssse3 cx16 xtpr pdcm pcid sse4_1 sse4_2 x2apic popcnt tsc_deadline_timer aes xsave avx lahf_lm ida arat epb pln pts dtherm tpr_shadow vnmi flexpriority ept vpid xsaveopt
bugs		:
bogomips	: 4988.59
clflush size	: 64
cache_alignment	: 64
address sizes	: 36 bits physical, 48 bits virtual
power management:

processor	: 2
vendor_id	: GenuineIntel
cpu family	: 6
model		: 42
model name	: Intel(R) Core(TM) i5-2450M CPU @ 2.50GHz
stepping	: 7
microcode	: 0x25
cpu MHz		: 2904.980
cache size	: 3072 KB
physical id	: 0
siblings	: 4
core id		: 1
cpu cores	: 2
apicid		: 2
initial apicid	: 2
fpu		: yes
fpu_exception	: yes
cpuid level	: 13
wp		: yes
flags		: fpu vme de pse tsc msr pae mce cx8 apic sep mtrr pge mca cmov pat pse36 clflush dts acpi mmx fxsr sse sse2 ss ht tm pbe syscall nx rdtscp lm constant_tsc arch_perfmon pebs bts rep_good nopl xtopology nonstop_tsc aperfmperf eagerfpu pni pclmulqdq dtes64 monitor ds_cpl vmx est tm2 ssse3 cx16 xtpr pdcm pcid sse4_1 sse4_2 x2apic popcnt tsc_deadline_timer aes xsave avx lahf_lm ida arat epb pln pts dtherm tpr_shadow vnmi flexpriority ept vpid xsaveopt
bugs		:
bogomips	: 4988.59
clflush size	: 64
cache_alignment	: 64
address sizes	: 36 bits physical, 48 bits virtual
power management:

processor	: 3
vendor_id	: GenuineIntel
cpu family	: 6
model		: 42
model name	: Intel(R) Core(TM) i5-2450M CPU @ 2.50GHz
stepping	: 7
microcode	: 0x25
cpu MHz		: 2909.277
cache size	: 3072 KB
physical id	: 0
siblings	: 4
core id		: 1
cpu cores	: 2
apicid		: 3
initial apicid	: 3
fpu		: yes
fpu_exception	: yes
cpuid level	: 13
wp		: yes
flags		: fpu vme de pse tsc msr pae mce cx8 apic sep mtrr pge mca cmov pat pse36 clflush dts acpi mmx fxsr sse sse2 ss ht tm pbe syscall nx rdtscp lm constant_tsc arch_perfmon pebs bts rep_good nopl xtopology nonstop_tsc aperfmperf eagerfpu pni pclmulqdq dtes64 monitor ds_cpl vmx est tm2 ssse3 cx16 xtpr pdcm pcid sse4_1 sse4_2 x2apic popcnt tsc_deadline_timer aes xsave avx lahf_lm ida arat epb pln pts dtherm tpr_shadow vnmi flexpriority ept vpid xsaveopt
bugs		:
bogomips	: 4988.59
clflush size	: 64
cache_alignment	: 64
address sizes	: 36 bits physical, 48 bits virtual
power management:



Memory: 4k page, physical 5961336k(120316k free), swap 0k(0k free)

vm_info: Java HotSpot(TM) 64-Bit Server VM (25.66-b17) for linux-amd64 JRE (1.8.0_66-b17), built on Oct  6 2015 17:28:34 by "java_re" with gcc 4.3.0 20080428 (Red Hat 4.3.0-8)

time: Fri Nov 20 21:32:35 2015
elapsed time: 35 seconds (0d 0h 0m 35s)

