#
# There is insufficient memory for the Java Runtime Environment to continue.
# Native memory allocation (mmap) failed to map 258998272 bytes for committing reserved memory.
# Possible reasons:
#   The system is out of physical RAM or swap space
#   In 32 bit mode, the process size limit was hit
# Possible solutions:
#   Reduce memory load on the system
#   Increase physical memory or swap space
#   Check if swap backing store is full
#   Use 64 bit Java on a 64 bit OS
#   Decrease Java heap size (-Xmx/-Xms)
#   Decrease number of Java threads
#   Decrease Java thread stack sizes (-Xss)
#   Set larger code cache with -XX:ReservedCodeCacheSize=
# This output file may be truncated or incomplete.
#
#  Out of Memory Error (os_linux.cpp:2627), pid=19622, tid=140225083209472
#
# JRE version: Java(TM) SE Runtime Environment (8.0_66-b17) (build 1.8.0_66-b17)
# Java VM: Java HotSpot(TM) 64-Bit Server VM (25.66-b17 mixed mode linux-amd64 compressed oops)
# Failed to write core dump. Core dumps have been disabled. To enable core dumping, try "ulimit -c unlimited" before starting Java again
#

---------------  T H R E A D  ---------------

Current thread (0x00007f88d8078000):  VMThread [stack: 0x00007f88b235f000,0x00007f88b2460000] [id=19632]

Stack: [0x00007f88b235f000,0x00007f88b2460000],  sp=0x00007f88b245e260,  free space=1020k
Native frames: (J=compiled Java code, j=interpreted, Vv=VM code, C=native code)
V  [libjvm.so+0xab9a1a]  VMError::report_and_die()+0x2ba
V  [libjvm.so+0x4f9e0b]  report_vm_out_of_memory(char const*, int, unsigned long, VMErrorType, char const*)+0x8b
V  [libjvm.so+0x91a8a3]  os::Linux::commit_memory_impl(char*, unsigned long, bool)+0x103
V  [libjvm.so+0x91adf9]  os::pd_commit_memory(char*, unsigned long, unsigned long, bool)+0x29
V  [libjvm.so+0x91510a]  os::commit_memory(char*, unsigned long, unsigned long, bool)+0x2a
V  [libjvm.so+0x9887a3]  PSVirtualSpace::expand_by(unsigned long)+0x53
V  [libjvm.so+0x979090]  PSOldGen::expand(unsigned long)+0x170
V  [libjvm.so+0x97929b]  PSOldGen::resize(unsigned long)+0x1cb
V  [libjvm.so+0x980f71]  PSParallelCompact::invoke_no_policy(bool)+0x991
V  [libjvm.so+0x9868cd]  PSScavenge::invoke()+0x1ad
V  [libjvm.so+0x93e500]  ParallelScavengeHeap::failed_mem_allocate(unsigned long)+0x70
V  [libjvm.so+0xabb437]  VM_ParallelGCFailedAllocation::doit()+0x97
V  [libjvm.so+0xac2e65]  VM_Operation::evaluate()+0x55
V  [libjvm.so+0xac123a]  VMThread::evaluate_operation(VM_Operation*)+0xba
V  [libjvm.so+0xac15be]  VMThread::loop()+0x1ce
V  [libjvm.so+0xac1a30]  VMThread::run()+0x70
V  [libjvm.so+0x91cc68]  java_start(Thread*)+0x108

VM_Operation (0x00007f88b10191f0): ParallelGCFailedAllocation, mode: safepoint, requested by thread 0x00007f88d81f7800


---------------  P R O C E S S  ---------------

Java Threads: ( => current thread )
  0x00007f88d81c7000 JavaThread "pool-1-thread-1" [_thread_blocked, id=19653, stack(0x00007f88b0c17000,0x00007f88b0d18000)]
  0x00007f88d8205800 JavaThread "pool-2-thread-4" [_thread_blocked, id=19645, stack(0x00007f88b0d18000,0x00007f88b0e19000)]
  0x00007f88d81f9800 JavaThread "pool-2-thread-3" [_thread_blocked, id=19644, stack(0x00007f88b0e19000,0x00007f88b0f1a000)]
  0x00007f88d81f7800 JavaThread "pool-2-thread-2" [_thread_blocked, id=19643, stack(0x00007f88b0f1a000,0x00007f88b101b000)]
  0x00007f88d81f6800 JavaThread "pool-3-thread-1" [_thread_blocked, id=19642, stack(0x00007f88b101b000,0x00007f88b111c000)]
  0x00007f88d81f4000 JavaThread "pool-2-thread-1" [_thread_blocked, id=19641, stack(0x00007f88b111c000,0x00007f88b121d000)]
  0x00007f88d80c8800 JavaThread "Service Thread" daemon [_thread_blocked, id=19639, stack(0x00007f88b1445000,0x00007f88b1546000)]
  0x00007f88d80bb000 JavaThread "C1 CompilerThread2" daemon [_thread_blocked, id=19638, stack(0x00007f88b1546000,0x00007f88b1647000)]
  0x00007f88d80b9800 JavaThread "C2 CompilerThread1" daemon [_thread_blocked, id=19637, stack(0x00007f88b1647000,0x00007f88b1748000)]
  0x00007f88d80b6800 JavaThread "C2 CompilerThread0" daemon [_thread_blocked, id=19636, stack(0x00007f88b1748000,0x00007f88b1849000)]
  0x00007f88d80b5000 JavaThread "Signal Dispatcher" daemon [_thread_blocked, id=19635, stack(0x00007f88b1849000,0x00007f88b194a000)]
  0x00007f88d807f000 JavaThread "Finalizer" daemon [_thread_blocked, id=19634, stack(0x00007f88b215d000,0x00007f88b225e000)]
  0x00007f88d807d000 JavaThread "Reference Handler" daemon [_thread_blocked, id=19633, stack(0x00007f88b225e000,0x00007f88b235f000)]
  0x00007f88d800a000 JavaThread "main" [_thread_blocked, id=19627, stack(0x00007f88def95000,0x00007f88df096000)]

Other Threads:
=>0x00007f88d8078000 VMThread [stack: 0x00007f88b235f000,0x00007f88b2460000] [id=19632]
  0x00007f88d80cb000 WatcherThread [stack: 0x00007f88b1344000,0x00007f88b1445000] [id=19640]

VM state:at safepoint (normal execution)

VM Mutex/Monitor currently owned by a thread:  ([mutex/lock_event])
[0x00007f88d8005ed0] ExpandHeap_lock - owner thread: 0x00007f88d8078000
[0x00007f88d8006550] Threads_lock - owner thread: 0x00007f88d8078000
[0x00007f88d8006a50] Heap_lock - owner thread: 0x00007f88d81f7800

Heap:
 PSYoungGen      total 465920K, used 0K [0x00000000d5580000, 0x0000000100000000, 0x0000000100000000)
  eden space 232960K, 0% used [0x00000000d5580000,0x00000000d5580000,0x00000000e3900000)
  from space 232960K, 0% used [0x00000000e3900000,0x00000000e3900000,0x00000000f1c80000)
  to   space 232960K, 0% used [0x00000000f1c80000,0x00000000f1c80000,0x0000000100000000)
 ParOldGen       total 977408K, used 882758K [0x0000000080000000, 0x00000000bba80000, 0x00000000d5580000)
  object space 977408K, 90% used [0x0000000080000000,0x00000000b5e11bf0,0x00000000bba80000)
 Metaspace       used 6606K, capacity 7352K, committed 7552K, reserved 1056768K
  class space    used 616K, capacity 624K, committed 640K, reserved 1048576K

Card table byte_map: [0x00007f88c883f000,0x00007f88c8c40000] byte_map_base: 0x00007f88c843f000

Marking Bits: (ParMarkBitMap*) 0x00007f88de46f020
 Begin Bits: [0x00007f88c0000000, 0x00007f88c2000000)
 End Bits:   [0x00007f88c2000000, 0x00007f88c4000000)

Polling page: 0x00007f88df0b6000

CodeCache: size=245760Kb used=13332Kb max_used=14406Kb free=232427Kb
 bounds [0x00007f88c9000000, 0x00007f88c9e60000, 0x00007f88d8000000]
 total_blobs=3037 nmethods=2768 adapters=182
 compilation: enabled

Compilation events (10 events):
Event: 33,761 Thread 0x00007f88d80b9800 nmethod 3593 0x00007f88c9334ad0 code [0x00007f88c9334c80, 0x00007f88c9335268]
Event: 33,761 Thread 0x00007f88d80b9800 3595  s    4       com.android.dx.dex.file.ProtoIdsSection::intern (55 bytes)
Event: 33,834 Thread 0x00007f88d80bb000 3604 %     3       com.android.dx.dex.file.UniformItemSection::prepare0 @ 19 (47 bytes)
Event: 33,835 Thread 0x00007f88d80bb000 nmethod 3604% 0x00007f88c9332750 code [0x00007f88c9332940, 0x00007f88c9333178]
Event: 33,838 Thread 0x00007f88d80bb000 3605       3       com.android.dx.dex.file.UniformItemSection::prepare0 (47 bytes)
Event: 33,838 Thread 0x00007f88d80bb000 nmethod 3605 0x00007f88c9331ad0 code [0x00007f88c9331ca0, 0x00007f88c9332498]
Event: 33,878 Thread 0x00007f88d80bb000 3606       3       com.android.dx.dex.file.FieldIdItem::addContents (23 bytes)
Event: 33,879 Thread 0x00007f88d80bb000 nmethod 3606 0x00007f88c9336050 code [0x00007f88c9336260, 0x00007f88c9337148]
Event: 33,879 Thread 0x00007f88d80bb000 3607       3       com.android.dx.dex.file.FieldIdItem::getFieldRef (8 bytes)
Event: 33,879 Thread 0x00007f88d80bb000 nmethod 3607 0x00007f88c9335b90 code [0x00007f88c9335d00, 0x00007f88c9335fd0]

GC Heap History (10 events):
Event: 30,727 GC heap after
Heap after GC invocations=28 (full 5):
 PSYoungGen      total 442880K, used 178076K [0x00000000d5580000, 0x0000000100000000, 0x0000000100000000)
  eden space 264704K, 0% used [0x00000000d5580000,0x00000000d5580000,0x00000000e5800000)
  from space 178176K, 99% used [0x00000000e5800000,0x00000000f05e7168,0x00000000f0600000)
  to   space 231424K, 0% used [0x00000000f1e00000,0x00000000f1e00000,0x0000000100000000)
 ParOldGen       total 977408K, used 680942K [0x0000000080000000, 0x00000000bba80000, 0x00000000d5580000)
  object space 977408K, 69% used [0x0000000080000000,0x00000000a98fb898,0x00000000bba80000)
 Metaspace       used 6466K, capacity 7282K, committed 7552K, reserved 1056768K
  class space    used 608K, capacity 618K, committed 640K, reserved 1048576K
}
Event: 31,355 GC heap before
{Heap before GC invocations=29 (full 5):
 PSYoungGen      total 442880K, used 442780K [0x00000000d5580000, 0x0000000100000000, 0x0000000100000000)
  eden space 264704K, 100% used [0x00000000d5580000,0x00000000e5800000,0x00000000e5800000)
  from space 178176K, 99% used [0x00000000e5800000,0x00000000f05e7168,0x00000000f0600000)
  to   space 231424K, 0% used [0x00000000f1e00000,0x00000000f1e00000,0x0000000100000000)
 ParOldGen       total 977408K, used 680942K [0x0000000080000000, 0x00000000bba80000, 0x00000000d5580000)
  object space 977408K, 69% used [0x0000000080000000,0x00000000a98fb898,0x00000000bba80000)
 Metaspace       used 6555K, capacity 7350K, committed 7552K, reserved 1056768K
  class space    used 613K, capacity 622K, committed 640K, reserved 1048576K
Event: 31,575 GC heap after
Heap after GC invocations=29 (full 5):
 PSYoungGen      total 464384K, used 220711K [0x00000000d5580000, 0x0000000100000000, 0x0000000100000000)
  eden space 232960K, 0% used [0x00000000d5580000,0x00000000d5580000,0x00000000e3900000)
  from space 231424K, 95% used [0x00000000f1e00000,0x00000000ff589fb8,0x0000000100000000)
  to   space 232960K, 0% used [0x00000000e3900000,0x00000000e3900000,0x00000000f1c80000)
 ParOldGen       total 977408K, used 680942K [0x0000000080000000, 0x00000000bba80000, 0x00000000d5580000)
  object space 977408K, 69% used [0x0000000080000000,0x00000000a98fb898,0x00000000bba80000)
 Metaspace       used 6555K, capacity 7350K, committed 7552K, reserved 1056768K
  class space    used 613K, capacity 622K, committed 640K, reserved 1048576K
}
Event: 32,173 GC heap before
{Heap before GC invocations=30 (full 5):
 PSYoungGen      total 464384K, used 453671K [0x00000000d5580000, 0x0000000100000000, 0x0000000100000000)
  eden space 232960K, 100% used [0x00000000d5580000,0x00000000e3900000,0x00000000e3900000)
  from space 231424K, 95% used [0x00000000f1e00000,0x00000000ff589fb8,0x0000000100000000)
  to   space 232960K, 0% used [0x00000000e3900000,0x00000000e3900000,0x00000000f1c80000)
 ParOldGen       total 977408K, used 681075K [0x0000000080000000, 0x00000000bba80000, 0x00000000d5580000)
  object space 977408K, 69% used [0x0000000080000000,0x00000000a991cc48,0x00000000bba80000)
 Metaspace       used 6585K, capacity 7352K, committed 7552K, reserved 1056768K
  class space    used 616K, capacity 624K, committed 640K, reserved 1048576K
Event: 32,441 GC heap after
Heap after GC invocations=30 (full 5):
 PSYoungGen      total 465920K, used 206283K [0x00000000d5580000, 0x0000000100000000, 0x0000000100000000)
  eden space 232960K, 0% used [0x00000000d5580000,0x00000000d5580000,0x00000000e3900000)
  from space 232960K, 88% used [0x00000000e3900000,0x00000000f0272d00,0x00000000f1c80000)
  to   space 232960K, 0% used [0x00000000f1c80000,0x00000000f1c80000,0x0000000100000000)
 ParOldGen       total 977408K, used 729739K [0x0000000080000000, 0x00000000bba80000, 0x00000000d5580000)
  object space 977408K, 74% used [0x0000000080000000,0x00000000ac8a2c80,0x00000000bba80000)
 Metaspace       used 6585K, capacity 7352K, committed 7552K, reserved 1056768K
  class space    used 616K, capacity 624K, committed 640K, reserved 1048576K
}
Event: 33,032 GC heap before
{Heap before GC invocations=31 (full 5):
 PSYoungGen      total 465920K, used 439243K [0x00000000d5580000, 0x0000000100000000, 0x0000000100000000)
  eden space 232960K, 100% used [0x00000000d5580000,0x00000000e3900000,0x00000000e3900000)
  from space 232960K, 88% used [0x00000000e3900000,0x00000000f0272d00,0x00000000f1c80000)
  to   space 232960K, 0% used [0x00000000f1c80000,0x00000000f1c80000,0x0000000100000000)
 ParOldGen       total 977408K, used 729741K [0x0000000080000000, 0x00000000bba80000, 0x00000000d5580000)
  object space 977408K, 74% used [0x0000000080000000,0x00000000ac8a35e8,0x00000000bba80000)
 Metaspace       used 6585K, capacity 7352K, committed 7552K, reserved 1056768K
  class space    used 616K, capacity 624K, committed 640K, reserved 1048576K
Event: 33,339 GC heap after
Heap after GC invocations=31 (full 5):
 PSYoungGen      total 465920K, used 157431K [0x00000000d5580000, 0x0000000100000000, 0x0000000100000000)
  eden space 232960K, 0% used [0x00000000d5580000,0x00000000d5580000,0x00000000e3900000)
  from space 232960K, 67% used [0x00000000f1c80000,0x00000000fb63df40,0x0000000100000000)
  to   space 232960K, 0% used [0x00000000e3900000,0x00000000e3900000,0x00000000f1c80000)
 ParOldGen       total 977408K, used 814123K [0x0000000080000000, 0x00000000bba80000, 0x00000000d5580000)
  object space 977408K, 83% used [0x0000000080000000,0x00000000b1b0ac90,0x00000000bba80000)
 Metaspace       used 6585K, capacity 7352K, committed 7552K, reserved 1056768K
  class space    used 616K, capacity 624K, committed 640K, reserved 1048576K
}
Event: 33,890 GC heap before
{Heap before GC invocations=32 (full 5):
 PSYoungGen      total 465920K, used 390391K [0x00000000d5580000, 0x0000000100000000, 0x0000000100000000)
  eden space 232960K, 100% used [0x00000000d5580000,0x00000000e3900000,0x00000000e3900000)
  from space 232960K, 67% used [0x00000000f1c80000,0x00000000fb63df40,0x0000000100000000)
  to   space 232960K, 0% used [0x00000000e3900000,0x00000000e3900000,0x00000000f1c80000)
 ParOldGen       total 977408K, used 814123K [0x0000000080000000, 0x00000000bba80000, 0x00000000d5580000)
  object space 977408K, 83% used [0x0000000080000000,0x00000000b1b0ac90,0x00000000bba80000)
 Metaspace       used 6606K, capacity 7352K, committed 7552K, reserved 1056768K
  class space    used 616K, capacity 624K, committed 640K, reserved 1048576K
Event: 34,130 GC heap after
Heap after GC invocations=32 (full 5):
 PSYoungGen      total 465920K, used 112096K [0x00000000d5580000, 0x0000000100000000, 0x0000000100000000)
  eden space 232960K, 0% used [0x00000000d5580000,0x00000000d5580000,0x00000000e3900000)
  from space 232960K, 48% used [0x00000000e3900000,0x00000000ea678210,0x00000000f1c80000)
  to   space 232960K, 0% used [0x00000000f1c80000,0x00000000f1c80000,0x0000000100000000)
 ParOldGen       total 977408K, used 898440K [0x0000000080000000, 0x00000000bba80000, 0x00000000d5580000)
  object space 977408K, 91% used [0x0000000080000000,0x00000000b6d62320,0x00000000bba80000)
 Metaspace       used 6606K, capacity 7352K, committed 7552K, reserved 1056768K
  class space    used 616K, capacity 624K, committed 640K, reserved 1048576K
}
Event: 34,130 GC heap before
{Heap before GC invocations=33 (full 6):
 PSYoungGen      total 465920K, used 112096K [0x00000000d5580000, 0x0000000100000000, 0x0000000100000000)
  eden space 232960K, 0% used [0x00000000d5580000,0x00000000d5580000,0x00000000e3900000)
  from space 232960K, 48% used [0x00000000e3900000,0x00000000ea678210,0x00000000f1c80000)
  to   space 232960K, 0% used [0x00000000f1c80000,0x00000000f1c80000,0x0000000100000000)
 ParOldGen       total 977408K, used 898440K [0x0000000080000000, 0x00000000bba80000, 0x00000000d5580000)
  object space 977408K, 91% used [0x0000000080000000,0x00000000b6d62320,0x00000000bba80000)
 Metaspace       used 6606K, capacity 7352K, committed 7552K, reserved 1056768K
  class space    used 616K, capacity 624K, committed 640K, reserved 1048576K

Deoptimization events (10 events):
Event: 31,073 Thread 0x00007f88d81c7000 Uncommon trap: reason=class_check action=maybe_recompile pc=0x00007f88c9491dfc method=java.util.Arrays.hashCode([Ljava/lang/Object;)I @ 43
Event: 31,073 Thread 0x00007f88d81c7000 Uncommon trap: reason=class_check action=maybe_recompile pc=0x00007f88c9481034 method=java.util.Arrays.hashCode([Ljava/lang/Object;)I @ 43
Event: 31,595 Thread 0x00007f88d81f7800 Uncommon trap: reason=class_check action=maybe_recompile pc=0x00007f88c91449cc method=com.android.dx.ssa.DomFront.calcDomFronts()V @ 101
Event: 31,599 Thread 0x00007f88d81f7800 Uncommon trap: reason=unstable_if action=reinterpret pc=0x00007f88c9e344d4 method=com.android.dx.util.ListIntSet$1.hasNext()Z @ 14
Event: 31,914 Thread 0x00007f88d81c7000 Uncommon trap: reason=unstable_if action=reinterpret pc=0x00007f88c95ac99c method=com.android.dx.dex.code.OutputFinisher.addConstants(Ljava/util/HashSet;Lcom/android/dx/rop/code/RegisterSpec;)V @ 57
Event: 32,596 Thread 0x00007f88d81c7000 Uncommon trap: reason=unstable_if action=reinterpret pc=0x00007f88c92a6d40 method=com.android.dx.dex.code.OutputFinisher.addConstants(Ljava/util/HashSet;Lcom/android/dx/rop/code/RegisterSpec;)V @ 32
Event: 32,623 Thread 0x00007f88d81c7000 Uncommon trap: reason=unstable_if action=reinterpret pc=0x00007f88c9626b78 method=com.android.dx.dex.file.DexFile.internIfAppropriate(Lcom/android/dx/rop/cst/Constant;)V @ 70
Event: 32,842 Thread 0x00007f88d81f7800 Uncommon trap: reason=class_check action=maybe_recompile pc=0x00007f88c99af2b0 method=com.android.dx.ssa.SCCP.simulateBranch(Lcom/android/dx/ssa/SsaInsn;)V @ 339
Event: 32,850 Thread 0x00007f88d81f7800 Uncommon trap: reason=class_check action=maybe_recompile pc=0x00007f88c99af2b0 method=com.android.dx.ssa.SCCP.simulateBranch(Lcom/android/dx/ssa/SsaInsn;)V @ 339
Event: 33,023 Thread 0x00007f88d81f7800 Uncommon trap: reason=unstable_if action=reinterpret pc=0x00007f88c9772904 method=java.util.TimSort.sort([Ljava/lang/Object;IILjava/util/Comparator;[Ljava/lang/Object;II)V @ 53

Internal exceptions (9 events):
Event: 0,023 Thread 0x00007f88d800a000 Exception <a 'java/lang/NoSuchMethodError': Method sun.misc.Unsafe.defineClass(Ljava/lang/String;[BII)Ljava/lang/Class; name or signature does not match> (0x00000000d55929f8) thrown at [/HUDSON/workspace/8-2-build-linux-amd64/jdk8u66/4988/hotspot/src/shar
Event: 0,023 Thread 0x00007f88d800a000 Exception <a 'java/lang/NoSuchMethodError': Method sun.misc.Unsafe.prefetchRead(Ljava/lang/Object;J)V name or signature does not match> (0x00000000d5592ce0) thrown at [/HUDSON/workspace/8-2-build-linux-amd64/jdk8u66/4988/hotspot/src/share/vm/prims/jni.cpp
Event: 1,173 Thread 0x00007f88d81f7800 Implicit null exception at 0x00007f88c946d543 to 0x00007f88c9470ae1
Event: 1,383 Thread 0x00007f88d81f7800 Exception <a 'java/lang/ArrayIndexOutOfBoundsException': 18> (0x00000000d7a8f828) thrown at [/HUDSON/workspace/8-2-build-linux-amd64/jdk8u66/4988/hotspot/src/share/vm/interpreter/interpreterRuntime.cpp, line 366]
Event: 1,383 Thread 0x00007f88d81f7800 Exception <a 'java/lang/ArrayIndexOutOfBoundsException': 145> (0x00000000d7a913a8) thrown at [/HUDSON/workspace/8-2-build-linux-amd64/jdk8u66/4988/hotspot/src/share/vm/interpreter/interpreterRuntime.cpp, line 366]
Event: 1,384 Thread 0x00007f88d81f7800 Exception <a 'java/lang/ArrayIndexOutOfBoundsException': 40> (0x00000000d7a92690) thrown at [/HUDSON/workspace/8-2-build-linux-amd64/jdk8u66/4988/hotspot/src/share/vm/interpreter/interpreterRuntime.cpp, line 366]
Event: 2,186 Thread 0x00007f88d8205800 Implicit null exception at 0x00007f88c946c872 to 0x00007f88c946c9e9
Event: 4,968 Thread 0x00007f88d8205800 Implicit null exception at 0x00007f88c98ef752 to 0x00007f88c98f0171
Event: 18,840 Thread 0x00007f88d81f9800 Implicit null exception at 0x00007f88c9383697 to 0x00007f88c93839fd

Events (10 events):
Event: 33,024 Thread 0x00007f88d81c7000 DEOPT UNPACKING pc=0x00007f88c9047633 sp=0x00007f88b0d15f20 mode 0
Event: 33,027 Thread 0x00007f88d81c7000 DEOPT PACKING pc=0x00007f88c9a77fe9 sp=0x00007f88b0d16170
Event: 33,027 Thread 0x00007f88d81c7000 DEOPT UNPACKING pc=0x00007f88c9047633 sp=0x00007f88b0d15f20 mode 0
Event: 33,032 Executing VM operation: ParallelGCFailedAllocation
Event: 33,339 Executing VM operation: ParallelGCFailedAllocation done
Event: 33,593 loading class com/android/dx/dex/file/ProtoIdItem
Event: 33,593 loading class com/android/dx/dex/file/ProtoIdItem done
Event: 33,670 Thread 0x00007f88d81c7000 DEOPT PACKING pc=0x00007f88c942c618 sp=0x00007f88b0d160e0
Event: 33,670 Thread 0x00007f88d81c7000 DEOPT UNPACKING pc=0x00007f88c9047633 sp=0x00007f88b0d15e18 mode 0
Event: 33,889 Executing VM operation: ParallelGCFailedAllocation


Dynamic libraries:
00400000-00401000 r-xp 00000000 08:01 4591374                            /usr/lib/jvm/java-8-oracle/bin/java
00600000-00601000 rw-p 00000000 08:01 4591374                            /usr/lib/jvm/java-8-oracle/bin/java
01835000-01856000 rw-p 00000000 00:00 0                                  [heap]
80000000-bba80000 rw-p 00000000 00:00 0 
cb180000-d5580000 ---p 00000000 00:00 0 
d5580000-100000000 rw-p 00000000 00:00 0 
100000000-1000a0000 rw-p 00000000 00:00 0 
1000a0000-140000000 ---p 00000000 00:00 0 
7f8874000000-7f8874025000 rw-p 00000000 00:00 0 
7f8874025000-7f8878000000 ---p 00000000 00:00 0 
7f8878000000-7f8878021000 rw-p 00000000 00:00 0 
7f8878021000-7f887c000000 ---p 00000000 00:00 0 
7f887c000000-7f887c027000 rw-p 00000000 00:00 0 
7f887c027000-7f8880000000 ---p 00000000 00:00 0 
7f8880000000-7f8880094000 rw-p 00000000 00:00 0 
7f8880094000-7f8884000000 ---p 00000000 00:00 0 
7f8884000000-7f8884041000 rw-p 00000000 00:00 0 
7f8884041000-7f8888000000 ---p 00000000 00:00 0 
7f8888000000-7f888828b000 rw-p 00000000 00:00 0 
7f888828b000-7f888c000000 ---p 00000000 00:00 0 
7f888c000000-7f888c021000 rw-p 00000000 00:00 0 
7f888c021000-7f8890000000 ---p 00000000 00:00 0 
7f8890000000-7f8890021000 rw-p 00000000 00:00 0 
7f8890021000-7f8894000000 ---p 00000000 00:00 0 
7f8894000000-7f8895d68000 rw-p 00000000 00:00 0 
7f8895d68000-7f8898000000 ---p 00000000 00:00 0 
7f8898000000-7f889874a000 rw-p 00000000 00:00 0 
7f889874a000-7f889c000000 ---p 00000000 00:00 0 
7f889c000000-7f889c021000 rw-p 00000000 00:00 0 
7f889c021000-7f88a0000000 ---p 00000000 00:00 0 
7f88a0000000-7f88a2039000 rw-p 00000000 00:00 0 
7f88a2039000-7f88a4000000 ---p 00000000 00:00 0 
7f88a4000000-7f88a4021000 rw-p 00000000 00:00 0 
7f88a4021000-7f88a8000000 ---p 00000000 00:00 0 
7f88a8000000-7f88a8021000 rw-p 00000000 00:00 0 
7f88a8021000-7f88ac000000 ---p 00000000 00:00 0 
7f88ac000000-7f88ac290000 rw-p 00000000 00:00 0 
7f88ac290000-7f88b0000000 ---p 00000000 00:00 0 
7f88b0bf2000-7f88b0c17000 r--p 00000000 08:01 2361987                    /usr/share/locale-langpack/pl/LC_MESSAGES/libc.mo
7f88b0c17000-7f88b0c1a000 ---p 00000000 00:00 0 
7f88b0c1a000-7f88b0d18000 rw-p 00000000 00:00 0                          [stack:19653]
7f88b0d18000-7f88b0d1b000 ---p 00000000 00:00 0 
7f88b0d1b000-7f88b0e19000 rw-p 00000000 00:00 0                          [stack:19645]
7f88b0e19000-7f88b0e1c000 ---p 00000000 00:00 0 
7f88b0e1c000-7f88b0f1a000 rw-p 00000000 00:00 0                          [stack:19644]
7f88b0f1a000-7f88b0f1d000 ---p 00000000 00:00 0 
7f88b0f1d000-7f88b101b000 rw-p 00000000 00:00 0                          [stack:19643]
7f88b101b000-7f88b101e000 ---p 00000000 00:00 0 
7f88b101e000-7f88b111c000 rw-p 00000000 00:00 0                          [stack:19642]
7f88b111c000-7f88b111f000 ---p 00000000 00:00 0 
7f88b111f000-7f88b121d000 rw-p 00000000 00:00 0                          [stack:19641]
7f88b121d000-7f88b1344000 r--s 00ccd000 08:01 10092625                   /home/tomasz/AndroidStudioProjects/Droppr/app/build/intermediates/transforms/jarMerging/debug/jars/1/1f/combined.jar
7f88b1344000-7f88b1345000 ---p 00000000 00:00 0 
7f88b1345000-7f88b1445000 rw-p 00000000 00:00 0                          [stack:19640]
7f88b1445000-7f88b1448000 ---p 00000000 00:00 0 
7f88b1448000-7f88b1546000 rw-p 00000000 00:00 0                          [stack:19639]
7f88b1546000-7f88b1549000 ---p 00000000 00:00 0 
7f88b1549000-7f88b1647000 rw-p 00000000 00:00 0                          [stack:19638]
7f88b1647000-7f88b164a000 ---p 00000000 00:00 0 
7f88b164a000-7f88b1748000 rw-p 00000000 00:00 0                          [stack:19637]
7f88b1748000-7f88b174b000 ---p 00000000 00:00 0 
7f88b174b000-7f88b1849000 rw-p 00000000 00:00 0                          [stack:19636]
7f88b1849000-7f88b184c000 ---p 00000000 00:00 0 
7f88b184c000-7f88b194a000 rw-p 00000000 00:00 0                          [stack:19635]
7f88b194a000-7f88b215d000 r--p 00000000 08:01 1579663                    /usr/lib/locale/locale-archive
7f88b215d000-7f88b2160000 ---p 00000000 00:00 0 
7f88b2160000-7f88b225e000 rw-p 00000000 00:00 0                          [stack:19634]
7f88b225e000-7f88b2261000 ---p 00000000 00:00 0 
7f88b2261000-7f88b235f000 rw-p 00000000 00:00 0                          [stack:19633]
7f88b235f000-7f88b2360000 ---p 00000000 00:00 0 
7f88b2360000-7f88b3ac0000 rw-p 00000000 00:00 0                          [stack:19632]
7f88b3ac0000-7f88b3c00000 ---p 00000000 00:00 0 
7f88b3c00000-7f88b4000000 rw-p 00000000 00:00 0 
7f88b4000000-7f88b4021000 rw-p 00000000 00:00 0 
7f88b4021000-7f88b8000000 ---p 00000000 00:00 0 
7f88b8000000-7f88b8021000 rw-p 00000000 00:00 0 
7f88b8021000-7f88bc000000 ---p 00000000 00:00 0 
7f88bc000000-7f88bc021000 rw-p 00000000 00:00 0 
7f88bc021000-7f88c0000000 ---p 00000000 00:00 0 
7f88c0000000-7f88c4000000 rw-p 00000000 00:00 0 
7f88c4000000-7f88c4021000 rw-p 00000000 00:00 0 
7f88c4021000-7f88c8000000 ---p 00000000 00:00 0 
7f88c8000000-7f88c8042000 rw-p 00000000 00:00 0 
7f88c8042000-7f88c821b000 r--s 03d20000 08:01 4069182                    /usr/lib/jvm/java-8-oracle/jre/lib/rt.jar
7f88c821b000-7f88c8291000 rw-p 00000000 00:00 0 
7f88c8291000-7f88c8292000 ---p 00000000 00:00 0 
7f88c8292000-7f88c8392000 rw-p 00000000 00:00 0                          [stack:19631]
7f88c8392000-7f88c8393000 ---p 00000000 00:00 0 
7f88c8393000-7f88c8493000 rw-p 00000000 00:00 0                          [stack:19630]
7f88c8493000-7f88c8494000 ---p 00000000 00:00 0 
7f88c8494000-7f88c8772000 rw-p 00000000 00:00 0                          [stack:19629]
7f88c8772000-7f88c883f000 ---p 00000000 00:00 0 
7f88c883f000-7f88c8a1d000 rw-p 00000000 00:00 0 
7f88c8a1d000-7f88c8ae9000 ---p 00000000 00:00 0 
7f88c8ae9000-7f88c8c3f000 rw-p 00000000 00:00 0 
7f88c8c3f000-7f88c8c7a000 rw-p 00000000 00:00 0 
7f88c8c7a000-7f88c9000000 ---p 00000000 00:00 0 
7f88c9000000-7f88c9e60000 rwxp 00000000 00:00 0 
7f88c9e60000-7f88d8000000 ---p 00000000 00:00 0 
7f88d8000000-7f88d840c000 rw-p 00000000 00:00 0 
7f88d840c000-7f88dc000000 ---p 00000000 00:00 0 
7f88dc01f000-7f88dc020000 ---p 00000000 00:00 0 
7f88dc020000-7f88dc120000 rw-p 00000000 00:00 0                          [stack:19628]
7f88dc120000-7f88dc13a000 r-xp 00000000 08:01 4069168                    /usr/lib/jvm/java-8-oracle/jre/lib/amd64/libzip.so
7f88dc13a000-7f88dc33a000 ---p 0001a000 08:01 4069168                    /usr/lib/jvm/java-8-oracle/jre/lib/amd64/libzip.so
7f88dc33a000-7f88dc33b000 rw-p 0001a000 08:01 4069168                    /usr/lib/jvm/java-8-oracle/jre/lib/amd64/libzip.so
7f88dc33b000-7f88dc346000 r-xp 00000000 08:01 5771445                    /lib/x86_64-linux-gnu/libnss_files-2.19.so
7f88dc346000-7f88dc545000 ---p 0000b000 08:01 5771445                    /lib/x86_64-linux-gnu/libnss_files-2.19.so
7f88dc545000-7f88dc546000 r--p 0000a000 08:01 5771445                    /lib/x86_64-linux-gnu/libnss_files-2.19.so
7f88dc546000-7f88dc547000 rw-p 0000b000 08:01 5771445                    /lib/x86_64-linux-gnu/libnss_files-2.19.so
7f88dc547000-7f88dc552000 r-xp 00000000 08:01 5771455                    /lib/x86_64-linux-gnu/libnss_nis-2.19.so
7f88dc552000-7f88dc751000 ---p 0000b000 08:01 5771455                    /lib/x86_64-linux-gnu/libnss_nis-2.19.so
7f88dc751000-7f88dc752000 r--p 0000a000 08:01 5771455                    /lib/x86_64-linux-gnu/libnss_nis-2.19.so
7f88dc752000-7f88dc753000 rw-p 0000b000 08:01 5771455                    /lib/x86_64-linux-gnu/libnss_nis-2.19.so
7f88dc753000-7f88dc76a000 r-xp 00000000 08:01 5771439                    /lib/x86_64-linux-gnu/libnsl-2.19.so
7f88dc76a000-7f88dc969000 ---p 00017000 08:01 5771439                    /lib/x86_64-linux-gnu/libnsl-2.19.so
7f88dc969000-7f88dc96a000 r--p 00016000 08:01 5771439                    /lib/x86_64-linux-gnu/libnsl-2.19.so
7f88dc96a000-7f88dc96b000 rw-p 00017000 08:01 5771439                    /lib/x86_64-linux-gnu/libnsl-2.19.so
7f88dc96b000-7f88dc96d000 rw-p 00000000 00:00 0 
7f88dc96d000-7f88dc976000 r-xp 00000000 08:01 5771441                    /lib/x86_64-linux-gnu/libnss_compat-2.19.so
7f88dc976000-7f88dcb75000 ---p 00009000 08:01 5771441                    /lib/x86_64-linux-gnu/libnss_compat-2.19.so
7f88dcb75000-7f88dcb76000 r--p 00008000 08:01 5771441                    /lib/x86_64-linux-gnu/libnss_compat-2.19.so
7f88dcb76000-7f88dcb77000 rw-p 00009000 08:01 5771441                    /lib/x86_64-linux-gnu/libnss_compat-2.19.so
7f88dcb77000-7f88dcba1000 r-xp 00000000 08:01 4069157                    /usr/lib/jvm/java-8-oracle/jre/lib/amd64/libjava.so
7f88dcba1000-7f88dcda1000 ---p 0002a000 08:01 4069157                    /usr/lib/jvm/java-8-oracle/jre/lib/amd64/libjava.so
7f88dcda1000-7f88dcda3000 rw-p 0002a000 08:01 4069157                    /usr/lib/jvm/java-8-oracle/jre/lib/amd64/libjava.so
7f88dcda3000-7f88dcdb0000 r-xp 00000000 08:01 4069118                    /usr/lib/jvm/java-8-oracle/jre/lib/amd64/libverify.so
7f88dcdb0000-7f88dcfb0000 ---p 0000d000 08:01 4069118                    /usr/lib/jvm/java-8-oracle/jre/lib/amd64/libverify.so
7f88dcfb0000-7f88dcfb2000 rw-p 0000d000 08:01 4069118                    /usr/lib/jvm/java-8-oracle/jre/lib/amd64/libverify.so
7f88dcfb2000-7f88dcfb9000 r-xp 00000000 08:01 5771498                    /lib/x86_64-linux-gnu/librt-2.19.so
7f88dcfb9000-7f88dd1b8000 ---p 00007000 08:01 5771498                    /lib/x86_64-linux-gnu/librt-2.19.so
7f88dd1b8000-7f88dd1b9000 r--p 00006000 08:01 5771498                    /lib/x86_64-linux-gnu/librt-2.19.so
7f88dd1b9000-7f88dd1ba000 rw-p 00007000 08:01 5771498                    /lib/x86_64-linux-gnu/librt-2.19.so
7f88dd1ba000-7f88dd2bf000 r-xp 00000000 08:01 5771420                    /lib/x86_64-linux-gnu/libm-2.19.so
7f88dd2bf000-7f88dd4be000 ---p 00105000 08:01 5771420                    /lib/x86_64-linux-gnu/libm-2.19.so
7f88dd4be000-7f88dd4bf000 r--p 00104000 08:01 5771420                    /lib/x86_64-linux-gnu/libm-2.19.so
7f88dd4bf000-7f88dd4c0000 rw-p 00105000 08:01 5771420                    /lib/x86_64-linux-gnu/libm-2.19.so
7f88dd4c0000-7f88de17e000 r-xp 00000000 08:01 4069167                    /usr/lib/jvm/java-8-oracle/jre/lib/amd64/server/libjvm.so
7f88de17e000-7f88de37d000 ---p 00cbe000 08:01 4069167                    /usr/lib/jvm/java-8-oracle/jre/lib/amd64/server/libjvm.so
7f88de37d000-7f88de456000 rw-p 00cbd000 08:01 4069167                    /usr/lib/jvm/java-8-oracle/jre/lib/amd64/server/libjvm.so
7f88de456000-7f88de49a000 rw-p 00000000 00:00 0 
7f88de49a000-7f88de655000 r-xp 00000000 08:01 5771370                    /lib/x86_64-linux-gnu/libc-2.19.so
7f88de655000-7f88de854000 ---p 001bb000 08:01 5771370                    /lib/x86_64-linux-gnu/libc-2.19.so
7f88de854000-7f88de858000 r--p 001ba000 08:01 5771370                    /lib/x86_64-linux-gnu/libc-2.19.so
7f88de858000-7f88de85a000 rw-p 001be000 08:01 5771370                    /lib/x86_64-linux-gnu/libc-2.19.so
7f88de85a000-7f88de85f000 rw-p 00000000 00:00 0 
7f88de85f000-7f88de862000 r-xp 00000000 08:01 5771387                    /lib/x86_64-linux-gnu/libdl-2.19.so
7f88de862000-7f88dea61000 ---p 00003000 08:01 5771387                    /lib/x86_64-linux-gnu/libdl-2.19.so
7f88dea61000-7f88dea62000 r--p 00002000 08:01 5771387                    /lib/x86_64-linux-gnu/libdl-2.19.so
7f88dea62000-7f88dea63000 rw-p 00003000 08:01 5771387                    /lib/x86_64-linux-gnu/libdl-2.19.so
7f88dea63000-7f88dea78000 r-xp 00000000 08:01 4727160                    /usr/lib/jvm/java-8-oracle/lib/amd64/jli/libjli.so
7f88dea78000-7f88dec78000 ---p 00015000 08:01 4727160                    /usr/lib/jvm/java-8-oracle/lib/amd64/jli/libjli.so
7f88dec78000-7f88dec79000 rw-p 00015000 08:01 4727160                    /usr/lib/jvm/java-8-oracle/lib/amd64/jli/libjli.so
7f88dec79000-7f88dec92000 r-xp 00000000 08:01 5771490                    /lib/x86_64-linux-gnu/libpthread-2.19.so
7f88dec92000-7f88dee91000 ---p 00019000 08:01 5771490                    /lib/x86_64-linux-gnu/libpthread-2.19.so
7f88dee91000-7f88dee92000 r--p 00018000 08:01 5771490                    /lib/x86_64-linux-gnu/libpthread-2.19.so
7f88dee92000-7f88dee93000 rw-p 00019000 08:01 5771490                    /lib/x86_64-linux-gnu/libpthread-2.19.so
7f88dee93000-7f88dee97000 rw-p 00000000 00:00 0 
7f88dee97000-7f88deeba000 r-xp 00000000 08:01 5771346                    /lib/x86_64-linux-gnu/ld-2.19.so
7f88deec2000-7f88deec9000 r--s 00000000 08:01 1967077                    /usr/lib/x86_64-linux-gnu/gconv/gconv-modules.cache
7f88deec9000-7f88def95000 rw-p 00000000 00:00 0 
7f88def95000-7f88def98000 ---p 00000000 00:00 0 
7f88def98000-7f88df09a000 rw-p 00000000 00:00 0                          [stack:19627]
7f88df09d000-7f88df09e000 rw-p 00000000 00:00 0 
7f88df09e000-7f88df0ad000 r--s 000df000 08:01 656243                     /home/tomasz/Android/Sdk/build-tools/23.0.1/lib/dx.jar
7f88df0ad000-7f88df0b5000 rw-s 00000000 08:01 6034044                    /tmp/hsperfdata_tomasz/19622
7f88df0b5000-7f88df0b6000 rw-p 00000000 00:00 0 
7f88df0b6000-7f88df0b7000 ---p 00000000 00:00 0 
7f88df0b7000-7f88df0b9000 rw-p 00000000 00:00 0 
7f88df0b9000-7f88df0ba000 r--p 00022000 08:01 5771346                    /lib/x86_64-linux-gnu/ld-2.19.so
7f88df0ba000-7f88df0bb000 rw-p 00023000 08:01 5771346                    /lib/x86_64-linux-gnu/ld-2.19.so
7f88df0bb000-7f88df0bc000 rw-p 00000000 00:00 0 
7ffcb0d1c000-7ffcb0d3d000 rw-p 00000000 00:00 0                          [stack]
7ffcb0d63000-7ffcb0d65000 r--p 00000000 00:00 0                          [vvar]
7ffcb0d65000-7ffcb0d67000 r-xp 00000000 00:00 0                          [vdso]
ffffffffff600000-ffffffffff601000 r-xp 00000000 00:00 0                  [vsyscall]

VM Arguments:
jvm_args: -Djava.awt.headless=true -Xmx2g -Dfile.encoding=UTF-8 -Duser.country=PL -Duser.language=pl -Duser.variant 
java_command: com.android.dx.command.Main --dex --num-threads=4 --multi-dex --main-dex-list /home/tomasz/AndroidStudioProjects/Droppr/app/build/intermediates/multi-dex/debug/maindexlist.txt --output /home/tomasz/AndroidStudioProjects/Droppr/app/build/intermediates/transforms/dex/debug/folders/1000/1f/main /home/tomasz/AndroidStudioProjects/Droppr/app/build/intermediates/transforms/jarMerging/debug/jars/1/1f/combined.jar
java_class_path (initial): /home/tomasz/Android/Sdk/build-tools/23.0.1/lib/dx.jar
Launcher Type: SUN_STANDARD

Environment Variables:
PATH=/usr/local/sbin:/usr/local/bin:/usr/sbin:/usr/bin:/sbin:/bin:/usr/games:/usr/local/games
LD_LIBRARY_PATH=/opt/android-studio/bin:
SHELL=/bin/bash
DISPLAY=:0

Signal Handlers:
SIGSEGV: [libjvm.so+0xaba2a0], sa_mask[0]=11111111011111111101111111111110, sa_flags=SA_RESTART|SA_SIGINFO
SIGBUS: [libjvm.so+0xaba2a0], sa_mask[0]=11111111011111111101111111111110, sa_flags=SA_RESTART|SA_SIGINFO
SIGFPE: [libjvm.so+0x917710], sa_mask[0]=11111111011111111101111111111110, sa_flags=SA_RESTART|SA_SIGINFO
SIGPIPE: [libjvm.so+0x917710], sa_mask[0]=11111111011111111101111111111110, sa_flags=SA_RESTART|SA_SIGINFO
SIGXFSZ: [libjvm.so+0x917710], sa_mask[0]=11111111011111111101111111111110, sa_flags=SA_RESTART|SA_SIGINFO
SIGILL: [libjvm.so+0x917710], sa_mask[0]=11111111011111111101111111111110, sa_flags=SA_RESTART|SA_SIGINFO
SIGUSR1: SIG_DFL, sa_mask[0]=00000000000000000000000000000000, sa_flags=none
SIGUSR2: [libjvm.so+0x918d40], sa_mask[0]=00100000000000000000000000000000, sa_flags=SA_RESTART|SA_SIGINFO
SIGHUP: [libjvm.so+0x91a140], sa_mask[0]=11111111011111111101111111111110, sa_flags=SA_RESTART|SA_SIGINFO
SIGINT: [libjvm.so+0x91a140], sa_mask[0]=11111111011111111101111111111110, sa_flags=SA_RESTART|SA_SIGINFO
SIGTERM: [libjvm.so+0x91a140], sa_mask[0]=11111111011111111101111111111110, sa_flags=SA_RESTART|SA_SIGINFO
SIGQUIT: [libjvm.so+0x91a140], sa_mask[0]=11111111011111111101111111111110, sa_flags=SA_RESTART|SA_SIGINFO


---------------  S Y S T E M  ---------------

OS:DISTRIB_ID=Ubuntu
DISTRIB_RELEASE=14.04
DISTRIB_CODENAME=trusty
DISTRIB_DESCRIPTION="Ubuntu 14.04.3 LTS"

uname:Linux 3.19.0-33-generic #38~14.04.1-Ubuntu SMP Fri Nov 6 18:17:28 UTC 2015 x86_64
libc:glibc 2.19 NPTL 2.19 
rlimit: STACK 8192k, CORE 0k, NPROC 23202, NOFILE 4096, AS infinity
load average:3,49 2,77 2,01

/proc/meminfo:
MemTotal:        5961336 kB
MemFree:          153232 kB
MemAvailable:     130816 kB
Buffers:           13600 kB
Cached:           415892 kB
SwapCached:            0 kB
Active:          5277968 kB
Inactive:         364348 kB
Active(anon):    5234392 kB
Inactive(anon):   324216 kB
Active(file):      43576 kB
Inactive(file):    40132 kB
Unevictable:         560 kB
Mlocked:             560 kB
SwapTotal:             0 kB
SwapFree:              0 kB
Dirty:               288 kB
Writeback:             0 kB
AnonPages:       5213460 kB
Mapped:           118924 kB
Shmem:            345792 kB
Slab:              75804 kB
SReclaimable:      40384 kB
SUnreclaim:        35420 kB
KernelStack:        8944 kB
PageTables:        38608 kB
NFS_Unstable:          0 kB
Bounce:                0 kB
WritebackTmp:          0 kB
CommitLimit:     2980668 kB
Committed_AS:    8373664 kB
VmallocTotal:   34359738367 kB
VmallocUsed:      551828 kB
VmallocChunk:   34359162332 kB
HardwareCorrupted:     0 kB
AnonHugePages:   3899392 kB
CmaTotal:              0 kB
CmaFree:               0 kB
HugePages_Total:       0
HugePages_Free:        0
HugePages_Rsvd:        0
HugePages_Surp:        0
Hugepagesize:       2048 kB
DirectMap4k:      151808 kB
DirectMap2M:     5988352 kB


CPU:total 4 (2 cores per cpu, 2 threads per core) family 6 model 42 stepping 7, cmov, cx8, fxsr, mmx, sse, sse2, sse3, ssse3, sse4.1, sse4.2, popcnt, avx, aes, clmul, ht, tsc, tscinvbit

/proc/cpuinfo:
processor	: 0
vendor_id	: GenuineIntel
cpu family	: 6
model		: 42
model name	: Intel(R) Core(TM) i5-2450M CPU @ 2.50GHz
stepping	: 7
microcode	: 0x25
cpu MHz		: 2844.238
cache size	: 3072 KB
physical id	: 0
siblings	: 4
core id		: 0
cpu cores	: 2
apicid		: 0
initial apicid	: 0
fpu		: yes
fpu_exception	: yes
cpuid level	: 13
wp		: yes
flags		: fpu vme de pse tsc msr pae mce cx8 apic sep mtrr pge mca cmov pat pse36 clflush dts acpi mmx fxsr sse sse2 ss ht tm pbe syscall nx rdtscp lm constant_tsc arch_perfmon pebs bts rep_good nopl xtopology nonstop_tsc aperfmperf eagerfpu pni pclmulqdq dtes64 monitor ds_cpl vmx est tm2 ssse3 cx16 xtpr pdcm pcid sse4_1 sse4_2 x2apic popcnt tsc_deadline_timer aes xsave avx lahf_lm ida arat epb pln pts dtherm tpr_shadow vnmi flexpriority ept vpid xsaveopt
bugs		:
bogomips	: 4988.68
clflush size	: 64
cache_alignment	: 64
address sizes	: 36 bits physical, 48 bits virtual
power management:

processor	: 1
vendor_id	: GenuineIntel
cpu family	: 6
model		: 42
model name	: Intel(R) Core(TM) i5-2450M CPU @ 2.50GHz
stepping	: 7
microcode	: 0x25
cpu MHz		: 3036.914
cache size	: 3072 KB
physical id	: 0
siblings	: 4
core id		: 0
cpu cores	: 2
apicid		: 1
initial apicid	: 1
fpu		: yes
fpu_exception	: yes
cpuid level	: 13
wp		: yes
flags		: fpu vme de pse tsc msr pae mce cx8 apic sep mtrr pge mca cmov pat pse36 clflush dts acpi mmx fxsr sse sse2 ss ht tm pbe syscall nx rdtscp lm constant_tsc arch_perfmon pebs bts rep_good nopl xtopology nonstop_tsc aperfmperf eagerfpu pni pclmulqdq dtes64 monitor ds_cpl vmx est tm2 ssse3 cx16 xtpr pdcm pcid sse4_1 sse4_2 x2apic popcnt tsc_deadline_timer aes xsave avx lahf_lm ida arat epb pln pts dtherm tpr_shadow vnmi flexpriority ept vpid xsaveopt
bugs		:
bogomips	: 4988.68
clflush size	: 64
cache_alignment	: 64
address sizes	: 36 bits physical, 48 bits virtual
power management:

processor	: 2
vendor_id	: GenuineIntel
cpu family	: 6
model		: 42
model name	: Intel(R) Core(TM) i5-2450M CPU @ 2.50GHz
stepping	: 7
microcode	: 0x25
cpu MHz		: 2843.261
cache size	: 3072 KB
physical id	: 0
siblings	: 4
core id		: 1
cpu cores	: 2
apicid		: 2
initial apicid	: 2
fpu		: yes
fpu_exception	: yes
cpuid level	: 13
wp		: yes
flags		: fpu vme de pse tsc msr pae mce cx8 apic sep mtrr pge mca cmov pat pse36 clflush dts acpi mmx fxsr sse sse2 ss ht tm pbe syscall nx rdtscp lm constant_tsc arch_perfmon pebs bts rep_good nopl xtopology nonstop_tsc aperfmperf eagerfpu pni pclmulqdq dtes64 monitor ds_cpl vmx est tm2 ssse3 cx16 xtpr pdcm pcid sse4_1 sse4_2 x2apic popcnt tsc_deadline_timer aes xsave avx lahf_lm ida arat epb pln pts dtherm tpr_shadow vnmi flexpriority ept vpid xsaveopt
bugs		:
bogomips	: 4988.68
clflush size	: 64
cache_alignment	: 64
address sizes	: 36 bits physical, 48 bits virtual
power management:

processor	: 3
vendor_id	: GenuineIntel
cpu family	: 6
model		: 42
model name	: Intel(R) Core(TM) i5-2450M CPU @ 2.50GHz
stepping	: 7
microcode	: 0x25
cpu MHz		: 2899.902
cache size	: 3072 KB
physical id	: 0
siblings	: 4
core id		: 1
cpu cores	: 2
apicid		: 3
initial apicid	: 3
fpu		: yes
fpu_exception	: yes
cpuid level	: 13
wp		: yes
flags		: fpu vme de pse tsc msr pae mce cx8 apic sep mtrr pge mca cmov pat pse36 clflush dts acpi mmx fxsr sse sse2 ss ht tm pbe syscall nx rdtscp lm constant_tsc arch_perfmon pebs bts rep_good nopl xtopology nonstop_tsc aperfmperf eagerfpu pni pclmulqdq dtes64 monitor ds_cpl vmx est tm2 ssse3 cx16 xtpr pdcm pcid sse4_1 sse4_2 x2apic popcnt tsc_deadline_timer aes xsave avx lahf_lm ida arat epb pln pts dtherm tpr_shadow vnmi flexpriority ept vpid xsaveopt
bugs		:
bogomips	: 4988.68
clflush size	: 64
cache_alignment	: 64
address sizes	: 36 bits physical, 48 bits virtual
power management:



Memory: 4k page, physical 5961336k(153232k free), swap 0k(0k free)

vm_info: Java HotSpot(TM) 64-Bit Server VM (25.66-b17) for linux-amd64 JRE (1.8.0_66-b17), built on Oct  6 2015 17:28:34 by "java_re" with gcc 4.3.0 20080428 (Red Hat 4.3.0-8)

time: Sat Nov 21 09:03:21 2015
elapsed time: 36 seconds (0d 0h 0m 36s)

