#
# There is insufficient memory for the Java Runtime Environment to continue.
# Native memory allocation (mmap) failed to map 327680000 bytes for committing reserved memory.
# Possible reasons:
#   The system is out of physical RAM or swap space
#   In 32 bit mode, the process size limit was hit
# Possible solutions:
#   Reduce memory load on the system
#   Increase physical memory or swap space
#   Check if swap backing store is full
#   Use 64 bit Java on a 64 bit OS
#   Decrease Java heap size (-Xmx/-Xms)
#   Decrease number of Java threads
#   Decrease Java thread stack sizes (-Xss)
#   Set larger code cache with -XX:ReservedCodeCacheSize=
# This output file may be truncated or incomplete.
#
#  Out of Memory Error (os_linux.cpp:2627), pid=18745, tid=139729686169344
#
# JRE version: Java(TM) SE Runtime Environment (8.0_66-b17) (build 1.8.0_66-b17)
# Java VM: Java HotSpot(TM) 64-Bit Server VM (25.66-b17 mixed mode linux-amd64 compressed oops)
# Failed to write core dump. Core dumps have been disabled. To enable core dumping, try "ulimit -c unlimited" before starting Java again
#

---------------  T H R E A D  ---------------

Current thread (0x00007f1578078000):  VMThread [stack: 0x00007f155a3f0000,0x00007f155a4f1000] [id=18754]

Stack: [0x00007f155a3f0000,0x00007f155a4f1000],  sp=0x00007f155a4ef0e0,  free space=1020k
Native frames: (J=compiled Java code, j=interpreted, Vv=VM code, C=native code)
V  [libjvm.so+0xab9a1a]  VMError::report_and_die()+0x2ba
V  [libjvm.so+0x4f9e0b]  report_vm_out_of_memory(char const*, int, unsigned long, VMErrorType, char const*)+0x8b
V  [libjvm.so+0x91a8a3]  os::Linux::commit_memory_impl(char*, unsigned long, bool)+0x103
V  [libjvm.so+0x91adf9]  os::pd_commit_memory(char*, unsigned long, unsigned long, bool)+0x29
V  [libjvm.so+0x91510a]  os::commit_memory(char*, unsigned long, unsigned long, bool)+0x2a
V  [libjvm.so+0x9887a3]  PSVirtualSpace::expand_by(unsigned long)+0x53
V  [libjvm.so+0x979090]  PSOldGen::expand(unsigned long)+0x170
V  [libjvm.so+0x97929b]  PSOldGen::resize(unsigned long)+0x1cb
V  [libjvm.so+0x980f71]  PSParallelCompact::invoke_no_policy(bool)+0x991
V  [libjvm.so+0x9868cd]  PSScavenge::invoke()+0x1ad
V  [libjvm.so+0x93e500]  ParallelScavengeHeap::failed_mem_allocate(unsigned long)+0x70
V  [libjvm.so+0xabb437]  VM_ParallelGCFailedAllocation::doit()+0x97
V  [libjvm.so+0xac2e65]  VM_Operation::evaluate()+0x55
V  [libjvm.so+0xac123a]  VMThread::evaluate_operation(VM_Operation*)+0xba
V  [libjvm.so+0xac15be]  VMThread::loop()+0x1ce
V  [libjvm.so+0xac1a30]  VMThread::run()+0x70
V  [libjvm.so+0x91cc68]  java_start(Thread*)+0x108

VM_Operation (0x00007f157f113670): ParallelGCFailedAllocation, mode: safepoint, requested by thread 0x00007f157800a000


---------------  P R O C E S S  ---------------

Java Threads: ( => current thread )
  0x00007f15781c2000 JavaThread "pool-2-thread-4" [_thread_blocked, id=18767, stack(0x00007f1558da8000,0x00007f1558ea9000)]
  0x00007f15781bf800 JavaThread "pool-2-thread-3" [_thread_blocked, id=18766, stack(0x00007f1558ea9000,0x00007f1558faa000)]
  0x00007f15781bc000 JavaThread "pool-2-thread-2" [_thread_blocked, id=18765, stack(0x00007f1558faa000,0x00007f15590ab000)]
  0x00007f15781ba800 JavaThread "pool-3-thread-1" [_thread_blocked, id=18764, stack(0x00007f15590ab000,0x00007f15591ac000)]
  0x00007f15781b8800 JavaThread "pool-2-thread-1" [_thread_blocked, id=18763, stack(0x00007f15591ac000,0x00007f15592ad000)]
  0x00007f15780ca800 JavaThread "Service Thread" daemon [_thread_blocked, id=18761, stack(0x00007f15594d6000,0x00007f15595d7000)]
  0x00007f15780bd800 JavaThread "C1 CompilerThread2" daemon [_thread_blocked, id=18760, stack(0x00007f15595d7000,0x00007f15596d8000)]
  0x00007f15780bb800 JavaThread "C2 CompilerThread1" daemon [_thread_blocked, id=18759, stack(0x00007f15596d8000,0x00007f15597d9000)]
  0x00007f15780b8800 JavaThread "C2 CompilerThread0" daemon [_thread_blocked, id=18758, stack(0x00007f15597d9000,0x00007f15598da000)]
  0x00007f15780b7800 JavaThread "Signal Dispatcher" daemon [_thread_blocked, id=18757, stack(0x00007f15598da000,0x00007f15599db000)]
  0x00007f157807f000 JavaThread "Finalizer" daemon [_thread_blocked, id=18756, stack(0x00007f155a1ee000,0x00007f155a2ef000)]
  0x00007f157807d000 JavaThread "Reference Handler" daemon [_thread_blocked, id=18755, stack(0x00007f155a2ef000,0x00007f155a3f0000)]
  0x00007f157800a000 JavaThread "main" [_thread_blocked, id=18749, stack(0x00007f157f015000,0x00007f157f116000)]

Other Threads:
=>0x00007f1578078000 VMThread [stack: 0x00007f155a3f0000,0x00007f155a4f1000] [id=18754]
  0x00007f15780cd800 WatcherThread [stack: 0x00007f15593d5000,0x00007f15594d6000] [id=18762]

VM state:at safepoint (normal execution)

VM Mutex/Monitor currently owned by a thread:  ([mutex/lock_event])
[0x00007f1578005ed0] ExpandHeap_lock - owner thread: 0x00007f1578078000
[0x00007f1578006550] Threads_lock - owner thread: 0x00007f1578078000
[0x00007f1578006a50] Heap_lock - owner thread: 0x00007f157800a000

Heap:
 PSYoungGen      total 356352K, used 0K [0x00000000d5580000, 0x0000000100000000, 0x0000000100000000)
  eden space 232960K, 0% used [0x00000000d5580000,0x00000000d5580000,0x00000000e3900000)
  from space 123392K, 0% used [0x00000000f8780000,0x00000000f8780000,0x0000000100000000)
  to   space 232960K, 0% used [0x00000000e3900000,0x00000000e3900000,0x00000000f1c80000)
 ParOldGen       total 702464K, used 699521K [0x0000000080000000, 0x00000000aae00000, 0x00000000d5580000)
  object space 702464K, 99% used [0x0000000080000000,0x00000000aab205d0,0x00000000aae00000)
 Metaspace       used 6455K, capacity 7282K, committed 7552K, reserved 1056768K
  class space    used 608K, capacity 618K, committed 640K, reserved 1048576K

Card table byte_map: [0x00007f156883f000,0x00007f1568c40000] byte_map_base: 0x00007f156843f000

Marking Bits: (ParMarkBitMap*) 0x00007f157e4ef020
 Begin Bits: [0x00007f1560000000, 0x00007f1562000000)
 End Bits:   [0x00007f1562000000, 0x00007f1564000000)

Polling page: 0x00007f157f136000

CodeCache: size=245760Kb used=13866Kb max_used=13883Kb free=231893Kb
 bounds [0x00007f1569000000, 0x00007f1569da0000, 0x00007f1578000000]
 total_blobs=2983 nmethods=2714 adapters=182
 compilation: enabled

Compilation events (10 events):
Event: 22,360 Thread 0x00007f15780b8800 nmethod 2851 0x00007f1569d44810 code [0x00007f1569d44960, 0x00007f1569d44b58]
Event: 22,360 Thread 0x00007f15780b8800 2856       4       com.android.dx.dex.cf.CfTranslator::translate0 (259 bytes)
Event: 22,671 Thread 0x00007f15780bb800 nmethod 2877 0x00007f1569d8e550 code [0x00007f1569d8e9e0, 0x00007f1569d92f90]
Event: 22,672 Thread 0x00007f15780bb800 2861       4       com.android.dx.cf.cst.ConstantPoolParser::parse (365 bytes)
Event: 22,711 Thread 0x00007f15780bb800 nmethod 2861 0x00007f1569d46890 code [0x00007f1569d46b20, 0x00007f1569d47188]
Event: 22,711 Thread 0x00007f15780bb800 2865   !   4       com.android.dx.cf.cst.ConstantPoolParser::determineOffsets (285 bytes)
Event: 22,723 Thread 0x00007f15780bb800 nmethod 2865 0x00007f1569d45e50 code [0x00007f1569d460a0, 0x00007f1569d46458]
Event: 22,723 Thread 0x00007f15780bb800 2849       4       com.android.dx.ssa.SsaMethod::forEachBlockDepthFirst (194 bytes)
Event: 22,904 Thread 0x00007f15780bb800 nmethod 2849 0x00007f1569d5e1d0 code [0x00007f1569d5e480, 0x00007f1569d5fbe8]
Event: 22,904 Thread 0x00007f15780bb800 2847       4       com.android.dx.ssa.SsaMethod::mapRegisters (87 bytes)

GC Heap History (10 events):
Event: 15,919 GC heap after
Heap after GC invocations=18 (full 3):
 PSYoungGen      total 548352K, used 66456K [0x00000000d5580000, 0x0000000100000000, 0x0000000100000000)
  eden space 425472K, 0% used [0x00000000d5580000,0x00000000d5580000,0x00000000ef500000)
  from space 122880K, 54% used [0x00000000ef500000,0x00000000f35e61a8,0x00000000f6d00000)
  to   space 122368K, 0% used [0x00000000f8880000,0x00000000f8880000,0x0000000100000000)
 ParOldGen       total 441344K, used 385583K [0x0000000080000000, 0x000000009af00000, 0x00000000d5580000)
  object space 441344K, 87% used [0x0000000080000000,0x000000009788be10,0x000000009af00000)
 Metaspace       used 6436K, capacity 7282K, committed 7552K, reserved 1056768K
  class space    used 606K, capacity 618K, committed 640K, reserved 1048576K
}
Event: 15,919 GC heap before
{Heap before GC invocations=19 (full 4):
 PSYoungGen      total 548352K, used 66456K [0x00000000d5580000, 0x0000000100000000, 0x0000000100000000)
  eden space 425472K, 0% used [0x00000000d5580000,0x00000000d5580000,0x00000000ef500000)
  from space 122880K, 54% used [0x00000000ef500000,0x00000000f35e61a8,0x00000000f6d00000)
  to   space 122368K, 0% used [0x00000000f8880000,0x00000000f8880000,0x0000000100000000)
 ParOldGen       total 441344K, used 385583K [0x0000000080000000, 0x000000009af00000, 0x00000000d5580000)
  object space 441344K, 87% used [0x0000000080000000,0x000000009788be10,0x000000009af00000)
 Metaspace       used 6436K, capacity 7282K, committed 7552K, reserved 1056768K
  class space    used 606K, capacity 618K, committed 640K, reserved 1048576K
Event: 17,937 GC heap after
Heap after GC invocations=19 (full 4):
 PSYoungGen      total 548352K, used 8375K [0x00000000d5580000, 0x0000000100000000, 0x0000000100000000)
  eden space 425472K, 0% used [0x00000000d5580000,0x00000000d5580000,0x00000000ef500000)
  from space 122880K, 6% used [0x00000000ef500000,0x00000000efd2deb8,0x00000000f6d00000)
  to   space 122368K, 0% used [0x00000000f8880000,0x00000000f8880000,0x0000000100000000)
 ParOldGen       total 668160K, used 441050K [0x0000000080000000, 0x00000000a8c80000, 0x00000000d5580000)
  object space 668160K, 66% used [0x0000000080000000,0x000000009aeb68d8,0x00000000a8c80000)
 Metaspace       used 6436K, capacity 7282K, committed 7552K, reserved 1056768K
  class space    used 606K, capacity 618K, committed 640K, reserved 1048576K
}
Event: 18,959 GC heap before
{Heap before GC invocations=20 (full 4):
 PSYoungGen      total 548352K, used 433847K [0x00000000d5580000, 0x0000000100000000, 0x0000000100000000)
  eden space 425472K, 100% used [0x00000000d5580000,0x00000000ef500000,0x00000000ef500000)
  from space 122880K, 6% used [0x00000000ef500000,0x00000000efd2deb8,0x00000000f6d00000)
  to   space 122368K, 0% used [0x00000000f8880000,0x00000000f8880000,0x0000000100000000)
 ParOldGen       total 668160K, used 441050K [0x0000000080000000, 0x00000000a8c80000, 0x00000000d5580000)
  object space 668160K, 66% used [0x0000000080000000,0x000000009aeb68d8,0x00000000a8c80000)
 Metaspace       used 6440K, capacity 7282K, committed 7552K, reserved 1056768K
  class space    used 606K, capacity 618K, committed 640K, reserved 1048576K
Event: 19,154 GC heap after
Heap after GC invocations=20 (full 4):
 PSYoungGen      total 574464K, used 68668K [0x00000000d5580000, 0x00000000ffe80000, 0x0000000100000000)
  eden space 453632K, 0% used [0x00000000d5580000,0x00000000d5580000,0x00000000f1080000)
  from space 120832K, 56% used [0x00000000f8880000,0x00000000fcb8f240,0x00000000ffe80000)
  to   space 121856K, 0% used [0x00000000f1080000,0x00000000f1080000,0x00000000f8780000)
 ParOldGen       total 668160K, used 441050K [0x0000000080000000, 0x00000000a8c80000, 0x00000000d5580000)
  object space 668160K, 66% used [0x0000000080000000,0x000000009aeb68d8,0x00000000a8c80000)
 Metaspace       used 6440K, capacity 7282K, committed 7552K, reserved 1056768K
  class space    used 606K, capacity 618K, committed 640K, reserved 1048576K
}
Event: 21,202 GC heap before
{Heap before GC invocations=21 (full 4):
 PSYoungGen      total 574464K, used 522300K [0x00000000d5580000, 0x00000000ffe80000, 0x0000000100000000)
  eden space 453632K, 100% used [0x00000000d5580000,0x00000000f1080000,0x00000000f1080000)
  from space 120832K, 56% used [0x00000000f8880000,0x00000000fcb8f240,0x00000000ffe80000)
  to   space 121856K, 0% used [0x00000000f1080000,0x00000000f1080000,0x00000000f8780000)
 ParOldGen       total 668160K, used 441050K [0x0000000080000000, 0x00000000a8c80000, 0x00000000d5580000)
  object space 668160K, 66% used [0x0000000080000000,0x000000009aeb68d8,0x00000000a8c80000)
 Metaspace       used 6451K, capacity 7282K, committed 7552K, reserved 1056768K
  class space    used 608K, capacity 618K, committed 640K, reserved 1048576K
Event: 21,390 GC heap after
Heap after GC invocations=21 (full 4):
 PSYoungGen      total 575488K, used 121837K [0x00000000d5580000, 0x0000000100000000, 0x0000000100000000)
  eden space 453632K, 0% used [0x00000000d5580000,0x00000000d5580000,0x00000000f1080000)
  from space 121856K, 99% used [0x00000000f1080000,0x00000000f877b610,0x00000000f8780000)
  to   space 123392K, 0% used [0x00000000f8780000,0x00000000f8780000,0x0000000100000000)
 ParOldGen       total 668160K, used 528777K [0x0000000080000000, 0x00000000a8c80000, 0x00000000d5580000)
  object space 668160K, 79% used [0x0000000080000000,0x00000000a04626c8,0x00000000a8c80000)
 Metaspace       used 6451K, capacity 7282K, committed 7552K, reserved 1056768K
  class space    used 608K, capacity 618K, committed 640K, reserved 1048576K
}
Event: 22,959 GC heap before
{Heap before GC invocations=22 (full 4):
 PSYoungGen      total 575488K, used 575469K [0x00000000d5580000, 0x0000000100000000, 0x0000000100000000)
  eden space 453632K, 100% used [0x00000000d5580000,0x00000000f1080000,0x00000000f1080000)
  from space 121856K, 99% used [0x00000000f1080000,0x00000000f877b610,0x00000000f8780000)
  to   space 123392K, 0% used [0x00000000f8780000,0x00000000f8780000,0x0000000100000000)
 ParOldGen       total 668160K, used 528777K [0x0000000080000000, 0x00000000a8c80000, 0x00000000d5580000)
  object space 668160K, 79% used [0x0000000080000000,0x00000000a04626c8,0x00000000a8c80000)
 Metaspace       used 6455K, capacity 7282K, committed 7552K, reserved 1056768K
  class space    used 608K, capacity 618K, committed 640K, reserved 1048576K
Event: 23,227 GC heap after
Heap after GC invocations=22 (full 4):
 PSYoungGen      total 356352K, used 123389K [0x00000000d5580000, 0x0000000100000000, 0x0000000100000000)
  eden space 232960K, 0% used [0x00000000d5580000,0x00000000d5580000,0x00000000e3900000)
  from space 123392K, 99% used [0x00000000f8780000,0x00000000fffff560,0x0000000100000000)
  to   space 232960K, 0% used [0x00000000e3900000,0x00000000e3900000,0x00000000f1c80000)
 ParOldGen       total 702464K, used 701869K [0x0000000080000000, 0x00000000aae00000, 0x00000000d5580000)
  object space 702464K, 99% used [0x0000000080000000,0x00000000aad6b5c8,0x00000000aae00000)
 Metaspace       used 6455K, capacity 7282K, committed 7552K, reserved 1056768K
  class space    used 608K, capacity 618K, committed 640K, reserved 1048576K
}
Event: 23,227 GC heap before
{Heap before GC invocations=23 (full 5):
 PSYoungGen      total 356352K, used 123389K [0x00000000d5580000, 0x0000000100000000, 0x0000000100000000)
  eden space 232960K, 0% used [0x00000000d5580000,0x00000000d5580000,0x00000000e3900000)
  from space 123392K, 99% used [0x00000000f8780000,0x00000000fffff560,0x0000000100000000)
  to   space 232960K, 0% used [0x00000000e3900000,0x00000000e3900000,0x00000000f1c80000)
 ParOldGen       total 702464K, used 701869K [0x0000000080000000, 0x00000000aae00000, 0x00000000d5580000)
  object space 702464K, 99% used [0x0000000080000000,0x00000000aad6b5c8,0x00000000aae00000)
 Metaspace       used 6455K, capacity 7282K, committed 7552K, reserved 1056768K
  class space    used 608K, capacity 618K, committed 640K, reserved 1048576K

Deoptimization events (10 events):
Event: 19,838 Thread 0x00007f157800a000 Uncommon trap: reason=class_check action=maybe_recompile pc=0x00007f1569c3cc38 method=com.android.dx.util.BitIntSet.merge(Lcom/android/dx/util/IntSet;)V @ 1
Event: 19,844 Thread 0x00007f157800a000 Uncommon trap: reason=class_check action=maybe_recompile pc=0x00007f1569b892fc method=com.android.dx.ssa.back.InterferenceGraph.mergeInterferenceSet(ILcom/android/dx/util/IntSet;)V @ 20
Event: 19,844 Thread 0x00007f157800a000 Uncommon trap: reason=class_check action=maybe_recompile pc=0x00007f1569c3cc38 method=com.android.dx.util.BitIntSet.merge(Lcom/android/dx/util/IntSet;)V @ 1
Event: 21,420 Thread 0x00007f15781bc000 Uncommon trap: reason=class_check action=maybe_recompile pc=0x00007f1569bbadec method=com.android.dx.ssa.SsaConverter.placePhiFunctions(Lcom/android/dx/ssa/SsaMethod;Lcom/android/dx/ssa/LocalVariableInfo;I)V @ 257
Event: 21,428 Thread 0x00007f15781bf800 Uncommon trap: reason=class_check action=maybe_recompile pc=0x00007f1569bbadec method=com.android.dx.ssa.SsaConverter.placePhiFunctions(Lcom/android/dx/ssa/SsaMethod;Lcom/android/dx/ssa/LocalVariableInfo;I)V @ 257
Event: 21,445 Thread 0x00007f15781c2000 Uncommon trap: reason=class_check action=maybe_recompile pc=0x00007f1569bbadec method=com.android.dx.ssa.SsaConverter.placePhiFunctions(Lcom/android/dx/ssa/SsaMethod;Lcom/android/dx/ssa/LocalVariableInfo;I)V @ 257
Event: 21,568 Thread 0x00007f15781bc000 Uncommon trap: reason=class_check action=maybe_recompile pc=0x00007f1569b13de0 method=com.android.dx.ssa.back.InterferenceGraph.mergeInterferenceSet(ILcom/android/dx/util/IntSet;)V @ 20
Event: 21,737 Thread 0x00007f15781bc000 Uncommon trap: reason=unstable_if action=reinterpret pc=0x00007f1569ce8ae8 method=com.android.dx.dex.file.DexFile.internIfAppropriate(Lcom/android/dx/rop/cst/Constant;)V @ 48
Event: 21,740 Thread 0x00007f157800a000 Uncommon trap: reason=unstable_if action=reinterpret pc=0x00007f1569d3ac40 method=com.android.dx.dex.file.DexFile.internIfAppropriate(Lcom/android/dx/rop/cst/Constant;)V @ 48
Event: 22,723 Thread 0x00007f15781bf800 Uncommon trap: reason=class_check action=maybe_recompile pc=0x00007f1569b612c0 method=com.android.dx.ssa.SsaConverter.placePhiFunctions(Lcom/android/dx/ssa/SsaMethod;Lcom/android/dx/ssa/LocalVariableInfo;I)V @ 257

Internal exceptions (8 events):
Event: 0,023 Thread 0x00007f157800a000 Exception <a 'java/lang/NoSuchMethodError': Method sun.misc.Unsafe.defineClass(Ljava/lang/String;[BII)Ljava/lang/Class; name or signature does not match> (0x00000000d5592b98) thrown at [/HUDSON/workspace/8-2-build-linux-amd64/jdk8u66/4988/hotspot/src/shar
Event: 0,023 Thread 0x00007f157800a000 Exception <a 'java/lang/NoSuchMethodError': Method sun.misc.Unsafe.prefetchRead(Ljava/lang/Object;J)V name or signature does not match> (0x00000000d5592e80) thrown at [/HUDSON/workspace/8-2-build-linux-amd64/jdk8u66/4988/hotspot/src/share/vm/prims/jni.cpp
Event: 0,783 Thread 0x00007f15781bf800 Implicit null exception at 0x00007f156932d8fb to 0x00007f156932ff5d
Event: 1,150 Thread 0x00007f15781bc000 Exception <a 'java/lang/ArrayIndexOutOfBoundsException': 18> (0x00000000d79d9dc0) thrown at [/HUDSON/workspace/8-2-build-linux-amd64/jdk8u66/4988/hotspot/src/share/vm/interpreter/interpreterRuntime.cpp, line 366]
Event: 1,151 Thread 0x00007f15781bc000 Exception <a 'java/lang/ArrayIndexOutOfBoundsException': 145> (0x00000000d79db940) thrown at [/HUDSON/workspace/8-2-build-linux-amd64/jdk8u66/4988/hotspot/src/share/vm/interpreter/interpreterRuntime.cpp, line 366]
Event: 1,151 Thread 0x00007f15781bc000 Exception <a 'java/lang/ArrayIndexOutOfBoundsException': 40> (0x00000000d79dcc28) thrown at [/HUDSON/workspace/8-2-build-linux-amd64/jdk8u66/4988/hotspot/src/share/vm/interpreter/interpreterRuntime.cpp, line 366]
Event: 18,826 Thread 0x00007f15781bc000 Implicit null exception at 0x00007f15694b9e30 to 0x00007f15694ba3b9
Event: 18,826 Thread 0x00007f15781bc000 Implicit null exception at 0x00007f15693d8342 to 0x00007f15693d8849

Events (10 events):
Event: 22,803 Thread 0x00007f15781bc000 DEOPT UNPACKING pc=0x00007f1569047633 sp=0x00007f15590a8ac0 mode 0
Event: 22,898 Thread 0x00007f15781bc000 DEOPT PACKING pc=0x00007f1569d259fd sp=0x00007f15590a8d10
Event: 22,898 Thread 0x00007f15781bc000 DEOPT UNPACKING pc=0x00007f1569047633 sp=0x00007f15590a8b60 mode 0
Event: 22,903 Thread 0x00007f15781b8800 DEOPT PACKING pc=0x00007f1569d259fd sp=0x00007f15592aae10
Event: 22,903 Thread 0x00007f15781b8800 DEOPT UNPACKING pc=0x00007f1569047633 sp=0x00007f15592aac60 mode 0
Event: 22,937 Thread 0x00007f157800a000 DEOPT PACKING pc=0x00007f156939ea2c sp=0x00007f157f1137d0
Event: 22,937 Thread 0x00007f157800a000 DEOPT UNPACKING pc=0x00007f1569047633 sp=0x00007f157f1134d0 mode 0
Event: 22,954 Thread 0x00007f15781bf800 DEOPT PACKING pc=0x00007f15693a6a94 sp=0x00007f1558fa8060
Event: 22,954 Thread 0x00007f15781bf800 DEOPT UNPACKING pc=0x00007f1569047633 sp=0x00007f1558fa7e00 mode 0
Event: 22,957 Executing VM operation: ParallelGCFailedAllocation


Dynamic libraries:
00400000-00401000 r-xp 00000000 08:01 4591374                            /usr/lib/jvm/java-8-oracle/bin/java
00600000-00601000 rw-p 00000000 08:01 4591374                            /usr/lib/jvm/java-8-oracle/bin/java
020e2000-02103000 rw-p 00000000 00:00 0                                  [heap]
80000000-aae00000 rw-p 00000000 00:00 0 
be680000-d5580000 ---p 00000000 00:00 0 
d5580000-100000000 rw-p 00000000 00:00 0 
100000000-1000a0000 rw-p 00000000 00:00 0 
1000a0000-140000000 ---p 00000000 00:00 0 
7f1514000000-7f151403d000 rw-p 00000000 00:00 0 
7f151403d000-7f1518000000 ---p 00000000 00:00 0 
7f151c000000-7f151c06a000 rw-p 00000000 00:00 0 
7f151c06a000-7f1520000000 ---p 00000000 00:00 0 
7f1520000000-7f1520041000 rw-p 00000000 00:00 0 
7f1520041000-7f1524000000 ---p 00000000 00:00 0 
7f1524000000-7f1524031000 rw-p 00000000 00:00 0 
7f1524031000-7f1528000000 ---p 00000000 00:00 0 
7f1528000000-7f1528021000 rw-p 00000000 00:00 0 
7f1528021000-7f152c000000 ---p 00000000 00:00 0 
7f152c000000-7f152c021000 rw-p 00000000 00:00 0 
7f152c021000-7f1530000000 ---p 00000000 00:00 0 
7f1530000000-7f1530021000 rw-p 00000000 00:00 0 
7f1530021000-7f1534000000 ---p 00000000 00:00 0 
7f1534000000-7f1535def000 rw-p 00000000 00:00 0 
7f1535def000-7f1538000000 ---p 00000000 00:00 0 
7f1538000000-7f1538d15000 rw-p 00000000 00:00 0 
7f1538d15000-7f153c000000 ---p 00000000 00:00 0 
7f153c000000-7f153c021000 rw-p 00000000 00:00 0 
7f153c021000-7f1540000000 ---p 00000000 00:00 0 
7f1540000000-7f1541562000 rw-p 00000000 00:00 0 
7f1541562000-7f1544000000 ---p 00000000 00:00 0 
7f1544000000-7f1544021000 rw-p 00000000 00:00 0 
7f1544021000-7f1548000000 ---p 00000000 00:00 0 
7f1548000000-7f1548021000 rw-p 00000000 00:00 0 
7f1548021000-7f154c000000 ---p 00000000 00:00 0 
7f154c000000-7f154c021000 rw-p 00000000 00:00 0 
7f154c021000-7f1550000000 ---p 00000000 00:00 0 
7f1550000000-7f155028f000 rw-p 00000000 00:00 0 
7f155028f000-7f1554000000 ---p 00000000 00:00 0 
7f1554000000-7f1554021000 rw-p 00000000 00:00 0 
7f1554021000-7f1558000000 ---p 00000000 00:00 0 
7f1558d83000-7f1558da8000 r--p 00000000 08:01 2361987                    /usr/share/locale-langpack/pl/LC_MESSAGES/libc.mo
7f1558da8000-7f1558dab000 ---p 00000000 00:00 0 
7f1558dab000-7f1558ea9000 rw-p 00000000 00:00 0                          [stack:18767]
7f1558ea9000-7f1558eac000 ---p 00000000 00:00 0 
7f1558eac000-7f1558faa000 rw-p 00000000 00:00 0                          [stack:18766]
7f1558faa000-7f1558fad000 ---p 00000000 00:00 0 
7f1558fad000-7f15590ab000 rw-p 00000000 00:00 0                          [stack:18765]
7f15590ab000-7f15590ae000 ---p 00000000 00:00 0 
7f15590ae000-7f15591ac000 rw-p 00000000 00:00 0                          [stack:18764]
7f15591ac000-7f15591af000 ---p 00000000 00:00 0 
7f15591af000-7f15592ad000 rw-p 00000000 00:00 0                          [stack:18763]
7f15592ad000-7f15593d5000 r--s 00ccc000 08:01 10092625                   /home/tomasz/AndroidStudioProjects/Droppr/app/build/intermediates/transforms/jarMerging/debug/jars/1/1f/combined.jar
7f15593d5000-7f15593d6000 ---p 00000000 00:00 0 
7f15593d6000-7f15594d6000 rw-p 00000000 00:00 0                          [stack:18762]
7f15594d6000-7f15594d9000 ---p 00000000 00:00 0 
7f15594d9000-7f15595d7000 rw-p 00000000 00:00 0                          [stack:18761]
7f15595d7000-7f15595da000 ---p 00000000 00:00 0 
7f15595da000-7f15596d8000 rw-p 00000000 00:00 0                          [stack:18760]
7f15596d8000-7f15596db000 ---p 00000000 00:00 0 
7f15596db000-7f15597d9000 rw-p 00000000 00:00 0                          [stack:18759]
7f15597d9000-7f15597dc000 ---p 00000000 00:00 0 
7f15597dc000-7f15598da000 rw-p 00000000 00:00 0                          [stack:18758]
7f15598da000-7f15598dd000 ---p 00000000 00:00 0 
7f15598dd000-7f15599db000 rw-p 00000000 00:00 0                          [stack:18757]
7f15599db000-7f155a1ee000 r--p 00000000 08:01 1579663                    /usr/lib/locale/locale-archive
7f155a1ee000-7f155a1f1000 ---p 00000000 00:00 0 
7f155a1f1000-7f155a2ef000 rw-p 00000000 00:00 0                          [stack:18756]
7f155a2ef000-7f155a2f2000 ---p 00000000 00:00 0 
7f155a2f2000-7f155a3f0000 rw-p 00000000 00:00 0                          [stack:18755]
7f155a3f0000-7f155a3f1000 ---p 00000000 00:00 0 
7f155a3f1000-7f155bac0000 rw-p 00000000 00:00 0                          [stack:18754]
7f155bac0000-7f155bc00000 ---p 00000000 00:00 0 
7f155bc00000-7f155c000000 rw-p 00000000 00:00 0 
7f155c000000-7f155c021000 rw-p 00000000 00:00 0 
7f155c021000-7f1560000000 ---p 00000000 00:00 0 
7f1560000000-7f1564000000 rw-p 00000000 00:00 0 
7f1564000000-7f1564021000 rw-p 00000000 00:00 0 
7f1564021000-7f1568000000 ---p 00000000 00:00 0 
7f1568006000-7f15680b8000 rw-p 00000000 00:00 0 
7f15680b8000-7f1568291000 r--s 03d20000 08:01 4069182                    /usr/lib/jvm/java-8-oracle/jre/lib/rt.jar
7f1568291000-7f1568292000 ---p 00000000 00:00 0 
7f1568292000-7f1568392000 rw-p 00000000 00:00 0                          [stack:18753]
7f1568392000-7f1568393000 ---p 00000000 00:00 0 
7f1568393000-7f1568493000 rw-p 00000000 00:00 0                          [stack:18752]
7f1568493000-7f1568494000 ---p 00000000 00:00 0 
7f1568494000-7f15686eb000 rw-p 00000000 00:00 0                          [stack:18751]
7f15686eb000-7f156883f000 ---p 00000000 00:00 0 
7f156883f000-7f1568996000 rw-p 00000000 00:00 0 
7f1568996000-7f1568ae9000 ---p 00000000 00:00 0 
7f1568ae9000-7f1568c3f000 rw-p 00000000 00:00 0 
7f1568c3f000-7f1568c77000 rw-p 00000000 00:00 0 
7f1568c77000-7f1569000000 ---p 00000000 00:00 0 
7f1569000000-7f1569da0000 rwxp 00000000 00:00 0 
7f1569da0000-7f1578000000 ---p 00000000 00:00 0 
7f1578000000-7f15783de000 rw-p 00000000 00:00 0 
7f15783de000-7f157c000000 ---p 00000000 00:00 0 
7f157c008000-7f157c09f000 rw-p 00000000 00:00 0 
7f157c09f000-7f157c0a0000 ---p 00000000 00:00 0 
7f157c0a0000-7f157c1a0000 rw-p 00000000 00:00 0                          [stack:18750]
7f157c1a0000-7f157c1ba000 r-xp 00000000 08:01 4069168                    /usr/lib/jvm/java-8-oracle/jre/lib/amd64/libzip.so
7f157c1ba000-7f157c3ba000 ---p 0001a000 08:01 4069168                    /usr/lib/jvm/java-8-oracle/jre/lib/amd64/libzip.so
7f157c3ba000-7f157c3bb000 rw-p 0001a000 08:01 4069168                    /usr/lib/jvm/java-8-oracle/jre/lib/amd64/libzip.so
7f157c3bb000-7f157c3c6000 r-xp 00000000 08:01 5771445                    /lib/x86_64-linux-gnu/libnss_files-2.19.so
7f157c3c6000-7f157c5c5000 ---p 0000b000 08:01 5771445                    /lib/x86_64-linux-gnu/libnss_files-2.19.so
7f157c5c5000-7f157c5c6000 r--p 0000a000 08:01 5771445                    /lib/x86_64-linux-gnu/libnss_files-2.19.so
7f157c5c6000-7f157c5c7000 rw-p 0000b000 08:01 5771445                    /lib/x86_64-linux-gnu/libnss_files-2.19.so
7f157c5c7000-7f157c5d2000 r-xp 00000000 08:01 5771455                    /lib/x86_64-linux-gnu/libnss_nis-2.19.so
7f157c5d2000-7f157c7d1000 ---p 0000b000 08:01 5771455                    /lib/x86_64-linux-gnu/libnss_nis-2.19.so
7f157c7d1000-7f157c7d2000 r--p 0000a000 08:01 5771455                    /lib/x86_64-linux-gnu/libnss_nis-2.19.so
7f157c7d2000-7f157c7d3000 rw-p 0000b000 08:01 5771455                    /lib/x86_64-linux-gnu/libnss_nis-2.19.so
7f157c7d3000-7f157c7ea000 r-xp 00000000 08:01 5771439                    /lib/x86_64-linux-gnu/libnsl-2.19.so
7f157c7ea000-7f157c9e9000 ---p 00017000 08:01 5771439                    /lib/x86_64-linux-gnu/libnsl-2.19.so
7f157c9e9000-7f157c9ea000 r--p 00016000 08:01 5771439                    /lib/x86_64-linux-gnu/libnsl-2.19.so
7f157c9ea000-7f157c9eb000 rw-p 00017000 08:01 5771439                    /lib/x86_64-linux-gnu/libnsl-2.19.so
7f157c9eb000-7f157c9ed000 rw-p 00000000 00:00 0 
7f157c9ed000-7f157c9f6000 r-xp 00000000 08:01 5771441                    /lib/x86_64-linux-gnu/libnss_compat-2.19.so
7f157c9f6000-7f157cbf5000 ---p 00009000 08:01 5771441                    /lib/x86_64-linux-gnu/libnss_compat-2.19.so
7f157cbf5000-7f157cbf6000 r--p 00008000 08:01 5771441                    /lib/x86_64-linux-gnu/libnss_compat-2.19.so
7f157cbf6000-7f157cbf7000 rw-p 00009000 08:01 5771441                    /lib/x86_64-linux-gnu/libnss_compat-2.19.so
7f157cbf7000-7f157cc21000 r-xp 00000000 08:01 4069157                    /usr/lib/jvm/java-8-oracle/jre/lib/amd64/libjava.so
7f157cc21000-7f157ce21000 ---p 0002a000 08:01 4069157                    /usr/lib/jvm/java-8-oracle/jre/lib/amd64/libjava.so
7f157ce21000-7f157ce23000 rw-p 0002a000 08:01 4069157                    /usr/lib/jvm/java-8-oracle/jre/lib/amd64/libjava.so
7f157ce23000-7f157ce30000 r-xp 00000000 08:01 4069118                    /usr/lib/jvm/java-8-oracle/jre/lib/amd64/libverify.so
7f157ce30000-7f157d030000 ---p 0000d000 08:01 4069118                    /usr/lib/jvm/java-8-oracle/jre/lib/amd64/libverify.so
7f157d030000-7f157d032000 rw-p 0000d000 08:01 4069118                    /usr/lib/jvm/java-8-oracle/jre/lib/amd64/libverify.so
7f157d032000-7f157d039000 r-xp 00000000 08:01 5771498                    /lib/x86_64-linux-gnu/librt-2.19.so
7f157d039000-7f157d238000 ---p 00007000 08:01 5771498                    /lib/x86_64-linux-gnu/librt-2.19.so
7f157d238000-7f157d239000 r--p 00006000 08:01 5771498                    /lib/x86_64-linux-gnu/librt-2.19.so
7f157d239000-7f157d23a000 rw-p 00007000 08:01 5771498                    /lib/x86_64-linux-gnu/librt-2.19.so
7f157d23a000-7f157d33f000 r-xp 00000000 08:01 5771420                    /lib/x86_64-linux-gnu/libm-2.19.so
7f157d33f000-7f157d53e000 ---p 00105000 08:01 5771420                    /lib/x86_64-linux-gnu/libm-2.19.so
7f157d53e000-7f157d53f000 r--p 00104000 08:01 5771420                    /lib/x86_64-linux-gnu/libm-2.19.so
7f157d53f000-7f157d540000 rw-p 00105000 08:01 5771420                    /lib/x86_64-linux-gnu/libm-2.19.so
7f157d540000-7f157e1fe000 r-xp 00000000 08:01 4069167                    /usr/lib/jvm/java-8-oracle/jre/lib/amd64/server/libjvm.so
7f157e1fe000-7f157e3fd000 ---p 00cbe000 08:01 4069167                    /usr/lib/jvm/java-8-oracle/jre/lib/amd64/server/libjvm.so
7f157e3fd000-7f157e4d6000 rw-p 00cbd000 08:01 4069167                    /usr/lib/jvm/java-8-oracle/jre/lib/amd64/server/libjvm.so
7f157e4d6000-7f157e51a000 rw-p 00000000 00:00 0 
7f157e51a000-7f157e6d5000 r-xp 00000000 08:01 5771370                    /lib/x86_64-linux-gnu/libc-2.19.so
7f157e6d5000-7f157e8d4000 ---p 001bb000 08:01 5771370                    /lib/x86_64-linux-gnu/libc-2.19.so
7f157e8d4000-7f157e8d8000 r--p 001ba000 08:01 5771370                    /lib/x86_64-linux-gnu/libc-2.19.so
7f157e8d8000-7f157e8da000 rw-p 001be000 08:01 5771370                    /lib/x86_64-linux-gnu/libc-2.19.so
7f157e8da000-7f157e8df000 rw-p 00000000 00:00 0 
7f157e8df000-7f157e8e2000 r-xp 00000000 08:01 5771387                    /lib/x86_64-linux-gnu/libdl-2.19.so
7f157e8e2000-7f157eae1000 ---p 00003000 08:01 5771387                    /lib/x86_64-linux-gnu/libdl-2.19.so
7f157eae1000-7f157eae2000 r--p 00002000 08:01 5771387                    /lib/x86_64-linux-gnu/libdl-2.19.so
7f157eae2000-7f157eae3000 rw-p 00003000 08:01 5771387                    /lib/x86_64-linux-gnu/libdl-2.19.so
7f157eae3000-7f157eaf8000 r-xp 00000000 08:01 4727160                    /usr/lib/jvm/java-8-oracle/lib/amd64/jli/libjli.so
7f157eaf8000-7f157ecf8000 ---p 00015000 08:01 4727160                    /usr/lib/jvm/java-8-oracle/lib/amd64/jli/libjli.so
7f157ecf8000-7f157ecf9000 rw-p 00015000 08:01 4727160                    /usr/lib/jvm/java-8-oracle/lib/amd64/jli/libjli.so
7f157ecf9000-7f157ed12000 r-xp 00000000 08:01 5771490                    /lib/x86_64-linux-gnu/libpthread-2.19.so
7f157ed12000-7f157ef11000 ---p 00019000 08:01 5771490                    /lib/x86_64-linux-gnu/libpthread-2.19.so
7f157ef11000-7f157ef12000 r--p 00018000 08:01 5771490                    /lib/x86_64-linux-gnu/libpthread-2.19.so
7f157ef12000-7f157ef13000 rw-p 00019000 08:01 5771490                    /lib/x86_64-linux-gnu/libpthread-2.19.so
7f157ef13000-7f157ef17000 rw-p 00000000 00:00 0 
7f157ef17000-7f157ef3a000 r-xp 00000000 08:01 5771346                    /lib/x86_64-linux-gnu/ld-2.19.so
7f157ef42000-7f157ef49000 r--s 00000000 08:01 1967077                    /usr/lib/x86_64-linux-gnu/gconv/gconv-modules.cache
7f157ef49000-7f157f015000 rw-p 00000000 00:00 0 
7f157f015000-7f157f018000 ---p 00000000 00:00 0 
7f157f018000-7f157f11a000 rw-p 00000000 00:00 0                          [stack:18749]
7f157f11d000-7f157f11e000 rw-p 00000000 00:00 0 
7f157f11e000-7f157f12d000 r--s 000df000 08:01 656243                     /home/tomasz/Android/Sdk/build-tools/23.0.1/lib/dx.jar
7f157f12d000-7f157f135000 rw-s 00000000 08:01 6034032                    /tmp/hsperfdata_tomasz/18745
7f157f135000-7f157f136000 rw-p 00000000 00:00 0 
7f157f136000-7f157f137000 ---p 00000000 00:00 0 
7f157f137000-7f157f139000 rw-p 00000000 00:00 0 
7f157f139000-7f157f13a000 r--p 00022000 08:01 5771346                    /lib/x86_64-linux-gnu/ld-2.19.so
7f157f13a000-7f157f13b000 rw-p 00023000 08:01 5771346                    /lib/x86_64-linux-gnu/ld-2.19.so
7f157f13b000-7f157f13c000 rw-p 00000000 00:00 0 
7ffdd9cd9000-7ffdd9cfa000 rw-p 00000000 00:00 0                          [stack]
7ffdd9d5c000-7ffdd9d5e000 r--p 00000000 00:00 0                          [vvar]
7ffdd9d5e000-7ffdd9d60000 r-xp 00000000 00:00 0                          [vdso]
ffffffffff600000-ffffffffff601000 r-xp 00000000 00:00 0                  [vsyscall]

VM Arguments:
jvm_args: -Djava.awt.headless=true -Xmx2g -Dfile.encoding=UTF-8 -Duser.country=PL -Duser.language=pl -Duser.variant 
java_command: com.android.dx.command.Main --dex --num-threads=4 --multi-dex --main-dex-list /home/tomasz/AndroidStudioProjects/Droppr/app/build/intermediates/multi-dex/debug/maindexlist.txt --output /home/tomasz/AndroidStudioProjects/Droppr/app/build/intermediates/transforms/dex/debug/folders/1000/1f/main /home/tomasz/AndroidStudioProjects/Droppr/app/build/intermediates/transforms/jarMerging/debug/jars/1/1f/combined.jar
java_class_path (initial): /home/tomasz/Android/Sdk/build-tools/23.0.1/lib/dx.jar
Launcher Type: SUN_STANDARD

Environment Variables:
PATH=/usr/local/sbin:/usr/local/bin:/usr/sbin:/usr/bin:/sbin:/bin:/usr/games:/usr/local/games
LD_LIBRARY_PATH=/opt/android-studio/bin:
SHELL=/bin/bash
DISPLAY=:0

Signal Handlers:
SIGSEGV: [libjvm.so+0xaba2a0], sa_mask[0]=11111111011111111101111111111110, sa_flags=SA_RESTART|SA_SIGINFO
SIGBUS: [libjvm.so+0xaba2a0], sa_mask[0]=11111111011111111101111111111110, sa_flags=SA_RESTART|SA_SIGINFO
SIGFPE: [libjvm.so+0x917710], sa_mask[0]=11111111011111111101111111111110, sa_flags=SA_RESTART|SA_SIGINFO
SIGPIPE: [libjvm.so+0x917710], sa_mask[0]=11111111011111111101111111111110, sa_flags=SA_RESTART|SA_SIGINFO
SIGXFSZ: [libjvm.so+0x917710], sa_mask[0]=11111111011111111101111111111110, sa_flags=SA_RESTART|SA_SIGINFO
SIGILL: [libjvm.so+0x917710], sa_mask[0]=11111111011111111101111111111110, sa_flags=SA_RESTART|SA_SIGINFO
SIGUSR1: SIG_DFL, sa_mask[0]=00000000000000000000000000000000, sa_flags=none
SIGUSR2: [libjvm.so+0x918d40], sa_mask[0]=00100000000000000000000000000000, sa_flags=SA_RESTART|SA_SIGINFO
SIGHUP: [libjvm.so+0x91a140], sa_mask[0]=11111111011111111101111111111110, sa_flags=SA_RESTART|SA_SIGINFO
SIGINT: [libjvm.so+0x91a140], sa_mask[0]=11111111011111111101111111111110, sa_flags=SA_RESTART|SA_SIGINFO
SIGTERM: [libjvm.so+0x91a140], sa_mask[0]=11111111011111111101111111111110, sa_flags=SA_RESTART|SA_SIGINFO
SIGQUIT: [libjvm.so+0x91a140], sa_mask[0]=11111111011111111101111111111110, sa_flags=SA_RESTART|SA_SIGINFO


---------------  S Y S T E M  ---------------

OS:DISTRIB_ID=Ubuntu
DISTRIB_RELEASE=14.04
DISTRIB_CODENAME=trusty
DISTRIB_DESCRIPTION="Ubuntu 14.04.3 LTS"

uname:Linux 3.19.0-33-generic #38~14.04.1-Ubuntu SMP Fri Nov 6 18:17:28 UTC 2015 x86_64
libc:glibc 2.19 NPTL 2.19 
rlimit: STACK 8192k, CORE 0k, NPROC 23202, NOFILE 4096, AS infinity
load average:2,87 1,45 1,29

/proc/meminfo:
MemTotal:        5961336 kB
MemFree:          136844 kB
MemAvailable:     212308 kB
Buffers:           32268 kB
Cached:           533644 kB
SwapCached:            0 kB
Active:          5255112 kB
Inactive:         401476 kB
Active(anon):    5110104 kB
Inactive(anon):   323016 kB
Active(file):     145008 kB
Inactive(file):    78460 kB
Unevictable:         560 kB
Mlocked:             560 kB
SwapTotal:             0 kB
SwapFree:              0 kB
Dirty:             12492 kB
Writeback:           660 kB
AnonPages:       5091288 kB
Mapped:           133632 kB
Shmem:            342444 kB
Slab:              76992 kB
SReclaimable:      41848 kB
SUnreclaim:        35144 kB
KernelStack:        8704 kB
PageTables:        38396 kB
NFS_Unstable:          0 kB
Bounce:                0 kB
WritebackTmp:          0 kB
CommitLimit:     2980668 kB
Committed_AS:    8109504 kB
VmallocTotal:   34359738367 kB
VmallocUsed:      551828 kB
VmallocChunk:   34359162332 kB
HardwareCorrupted:     0 kB
AnonHugePages:   4050944 kB
CmaTotal:              0 kB
CmaFree:               0 kB
HugePages_Total:       0
HugePages_Free:        0
HugePages_Rsvd:        0
HugePages_Surp:        0
Hugepagesize:       2048 kB
DirectMap4k:      151808 kB
DirectMap2M:     5988352 kB


CPU:total 4 (2 cores per cpu, 2 threads per core) family 6 model 42 stepping 7, cmov, cx8, fxsr, mmx, sse, sse2, sse3, ssse3, sse4.1, sse4.2, popcnt, avx, aes, clmul, ht, tsc, tscinvbit

/proc/cpuinfo:
processor	: 0
vendor_id	: GenuineIntel
cpu family	: 6
model		: 42
model name	: Intel(R) Core(TM) i5-2450M CPU @ 2.50GHz
stepping	: 7
microcode	: 0x25
cpu MHz		: 2882.617
cache size	: 3072 KB
physical id	: 0
siblings	: 4
core id		: 0
cpu cores	: 2
apicid		: 0
initial apicid	: 0
fpu		: yes
fpu_exception	: yes
cpuid level	: 13
wp		: yes
flags		: fpu vme de pse tsc msr pae mce cx8 apic sep mtrr pge mca cmov pat pse36 clflush dts acpi mmx fxsr sse sse2 ss ht tm pbe syscall nx rdtscp lm constant_tsc arch_perfmon pebs bts rep_good nopl xtopology nonstop_tsc aperfmperf eagerfpu pni pclmulqdq dtes64 monitor ds_cpl vmx est tm2 ssse3 cx16 xtpr pdcm pcid sse4_1 sse4_2 x2apic popcnt tsc_deadline_timer aes xsave avx lahf_lm ida arat epb pln pts dtherm tpr_shadow vnmi flexpriority ept vpid xsaveopt
bugs		:
bogomips	: 4988.68
clflush size	: 64
cache_alignment	: 64
address sizes	: 36 bits physical, 48 bits virtual
power management:

processor	: 1
vendor_id	: GenuineIntel
cpu family	: 6
model		: 42
model name	: Intel(R) Core(TM) i5-2450M CPU @ 2.50GHz
stepping	: 7
microcode	: 0x25
cpu MHz		: 2864.648
cache size	: 3072 KB
physical id	: 0
siblings	: 4
core id		: 0
cpu cores	: 2
apicid		: 1
initial apicid	: 1
fpu		: yes
fpu_exception	: yes
cpuid level	: 13
wp		: yes
flags		: fpu vme de pse tsc msr pae mce cx8 apic sep mtrr pge mca cmov pat pse36 clflush dts acpi mmx fxsr sse sse2 ss ht tm pbe syscall nx rdtscp lm constant_tsc arch_perfmon pebs bts rep_good nopl xtopology nonstop_tsc aperfmperf eagerfpu pni pclmulqdq dtes64 monitor ds_cpl vmx est tm2 ssse3 cx16 xtpr pdcm pcid sse4_1 sse4_2 x2apic popcnt tsc_deadline_timer aes xsave avx lahf_lm ida arat epb pln pts dtherm tpr_shadow vnmi flexpriority ept vpid xsaveopt
bugs		:
bogomips	: 4988.68
clflush size	: 64
cache_alignment	: 64
address sizes	: 36 bits physical, 48 bits virtual
power management:

processor	: 2
vendor_id	: GenuineIntel
cpu family	: 6
model		: 42
model name	: Intel(R) Core(TM) i5-2450M CPU @ 2.50GHz
stepping	: 7
microcode	: 0x25
cpu MHz		: 2900.000
cache size	: 3072 KB
physical id	: 0
siblings	: 4
core id		: 1
cpu cores	: 2
apicid		: 2
initial apicid	: 2
fpu		: yes
fpu_exception	: yes
cpuid level	: 13
wp		: yes
flags		: fpu vme de pse tsc msr pae mce cx8 apic sep mtrr pge mca cmov pat pse36 clflush dts acpi mmx fxsr sse sse2 ss ht tm pbe syscall nx rdtscp lm constant_tsc arch_perfmon pebs bts rep_good nopl xtopology nonstop_tsc aperfmperf eagerfpu pni pclmulqdq dtes64 monitor ds_cpl vmx est tm2 ssse3 cx16 xtpr pdcm pcid sse4_1 sse4_2 x2apic popcnt tsc_deadline_timer aes xsave avx lahf_lm ida arat epb pln pts dtherm tpr_shadow vnmi flexpriority ept vpid xsaveopt
bugs		:
bogomips	: 4988.68
clflush size	: 64
cache_alignment	: 64
address sizes	: 36 bits physical, 48 bits virtual
power management:

processor	: 3
vendor_id	: GenuineIntel
cpu family	: 6
model		: 42
model name	: Intel(R) Core(TM) i5-2450M CPU @ 2.50GHz
stepping	: 7
microcode	: 0x25
cpu MHz		: 2856.933
cache size	: 3072 KB
physical id	: 0
siblings	: 4
core id		: 1
cpu cores	: 2
apicid		: 3
initial apicid	: 3
fpu		: yes
fpu_exception	: yes
cpuid level	: 13
wp		: yes
flags		: fpu vme de pse tsc msr pae mce cx8 apic sep mtrr pge mca cmov pat pse36 clflush dts acpi mmx fxsr sse sse2 ss ht tm pbe syscall nx rdtscp lm constant_tsc arch_perfmon pebs bts rep_good nopl xtopology nonstop_tsc aperfmperf eagerfpu pni pclmulqdq dtes64 monitor ds_cpl vmx est tm2 ssse3 cx16 xtpr pdcm pcid sse4_1 sse4_2 x2apic popcnt tsc_deadline_timer aes xsave avx lahf_lm ida arat epb pln pts dtherm tpr_shadow vnmi flexpriority ept vpid xsaveopt
bugs		:
bogomips	: 4988.68
clflush size	: 64
cache_alignment	: 64
address sizes	: 36 bits physical, 48 bits virtual
power management:



Memory: 4k page, physical 5961336k(136596k free), swap 0k(0k free)

vm_info: Java HotSpot(TM) 64-Bit Server VM (25.66-b17) for linux-amd64 JRE (1.8.0_66-b17), built on Oct  6 2015 17:28:34 by "java_re" with gcc 4.3.0 20080428 (Red Hat 4.3.0-8)

time: Sat Nov 21 08:56:06 2015
elapsed time: 24 seconds (0d 0h 0m 24s)

